        -:    0:Source:/Library/Developer/CommandLineTools/SDKs/MacOSX13.3.sdk/usr/include/c++/v1/__memory/allocate_at_least.h
        -:    0:Graph:/Users/mihaildobroslavski/CLionProjects/CityMapProject/cmake-build-debug-coverage/CMakeFiles/GraphvizControllerTest.dir/UnitTesting/GraphvizControllerTest.cpp.gcno
        -:    0:Data:/Users/mihaildobroslavski/CLionProjects/CityMapProject/cmake-build-debug-coverage/CMakeFiles/GraphvizControllerTest.dir/UnitTesting/GraphvizControllerTest.cpp.gcda
        -:    0:Runs:1
        -:    0:Programs:1
        -:    1://===----------------------------------------------------------------------===//
        -:    2://
        -:    3:// Part of the LLVM Project, under the Apache License v2.0 with LLVM Exceptions.
        -:    4:// See https://llvm.org/LICENSE.txt for license information.
        -:    5:// SPDX-License-Identifier: Apache-2.0 WITH LLVM-exception
        -:    6://
        -:    7://===----------------------------------------------------------------------===//
        -:    8:
        -:    9:#ifndef _LIBCPP___MEMORY_ALLOCATE_AT_LEAST_H
        -:   10:#define _LIBCPP___MEMORY_ALLOCATE_AT_LEAST_H
        -:   11:
        -:   12:#include <__config>
        -:   13:#include <__memory/allocator_traits.h>
        -:   14:#include <cstddef>
        -:   15:
        -:   16:#if !defined(_LIBCPP_HAS_NO_PRAGMA_SYSTEM_HEADER)
        -:   17:#  pragma GCC system_header
        -:   18:#endif
        -:   19:
        -:   20:_LIBCPP_BEGIN_NAMESPACE_STD
        -:   21:
        -:   22:#if _LIBCPP_STD_VER > 20
        -:   23:template <class _Pointer>
        -:   24:struct allocation_result {
        -:   25:  _Pointer ptr;
        -:   26:  size_t count;
        -:   27:};
        -:   28:
        -:   29:template <class _Alloc>
        -:   30:[[nodiscard]] _LIBCPP_HIDE_FROM_ABI constexpr
        -:   31:allocation_result<typename allocator_traits<_Alloc>::pointer> allocate_at_least(_Alloc& __alloc, size_t __n) {
        -:   32:  if constexpr (requires { __alloc.allocate_at_least(__n); }) {
        -:   33:    return __alloc.allocate_at_least(__n);
        -:   34:  } else {
        -:   35:    return {__alloc.allocate(__n), __n};
        -:   36:  }
        -:   37:}
        -:   38:
        -:   39:template <class _Alloc>
        -:   40:[[nodiscard]] _LIBCPP_HIDE_FROM_ABI constexpr
        -:   41:auto __allocate_at_least(_Alloc& __alloc, size_t __n) {
        -:   42:  return std::allocate_at_least(__alloc, __n);
        -:   43:}
        -:   44:#else
        -:   45:template <class _Pointer>
        -:   46:struct __allocation_result {
        -:   47:  _Pointer ptr;
        -:   48:  size_t count;
        -:   49:};
        -:   50:
        -:   51:template <class _Alloc>
        -:   52:_LIBCPP_NODISCARD _LIBCPP_HIDE_FROM_ABI _LIBCPP_CONSTEXPR
function _ZNSt3__119__allocate_at_leastB6v15006INS_9allocatorINS_4fposI11__mbstate_tEEEEEENS_19__allocation_resultINS_16allocator_traitsIT_E7pointerEEERS8_m called 0 returned 0% blocks executed 0%
function _ZNSt3__119__allocate_at_leastB6v15006INS_9allocatorIN7doctest16SubcaseSignatureEEEEENS_19__allocation_resultINS_16allocator_traitsIT_E7pointerEEERS7_m called 3 returned 100% blocks executed 100%
function _ZNSt3__119__allocate_at_leastB6v15006INS_9allocatorIPKN7doctest6detail20IExceptionTranslatorEEEEENS_19__allocation_resultINS_16allocator_traitsIT_E7pointerEEERSA_m called 0 returned 0% blocks executed 0%
function _ZNSt3__119__allocate_at_leastB6v15006INS_9allocatorIPN7doctest13IContextScopeEEEEENS_19__allocation_resultINS_16allocator_traitsIT_E7pointerEEERS8_m called 0 returned 0% blocks executed 0%
function _ZNSt3__119__allocate_at_leastB6v15006INS_9allocatorIN7doctest6StringEEEEENS_19__allocation_resultINS_16allocator_traitsIT_E7pointerEEERS7_m called 1 returned 100% blocks executed 100%
function _ZNSt3__119__allocate_at_leastB6v15006INS_9allocatorINS_6vectorIN7doctest6StringENS1_IS4_EEEEEEEENS_19__allocation_resultINS_16allocator_traitsIT_E7pointerEEERSA_m called 1 returned 100% blocks executed 100%
function _ZNSt3__119__allocate_at_leastB6v15006INS_9allocatorIPN7doctest9IReporterEEEEENS_19__allocation_resultINS_16allocator_traitsIT_E7pointerEEERS8_m called 1 returned 100% blocks executed 100%
function _ZNSt3__119__allocate_at_leastB6v15006INS_9allocatorIPKN7doctest6detail8TestCaseEEEEENS_19__allocation_resultINS_16allocator_traitsIT_E7pointerEEERSA_m called 1 returned 100% blocks executed 100%
function _ZNSt3__119__allocate_at_leastB6v15006INS_9allocatorIPKN7doctest12TestCaseDataEEEEENS_19__allocation_resultINS_16allocator_traitsIT_E7pointerEEERS9_m called 0 returned 0% blocks executed 0%
function _ZNSt3__119__allocate_at_leastB6v15006INS_9allocatorINS_12basic_stringIcNS_11char_traitsIcEENS1_IcEEEEEEEENS_19__allocation_resultINS_16allocator_traitsIT_E7pointerEEERSA_m called 0 returned 0% blocks executed 0%
function _ZNSt3__119__allocate_at_leastB6v15006INS_9allocatorIN7doctest12_GLOBAL__N_113JUnitReporter17JUnitTestCaseData13JUnitTestCaseEEEEENS_19__allocation_resultINS_16allocator_traitsIT_E7pointerEEERSA_m called 0 returned 0% blocks executed 0%
function _ZNSt3__119__allocate_at_leastB6v15006INS_9allocatorIN7doctest12_GLOBAL__N_113JUnitReporter17JUnitTestCaseData16JUnitTestMessageEEEEENS_19__allocation_resultINS_16allocator_traitsIT_E7pointerEEERSA_m called 0 returned 0% blocks executed 0%
        7:   53:__allocation_result<typename allocator_traits<_Alloc>::pointer> __allocate_at_least(_Alloc& __alloc, size_t __n) {
        7:   54:  return {__alloc.allocate(__n), __n};
    $$$$$:   54-block  0
        3:   54-block  1
    $$$$$:   54-block  2
    $$$$$:   54-block  3
        1:   54-block  4
        1:   54-block  5
        1:   54-block  6
        1:   54-block  7
    $$$$$:   54-block  8
    $$$$$:   54-block  9
    $$$$$:   54-block 10
    $$$$$:   54-block 11
        -:   55:}
        -:   56:
        -:   57:#endif // _LIBCPP_STD_VER > 20
        -:   58:
        -:   59:_LIBCPP_END_NAMESPACE_STD
        -:   60:
        -:   61:#endif // _LIBCPP___MEMORY_ALLOCATE_AT_LEAST_H
