        -:    0:Source:/Users/mihaildobroslavski/CLionProjects/CityMapProject/Structure/Graph.cpp
        -:    0:Graph:/Users/mihaildobroslavski/CLionProjects/CityMapProject/cmake-build-debug-coverage/CMakeFiles/CityMapLibrary.dir/Structure/Graph.cpp.gcno
        -:    0:Data:/Users/mihaildobroslavski/CLionProjects/CityMapProject/cmake-build-debug-coverage/CMakeFiles/CityMapLibrary.dir/Structure/Graph.cpp.gcda
        -:    0:Runs:1
        -:    0:Programs:1
        -:    1://
        -:    2:// Created by Mihail Dobroslavski on 24.12.23.
        -:    3://
        -:    4:
        -:    5:#include "Graph.h"
        -:    6:
        -:    7:#include <utility>
        -:    8:
function _ZN5GraphC2ENSt3__112basic_stringIcNS0_11char_traitsIcEENS0_9allocatorIcEEEE called 66 returned 100% blocks executed 100%
function _ZN5GraphC1ENSt3__112basic_stringIcNS0_11char_traitsIcEENS0_9allocatorIcEEEE called 66 returned 100% blocks executed 100%
      132:    9:Graph::Graph(std::string _name) : name(std::move(_name)) {}
       66:    9-block  0
       66:    9-block  1
        -:   10:
function _ZN5Graph5printEv called 3 returned 100% blocks executed 100%
        3:   11:void Graph::print() {
        3:   12:    std::unordered_map<Graph *, double>::iterator it;
        4:   13:    for (it = adjacencyList.begin(); it != adjacencyList.end(); it++) {
        3:   13-block  0
        4:   13-block  1
branch  0 taken 1
branch  1 taken 3
        1:   13-block  2
        1:   14:        std::cout << it->first->name << " -> " << it->second << std::endl;
        1:   15:    }
        1:   15-block  0
        3:   16:}
        3:   16-block  0
        -:   17:
function _ZN5Graph7addEdgeEPS_d called 48 returned 100% blocks executed 100%
       48:   18:void Graph::addEdge(Graph *toGraph, double distance) {
       48:   19:    adjacencyList[toGraph] = distance;
       48:   20:}
       48:   20-block  0
        -:   21:
function _ZNK5Graph16getAdjacencyListEv called 54 returned 100% blocks executed 100%
       54:   22:const std::unordered_map<Graph *, double> &Graph::getAdjacencyList() const {
       54:   23:    return adjacencyList;
       54:   23-block  0
        -:   24:}
        -:   25:
function _ZNK5Graph7getNameEv called 20 returned 100% blocks executed 100%
       20:   26:const std::string &Graph::getName() const {
       20:   27:    return name;
       20:   27-block  0
        -:   28:}
        -:   29:
