        -:    0:Source:/Users/mihaildobroslavski/CLionProjects/CityMapProject/Structure/Graph.cpp
        -:    0:Graph:/Users/mihaildobroslavski/CLionProjects/CityMapProject/cmake-build-debug-coverage/CMakeFiles/CityMapLibrary.dir/Structure/Graph.cpp.gcno
        -:    0:Data:/Users/mihaildobroslavski/CLionProjects/CityMapProject/cmake-build-debug-coverage/CMakeFiles/CityMapLibrary.dir/Structure/Graph.cpp.gcda
        -:    0:Runs:1
        -:    0:Programs:1
        -:    1://
        -:    2:// Created by Mihail Dobroslavski on 24.12.23.
        -:    3://
        -:    4:
        -:    5:#include "Graph.h"
        -:    6:
        -:    7:// Constructor
function _ZN5GraphC2ENSt3__112basic_stringIcNS0_11char_traitsIcEENS0_9allocatorIcEEEE called 76 returned 100% blocks executed 100%
function _ZN5GraphC1ENSt3__112basic_stringIcNS0_11char_traitsIcEENS0_9allocatorIcEEEE called 76 returned 100% blocks executed 100%
      152:    8:Graph::Graph(std::string _name) : name(std::move(_name)) {}
       76:    8-block  0
       76:    8-block  1
        -:    9:
        -:   10:// Print method to display the adjacency list of the graph
function _ZN5Graph5printEv called 3 returned 100% blocks executed 100%
        3:   11:void Graph::print() {
        3:   12:    std::unordered_map<Graph *, double>::iterator it;
        4:   13:    for (it = adjacencyList.begin(); it != adjacencyList.end(); it++) {
        3:   13-block  0
        4:   13-block  1
branch  0 taken 1
branch  1 taken 3
        1:   13-block  2
        1:   14:        std::cout << it->first->name << " -> " << it->second << std::endl;
        1:   15:    }
        1:   15-block  0
        3:   16:}
        3:   16-block  0
        -:   17:
        -:   18:// Method to add an edge to the graph
function _ZN5Graph7addEdgeEPS_d called 48 returned 100% blocks executed 100%
       48:   19:void Graph::addEdge(Graph *toGraph, double distance) {
       48:   20:    adjacencyList[toGraph] = distance;
       48:   21:}
       48:   21-block  0
        -:   22:
        -:   23:// Getter method to retrieve the adjacency list of the graph
function _ZNK5Graph16getAdjacencyListEv called 57 returned 100% blocks executed 100%
       57:   24:const std::unordered_map<Graph *, double> &Graph::getAdjacencyList() const {
       57:   25:    return adjacencyList;
       57:   25-block  0
        -:   26:}
        -:   27:
        -:   28:// Getter method to retrieve the name of the graph
function _ZNK5Graph7getNameEv called 21 returned 100% blocks executed 100%
       21:   29:const std::string &Graph::getName() const {
       21:   30:    return name;
       21:   30-block  0
        -:   31:}
