        -:    0:Source:/Library/Developer/CommandLineTools/SDKs/MacOSX13.3.sdk/usr/include/c++/v1/__utility/swap.h
        -:    0:Graph:/Users/mihaildobroslavski/CLionProjects/CityMapProject/cmake-build-debug-coverage/CMakeFiles/GraphvizControllerTest.dir/UnitTesting/GraphvizControllerTest.cpp.gcno
        -:    0:Data:/Users/mihaildobroslavski/CLionProjects/CityMapProject/cmake-build-debug-coverage/CMakeFiles/GraphvizControllerTest.dir/UnitTesting/GraphvizControllerTest.cpp.gcda
        -:    0:Runs:1
        -:    0:Programs:1
        -:    1://===----------------------------------------------------------------------===//
        -:    2://
        -:    3:// Part of the LLVM Project, under the Apache License v2.0 with LLVM Exceptions.
        -:    4:// See https://llvm.org/LICENSE.txt for license information.
        -:    5:// SPDX-License-Identifier: Apache-2.0 WITH LLVM-exception
        -:    6://
        -:    7://===----------------------------------------------------------------------===//
        -:    8:
        -:    9:#ifndef _LIBCPP___UTILITY_SWAP_H
        -:   10:#define _LIBCPP___UTILITY_SWAP_H
        -:   11:
        -:   12:#include <__config>
        -:   13:#include <__utility/declval.h>
        -:   14:#include <__utility/move.h>
        -:   15:#include <cstddef>
        -:   16:#include <type_traits>
        -:   17:
        -:   18:#if !defined(_LIBCPP_HAS_NO_PRAGMA_SYSTEM_HEADER)
        -:   19:#  pragma GCC system_header
        -:   20:#endif
        -:   21:
        -:   22:_LIBCPP_BEGIN_NAMESPACE_STD
        -:   23:
        -:   24:#ifndef _LIBCPP_CXX03_LANG
        -:   25:template <class _Tp>
        -:   26:using __swap_result_t = typename enable_if<is_move_constructible<_Tp>::value && is_move_assignable<_Tp>::value>::type;
        -:   27:#else
        -:   28:template <class>
        -:   29:using __swap_result_t = void;
        -:   30:#endif
        -:   31:
        -:   32:template <class _Tp>
function _ZNSt3__14swapB6v15006IPNS_4fposI11__mbstate_tEEEENS_9enable_ifIXaasr21is_move_constructibleIT_EE5valuesr18is_move_assignableIS6_EE5valueEvE4typeERS6_S9_ called 0 returned 0% blocks executed 0%
function _ZNSt3__14swapB6v15006IPN7doctest16SubcaseSignatureEEENS_9enable_ifIXaasr21is_move_constructibleIT_EE5valuesr18is_move_assignableIS5_EE5valueEvE4typeERS5_S8_ called 9 returned 100% blocks executed 100%
function _ZNSt3__14swapB6v15006IPPKN7doctest6detail20IExceptionTranslatorEEENS_9enable_ifIXaasr21is_move_constructibleIT_EE5valuesr18is_move_assignableIS8_EE5valueEvE4typeERS8_SB_ called 0 returned 0% blocks executed 0%
function _ZNSt3__14swapB6v15006IPPN7doctest13IContextScopeEEENS_9enable_ifIXaasr21is_move_constructibleIT_EE5valuesr18is_move_assignableIS6_EE5valueEvE4typeERS6_S9_ called 0 returned 0% blocks executed 0%
function _ZNSt3__14swapB6v15006IPN7doctest6StringEEENS_9enable_ifIXaasr21is_move_constructibleIT_EE5valuesr18is_move_assignableIS5_EE5valueEvE4typeERS5_S8_ called 3 returned 100% blocks executed 100%
function _ZNSt3__14swapB6v15006IPPN7doctest9IReporterEEENS_9enable_ifIXaasr21is_move_constructibleIT_EE5valuesr18is_move_assignableIS6_EE5valueEvE4typeERS6_S9_ called 3 returned 100% blocks executed 100%
function _ZNSt3__14swapB6v15006IPPKN7doctest6detail8TestCaseEEENS_9enable_ifIXaasr21is_move_constructibleIT_EE5valuesr18is_move_assignableIS8_EE5valueEvE4typeERS8_SB_ called 3 returned 100% blocks executed 100%
function _ZNSt3__14swapB6v15006IPKN7doctest6detail8TestCaseEEENS_9enable_ifIXaasr21is_move_constructibleIT_EE5valuesr18is_move_assignableIS7_EE5valueEvE4typeERS7_SA_ called 0 returned 0% blocks executed 0%
function _ZNSt3__14swapB6v15006IPPKN7doctest12TestCaseDataEEENS_9enable_ifIXaasr21is_move_constructibleIT_EE5valuesr18is_move_assignableIS7_EE5valueEvE4typeERS7_SA_ called 0 returned 0% blocks executed 0%
function _ZNSt3__14swapB6v15006ImEENS_9enable_ifIXaasr21is_move_constructibleIT_EE5valuesr18is_move_assignableIS2_EE5valueEvE4typeERS2_S5_ called 0 returned 0% blocks executed 0%
function _ZNSt3__14swapB6v15006IPNS_12basic_stringIcNS_11char_traitsIcEENS_9allocatorIcEEEEEENS_9enable_ifIXaasr21is_move_constructibleIT_EE5valuesr18is_move_assignableIS9_EE5valueEvE4typeERS9_SC_ called 0 returned 0% blocks executed 0%
function _ZNSt3__14swapB6v15006IPN7doctest12_GLOBAL__N_113JUnitReporter17JUnitTestCaseData13JUnitTestCaseEEENS_9enable_ifIXaasr21is_move_constructibleIT_EE5valuesr18is_move_assignableIS8_EE5valueEvE4typeERS8_SB_ called 0 returned 0% blocks executed 0%
function _ZNSt3__14swapB6v15006IPN7doctest12_GLOBAL__N_113JUnitReporter17JUnitTestCaseData16JUnitTestMessageEEENS_9enable_ifIXaasr21is_move_constructibleIT_EE5valuesr18is_move_assignableIS8_EE5valueEvE4typeERS8_SB_ called 0 returned 0% blocks executed 0%
       18:   33:inline _LIBCPP_INLINE_VISIBILITY __swap_result_t<_Tp> _LIBCPP_CONSTEXPR_AFTER_CXX17 swap(_Tp& __x, _Tp& __y)
        -:   34:    _NOEXCEPT_(is_nothrow_move_constructible<_Tp>::value&& is_nothrow_move_assignable<_Tp>::value) {
       18:   35:  _Tp __t(_VSTD::move(__x));
       18:   36:  __x = _VSTD::move(__y);
       18:   37:  __y = _VSTD::move(__t);
       18:   38:}
    $$$$$:   38-block  0
        9:   38-block  1
    $$$$$:   38-block  2
    $$$$$:   38-block  3
        3:   38-block  4
        3:   38-block  5
        3:   38-block  6
    $$$$$:   38-block  7
    $$$$$:   38-block  8
    $$$$$:   38-block  9
    $$$$$:   38-block 10
    $$$$$:   38-block 11
    $$$$$:   38-block 12
        -:   39:
        -:   40:template <class _Tp, size_t _Np>
        -:   41:inline _LIBCPP_INLINE_VISIBILITY _LIBCPP_CONSTEXPR_AFTER_CXX17 typename enable_if<__is_swappable<_Tp>::value>::type
        -:   42:swap(_Tp (&__a)[_Np], _Tp (&__b)[_Np]) _NOEXCEPT_(__is_nothrow_swappable<_Tp>::value) {
        -:   43:  for (size_t __i = 0; __i != _Np; ++__i) {
        -:   44:    swap(__a[__i], __b[__i]);
        -:   45:  }
        -:   46:}
        -:   47:
        -:   48:_LIBCPP_END_NAMESPACE_STD
        -:   49:
        -:   50:#endif // _LIBCPP___UTILITY_SWAP_H
