        -:    0:Source:/Library/Developer/CommandLineTools/SDKs/MacOSX13.3.sdk/usr/include/c++/v1/__debug_utils/randomize_range.h
        -:    0:Graph:/Users/mihaildobroslavski/CLionProjects/CityMapProject/cmake-build-debug-coverage/CMakeFiles/GraphContainerTest.dir/UnitTesting/GraphContainerTest.cpp.gcno
        -:    0:Data:/Users/mihaildobroslavski/CLionProjects/CityMapProject/cmake-build-debug-coverage/CMakeFiles/GraphContainerTest.dir/UnitTesting/GraphContainerTest.cpp.gcda
        -:    0:Runs:1
        -:    0:Programs:1
        -:    1://===----------------------------------------------------------------------===//
        -:    2://
        -:    3:// Part of the LLVM Project, under the Apache License v2.0 with LLVM Exceptions.
        -:    4:// See https://llvm.org/LICENSE.txt for license information.
        -:    5:// SPDX-License-Identifier: Apache-2.0 WITH LLVM-exception
        -:    6://
        -:    7://===----------------------------------------------------------------------===//
        -:    8:
        -:    9:#ifndef _LIBCPP___LIBCXX_DEBUG_RANDOMIZE_RANGE_H
        -:   10:#define _LIBCPP___LIBCXX_DEBUG_RANDOMIZE_RANGE_H
        -:   11:
        -:   12:#include <__config>
        -:   13:
        -:   14:#ifdef _LIBCPP_DEBUG_RANDOMIZE_UNSPECIFIED_STABILITY
        -:   15:#  include <__algorithm/shuffle.h>
        -:   16:#  include <__type_traits/is_constant_evaluated.h>
        -:   17:#endif
        -:   18:
        -:   19:#if !defined(_LIBCPP_HAS_NO_PRAGMA_SYSTEM_HEADER)
        -:   20:#  pragma GCC system_header
        -:   21:#endif
        -:   22:
        -:   23:_LIBCPP_BEGIN_NAMESPACE_STD
        -:   24:
        -:   25:template <class _AlgPolicy, class _Iterator, class _Sentinel>
        -:   26:_LIBCPP_HIDE_FROM_ABI _LIBCPP_CONSTEXPR_AFTER_CXX11
function _ZNSt3__123__debug_randomize_rangeB6v15006INS_17_ClassicAlgPolicyENS_11__wrap_iterIPPKN7doctest6detail8TestCaseEEES9_EEvT0_T1_ called 1 returned 100% blocks executed 100%
function _ZNSt3__123__debug_randomize_rangeB6v15006INS_17_ClassicAlgPolicyEPPKN7doctest6detail8TestCaseES7_EEvT0_T1_ called 0 returned 0% blocks executed 0%
        1:   27:void __debug_randomize_range(_Iterator __first, _Sentinel __last) {
        -:   28:#ifdef _LIBCPP_DEBUG_RANDOMIZE_UNSPECIFIED_STABILITY
        -:   29:#  ifdef _LIBCPP_CXX03_LANG
        -:   30:#    error Support for unspecified stability is only for C++11 and higher
        -:   31:#  endif
        -:   32:
        -:   33:  if (!__libcpp_is_constant_evaluated())
        -:   34:    std::__shuffle<_AlgPolicy>(__first, __last, __libcpp_debug_randomizer());
        -:   35:#else
        -:   36:  (void)__first;
        -:   37:  (void)__last;
        -:   38:#endif
        1:   39:}
        1:   39-block  0
    $$$$$:   39-block  1
        -:   40:
        -:   41:_LIBCPP_END_NAMESPACE_STD
        -:   42:
        -:   43:#endif // _LIBCPP___LIBCXX_DEBUG_RANDOMIZE_RANGE_H
