        -:    0:Source:/Users/mihaildobroslavski/CLionProjects/CityMapProject/Structure/Graph.h
        -:    0:Graph:/Users/mihaildobroslavski/CLionProjects/CityMapProject/cmake-build-debug-coverage/CMakeFiles/CityMapLibrary.dir/Structure/GraphContainer.cpp.gcno
        -:    0:Data:/Users/mihaildobroslavski/CLionProjects/CityMapProject/cmake-build-debug-coverage/CMakeFiles/CityMapLibrary.dir/Structure/GraphContainer.cpp.gcda
        -:    0:Runs:1
        -:    0:Programs:1
        -:    1://
        -:    2:// Created by Mihail Dobroslavski on 24.12.23.
        -:    3://
        -:    4:
        -:    5:#ifndef CITYMAP_GRAPH_H
        -:    6:#define CITYMAP_GRAPH_H
        -:    7:
        -:    8:#include <iostream>
        -:    9:#include <vector>
        -:   10:#include <unordered_map>
        -:   11:
        -:   12:class Graph {
        -:   13:public:
        -:   14:    explicit Graph(std::string);
        -:   15:
        -:   16:    void print();
        -:   17:
        -:   18:    void addEdge(Graph *, double);
        -:   19:
        -:   20:    const std::unordered_map<Graph *, double> &getAdjacencyList() const;
        -:   21:
        -:   22:    const std::string &getName() const;
        -:   23:
        -:   24:private:
        -:   25:    std::string name;
        -:   26:    std::unordered_map<Graph *, double> adjacencyList;
        -:   27:};
        -:   28:
        -:   29:#endif //CITYMAP_GRAPH_H
