        -:    0:Source:/Library/Developer/CommandLineTools/SDKs/MacOSX13.3.sdk/usr/include/c++/v1/atomic
        -:    0:Graph:/Users/mihaildobroslavski/CLionProjects/CityMapProject/cmake-build-debug-coverage/CMakeFiles/GraphTest.dir/UnitTesting/GraphTest.cpp.gcno
        -:    0:Data:/Users/mihaildobroslavski/CLionProjects/CityMapProject/cmake-build-debug-coverage/CMakeFiles/GraphTest.dir/UnitTesting/GraphTest.cpp.gcda
        -:    0:Runs:1
        -:    0:Programs:1
        -:    1:// -*- C++ -*-
        -:    2://===----------------------------------------------------------------------===//
        -:    3://
        -:    4:// Part of the LLVM Project, under the Apache License v2.0 with LLVM Exceptions.
        -:    5:// See https://llvm.org/LICENSE.txt for license information.
        -:    6:// SPDX-License-Identifier: Apache-2.0 WITH LLVM-exception
        -:    7://
        -:    8://===----------------------------------------------------------------------===//
        -:    9:
        -:   10:#ifndef _LIBCPP_ATOMIC
        -:   11:#define _LIBCPP_ATOMIC
        -:   12:
        -:   13:/*
        -:   14:    atomic synopsis
        -:   15:
        -:   16:namespace std
        -:   17:{
        -:   18:
        -:   19:// feature test macro [version.syn]
        -:   20:
        -:   21:#define __cpp_lib_atomic_is_always_lock_free
        -:   22:#define __cpp_lib_atomic_flag_test
        -:   23:#define __cpp_lib_atomic_lock_free_type_aliases
        -:   24:#define __cpp_lib_atomic_wait
        -:   25:
        -:   26: // order and consistency
        -:   27:
        -:   28: enum memory_order: unspecified // enum class in C++20
        -:   29: {
        -:   30:    relaxed,
        -:   31:    consume, // load-consume
        -:   32:    acquire, // load-acquire
        -:   33:    release, // store-release
        -:   34:    acq_rel, // store-release load-acquire
        -:   35:    seq_cst // store-release load-acquire
        -:   36: };
        -:   37:
        -:   38: inline constexpr auto memory_order_relaxed = memory_order::relaxed;
        -:   39: inline constexpr auto memory_order_consume = memory_order::consume;
        -:   40: inline constexpr auto memory_order_acquire = memory_order::acquire;
        -:   41: inline constexpr auto memory_order_release = memory_order::release;
        -:   42: inline constexpr auto memory_order_acq_rel = memory_order::acq_rel;
        -:   43: inline constexpr auto memory_order_seq_cst = memory_order::seq_cst;
        -:   44:
        -:   45:template <class T> T kill_dependency(T y) noexcept;
        -:   46:
        -:   47:// lock-free property
        -:   48:
        -:   49:#define ATOMIC_BOOL_LOCK_FREE unspecified
        -:   50:#define ATOMIC_CHAR_LOCK_FREE unspecified
        -:   51:#define ATOMIC_CHAR8_T_LOCK_FREE unspecified // C++20
        -:   52:#define ATOMIC_CHAR16_T_LOCK_FREE unspecified
        -:   53:#define ATOMIC_CHAR32_T_LOCK_FREE unspecified
        -:   54:#define ATOMIC_WCHAR_T_LOCK_FREE unspecified
        -:   55:#define ATOMIC_SHORT_LOCK_FREE unspecified
        -:   56:#define ATOMIC_INT_LOCK_FREE unspecified
        -:   57:#define ATOMIC_LONG_LOCK_FREE unspecified
        -:   58:#define ATOMIC_LLONG_LOCK_FREE unspecified
        -:   59:#define ATOMIC_POINTER_LOCK_FREE unspecified
        -:   60:
        -:   61:template <class T>
        -:   62:struct atomic
        -:   63:{
        -:   64:    using value_type = T;
        -:   65:
        -:   66:    static constexpr bool is_always_lock_free;
        -:   67:    bool is_lock_free() const volatile noexcept;
        -:   68:    bool is_lock_free() const noexcept;
        -:   69:
        -:   70:    atomic() noexcept = default; // until C++20
        -:   71:    constexpr atomic() noexcept(is_nothrow_default_constructible_v<T>); // since C++20
        -:   72:    constexpr atomic(T desr) noexcept;
        -:   73:    atomic(const atomic&) = delete;
        -:   74:    atomic& operator=(const atomic&) = delete;
        -:   75:    atomic& operator=(const atomic&) volatile = delete;
        -:   76:
        -:   77:    T load(memory_order m = memory_order_seq_cst) const volatile noexcept;
        -:   78:    T load(memory_order m = memory_order_seq_cst) const noexcept;
        -:   79:    operator T() const volatile noexcept;
        -:   80:    operator T() const noexcept;
        -:   81:    void store(T desr, memory_order m = memory_order_seq_cst) volatile noexcept;
        -:   82:    void store(T desr, memory_order m = memory_order_seq_cst) noexcept;
        -:   83:    T operator=(T) volatile noexcept;
        -:   84:    T operator=(T) noexcept;
        -:   85:
        -:   86:    T exchange(T desr, memory_order m = memory_order_seq_cst) volatile noexcept;
        -:   87:    T exchange(T desr, memory_order m = memory_order_seq_cst) noexcept;
        -:   88:    bool compare_exchange_weak(T& expc, T desr,
        -:   89:                               memory_order s, memory_order f) volatile noexcept;
        -:   90:    bool compare_exchange_weak(T& expc, T desr, memory_order s, memory_order f) noexcept;
        -:   91:    bool compare_exchange_strong(T& expc, T desr,
        -:   92:                                 memory_order s, memory_order f) volatile noexcept;
        -:   93:    bool compare_exchange_strong(T& expc, T desr,
        -:   94:                                 memory_order s, memory_order f) noexcept;
        -:   95:    bool compare_exchange_weak(T& expc, T desr,
        -:   96:                               memory_order m = memory_order_seq_cst) volatile noexcept;
        -:   97:    bool compare_exchange_weak(T& expc, T desr,
        -:   98:                               memory_order m = memory_order_seq_cst) noexcept;
        -:   99:    bool compare_exchange_strong(T& expc, T desr,
        -:  100:                                memory_order m = memory_order_seq_cst) volatile noexcept;
        -:  101:    bool compare_exchange_strong(T& expc, T desr,
        -:  102:                                 memory_order m = memory_order_seq_cst) noexcept;
        -:  103:
        -:  104:    void wait(T, memory_order = memory_order::seq_cst) const volatile noexcept;
        -:  105:    void wait(T, memory_order = memory_order::seq_cst) const noexcept;
        -:  106:    void notify_one() volatile noexcept;
        -:  107:    void notify_one() noexcept;
        -:  108:    void notify_all() volatile noexcept;
        -:  109:    void notify_all() noexcept;
        -:  110:};
        -:  111:
        -:  112:template <>
        -:  113:struct atomic<integral>
        -:  114:{
        -:  115:    using value_type = integral;
        -:  116:    using difference_type = value_type;
        -:  117:
        -:  118:    static constexpr bool is_always_lock_free;
        -:  119:    bool is_lock_free() const volatile noexcept;
        -:  120:    bool is_lock_free() const noexcept;
        -:  121:
        -:  122:    atomic() noexcept = default;
        -:  123:    constexpr atomic(integral desr) noexcept;
        -:  124:    atomic(const atomic&) = delete;
        -:  125:    atomic& operator=(const atomic&) = delete;
        -:  126:    atomic& operator=(const atomic&) volatile = delete;
        -:  127:
        -:  128:    integral load(memory_order m = memory_order_seq_cst) const volatile noexcept;
        -:  129:    integral load(memory_order m = memory_order_seq_cst) const noexcept;
        -:  130:    operator integral() const volatile noexcept;
        -:  131:    operator integral() const noexcept;
        -:  132:    void store(integral desr, memory_order m = memory_order_seq_cst) volatile noexcept;
        -:  133:    void store(integral desr, memory_order m = memory_order_seq_cst) noexcept;
        -:  134:    integral operator=(integral desr) volatile noexcept;
        -:  135:    integral operator=(integral desr) noexcept;
        -:  136:
        -:  137:    integral exchange(integral desr,
        -:  138:                      memory_order m = memory_order_seq_cst) volatile noexcept;
        -:  139:    integral exchange(integral desr, memory_order m = memory_order_seq_cst) noexcept;
        -:  140:    bool compare_exchange_weak(integral& expc, integral desr,
        -:  141:                               memory_order s, memory_order f) volatile noexcept;
        -:  142:    bool compare_exchange_weak(integral& expc, integral desr,
        -:  143:                               memory_order s, memory_order f) noexcept;
        -:  144:    bool compare_exchange_strong(integral& expc, integral desr,
        -:  145:                                 memory_order s, memory_order f) volatile noexcept;
        -:  146:    bool compare_exchange_strong(integral& expc, integral desr,
        -:  147:                                 memory_order s, memory_order f) noexcept;
        -:  148:    bool compare_exchange_weak(integral& expc, integral desr,
        -:  149:                               memory_order m = memory_order_seq_cst) volatile noexcept;
        -:  150:    bool compare_exchange_weak(integral& expc, integral desr,
        -:  151:                               memory_order m = memory_order_seq_cst) noexcept;
        -:  152:    bool compare_exchange_strong(integral& expc, integral desr,
        -:  153:                                memory_order m = memory_order_seq_cst) volatile noexcept;
        -:  154:    bool compare_exchange_strong(integral& expc, integral desr,
        -:  155:                                 memory_order m = memory_order_seq_cst) noexcept;
        -:  156:
        -:  157:    integral fetch_add(integral op, memory_order m = memory_order_seq_cst) volatile noexcept;
        -:  158:    integral fetch_add(integral op, memory_order m = memory_order_seq_cst) noexcept;
        -:  159:    integral fetch_sub(integral op, memory_order m = memory_order_seq_cst) volatile noexcept;
        -:  160:    integral fetch_sub(integral op, memory_order m = memory_order_seq_cst) noexcept;
        -:  161:    integral fetch_and(integral op, memory_order m = memory_order_seq_cst) volatile noexcept;
        -:  162:    integral fetch_and(integral op, memory_order m = memory_order_seq_cst) noexcept;
        -:  163:    integral fetch_or(integral op, memory_order m = memory_order_seq_cst) volatile noexcept;
        -:  164:    integral fetch_or(integral op, memory_order m = memory_order_seq_cst) noexcept;
        -:  165:    integral fetch_xor(integral op, memory_order m = memory_order_seq_cst) volatile noexcept;
        -:  166:    integral fetch_xor(integral op, memory_order m = memory_order_seq_cst) noexcept;
        -:  167:
        -:  168:    integral operator++(int) volatile noexcept;
        -:  169:    integral operator++(int) noexcept;
        -:  170:    integral operator--(int) volatile noexcept;
        -:  171:    integral operator--(int) noexcept;
        -:  172:    integral operator++() volatile noexcept;
        -:  173:    integral operator++() noexcept;
        -:  174:    integral operator--() volatile noexcept;
        -:  175:    integral operator--() noexcept;
        -:  176:    integral operator+=(integral op) volatile noexcept;
        -:  177:    integral operator+=(integral op) noexcept;
        -:  178:    integral operator-=(integral op) volatile noexcept;
        -:  179:    integral operator-=(integral op) noexcept;
        -:  180:    integral operator&=(integral op) volatile noexcept;
        -:  181:    integral operator&=(integral op) noexcept;
        -:  182:    integral operator|=(integral op) volatile noexcept;
        -:  183:    integral operator|=(integral op) noexcept;
        -:  184:    integral operator^=(integral op) volatile noexcept;
        -:  185:    integral operator^=(integral op) noexcept;
        -:  186:
        -:  187:    void wait(integral, memory_order = memory_order::seq_cst) const volatile noexcept;
        -:  188:    void wait(integral, memory_order = memory_order::seq_cst) const noexcept;
        -:  189:    void notify_one() volatile noexcept;
        -:  190:    void notify_one() noexcept;
        -:  191:    void notify_all() volatile noexcept;
        -:  192:    void notify_all() noexcept;
        -:  193:};
        -:  194:
        -:  195:template <class T>
        -:  196:struct atomic<T*>
        -:  197:{
        -:  198:    using value_type = T*;
        -:  199:    using difference_type = ptrdiff_t;
        -:  200:
        -:  201:    static constexpr bool is_always_lock_free;
        -:  202:    bool is_lock_free() const volatile noexcept;
        -:  203:    bool is_lock_free() const noexcept;
        -:  204:
        -:  205:    atomic() noexcept = default; // until C++20
        -:  206:    constexpr atomic() noexcept; // since C++20
        -:  207:    constexpr atomic(T* desr) noexcept;
        -:  208:    atomic(const atomic&) = delete;
        -:  209:    atomic& operator=(const atomic&) = delete;
        -:  210:    atomic& operator=(const atomic&) volatile = delete;
        -:  211:
        -:  212:    T* load(memory_order m = memory_order_seq_cst) const volatile noexcept;
        -:  213:    T* load(memory_order m = memory_order_seq_cst) const noexcept;
        -:  214:    operator T*() const volatile noexcept;
        -:  215:    operator T*() const noexcept;
        -:  216:    void store(T* desr, memory_order m = memory_order_seq_cst) volatile noexcept;
        -:  217:    void store(T* desr, memory_order m = memory_order_seq_cst) noexcept;
        -:  218:    T* operator=(T*) volatile noexcept;
        -:  219:    T* operator=(T*) noexcept;
        -:  220:
        -:  221:    T* exchange(T* desr, memory_order m = memory_order_seq_cst) volatile noexcept;
        -:  222:    T* exchange(T* desr, memory_order m = memory_order_seq_cst) noexcept;
        -:  223:    bool compare_exchange_weak(T*& expc, T* desr,
        -:  224:                               memory_order s, memory_order f) volatile noexcept;
        -:  225:    bool compare_exchange_weak(T*& expc, T* desr,
        -:  226:                               memory_order s, memory_order f) noexcept;
        -:  227:    bool compare_exchange_strong(T*& expc, T* desr,
        -:  228:                                 memory_order s, memory_order f) volatile noexcept;
        -:  229:    bool compare_exchange_strong(T*& expc, T* desr,
        -:  230:                                 memory_order s, memory_order f) noexcept;
        -:  231:    bool compare_exchange_weak(T*& expc, T* desr,
        -:  232:                               memory_order m = memory_order_seq_cst) volatile noexcept;
        -:  233:    bool compare_exchange_weak(T*& expc, T* desr,
        -:  234:                               memory_order m = memory_order_seq_cst) noexcept;
        -:  235:    bool compare_exchange_strong(T*& expc, T* desr,
        -:  236:                                memory_order m = memory_order_seq_cst) volatile noexcept;
        -:  237:    bool compare_exchange_strong(T*& expc, T* desr,
        -:  238:                                 memory_order m = memory_order_seq_cst) noexcept;
        -:  239:    T* fetch_add(ptrdiff_t op, memory_order m = memory_order_seq_cst) volatile noexcept;
        -:  240:    T* fetch_add(ptrdiff_t op, memory_order m = memory_order_seq_cst) noexcept;
        -:  241:    T* fetch_sub(ptrdiff_t op, memory_order m = memory_order_seq_cst) volatile noexcept;
        -:  242:    T* fetch_sub(ptrdiff_t op, memory_order m = memory_order_seq_cst) noexcept;
        -:  243:
        -:  244:    T* operator++(int) volatile noexcept;
        -:  245:    T* operator++(int) noexcept;
        -:  246:    T* operator--(int) volatile noexcept;
        -:  247:    T* operator--(int) noexcept;
        -:  248:    T* operator++() volatile noexcept;
        -:  249:    T* operator++() noexcept;
        -:  250:    T* operator--() volatile noexcept;
        -:  251:    T* operator--() noexcept;
        -:  252:    T* operator+=(ptrdiff_t op) volatile noexcept;
        -:  253:    T* operator+=(ptrdiff_t op) noexcept;
        -:  254:    T* operator-=(ptrdiff_t op) volatile noexcept;
        -:  255:    T* operator-=(ptrdiff_t op) noexcept;
        -:  256:
        -:  257:    void wait(T*, memory_order = memory_order::seq_cst) const volatile noexcept;
        -:  258:    void wait(T*, memory_order = memory_order::seq_cst) const noexcept;
        -:  259:    void notify_one() volatile noexcept;
        -:  260:    void notify_one() noexcept;
        -:  261:    void notify_all() volatile noexcept;
        -:  262:    void notify_all() noexcept;
        -:  263:};
        -:  264:
        -:  265:
        -:  266:// [atomics.nonmembers], non-member functions
        -:  267:template<class T>
        -:  268:  bool atomic_is_lock_free(const volatile atomic<T>*) noexcept;
        -:  269:template<class T>
        -:  270:  bool atomic_is_lock_free(const atomic<T>*) noexcept;
        -:  271:template<class T>
        -:  272:  void atomic_store(volatile atomic<T>*, atomic<T>::value_type) noexcept;
        -:  273:template<class T>
        -:  274:  void atomic_store(atomic<T>*, atomic<T>::value_type) noexcept;
        -:  275:template<class T>
        -:  276:  void atomic_store_explicit(volatile atomic<T>*, atomic<T>::value_type,
        -:  277:                             memory_order) noexcept;
        -:  278:template<class T>
        -:  279:  void atomic_store_explicit(atomic<T>*, atomic<T>::value_type,
        -:  280:                             memory_order) noexcept;
        -:  281:template<class T>
        -:  282:  T atomic_load(const volatile atomic<T>*) noexcept;
        -:  283:template<class T>
        -:  284:  T atomic_load(const atomic<T>*) noexcept;
        -:  285:template<class T>
        -:  286:  T atomic_load_explicit(const volatile atomic<T>*, memory_order) noexcept;
        -:  287:template<class T>
        -:  288:  T atomic_load_explicit(const atomic<T>*, memory_order) noexcept;
        -:  289:template<class T>
        -:  290:  T atomic_exchange(volatile atomic<T>*, atomic<T>::value_type) noexcept;
        -:  291:template<class T>
        -:  292:  T atomic_exchange(atomic<T>*, atomic<T>::value_type) noexcept;
        -:  293:template<class T>
        -:  294:  T atomic_exchange_explicit(volatile atomic<T>*, atomic<T>::value_type,
        -:  295:                             memory_order) noexcept;
        -:  296:template<class T>
        -:  297:  T atomic_exchange_explicit(atomic<T>*, atomic<T>::value_type,
        -:  298:                             memory_order) noexcept;
        -:  299:template<class T>
        -:  300:  bool atomic_compare_exchange_weak(volatile atomic<T>*, atomic<T>::value_type*,
        -:  301:                                    atomic<T>::value_type) noexcept;
        -:  302:template<class T>
        -:  303:  bool atomic_compare_exchange_weak(atomic<T>*, atomic<T>::value_type*,
        -:  304:                                    atomic<T>::value_type) noexcept;
        -:  305:template<class T>
        -:  306:  bool atomic_compare_exchange_strong(volatile atomic<T>*, atomic<T>::value_type*,
        -:  307:                                      atomic<T>::value_type) noexcept;
        -:  308:template<class T>
        -:  309:  bool atomic_compare_exchange_strong(atomic<T>*, atomic<T>::value_type*,
        -:  310:                                      atomic<T>::value_type) noexcept;
        -:  311:template<class T>
        -:  312:  bool atomic_compare_exchange_weak_explicit(volatile atomic<T>*, atomic<T>::value_type*,
        -:  313:                                             atomic<T>::value_type,
        -:  314:                                             memory_order, memory_order) noexcept;
        -:  315:template<class T>
        -:  316:  bool atomic_compare_exchange_weak_explicit(atomic<T>*, atomic<T>::value_type*,
        -:  317:                                             atomic<T>::value_type,
        -:  318:                                             memory_order, memory_order) noexcept;
        -:  319:template<class T>
        -:  320:  bool atomic_compare_exchange_strong_explicit(volatile atomic<T>*, atomic<T>::value_type*,
        -:  321:                                               atomic<T>::value_type,
        -:  322:                                               memory_order, memory_order) noexcept;
        -:  323:template<class T>
        -:  324:  bool atomic_compare_exchange_strong_explicit(atomic<T>*, atomic<T>::value_type*,
        -:  325:                                               atomic<T>::value_type,
        -:  326:                                               memory_order, memory_order) noexcept;
        -:  327:
        -:  328:template<class T>
        -:  329:  T atomic_fetch_add(volatile atomic<T>*, atomic<T>::difference_type) noexcept;
        -:  330:template<class T>
        -:  331:  T atomic_fetch_add(atomic<T>*, atomic<T>::difference_type) noexcept;
        -:  332:template<class T>
        -:  333:  T atomic_fetch_add_explicit(volatile atomic<T>*, atomic<T>::difference_type,
        -:  334:                              memory_order) noexcept;
        -:  335:template<class T>
        -:  336:  T atomic_fetch_add_explicit(atomic<T>*, atomic<T>::difference_type,
        -:  337:                              memory_order) noexcept;
        -:  338:template<class T>
        -:  339:  T atomic_fetch_sub(volatile atomic<T>*, atomic<T>::difference_type) noexcept;
        -:  340:template<class T>
        -:  341:  T atomic_fetch_sub(atomic<T>*, atomic<T>::difference_type) noexcept;
        -:  342:template<class T>
        -:  343:  T atomic_fetch_sub_explicit(volatile atomic<T>*, atomic<T>::difference_type,
        -:  344:                              memory_order) noexcept;
        -:  345:template<class T>
        -:  346:  T atomic_fetch_sub_explicit(atomic<T>*, atomic<T>::difference_type,
        -:  347:                              memory_order) noexcept;
        -:  348:template<class T>
        -:  349:  T atomic_fetch_and(volatile atomic<T>*, atomic<T>::value_type) noexcept;
        -:  350:template<class T>
        -:  351:  T atomic_fetch_and(atomic<T>*, atomic<T>::value_type) noexcept;
        -:  352:template<class T>
        -:  353:  T atomic_fetch_and_explicit(volatile atomic<T>*, atomic<T>::value_type,
        -:  354:                              memory_order) noexcept;
        -:  355:template<class T>
        -:  356:  T atomic_fetch_and_explicit(atomic<T>*, atomic<T>::value_type,
        -:  357:                              memory_order) noexcept;
        -:  358:template<class T>
        -:  359:  T atomic_fetch_or(volatile atomic<T>*, atomic<T>::value_type) noexcept;
        -:  360:template<class T>
        -:  361:  T atomic_fetch_or(atomic<T>*, atomic<T>::value_type) noexcept;
        -:  362:template<class T>
        -:  363:  T atomic_fetch_or_explicit(volatile atomic<T>*, atomic<T>::value_type,
        -:  364:                             memory_order) noexcept;
        -:  365:template<class T>
        -:  366:  T atomic_fetch_or_explicit(atomic<T>*, atomic<T>::value_type,
        -:  367:                             memory_order) noexcept;
        -:  368:template<class T>
        -:  369:  T atomic_fetch_xor(volatile atomic<T>*, atomic<T>::value_type) noexcept;
        -:  370:template<class T>
        -:  371:  T atomic_fetch_xor(atomic<T>*, atomic<T>::value_type) noexcept;
        -:  372:template<class T>
        -:  373:  T atomic_fetch_xor_explicit(volatile atomic<T>*, atomic<T>::value_type,
        -:  374:                              memory_order) noexcept;
        -:  375:template<class T>
        -:  376:  T atomic_fetch_xor_explicit(atomic<T>*, atomic<T>::value_type,
        -:  377:                              memory_order) noexcept;
        -:  378:
        -:  379:template<class T>
        -:  380:  void atomic_wait(const volatile atomic<T>*, atomic<T>::value_type);
        -:  381:template<class T>
        -:  382:  void atomic_wait(const atomic<T>*, atomic<T>::value_type);
        -:  383:template<class T>
        -:  384:  void atomic_wait_explicit(const volatile atomic<T>*, atomic<T>::value_type,
        -:  385:                            memory_order);
        -:  386:template<class T>
        -:  387:  void atomic_wait_explicit(const atomic<T>*, atomic<T>::value_type,
        -:  388:                            memory_order);
        -:  389:template<class T>
        -:  390:  void atomic_notify_one(volatile atomic<T>*);
        -:  391:template<class T>
        -:  392:  void atomic_notify_one(atomic<T>*);
        -:  393:template<class T>
        -:  394:  void atomic_notify_all(volatile atomic<T>*);
        -:  395:template<class T>
        -:  396:  void atomic_notify_all(atomic<T>*);
        -:  397:
        -:  398:// Atomics for standard typedef types
        -:  399:
        -:  400:typedef atomic<bool>               atomic_bool;
        -:  401:typedef atomic<char>               atomic_char;
        -:  402:typedef atomic<signed char>        atomic_schar;
        -:  403:typedef atomic<unsigned char>      atomic_uchar;
        -:  404:typedef atomic<short>              atomic_short;
        -:  405:typedef atomic<unsigned short>     atomic_ushort;
        -:  406:typedef atomic<int>                atomic_int;
        -:  407:typedef atomic<unsigned int>       atomic_uint;
        -:  408:typedef atomic<long>               atomic_long;
        -:  409:typedef atomic<unsigned long>      atomic_ulong;
        -:  410:typedef atomic<long long>          atomic_llong;
        -:  411:typedef atomic<unsigned long long> atomic_ullong;
        -:  412:typedef atomic<char8_t>            atomic_char8_t; // C++20
        -:  413:typedef atomic<char16_t>           atomic_char16_t;
        -:  414:typedef atomic<char32_t>           atomic_char32_t;
        -:  415:typedef atomic<wchar_t>            atomic_wchar_t;
        -:  416:
        -:  417:typedef atomic<int_least8_t>   atomic_int_least8_t;
        -:  418:typedef atomic<uint_least8_t>  atomic_uint_least8_t;
        -:  419:typedef atomic<int_least16_t>  atomic_int_least16_t;
        -:  420:typedef atomic<uint_least16_t> atomic_uint_least16_t;
        -:  421:typedef atomic<int_least32_t>  atomic_int_least32_t;
        -:  422:typedef atomic<uint_least32_t> atomic_uint_least32_t;
        -:  423:typedef atomic<int_least64_t>  atomic_int_least64_t;
        -:  424:typedef atomic<uint_least64_t> atomic_uint_least64_t;
        -:  425:
        -:  426:typedef atomic<int_fast8_t>   atomic_int_fast8_t;
        -:  427:typedef atomic<uint_fast8_t>  atomic_uint_fast8_t;
        -:  428:typedef atomic<int_fast16_t>  atomic_int_fast16_t;
        -:  429:typedef atomic<uint_fast16_t> atomic_uint_fast16_t;
        -:  430:typedef atomic<int_fast32_t>  atomic_int_fast32_t;
        -:  431:typedef atomic<uint_fast32_t> atomic_uint_fast32_t;
        -:  432:typedef atomic<int_fast64_t>  atomic_int_fast64_t;
        -:  433:typedef atomic<uint_fast64_t> atomic_uint_fast64_t;
        -:  434:
        -:  435:typedef atomic<int8_t>   atomic_int8_t;
        -:  436:typedef atomic<uint8_t>  atomic_uint8_t;
        -:  437:typedef atomic<int16_t>  atomic_int16_t;
        -:  438:typedef atomic<uint16_t> atomic_uint16_t;
        -:  439:typedef atomic<int32_t>  atomic_int32_t;
        -:  440:typedef atomic<uint32_t> atomic_uint32_t;
        -:  441:typedef atomic<int64_t>  atomic_int64_t;
        -:  442:typedef atomic<uint64_t> atomic_uint64_t;
        -:  443:
        -:  444:typedef atomic<intptr_t>  atomic_intptr_t;
        -:  445:typedef atomic<uintptr_t> atomic_uintptr_t;
        -:  446:typedef atomic<size_t>    atomic_size_t;
        -:  447:typedef atomic<ptrdiff_t> atomic_ptrdiff_t;
        -:  448:typedef atomic<intmax_t>  atomic_intmax_t;
        -:  449:typedef atomic<uintmax_t> atomic_uintmax_t;
        -:  450:
        -:  451:// flag type and operations
        -:  452:
        -:  453:typedef struct atomic_flag
        -:  454:{
        -:  455:    atomic_flag() noexcept = default; // until C++20
        -:  456:    constexpr atomic_flag() noexcept; // since C++20
        -:  457:    atomic_flag(const atomic_flag&) = delete;
        -:  458:    atomic_flag& operator=(const atomic_flag&) = delete;
        -:  459:    atomic_flag& operator=(const atomic_flag&) volatile = delete;
        -:  460:
        -:  461:    bool test(memory_order m = memory_order_seq_cst) volatile noexcept;
        -:  462:    bool test(memory_order m = memory_order_seq_cst) noexcept;
        -:  463:    bool test_and_set(memory_order m = memory_order_seq_cst) volatile noexcept;
        -:  464:    bool test_and_set(memory_order m = memory_order_seq_cst) noexcept;
        -:  465:    void clear(memory_order m = memory_order_seq_cst) volatile noexcept;
        -:  466:    void clear(memory_order m = memory_order_seq_cst) noexcept;
        -:  467:
        -:  468:    void wait(bool, memory_order = memory_order::seq_cst) const volatile noexcept;
        -:  469:    void wait(bool, memory_order = memory_order::seq_cst) const noexcept;
        -:  470:    void notify_one() volatile noexcept;
        -:  471:    void notify_one() noexcept;
        -:  472:    void notify_all() volatile noexcept;
        -:  473:    void notify_all() noexcept;
        -:  474:} atomic_flag;
        -:  475:
        -:  476:bool atomic_flag_test(volatile atomic_flag* obj) noexcept;
        -:  477:bool atomic_flag_test(atomic_flag* obj) noexcept;
        -:  478:bool atomic_flag_test_explicit(volatile atomic_flag* obj,
        -:  479:                               memory_order m) noexcept;
        -:  480:bool atomic_flag_test_explicit(atomic_flag* obj, memory_order m) noexcept;
        -:  481:bool atomic_flag_test_and_set(volatile atomic_flag* obj) noexcept;
        -:  482:bool atomic_flag_test_and_set(atomic_flag* obj) noexcept;
        -:  483:bool atomic_flag_test_and_set_explicit(volatile atomic_flag* obj,
        -:  484:                                       memory_order m) noexcept;
        -:  485:bool atomic_flag_test_and_set_explicit(atomic_flag* obj, memory_order m) noexcept;
        -:  486:void atomic_flag_clear(volatile atomic_flag* obj) noexcept;
        -:  487:void atomic_flag_clear(atomic_flag* obj) noexcept;
        -:  488:void atomic_flag_clear_explicit(volatile atomic_flag* obj, memory_order m) noexcept;
        -:  489:void atomic_flag_clear_explicit(atomic_flag* obj, memory_order m) noexcept;
        -:  490:
        -:  491:void atomic_wait(const volatile atomic_flag* obj, T old) noexcept;
        -:  492:void atomic_wait(const atomic_flag* obj, T old) noexcept;
        -:  493:void atomic_wait_explicit(const volatile atomic_flag* obj, T old, memory_order m) noexcept;
        -:  494:void atomic_wait_explicit(const atomic_flag* obj, T old, memory_order m) noexcept;
        -:  495:void atomic_one(volatile atomic_flag* obj) noexcept;
        -:  496:void atomic_one(atomic_flag* obj) noexcept;
        -:  497:void atomic_all(volatile atomic_flag* obj) noexcept;
        -:  498:void atomic_all(atomic_flag* obj) noexcept;
        -:  499:
        -:  500:// fences
        -:  501:
        -:  502:void atomic_thread_fence(memory_order m) noexcept;
        -:  503:void atomic_signal_fence(memory_order m) noexcept;
        -:  504:
        -:  505:// deprecated
        -:  506:
        -:  507:template <class T>
        -:  508:  void atomic_init(volatile atomic<T>* obj, atomic<T>::value_type desr) noexcept;
        -:  509:
        -:  510:template <class T>
        -:  511:  void atomic_init(atomic<T>* obj, atomic<T>::value_type desr) noexcept;
        -:  512:
        -:  513:#define ATOMIC_VAR_INIT(value) see below
        -:  514:
        -:  515:#define ATOMIC_FLAG_INIT see below
        -:  516:
        -:  517:}  // std
        -:  518:
        -:  519:*/
        -:  520:
        -:  521:#include <__assert> // all public C++ headers provide the assertion handler
        -:  522:#include <__availability>
        -:  523:#include <__chrono/duration.h>
        -:  524:#include <__config>
        -:  525:#include <__thread/poll_with_backoff.h>
        -:  526:#include <__thread/timed_backoff_policy.h>
        -:  527:#include <cstddef>
        -:  528:#include <cstdint>
        -:  529:#include <cstring>
        -:  530:#include <type_traits>
        -:  531:#include <version>
        -:  532:
        -:  533:#ifndef _LIBCPP_HAS_NO_THREADS
        -:  534:# include <__threading_support>
        -:  535:#endif
        -:  536:
        -:  537:#ifndef _LIBCPP_REMOVE_TRANSITIVE_INCLUDES
        -:  538:#  include <chrono>
        -:  539:#endif
        -:  540:
        -:  541:#if !defined(_LIBCPP_HAS_NO_PRAGMA_SYSTEM_HEADER)
        -:  542:#  pragma GCC system_header
        -:  543:#endif
        -:  544:
        -:  545:#ifdef _LIBCPP_HAS_NO_ATOMIC_HEADER
        -:  546:# error <atomic> is not implemented
        -:  547:#endif
        -:  548:#ifdef kill_dependency
        -:  549:# error <atomic> is incompatible with <stdatomic.h> before C++23. Please compile with -std=c++23.
        -:  550:#endif
        -:  551:
        -:  552:#define _LIBCPP_CHECK_STORE_MEMORY_ORDER(__m) \
        -:  553:  _LIBCPP_DIAGNOSE_WARNING(__m == memory_order_consume || \
        -:  554:                           __m == memory_order_acquire || \
        -:  555:                           __m == memory_order_acq_rel,   \
        -:  556:                        "memory order argument to atomic operation is invalid")
        -:  557:
        -:  558:#define _LIBCPP_CHECK_LOAD_MEMORY_ORDER(__m) \
        -:  559:  _LIBCPP_DIAGNOSE_WARNING(__m == memory_order_release || \
        -:  560:                           __m == memory_order_acq_rel,   \
        -:  561:                        "memory order argument to atomic operation is invalid")
        -:  562:
        -:  563:#define _LIBCPP_CHECK_EXCHANGE_MEMORY_ORDER(__m, __f) \
        -:  564:  _LIBCPP_DIAGNOSE_WARNING(__f == memory_order_release || \
        -:  565:                           __f == memory_order_acq_rel,   \
        -:  566:                        "memory order argument to atomic operation is invalid")
        -:  567:
        -:  568:_LIBCPP_BEGIN_NAMESPACE_STD
        -:  569:
        -:  570:// Figure out what the underlying type for `memory_order` would be if it were
        -:  571:// declared as an unscoped enum (accounting for -fshort-enums). Use this result
        -:  572:// to pin the underlying type in C++20.
        -:  573:enum __legacy_memory_order {
        -:  574:    __mo_relaxed,
        -:  575:    __mo_consume,
        -:  576:    __mo_acquire,
        -:  577:    __mo_release,
        -:  578:    __mo_acq_rel,
        -:  579:    __mo_seq_cst
        -:  580:};
        -:  581:
        -:  582:typedef underlying_type<__legacy_memory_order>::type __memory_order_underlying_t;
        -:  583:
        -:  584:#if _LIBCPP_STD_VER > 17
        -:  585:
        -:  586:enum class memory_order : __memory_order_underlying_t {
        -:  587:  relaxed = __mo_relaxed,
        -:  588:  consume = __mo_consume,
        -:  589:  acquire = __mo_acquire,
        -:  590:  release = __mo_release,
        -:  591:  acq_rel = __mo_acq_rel,
        -:  592:  seq_cst = __mo_seq_cst
        -:  593:};
        -:  594:
        -:  595:inline constexpr auto memory_order_relaxed = memory_order::relaxed;
        -:  596:inline constexpr auto memory_order_consume = memory_order::consume;
        -:  597:inline constexpr auto memory_order_acquire = memory_order::acquire;
        -:  598:inline constexpr auto memory_order_release = memory_order::release;
        -:  599:inline constexpr auto memory_order_acq_rel = memory_order::acq_rel;
        -:  600:inline constexpr auto memory_order_seq_cst = memory_order::seq_cst;
        -:  601:
        -:  602:#else
        -:  603:
        -:  604:typedef enum memory_order {
        -:  605:  memory_order_relaxed = __mo_relaxed,
        -:  606:  memory_order_consume = __mo_consume,
        -:  607:  memory_order_acquire = __mo_acquire,
        -:  608:  memory_order_release = __mo_release,
        -:  609:  memory_order_acq_rel = __mo_acq_rel,
        -:  610:  memory_order_seq_cst = __mo_seq_cst,
        -:  611:} memory_order;
        -:  612:
        -:  613:#endif // _LIBCPP_STD_VER > 17
        -:  614:
        -:  615:template <typename _Tp> _LIBCPP_INLINE_VISIBILITY
        -:  616:bool __cxx_nonatomic_compare_equal(_Tp const& __lhs, _Tp const& __rhs) {
        -:  617:    return _VSTD::memcmp(&__lhs, &__rhs, sizeof(_Tp)) == 0;
        -:  618:}
        -:  619:
        -:  620:static_assert((is_same<underlying_type<memory_order>::type, __memory_order_underlying_t>::value),
        -:  621:  "unexpected underlying type for std::memory_order");
        -:  622:
        -:  623:#if defined(_LIBCPP_HAS_GCC_ATOMIC_IMP) || \
        -:  624:    defined(_LIBCPP_ATOMIC_ONLY_USE_BUILTINS)
        -:  625:
        -:  626:// [atomics.types.generic]p1 guarantees _Tp is trivially copyable. Because
        -:  627:// the default operator= in an object is not volatile, a byte-by-byte copy
        -:  628:// is required.
        -:  629:template <typename _Tp, typename _Tv> _LIBCPP_INLINE_VISIBILITY
        -:  630:typename enable_if<is_assignable<_Tp&, _Tv>::value>::type
        -:  631:__cxx_atomic_assign_volatile(_Tp& __a_value, _Tv const& __val) {
        -:  632:  __a_value = __val;
        -:  633:}
        -:  634:template <typename _Tp, typename _Tv> _LIBCPP_INLINE_VISIBILITY
        -:  635:typename enable_if<is_assignable<_Tp&, _Tv>::value>::type
        -:  636:__cxx_atomic_assign_volatile(_Tp volatile& __a_value, _Tv volatile const& __val) {
        -:  637:  volatile char* __to = reinterpret_cast<volatile char*>(&__a_value);
        -:  638:  volatile char* __end = __to + sizeof(_Tp);
        -:  639:  volatile const char* __from = reinterpret_cast<volatile const char*>(&__val);
        -:  640:  while (__to != __end)
        -:  641:    *__to++ = *__from++;
        -:  642:}
        -:  643:
        -:  644:#endif
        -:  645:
        -:  646:#if defined(_LIBCPP_HAS_GCC_ATOMIC_IMP)
        -:  647:
        -:  648:template <typename _Tp>
        -:  649:struct __cxx_atomic_base_impl {
        -:  650:
        -:  651:  _LIBCPP_INLINE_VISIBILITY
        -:  652:#ifndef _LIBCPP_CXX03_LANG
        -:  653:    __cxx_atomic_base_impl() _NOEXCEPT = default;
        -:  654:#else
        -:  655:    __cxx_atomic_base_impl() _NOEXCEPT : __a_value() {}
        -:  656:#endif // _LIBCPP_CXX03_LANG
        -:  657:  _LIBCPP_CONSTEXPR explicit __cxx_atomic_base_impl(_Tp value) _NOEXCEPT
        -:  658:    : __a_value(value) {}
        -:  659:  _Tp __a_value;
        -:  660:};
        -:  661:
        -:  662:_LIBCPP_INLINE_VISIBILITY inline _LIBCPP_CONSTEXPR int __to_gcc_order(memory_order __order) {
        -:  663:  // Avoid switch statement to make this a constexpr.
        -:  664:  return __order == memory_order_relaxed ? __ATOMIC_RELAXED:
        -:  665:         (__order == memory_order_acquire ? __ATOMIC_ACQUIRE:
        -:  666:          (__order == memory_order_release ? __ATOMIC_RELEASE:
        -:  667:           (__order == memory_order_seq_cst ? __ATOMIC_SEQ_CST:
        -:  668:            (__order == memory_order_acq_rel ? __ATOMIC_ACQ_REL:
        -:  669:              __ATOMIC_CONSUME))));
        -:  670:}
        -:  671:
        -:  672:_LIBCPP_INLINE_VISIBILITY inline _LIBCPP_CONSTEXPR int __to_gcc_failure_order(memory_order __order) {
        -:  673:  // Avoid switch statement to make this a constexpr.
        -:  674:  return __order == memory_order_relaxed ? __ATOMIC_RELAXED:
        -:  675:         (__order == memory_order_acquire ? __ATOMIC_ACQUIRE:
        -:  676:          (__order == memory_order_release ? __ATOMIC_RELAXED:
        -:  677:           (__order == memory_order_seq_cst ? __ATOMIC_SEQ_CST:
        -:  678:            (__order == memory_order_acq_rel ? __ATOMIC_ACQUIRE:
        -:  679:              __ATOMIC_CONSUME))));
        -:  680:}
        -:  681:
        -:  682:template <typename _Tp>
        -:  683:_LIBCPP_INLINE_VISIBILITY
        -:  684:void __cxx_atomic_init(volatile __cxx_atomic_base_impl<_Tp>* __a,  _Tp __val) {
        -:  685:  __cxx_atomic_assign_volatile(__a->__a_value, __val);
        -:  686:}
        -:  687:
        -:  688:template <typename _Tp>
        -:  689:_LIBCPP_INLINE_VISIBILITY
        -:  690:void __cxx_atomic_init(__cxx_atomic_base_impl<_Tp>* __a,  _Tp __val) {
        -:  691:  __a->__a_value = __val;
        -:  692:}
        -:  693:
        -:  694:_LIBCPP_INLINE_VISIBILITY inline
        -:  695:void __cxx_atomic_thread_fence(memory_order __order) {
        -:  696:  __atomic_thread_fence(__to_gcc_order(__order));
        -:  697:}
        -:  698:
        -:  699:_LIBCPP_INLINE_VISIBILITY inline
        -:  700:void __cxx_atomic_signal_fence(memory_order __order) {
        -:  701:  __atomic_signal_fence(__to_gcc_order(__order));
        -:  702:}
        -:  703:
        -:  704:template <typename _Tp>
        -:  705:_LIBCPP_INLINE_VISIBILITY
        -:  706:void __cxx_atomic_store(volatile __cxx_atomic_base_impl<_Tp>* __a,  _Tp __val,
        -:  707:                        memory_order __order) {
        -:  708:  __atomic_store(&__a->__a_value, &__val,
        -:  709:                 __to_gcc_order(__order));
        -:  710:}
        -:  711:
        -:  712:template <typename _Tp>
        -:  713:_LIBCPP_INLINE_VISIBILITY
        -:  714:void __cxx_atomic_store(__cxx_atomic_base_impl<_Tp>* __a,  _Tp __val,
        -:  715:                        memory_order __order) {
        -:  716:  __atomic_store(&__a->__a_value, &__val,
        -:  717:                 __to_gcc_order(__order));
        -:  718:}
        -:  719:
        -:  720:template <typename _Tp>
        -:  721:_LIBCPP_INLINE_VISIBILITY
        -:  722:_Tp __cxx_atomic_load(const volatile __cxx_atomic_base_impl<_Tp>* __a,
        -:  723:                      memory_order __order) {
        -:  724:  _Tp __ret;
        -:  725:  __atomic_load(&__a->__a_value, &__ret,
        -:  726:                __to_gcc_order(__order));
        -:  727:  return __ret;
        -:  728:}
        -:  729:
        -:  730:template <typename _Tp>
        -:  731:_LIBCPP_INLINE_VISIBILITY
        -:  732:_Tp __cxx_atomic_load(const __cxx_atomic_base_impl<_Tp>* __a, memory_order __order) {
        -:  733:  _Tp __ret;
        -:  734:  __atomic_load(&__a->__a_value, &__ret,
        -:  735:                __to_gcc_order(__order));
        -:  736:  return __ret;
        -:  737:}
        -:  738:
        -:  739:template <typename _Tp>
        -:  740:_LIBCPP_INLINE_VISIBILITY
        -:  741:_Tp __cxx_atomic_exchange(volatile __cxx_atomic_base_impl<_Tp>* __a,
        -:  742:                          _Tp __value, memory_order __order) {
        -:  743:  _Tp __ret;
        -:  744:  __atomic_exchange(&__a->__a_value, &__value, &__ret,
        -:  745:                    __to_gcc_order(__order));
        -:  746:  return __ret;
        -:  747:}
        -:  748:
        -:  749:template <typename _Tp>
        -:  750:_LIBCPP_INLINE_VISIBILITY
        -:  751:_Tp __cxx_atomic_exchange(__cxx_atomic_base_impl<_Tp>* __a, _Tp __value,
        -:  752:                          memory_order __order) {
        -:  753:  _Tp __ret;
        -:  754:  __atomic_exchange(&__a->__a_value, &__value, &__ret,
        -:  755:                    __to_gcc_order(__order));
        -:  756:  return __ret;
        -:  757:}
        -:  758:
        -:  759:template <typename _Tp>
        -:  760:_LIBCPP_INLINE_VISIBILITY
        -:  761:bool __cxx_atomic_compare_exchange_strong(
        -:  762:    volatile __cxx_atomic_base_impl<_Tp>* __a, _Tp* __expected, _Tp __value,
        -:  763:    memory_order __success, memory_order __failure) {
        -:  764:  return __atomic_compare_exchange(&__a->__a_value, __expected, &__value,
        -:  765:                                   false,
        -:  766:                                   __to_gcc_order(__success),
        -:  767:                                   __to_gcc_failure_order(__failure));
        -:  768:}
        -:  769:
        -:  770:template <typename _Tp>
        -:  771:_LIBCPP_INLINE_VISIBILITY
        -:  772:bool __cxx_atomic_compare_exchange_strong(
        -:  773:    __cxx_atomic_base_impl<_Tp>* __a, _Tp* __expected, _Tp __value, memory_order __success,
        -:  774:    memory_order __failure) {
        -:  775:  return __atomic_compare_exchange(&__a->__a_value, __expected, &__value,
        -:  776:                                   false,
        -:  777:                                   __to_gcc_order(__success),
        -:  778:                                   __to_gcc_failure_order(__failure));
        -:  779:}
        -:  780:
        -:  781:template <typename _Tp>
        -:  782:_LIBCPP_INLINE_VISIBILITY
        -:  783:bool __cxx_atomic_compare_exchange_weak(
        -:  784:    volatile __cxx_atomic_base_impl<_Tp>* __a, _Tp* __expected, _Tp __value,
        -:  785:    memory_order __success, memory_order __failure) {
        -:  786:  return __atomic_compare_exchange(&__a->__a_value, __expected, &__value,
        -:  787:                                   true,
        -:  788:                                   __to_gcc_order(__success),
        -:  789:                                   __to_gcc_failure_order(__failure));
        -:  790:}
        -:  791:
        -:  792:template <typename _Tp>
        -:  793:_LIBCPP_INLINE_VISIBILITY
        -:  794:bool __cxx_atomic_compare_exchange_weak(
        -:  795:    __cxx_atomic_base_impl<_Tp>* __a, _Tp* __expected, _Tp __value, memory_order __success,
        -:  796:    memory_order __failure) {
        -:  797:  return __atomic_compare_exchange(&__a->__a_value, __expected, &__value,
        -:  798:                                   true,
        -:  799:                                   __to_gcc_order(__success),
        -:  800:                                   __to_gcc_failure_order(__failure));
        -:  801:}
        -:  802:
        -:  803:template <typename _Tp>
        -:  804:struct __skip_amt { enum {value = 1}; };
        -:  805:
        -:  806:template <typename _Tp>
        -:  807:struct __skip_amt<_Tp*> { enum {value = sizeof(_Tp)}; };
        -:  808:
        -:  809:// FIXME: Haven't figured out what the spec says about using arrays with
        -:  810:// atomic_fetch_add. Force a failure rather than creating bad behavior.
        -:  811:template <typename _Tp>
        -:  812:struct __skip_amt<_Tp[]> { };
        -:  813:template <typename _Tp, int n>
        -:  814:struct __skip_amt<_Tp[n]> { };
        -:  815:
        -:  816:template <typename _Tp, typename _Td>
        -:  817:_LIBCPP_INLINE_VISIBILITY
        -:  818:_Tp __cxx_atomic_fetch_add(volatile __cxx_atomic_base_impl<_Tp>* __a,
        -:  819:                           _Td __delta, memory_order __order) {
        -:  820:  return __atomic_fetch_add(&__a->__a_value, __delta * __skip_amt<_Tp>::value,
        -:  821:                            __to_gcc_order(__order));
        -:  822:}
        -:  823:
        -:  824:template <typename _Tp, typename _Td>
        -:  825:_LIBCPP_INLINE_VISIBILITY
        -:  826:_Tp __cxx_atomic_fetch_add(__cxx_atomic_base_impl<_Tp>* __a, _Td __delta,
        -:  827:                           memory_order __order) {
        -:  828:  return __atomic_fetch_add(&__a->__a_value, __delta * __skip_amt<_Tp>::value,
        -:  829:                            __to_gcc_order(__order));
        -:  830:}
        -:  831:
        -:  832:template <typename _Tp, typename _Td>
        -:  833:_LIBCPP_INLINE_VISIBILITY
        -:  834:_Tp __cxx_atomic_fetch_sub(volatile __cxx_atomic_base_impl<_Tp>* __a,
        -:  835:                           _Td __delta, memory_order __order) {
        -:  836:  return __atomic_fetch_sub(&__a->__a_value, __delta * __skip_amt<_Tp>::value,
        -:  837:                            __to_gcc_order(__order));
        -:  838:}
        -:  839:
        -:  840:template <typename _Tp, typename _Td>
        -:  841:_LIBCPP_INLINE_VISIBILITY
        -:  842:_Tp __cxx_atomic_fetch_sub(__cxx_atomic_base_impl<_Tp>* __a, _Td __delta,
        -:  843:                           memory_order __order) {
        -:  844:  return __atomic_fetch_sub(&__a->__a_value, __delta * __skip_amt<_Tp>::value,
        -:  845:                            __to_gcc_order(__order));
        -:  846:}
        -:  847:
        -:  848:template <typename _Tp>
        -:  849:_LIBCPP_INLINE_VISIBILITY
        -:  850:_Tp __cxx_atomic_fetch_and(volatile __cxx_atomic_base_impl<_Tp>* __a,
        -:  851:                           _Tp __pattern, memory_order __order) {
        -:  852:  return __atomic_fetch_and(&__a->__a_value, __pattern,
        -:  853:                            __to_gcc_order(__order));
        -:  854:}
        -:  855:
        -:  856:template <typename _Tp>
        -:  857:_LIBCPP_INLINE_VISIBILITY
        -:  858:_Tp __cxx_atomic_fetch_and(__cxx_atomic_base_impl<_Tp>* __a,
        -:  859:                           _Tp __pattern, memory_order __order) {
        -:  860:  return __atomic_fetch_and(&__a->__a_value, __pattern,
        -:  861:                            __to_gcc_order(__order));
        -:  862:}
        -:  863:
        -:  864:template <typename _Tp>
        -:  865:_LIBCPP_INLINE_VISIBILITY
        -:  866:_Tp __cxx_atomic_fetch_or(volatile __cxx_atomic_base_impl<_Tp>* __a,
        -:  867:                          _Tp __pattern, memory_order __order) {
        -:  868:  return __atomic_fetch_or(&__a->__a_value, __pattern,
        -:  869:                           __to_gcc_order(__order));
        -:  870:}
        -:  871:
        -:  872:template <typename _Tp>
        -:  873:_LIBCPP_INLINE_VISIBILITY
        -:  874:_Tp __cxx_atomic_fetch_or(__cxx_atomic_base_impl<_Tp>* __a, _Tp __pattern,
        -:  875:                          memory_order __order) {
        -:  876:  return __atomic_fetch_or(&__a->__a_value, __pattern,
        -:  877:                           __to_gcc_order(__order));
        -:  878:}
        -:  879:
        -:  880:template <typename _Tp>
        -:  881:_LIBCPP_INLINE_VISIBILITY
        -:  882:_Tp __cxx_atomic_fetch_xor(volatile __cxx_atomic_base_impl<_Tp>* __a,
        -:  883:                           _Tp __pattern, memory_order __order) {
        -:  884:  return __atomic_fetch_xor(&__a->__a_value, __pattern,
        -:  885:                            __to_gcc_order(__order));
        -:  886:}
        -:  887:
        -:  888:template <typename _Tp>
        -:  889:_LIBCPP_INLINE_VISIBILITY
        -:  890:_Tp __cxx_atomic_fetch_xor(__cxx_atomic_base_impl<_Tp>* __a, _Tp __pattern,
        -:  891:                           memory_order __order) {
        -:  892:  return __atomic_fetch_xor(&__a->__a_value, __pattern,
        -:  893:                            __to_gcc_order(__order));
        -:  894:}
        -:  895:
        -:  896:#define __cxx_atomic_is_lock_free(__s) __atomic_is_lock_free(__s, 0)
        -:  897:
        -:  898:#elif defined(_LIBCPP_HAS_C_ATOMIC_IMP)
        -:  899:
        -:  900:template <typename _Tp>
        -:  901:struct __cxx_atomic_base_impl {
        -:  902:
        -:  903:  _LIBCPP_INLINE_VISIBILITY
        -:  904:#ifndef _LIBCPP_CXX03_LANG
        -:  905:    __cxx_atomic_base_impl() _NOEXCEPT = default;
        -:  906:#else
        -:  907:    __cxx_atomic_base_impl() _NOEXCEPT : __a_value() {}
        -:  908:#endif // _LIBCPP_CXX03_LANG
function _ZNSt3__122__cxx_atomic_base_implIiEC2Ei called 64 returned 100% blocks executed 100%
function _ZNSt3__122__cxx_atomic_base_implIbEC2Eb called 1 returned 100% blocks executed 100%
       65:  909:  _LIBCPP_CONSTEXPR explicit __cxx_atomic_base_impl(_Tp __value) _NOEXCEPT
       65:  910:    : __a_value(__value) {}
       64:  910-block  0
        1:  910-block  1
        -:  911:  _LIBCPP_DISABLE_EXTENSION_WARNING _Atomic(_Tp) __a_value;
        -:  912:};
        -:  913:
        -:  914:#define __cxx_atomic_is_lock_free(__s) __c11_atomic_is_lock_free(__s)
        -:  915:
        -:  916:_LIBCPP_INLINE_VISIBILITY inline
        -:  917:void __cxx_atomic_thread_fence(memory_order __order) _NOEXCEPT {
        -:  918:    __c11_atomic_thread_fence(static_cast<__memory_order_underlying_t>(__order));
        -:  919:}
        -:  920:
        -:  921:_LIBCPP_INLINE_VISIBILITY inline
        -:  922:void __cxx_atomic_signal_fence(memory_order __order) _NOEXCEPT {
        -:  923:    __c11_atomic_signal_fence(static_cast<__memory_order_underlying_t>(__order));
        -:  924:}
        -:  925:
        -:  926:template<class _Tp>
        -:  927:_LIBCPP_INLINE_VISIBILITY
        -:  928:void __cxx_atomic_init(__cxx_atomic_base_impl<_Tp> volatile* __a, _Tp __val) _NOEXCEPT {
        -:  929:    __c11_atomic_init(&__a->__a_value, __val);
        -:  930:}
        -:  931:template<class _Tp>
        -:  932:_LIBCPP_INLINE_VISIBILITY
        -:  933:void __cxx_atomic_init(__cxx_atomic_base_impl<_Tp> * __a, _Tp __val) _NOEXCEPT {
        -:  934:    __c11_atomic_init(&__a->__a_value, __val);
        -:  935:}
        -:  936:
        -:  937:template<class _Tp>
        -:  938:_LIBCPP_INLINE_VISIBILITY
        -:  939:void __cxx_atomic_store(__cxx_atomic_base_impl<_Tp> volatile* __a, _Tp __val, memory_order __order) _NOEXCEPT {
        -:  940:    __c11_atomic_store(&__a->__a_value, __val, static_cast<__memory_order_underlying_t>(__order));
        -:  941:}
        -:  942:template<class _Tp>
        -:  943:_LIBCPP_INLINE_VISIBILITY
function _ZNSt3__118__cxx_atomic_storeB6v15006IbEEvPNS_22__cxx_atomic_base_implIT_EES2_NS_12memory_orderE called 5 returned 100% blocks executed 60%
function _ZNSt3__118__cxx_atomic_storeB6v15006IiEEvPNS_22__cxx_atomic_base_implIT_EES2_NS_12memory_orderE called 64 returned 100% blocks executed 60%
       69:  944:void __cxx_atomic_store(__cxx_atomic_base_impl<_Tp> * __a, _Tp __val, memory_order __order) _NOEXCEPT {
       69:  945:    __c11_atomic_store(&__a->__a_value, __val, static_cast<__memory_order_underlying_t>(__order));
        5:  945-block  0
branch  0 taken 5
branch  1 taken 0
branch  2 taken 0
    $$$$$:  945-block  1
    $$$$$:  945-block  2
        5:  945-block  3
       64:  945-block  4
branch  3 taken 64
branch  4 taken 0
branch  5 taken 0
    $$$$$:  945-block  5
    $$$$$:  945-block  6
       64:  945-block  7
       69:  946:}
        5:  946-block  0
       64:  946-block  1
        -:  947:
        -:  948:template<class _Tp>
        -:  949:_LIBCPP_INLINE_VISIBILITY
        -:  950:_Tp __cxx_atomic_load(__cxx_atomic_base_impl<_Tp> const volatile* __a, memory_order __order) _NOEXCEPT {
        -:  951:    using __ptr_type = typename remove_const<decltype(__a->__a_value)>::type*;
        -:  952:    return __c11_atomic_load(const_cast<__ptr_type>(&__a->__a_value), static_cast<__memory_order_underlying_t>(__order));
        -:  953:}
        -:  954:template<class _Tp>
        -:  955:_LIBCPP_INLINE_VISIBILITY
function _ZNSt3__117__cxx_atomic_loadB6v15006IiEET_PKNS_22__cxx_atomic_base_implIS1_EENS_12memory_orderE called 128 returned 100% blocks executed 50%
function _ZNSt3__117__cxx_atomic_loadB6v15006IbEET_PKNS_22__cxx_atomic_base_implIS1_EENS_12memory_orderE called 0 returned 0% blocks executed 0%
      128:  956:_Tp __cxx_atomic_load(__cxx_atomic_base_impl<_Tp> const* __a, memory_order __order) _NOEXCEPT {
        -:  957:    using __ptr_type = typename remove_const<decltype(__a->__a_value)>::type*;
      128:  958:    return __c11_atomic_load(const_cast<__ptr_type>(&__a->__a_value), static_cast<__memory_order_underlying_t>(__order));
      128:  958-block  0
branch  0 taken 0
branch  1 taken 0
branch  2 taken 128
    $$$$$:  958-block  1
    $$$$$:  958-block  2
    $$$$$:  958-block  3
      128:  958-block  4
      128:  958-block  5
    $$$$$:  958-block  6
branch  3 never executed
branch  4 never executed
branch  5 never executed
    $$$$$:  958-block  7
    $$$$$:  958-block  8
    $$$$$:  958-block  9
    $$$$$:  958-block 10
    $$$$$:  958-block 11
        -:  959:}
        -:  960:
        -:  961:template<class _Tp>
        -:  962:_LIBCPP_INLINE_VISIBILITY
        -:  963:_Tp __cxx_atomic_exchange(__cxx_atomic_base_impl<_Tp> volatile* __a, _Tp __value, memory_order __order) _NOEXCEPT {
        -:  964:    return __c11_atomic_exchange(&__a->__a_value, __value, static_cast<__memory_order_underlying_t>(__order));
        -:  965:}
        -:  966:template<class _Tp>
        -:  967:_LIBCPP_INLINE_VISIBILITY
        -:  968:_Tp __cxx_atomic_exchange(__cxx_atomic_base_impl<_Tp> * __a, _Tp __value, memory_order __order) _NOEXCEPT {
        -:  969:    return __c11_atomic_exchange(&__a->__a_value, __value, static_cast<__memory_order_underlying_t>(__order));
        -:  970:}
        -:  971:
        -:  972:_LIBCPP_INLINE_VISIBILITY inline _LIBCPP_CONSTEXPR memory_order __to_failure_order(memory_order __order) {
        -:  973:  // Avoid switch statement to make this a constexpr.
        -:  974:  return __order == memory_order_release ? memory_order_relaxed:
        -:  975:         (__order == memory_order_acq_rel ? memory_order_acquire:
        -:  976:             __order);
        -:  977:}
        -:  978:
        -:  979:template<class _Tp>
        -:  980:_LIBCPP_INLINE_VISIBILITY
        -:  981:bool __cxx_atomic_compare_exchange_strong(__cxx_atomic_base_impl<_Tp> volatile* __a, _Tp* __expected, _Tp __value, memory_order __success, memory_order __failure) _NOEXCEPT {
        -:  982:    return __c11_atomic_compare_exchange_strong(&__a->__a_value, __expected, __value, static_cast<__memory_order_underlying_t>(__success), static_cast<__memory_order_underlying_t>(__to_failure_order(__failure)));
        -:  983:}
        -:  984:template<class _Tp>
        -:  985:_LIBCPP_INLINE_VISIBILITY
        -:  986:bool __cxx_atomic_compare_exchange_strong(__cxx_atomic_base_impl<_Tp> * __a, _Tp* __expected, _Tp __value, memory_order __success, memory_order __failure) _NOEXCEPT {
        -:  987:    return __c11_atomic_compare_exchange_strong(&__a->__a_value, __expected, __value, static_cast<__memory_order_underlying_t>(__success), static_cast<__memory_order_underlying_t>(__to_failure_order(__failure)));
        -:  988:}
        -:  989:
        -:  990:template<class _Tp>
        -:  991:_LIBCPP_INLINE_VISIBILITY
        -:  992:bool __cxx_atomic_compare_exchange_weak(__cxx_atomic_base_impl<_Tp> volatile* __a, _Tp* __expected, _Tp __value, memory_order __success, memory_order __failure) _NOEXCEPT {
        -:  993:    return __c11_atomic_compare_exchange_weak(&__a->__a_value, __expected, __value, static_cast<__memory_order_underlying_t>(__success), static_cast<__memory_order_underlying_t>(__to_failure_order(__failure)));
        -:  994:}
        -:  995:template<class _Tp>
        -:  996:_LIBCPP_INLINE_VISIBILITY
        -:  997:bool __cxx_atomic_compare_exchange_weak(__cxx_atomic_base_impl<_Tp> * __a, _Tp* __expected, _Tp __value, memory_order __success, memory_order __failure) _NOEXCEPT {
        -:  998:    return __c11_atomic_compare_exchange_weak(&__a->__a_value, __expected, __value,  static_cast<__memory_order_underlying_t>(__success), static_cast<__memory_order_underlying_t>(__to_failure_order(__failure)));
        -:  999:}
        -: 1000:
        -: 1001:template<class _Tp>
        -: 1002:_LIBCPP_INLINE_VISIBILITY
        -: 1003:_Tp __cxx_atomic_fetch_add(__cxx_atomic_base_impl<_Tp> volatile* __a, _Tp __delta, memory_order __order) _NOEXCEPT {
        -: 1004:    return __c11_atomic_fetch_add(&__a->__a_value, __delta, static_cast<__memory_order_underlying_t>(__order));
        -: 1005:}
        -: 1006:template<class _Tp>
        -: 1007:_LIBCPP_INLINE_VISIBILITY
function _ZNSt3__122__cxx_atomic_fetch_addB6v15006ImEET_PNS_22__cxx_atomic_base_implIS1_EES1_NS_12memory_orderE called 1 returned 100% blocks executed 37%
function _ZNSt3__122__cxx_atomic_fetch_addB6v15006IiEET_PNS_22__cxx_atomic_base_implIS1_EES1_NS_12memory_orderE called 6 returned 100% blocks executed 37%
        7: 1008:_Tp __cxx_atomic_fetch_add(__cxx_atomic_base_impl<_Tp> * __a, _Tp __delta, memory_order __order) _NOEXCEPT {
        7: 1009:    return __c11_atomic_fetch_add(&__a->__a_value, __delta, static_cast<__memory_order_underlying_t>(__order));
        1: 1009-block  0
branch  0 taken 0
branch  1 taken 0
branch  2 taken 0
branch  3 taken 1
branch  4 taken 0
    $$$$$: 1009-block  1
    $$$$$: 1009-block  2
    $$$$$: 1009-block  3
    $$$$$: 1009-block  4
    $$$$$: 1009-block  5
        1: 1009-block  6
        1: 1009-block  7
        6: 1009-block  8
branch  5 taken 0
branch  6 taken 0
branch  7 taken 0
branch  8 taken 6
branch  9 taken 0
    $$$$$: 1009-block  9
    $$$$$: 1009-block 10
    $$$$$: 1009-block 11
    $$$$$: 1009-block 12
    $$$$$: 1009-block 13
        6: 1009-block 14
        6: 1009-block 15
        -: 1010:}
        -: 1011:
        -: 1012:template<class _Tp>
        -: 1013:_LIBCPP_INLINE_VISIBILITY
        -: 1014:_Tp* __cxx_atomic_fetch_add(__cxx_atomic_base_impl<_Tp*> volatile* __a, ptrdiff_t __delta, memory_order __order) _NOEXCEPT {
        -: 1015:    return __c11_atomic_fetch_add(&__a->__a_value, __delta, static_cast<__memory_order_underlying_t>(__order));
        -: 1016:}
        -: 1017:template<class _Tp>
        -: 1018:_LIBCPP_INLINE_VISIBILITY
        -: 1019:_Tp* __cxx_atomic_fetch_add(__cxx_atomic_base_impl<_Tp*> * __a, ptrdiff_t __delta, memory_order __order) _NOEXCEPT {
        -: 1020:    return __c11_atomic_fetch_add(&__a->__a_value, __delta, static_cast<__memory_order_underlying_t>(__order));
        -: 1021:}
        -: 1022:
        -: 1023:template<class _Tp>
        -: 1024:_LIBCPP_INLINE_VISIBILITY
        -: 1025:_Tp __cxx_atomic_fetch_sub(__cxx_atomic_base_impl<_Tp> volatile* __a, _Tp __delta, memory_order __order) _NOEXCEPT {
        -: 1026:    return __c11_atomic_fetch_sub(&__a->__a_value, __delta, static_cast<__memory_order_underlying_t>(__order));
        -: 1027:}
        -: 1028:template<class _Tp>
        -: 1029:_LIBCPP_INLINE_VISIBILITY
        -: 1030:_Tp __cxx_atomic_fetch_sub(__cxx_atomic_base_impl<_Tp> * __a, _Tp __delta, memory_order __order) _NOEXCEPT {
        -: 1031:    return __c11_atomic_fetch_sub(&__a->__a_value, __delta, static_cast<__memory_order_underlying_t>(__order));
        -: 1032:}
        -: 1033:template<class _Tp>
        -: 1034:_LIBCPP_INLINE_VISIBILITY
        -: 1035:_Tp* __cxx_atomic_fetch_sub(__cxx_atomic_base_impl<_Tp*> volatile* __a, ptrdiff_t __delta, memory_order __order) _NOEXCEPT {
        -: 1036:    return __c11_atomic_fetch_sub(&__a->__a_value, __delta, static_cast<__memory_order_underlying_t>(__order));
        -: 1037:}
        -: 1038:template<class _Tp>
        -: 1039:_LIBCPP_INLINE_VISIBILITY
        -: 1040:_Tp* __cxx_atomic_fetch_sub(__cxx_atomic_base_impl<_Tp*> * __a, ptrdiff_t __delta, memory_order __order) _NOEXCEPT {
        -: 1041:    return __c11_atomic_fetch_sub(&__a->__a_value, __delta, static_cast<__memory_order_underlying_t>(__order));
        -: 1042:}
        -: 1043:
        -: 1044:template<class _Tp>
        -: 1045:_LIBCPP_INLINE_VISIBILITY
        -: 1046:_Tp __cxx_atomic_fetch_and(__cxx_atomic_base_impl<_Tp> volatile* __a, _Tp __pattern, memory_order __order) _NOEXCEPT {
        -: 1047:    return __c11_atomic_fetch_and(&__a->__a_value, __pattern, static_cast<__memory_order_underlying_t>(__order));
        -: 1048:}
        -: 1049:template<class _Tp>
        -: 1050:_LIBCPP_INLINE_VISIBILITY
        -: 1051:_Tp __cxx_atomic_fetch_and(__cxx_atomic_base_impl<_Tp> * __a, _Tp __pattern, memory_order __order) _NOEXCEPT {
        -: 1052:    return __c11_atomic_fetch_and(&__a->__a_value, __pattern, static_cast<__memory_order_underlying_t>(__order));
        -: 1053:}
        -: 1054:
        -: 1055:template<class _Tp>
        -: 1056:_LIBCPP_INLINE_VISIBILITY
        -: 1057:_Tp __cxx_atomic_fetch_or(__cxx_atomic_base_impl<_Tp> volatile* __a, _Tp __pattern, memory_order __order) _NOEXCEPT {
        -: 1058:    return __c11_atomic_fetch_or(&__a->__a_value, __pattern, static_cast<__memory_order_underlying_t>(__order));
        -: 1059:}
        -: 1060:template<class _Tp>
        -: 1061:_LIBCPP_INLINE_VISIBILITY
        -: 1062:_Tp __cxx_atomic_fetch_or(__cxx_atomic_base_impl<_Tp> * __a, _Tp __pattern, memory_order __order) _NOEXCEPT {
        -: 1063:    return __c11_atomic_fetch_or(&__a->__a_value, __pattern, static_cast<__memory_order_underlying_t>(__order));
        -: 1064:}
        -: 1065:
        -: 1066:template<class _Tp>
        -: 1067:_LIBCPP_INLINE_VISIBILITY
        -: 1068:_Tp __cxx_atomic_fetch_xor(__cxx_atomic_base_impl<_Tp> volatile* __a, _Tp __pattern, memory_order __order) _NOEXCEPT {
        -: 1069:    return __c11_atomic_fetch_xor(&__a->__a_value, __pattern, static_cast<__memory_order_underlying_t>(__order));
        -: 1070:}
        -: 1071:template<class _Tp>
        -: 1072:_LIBCPP_INLINE_VISIBILITY
        -: 1073:_Tp __cxx_atomic_fetch_xor(__cxx_atomic_base_impl<_Tp> * __a, _Tp __pattern, memory_order __order) _NOEXCEPT {
        -: 1074:    return __c11_atomic_fetch_xor(&__a->__a_value, __pattern, static_cast<__memory_order_underlying_t>(__order));
        -: 1075:}
        -: 1076:
        -: 1077:#endif // _LIBCPP_HAS_GCC_ATOMIC_IMP, _LIBCPP_HAS_C_ATOMIC_IMP
        -: 1078:
        -: 1079:template <class _Tp>
        -: 1080:_LIBCPP_INLINE_VISIBILITY
        -: 1081:_Tp kill_dependency(_Tp __y) _NOEXCEPT
        -: 1082:{
        -: 1083:    return __y;
        -: 1084:}
        -: 1085:
        -: 1086:#if defined(__CLANG_ATOMIC_BOOL_LOCK_FREE)
        -: 1087:# define ATOMIC_BOOL_LOCK_FREE      __CLANG_ATOMIC_BOOL_LOCK_FREE
        -: 1088:# define ATOMIC_CHAR_LOCK_FREE      __CLANG_ATOMIC_CHAR_LOCK_FREE
        -: 1089:#ifndef _LIBCPP_HAS_NO_CHAR8_T
        -: 1090:# define ATOMIC_CHAR8_T_LOCK_FREE   __CLANG_ATOMIC_CHAR8_T_LOCK_FREE
        -: 1091:#endif
        -: 1092:# define ATOMIC_CHAR16_T_LOCK_FREE  __CLANG_ATOMIC_CHAR16_T_LOCK_FREE
        -: 1093:# define ATOMIC_CHAR32_T_LOCK_FREE  __CLANG_ATOMIC_CHAR32_T_LOCK_FREE
        -: 1094:# define ATOMIC_WCHAR_T_LOCK_FREE   __CLANG_ATOMIC_WCHAR_T_LOCK_FREE
        -: 1095:# define ATOMIC_SHORT_LOCK_FREE     __CLANG_ATOMIC_SHORT_LOCK_FREE
        -: 1096:# define ATOMIC_INT_LOCK_FREE       __CLANG_ATOMIC_INT_LOCK_FREE
        -: 1097:# define ATOMIC_LONG_LOCK_FREE      __CLANG_ATOMIC_LONG_LOCK_FREE
        -: 1098:# define ATOMIC_LLONG_LOCK_FREE     __CLANG_ATOMIC_LLONG_LOCK_FREE
        -: 1099:# define ATOMIC_POINTER_LOCK_FREE   __CLANG_ATOMIC_POINTER_LOCK_FREE
        -: 1100:#elif defined(__GCC_ATOMIC_BOOL_LOCK_FREE)
        -: 1101:# define ATOMIC_BOOL_LOCK_FREE      __GCC_ATOMIC_BOOL_LOCK_FREE
        -: 1102:# define ATOMIC_CHAR_LOCK_FREE      __GCC_ATOMIC_CHAR_LOCK_FREE
        -: 1103:#ifndef _LIBCPP_HAS_NO_CHAR8_T
        -: 1104:# define ATOMIC_CHAR8_T_LOCK_FREE   __GCC_ATOMIC_CHAR8_T_LOCK_FREE
        -: 1105:#endif
        -: 1106:# define ATOMIC_CHAR16_T_LOCK_FREE  __GCC_ATOMIC_CHAR16_T_LOCK_FREE
        -: 1107:# define ATOMIC_CHAR32_T_LOCK_FREE  __GCC_ATOMIC_CHAR32_T_LOCK_FREE
        -: 1108:# define ATOMIC_WCHAR_T_LOCK_FREE   __GCC_ATOMIC_WCHAR_T_LOCK_FREE
        -: 1109:# define ATOMIC_SHORT_LOCK_FREE     __GCC_ATOMIC_SHORT_LOCK_FREE
        -: 1110:# define ATOMIC_INT_LOCK_FREE       __GCC_ATOMIC_INT_LOCK_FREE
        -: 1111:# define ATOMIC_LONG_LOCK_FREE      __GCC_ATOMIC_LONG_LOCK_FREE
        -: 1112:# define ATOMIC_LLONG_LOCK_FREE     __GCC_ATOMIC_LLONG_LOCK_FREE
        -: 1113:# define ATOMIC_POINTER_LOCK_FREE   __GCC_ATOMIC_POINTER_LOCK_FREE
        -: 1114:#endif
        -: 1115:
        -: 1116:template <class _Tp>
        -: 1117:struct __libcpp_is_always_lock_free {
        -: 1118:  // __atomic_always_lock_free is available in all Standard modes
        -: 1119:  static const bool __value = __atomic_always_lock_free(sizeof(_Tp), 0);
        -: 1120:};
        -: 1121:
        -: 1122:#ifdef _LIBCPP_ATOMIC_ONLY_USE_BUILTINS
        -: 1123:
        -: 1124:template<typename _Tp>
        -: 1125:struct __cxx_atomic_lock_impl {
        -: 1126:
        -: 1127:  _LIBCPP_INLINE_VISIBILITY
        -: 1128:  __cxx_atomic_lock_impl() _NOEXCEPT
        -: 1129:    : __a_value(), __a_lock(0) {}
        -: 1130:  _LIBCPP_INLINE_VISIBILITY _LIBCPP_CONSTEXPR explicit
        -: 1131:  __cxx_atomic_lock_impl(_Tp value) _NOEXCEPT
        -: 1132:    : __a_value(value), __a_lock(0) {}
        -: 1133:
        -: 1134:  _Tp __a_value;
        -: 1135:  mutable __cxx_atomic_base_impl<_LIBCPP_ATOMIC_FLAG_TYPE> __a_lock;
        -: 1136:
        -: 1137:  _LIBCPP_INLINE_VISIBILITY void __lock() const volatile {
        -: 1138:    while(1 == __cxx_atomic_exchange(&__a_lock, _LIBCPP_ATOMIC_FLAG_TYPE(true), memory_order_acquire))
        -: 1139:        /*spin*/;
        -: 1140:  }
        -: 1141:  _LIBCPP_INLINE_VISIBILITY void __lock() const {
        -: 1142:    while(1 == __cxx_atomic_exchange(&__a_lock, _LIBCPP_ATOMIC_FLAG_TYPE(true), memory_order_acquire))
        -: 1143:        /*spin*/;
        -: 1144:  }
        -: 1145:  _LIBCPP_INLINE_VISIBILITY void __unlock() const volatile {
        -: 1146:    __cxx_atomic_store(&__a_lock, _LIBCPP_ATOMIC_FLAG_TYPE(false), memory_order_release);
        -: 1147:  }
        -: 1148:  _LIBCPP_INLINE_VISIBILITY void __unlock() const {
        -: 1149:    __cxx_atomic_store(&__a_lock, _LIBCPP_ATOMIC_FLAG_TYPE(false), memory_order_release);
        -: 1150:  }
        -: 1151:  _LIBCPP_INLINE_VISIBILITY _Tp __read() const volatile {
        -: 1152:    __lock();
        -: 1153:    _Tp __old;
        -: 1154:    __cxx_atomic_assign_volatile(__old, __a_value);
        -: 1155:    __unlock();
        -: 1156:    return __old;
        -: 1157:  }
        -: 1158:  _LIBCPP_INLINE_VISIBILITY _Tp __read() const {
        -: 1159:    __lock();
        -: 1160:    _Tp __old = __a_value;
        -: 1161:    __unlock();
        -: 1162:    return __old;
        -: 1163:  }
        -: 1164:};
        -: 1165:
        -: 1166:template <typename _Tp>
        -: 1167:_LIBCPP_INLINE_VISIBILITY
        -: 1168:void __cxx_atomic_init(volatile __cxx_atomic_lock_impl<_Tp>* __a,  _Tp __val) {
        -: 1169:  __cxx_atomic_assign_volatile(__a->__a_value, __val);
        -: 1170:}
        -: 1171:template <typename _Tp>
        -: 1172:_LIBCPP_INLINE_VISIBILITY
        -: 1173:void __cxx_atomic_init(__cxx_atomic_lock_impl<_Tp>* __a,  _Tp __val) {
        -: 1174:  __a->__a_value = __val;
        -: 1175:}
        -: 1176:
        -: 1177:template <typename _Tp>
        -: 1178:_LIBCPP_INLINE_VISIBILITY
        -: 1179:void __cxx_atomic_store(volatile __cxx_atomic_lock_impl<_Tp>* __a,  _Tp __val, memory_order) {
        -: 1180:  __a->__lock();
        -: 1181:  __cxx_atomic_assign_volatile(__a->__a_value, __val);
        -: 1182:  __a->__unlock();
        -: 1183:}
        -: 1184:template <typename _Tp>
        -: 1185:_LIBCPP_INLINE_VISIBILITY
        -: 1186:void __cxx_atomic_store(__cxx_atomic_lock_impl<_Tp>* __a,  _Tp __val, memory_order) {
        -: 1187:  __a->__lock();
        -: 1188:  __a->__a_value = __val;
        -: 1189:  __a->__unlock();
        -: 1190:}
        -: 1191:
        -: 1192:template <typename _Tp>
        -: 1193:_LIBCPP_INLINE_VISIBILITY
        -: 1194:_Tp __cxx_atomic_load(const volatile __cxx_atomic_lock_impl<_Tp>* __a, memory_order) {
        -: 1195:  return __a->__read();
        -: 1196:}
        -: 1197:template <typename _Tp>
        -: 1198:_LIBCPP_INLINE_VISIBILITY
        -: 1199:_Tp __cxx_atomic_load(const __cxx_atomic_lock_impl<_Tp>* __a, memory_order) {
        -: 1200:  return __a->__read();
        -: 1201:}
        -: 1202:
        -: 1203:template <typename _Tp>
        -: 1204:_LIBCPP_INLINE_VISIBILITY
        -: 1205:_Tp __cxx_atomic_exchange(volatile __cxx_atomic_lock_impl<_Tp>* __a, _Tp __value, memory_order) {
        -: 1206:  __a->__lock();
        -: 1207:  _Tp __old;
        -: 1208:  __cxx_atomic_assign_volatile(__old, __a->__a_value);
        -: 1209:  __cxx_atomic_assign_volatile(__a->__a_value, __value);
        -: 1210:  __a->__unlock();
        -: 1211:  return __old;
        -: 1212:}
        -: 1213:template <typename _Tp>
        -: 1214:_LIBCPP_INLINE_VISIBILITY
        -: 1215:_Tp __cxx_atomic_exchange(__cxx_atomic_lock_impl<_Tp>* __a, _Tp __value, memory_order) {
        -: 1216:  __a->__lock();
        -: 1217:  _Tp __old = __a->__a_value;
        -: 1218:  __a->__a_value = __value;
        -: 1219:  __a->__unlock();
        -: 1220:  return __old;
        -: 1221:}
        -: 1222:
        -: 1223:template <typename _Tp>
        -: 1224:_LIBCPP_INLINE_VISIBILITY
        -: 1225:bool __cxx_atomic_compare_exchange_strong(volatile __cxx_atomic_lock_impl<_Tp>* __a,
        -: 1226:                                          _Tp* __expected, _Tp __value, memory_order, memory_order) {
        -: 1227:  _Tp __temp;
        -: 1228:  __a->__lock();
        -: 1229:  __cxx_atomic_assign_volatile(__temp, __a->__a_value);
        -: 1230:  bool __ret = (_VSTD::memcmp(&__temp, __expected, sizeof(_Tp)) == 0);
        -: 1231:  if(__ret)
        -: 1232:    __cxx_atomic_assign_volatile(__a->__a_value, __value);
        -: 1233:  else
        -: 1234:    __cxx_atomic_assign_volatile(*__expected, __a->__a_value);
        -: 1235:  __a->__unlock();
        -: 1236:  return __ret;
        -: 1237:}
        -: 1238:template <typename _Tp>
        -: 1239:_LIBCPP_INLINE_VISIBILITY
        -: 1240:bool __cxx_atomic_compare_exchange_strong(__cxx_atomic_lock_impl<_Tp>* __a,
        -: 1241:                                          _Tp* __expected, _Tp __value, memory_order, memory_order) {
        -: 1242:  __a->__lock();
        -: 1243:  bool __ret = (_VSTD::memcmp(&__a->__a_value, __expected, sizeof(_Tp)) == 0);
        -: 1244:  if(__ret)
        -: 1245:    _VSTD::memcpy(&__a->__a_value, &__value, sizeof(_Tp));
        -: 1246:  else
        -: 1247:    _VSTD::memcpy(__expected, &__a->__a_value, sizeof(_Tp));
        -: 1248:  __a->__unlock();
        -: 1249:  return __ret;
        -: 1250:}
        -: 1251:
        -: 1252:template <typename _Tp>
        -: 1253:_LIBCPP_INLINE_VISIBILITY
        -: 1254:bool __cxx_atomic_compare_exchange_weak(volatile __cxx_atomic_lock_impl<_Tp>* __a,
        -: 1255:                                        _Tp* __expected, _Tp __value, memory_order, memory_order) {
        -: 1256:  _Tp __temp;
        -: 1257:  __a->__lock();
        -: 1258:  __cxx_atomic_assign_volatile(__temp, __a->__a_value);
        -: 1259:  bool __ret = (_VSTD::memcmp(&__temp, __expected, sizeof(_Tp)) == 0);
        -: 1260:  if(__ret)
        -: 1261:    __cxx_atomic_assign_volatile(__a->__a_value, __value);
        -: 1262:  else
        -: 1263:    __cxx_atomic_assign_volatile(*__expected, __a->__a_value);
        -: 1264:  __a->__unlock();
        -: 1265:  return __ret;
        -: 1266:}
        -: 1267:template <typename _Tp>
        -: 1268:_LIBCPP_INLINE_VISIBILITY
        -: 1269:bool __cxx_atomic_compare_exchange_weak(__cxx_atomic_lock_impl<_Tp>* __a,
        -: 1270:                                        _Tp* __expected, _Tp __value, memory_order, memory_order) {
        -: 1271:  __a->__lock();
        -: 1272:  bool __ret = (_VSTD::memcmp(&__a->__a_value, __expected, sizeof(_Tp)) == 0);
        -: 1273:  if(__ret)
        -: 1274:    _VSTD::memcpy(&__a->__a_value, &__value, sizeof(_Tp));
        -: 1275:  else
        -: 1276:    _VSTD::memcpy(__expected, &__a->__a_value, sizeof(_Tp));
        -: 1277:  __a->__unlock();
        -: 1278:  return __ret;
        -: 1279:}
        -: 1280:
        -: 1281:template <typename _Tp, typename _Td>
        -: 1282:_LIBCPP_INLINE_VISIBILITY
        -: 1283:_Tp __cxx_atomic_fetch_add(volatile __cxx_atomic_lock_impl<_Tp>* __a,
        -: 1284:                           _Td __delta, memory_order) {
        -: 1285:  __a->__lock();
        -: 1286:  _Tp __old;
        -: 1287:  __cxx_atomic_assign_volatile(__old, __a->__a_value);
        -: 1288:  __cxx_atomic_assign_volatile(__a->__a_value, _Tp(__old + __delta));
        -: 1289:  __a->__unlock();
        -: 1290:  return __old;
        -: 1291:}
        -: 1292:template <typename _Tp, typename _Td>
        -: 1293:_LIBCPP_INLINE_VISIBILITY
        -: 1294:_Tp __cxx_atomic_fetch_add(__cxx_atomic_lock_impl<_Tp>* __a,
        -: 1295:                           _Td __delta, memory_order) {
        -: 1296:  __a->__lock();
        -: 1297:  _Tp __old = __a->__a_value;
        -: 1298:  __a->__a_value += __delta;
        -: 1299:  __a->__unlock();
        -: 1300:  return __old;
        -: 1301:}
        -: 1302:
        -: 1303:template <typename _Tp, typename _Td>
        -: 1304:_LIBCPP_INLINE_VISIBILITY
        -: 1305:_Tp* __cxx_atomic_fetch_add(volatile __cxx_atomic_lock_impl<_Tp*>* __a,
        -: 1306:                           ptrdiff_t __delta, memory_order) {
        -: 1307:  __a->__lock();
        -: 1308:  _Tp* __old;
        -: 1309:  __cxx_atomic_assign_volatile(__old, __a->__a_value);
        -: 1310:  __cxx_atomic_assign_volatile(__a->__a_value, __old + __delta);
        -: 1311:  __a->__unlock();
        -: 1312:  return __old;
        -: 1313:}
        -: 1314:template <typename _Tp, typename _Td>
        -: 1315:_LIBCPP_INLINE_VISIBILITY
        -: 1316:_Tp* __cxx_atomic_fetch_add(__cxx_atomic_lock_impl<_Tp*>* __a,
        -: 1317:                           ptrdiff_t __delta, memory_order) {
        -: 1318:  __a->__lock();
        -: 1319:  _Tp* __old = __a->__a_value;
        -: 1320:  __a->__a_value += __delta;
        -: 1321:  __a->__unlock();
        -: 1322:  return __old;
        -: 1323:}
        -: 1324:
        -: 1325:template <typename _Tp, typename _Td>
        -: 1326:_LIBCPP_INLINE_VISIBILITY
        -: 1327:_Tp __cxx_atomic_fetch_sub(volatile __cxx_atomic_lock_impl<_Tp>* __a,
        -: 1328:                           _Td __delta, memory_order) {
        -: 1329:  __a->__lock();
        -: 1330:  _Tp __old;
        -: 1331:  __cxx_atomic_assign_volatile(__old, __a->__a_value);
        -: 1332:  __cxx_atomic_assign_volatile(__a->__a_value, _Tp(__old - __delta));
        -: 1333:  __a->__unlock();
        -: 1334:  return __old;
        -: 1335:}
        -: 1336:template <typename _Tp, typename _Td>
        -: 1337:_LIBCPP_INLINE_VISIBILITY
        -: 1338:_Tp __cxx_atomic_fetch_sub(__cxx_atomic_lock_impl<_Tp>* __a,
        -: 1339:                           _Td __delta, memory_order) {
        -: 1340:  __a->__lock();
        -: 1341:  _Tp __old = __a->__a_value;
        -: 1342:  __a->__a_value -= __delta;
        -: 1343:  __a->__unlock();
        -: 1344:  return __old;
        -: 1345:}
        -: 1346:
        -: 1347:template <typename _Tp>
        -: 1348:_LIBCPP_INLINE_VISIBILITY
        -: 1349:_Tp __cxx_atomic_fetch_and(volatile __cxx_atomic_lock_impl<_Tp>* __a,
        -: 1350:                           _Tp __pattern, memory_order) {
        -: 1351:  __a->__lock();
        -: 1352:  _Tp __old;
        -: 1353:  __cxx_atomic_assign_volatile(__old, __a->__a_value);
        -: 1354:  __cxx_atomic_assign_volatile(__a->__a_value, _Tp(__old & __pattern));
        -: 1355:  __a->__unlock();
[...]
        -: 2243:_LIBCPP_INLINE_VISIBILITY
        -: 2244:typename enable_if
        -: 2245:<
        -: 2246:    is_integral<_Tp>::value && !is_same<_Tp, bool>::value,
        -: 2247:    _Tp
        -: 2248:>::type
        -: 2249:atomic_fetch_and_explicit(atomic<_Tp>* __o, typename atomic<_Tp>::value_type __op, memory_order __m) _NOEXCEPT
        -: 2250:{
        -: 2251:    return __o->fetch_and(__op, __m);
        -: 2252:}
        -: 2253:
        -: 2254:// atomic_fetch_or
        -: 2255:
        -: 2256:template <class _Tp>
        -: 2257:_LIBCPP_INLINE_VISIBILITY
        -: 2258:typename enable_if
        -: 2259:<
        -: 2260:    is_integral<_Tp>::value && !is_same<_Tp, bool>::value,
        -: 2261:    _Tp
        -: 2262:>::type
        -: 2263:atomic_fetch_or(volatile atomic<_Tp>* __o, typename atomic<_Tp>::value_type __op) _NOEXCEPT
        -: 2264:{
        -: 2265:    return __o->fetch_or(__op);
        -: 2266:}
        -: 2267:
        -: 2268:template <class _Tp>
        -: 2269:_LIBCPP_INLINE_VISIBILITY
        -: 2270:typename enable_if
        -: 2271:<
        -: 2272:    is_integral<_Tp>::value && !is_same<_Tp, bool>::value,
        -: 2273:    _Tp
        -: 2274:>::type
        -: 2275:atomic_fetch_or(atomic<_Tp>* __o, typename atomic<_Tp>::value_type __op) _NOEXCEPT
        -: 2276:{
        -: 2277:    return __o->fetch_or(__op);
        -: 2278:}
        -: 2279:
        -: 2280:// atomic_fetch_or_explicit
        -: 2281:
        -: 2282:template <class _Tp>
        -: 2283:_LIBCPP_INLINE_VISIBILITY
        -: 2284:typename enable_if
        -: 2285:<
        -: 2286:    is_integral<_Tp>::value && !is_same<_Tp, bool>::value,
        -: 2287:    _Tp
        -: 2288:>::type
        -: 2289:atomic_fetch_or_explicit(volatile atomic<_Tp>* __o, typename atomic<_Tp>::value_type __op, memory_order __m) _NOEXCEPT
        -: 2290:{
        -: 2291:    return __o->fetch_or(__op, __m);
        -: 2292:}
        -: 2293:
        -: 2294:template <class _Tp>
        -: 2295:_LIBCPP_INLINE_VISIBILITY
        -: 2296:typename enable_if
        -: 2297:<
        -: 2298:    is_integral<_Tp>::value && !is_same<_Tp, bool>::value,
        -: 2299:    _Tp
        -: 2300:>::type
        -: 2301:atomic_fetch_or_explicit(atomic<_Tp>* __o, typename atomic<_Tp>::value_type __op, memory_order __m) _NOEXCEPT
        -: 2302:{
        -: 2303:    return __o->fetch_or(__op, __m);
        -: 2304:}
        -: 2305:
        -: 2306:// atomic_fetch_xor
        -: 2307:
        -: 2308:template <class _Tp>
        -: 2309:_LIBCPP_INLINE_VISIBILITY
        -: 2310:typename enable_if
        -: 2311:<
        -: 2312:    is_integral<_Tp>::value && !is_same<_Tp, bool>::value,
        -: 2313:    _Tp
        -: 2314:>::type
        -: 2315:atomic_fetch_xor(volatile atomic<_Tp>* __o, typename atomic<_Tp>::value_type __op) _NOEXCEPT
        -: 2316:{
        -: 2317:    return __o->fetch_xor(__op);
        -: 2318:}
        -: 2319:
        -: 2320:template <class _Tp>
        -: 2321:_LIBCPP_INLINE_VISIBILITY
        -: 2322:typename enable_if
        -: 2323:<
        -: 2324:    is_integral<_Tp>::value && !is_same<_Tp, bool>::value,
        -: 2325:    _Tp
        -: 2326:>::type
        -: 2327:atomic_fetch_xor(atomic<_Tp>* __o, typename atomic<_Tp>::value_type __op) _NOEXCEPT
        -: 2328:{
        -: 2329:    return __o->fetch_xor(__op);
        -: 2330:}
        -: 2331:
        -: 2332:// atomic_fetch_xor_explicit
        -: 2333:
        -: 2334:template <class _Tp>
        -: 2335:_LIBCPP_INLINE_VISIBILITY
        -: 2336:typename enable_if
        -: 2337:<
        -: 2338:    is_integral<_Tp>::value && !is_same<_Tp, bool>::value,
        -: 2339:    _Tp
        -: 2340:>::type
        -: 2341:atomic_fetch_xor_explicit(volatile atomic<_Tp>* __o, typename atomic<_Tp>::value_type __op, memory_order __m) _NOEXCEPT
        -: 2342:{
        -: 2343:    return __o->fetch_xor(__op, __m);
        -: 2344:}
        -: 2345:
        -: 2346:template <class _Tp>
        -: 2347:_LIBCPP_INLINE_VISIBILITY
        -: 2348:typename enable_if
        -: 2349:<
        -: 2350:    is_integral<_Tp>::value && !is_same<_Tp, bool>::value,
        -: 2351:    _Tp
        -: 2352:>::type
        -: 2353:atomic_fetch_xor_explicit(atomic<_Tp>* __o, typename atomic<_Tp>::value_type __op, memory_order __m) _NOEXCEPT
        -: 2354:{
        -: 2355:    return __o->fetch_xor(__op, __m);
        -: 2356:}
        -: 2357:
        -: 2358:// flag type and operations
        -: 2359:
        -: 2360:typedef struct atomic_flag
        -: 2361:{
        -: 2362:    __cxx_atomic_impl<_LIBCPP_ATOMIC_FLAG_TYPE> __a_;
        -: 2363:
        -: 2364:    _LIBCPP_INLINE_VISIBILITY
        -: 2365:    bool test(memory_order __m = memory_order_seq_cst) const volatile _NOEXCEPT
        -: 2366:        {return _LIBCPP_ATOMIC_FLAG_TYPE(true) == __cxx_atomic_load(&__a_, __m);}
        -: 2367:    _LIBCPP_INLINE_VISIBILITY
        -: 2368:    bool test(memory_order __m = memory_order_seq_cst) const _NOEXCEPT
        -: 2369:        {return _LIBCPP_ATOMIC_FLAG_TYPE(true) == __cxx_atomic_load(&__a_, __m);}
        -: 2370:
        -: 2371:    _LIBCPP_INLINE_VISIBILITY
        -: 2372:    bool test_and_set(memory_order __m = memory_order_seq_cst) volatile _NOEXCEPT
        -: 2373:        {return __cxx_atomic_exchange(&__a_, _LIBCPP_ATOMIC_FLAG_TYPE(true), __m);}
        -: 2374:    _LIBCPP_INLINE_VISIBILITY
        -: 2375:    bool test_and_set(memory_order __m = memory_order_seq_cst) _NOEXCEPT
        -: 2376:        {return __cxx_atomic_exchange(&__a_, _LIBCPP_ATOMIC_FLAG_TYPE(true), __m);}
        -: 2377:    _LIBCPP_INLINE_VISIBILITY
        -: 2378:    void clear(memory_order __m = memory_order_seq_cst) volatile _NOEXCEPT
        -: 2379:        {__cxx_atomic_store(&__a_, _LIBCPP_ATOMIC_FLAG_TYPE(false), __m);}
        -: 2380:    _LIBCPP_INLINE_VISIBILITY
        -: 2381:    void clear(memory_order __m = memory_order_seq_cst) _NOEXCEPT
        -: 2382:        {__cxx_atomic_store(&__a_, _LIBCPP_ATOMIC_FLAG_TYPE(false), __m);}
        -: 2383:
        -: 2384:    _LIBCPP_AVAILABILITY_SYNC _LIBCPP_INLINE_VISIBILITY
        -: 2385:    void wait(bool __v, memory_order __m = memory_order_seq_cst) const volatile _NOEXCEPT
        -: 2386:        {__cxx_atomic_wait(&__a_, _LIBCPP_ATOMIC_FLAG_TYPE(__v), __m);}
        -: 2387:    _LIBCPP_AVAILABILITY_SYNC _LIBCPP_INLINE_VISIBILITY
        -: 2388:    void wait(bool __v, memory_order __m = memory_order_seq_cst) const _NOEXCEPT
        -: 2389:        {__cxx_atomic_wait(&__a_, _LIBCPP_ATOMIC_FLAG_TYPE(__v), __m);}
        -: 2390:    _LIBCPP_AVAILABILITY_SYNC _LIBCPP_INLINE_VISIBILITY
        -: 2391:    void notify_one() volatile _NOEXCEPT
        -: 2392:        {__cxx_atomic_notify_one(&__a_);}
        -: 2393:    _LIBCPP_AVAILABILITY_SYNC _LIBCPP_INLINE_VISIBILITY
        -: 2394:    void notify_one() _NOEXCEPT
        -: 2395:        {__cxx_atomic_notify_one(&__a_);}
        -: 2396:    _LIBCPP_AVAILABILITY_SYNC _LIBCPP_INLINE_VISIBILITY
        -: 2397:    void notify_all() volatile _NOEXCEPT
        -: 2398:        {__cxx_atomic_notify_all(&__a_);}
        -: 2399:    _LIBCPP_AVAILABILITY_SYNC _LIBCPP_INLINE_VISIBILITY
        -: 2400:    void notify_all() _NOEXCEPT
        -: 2401:        {__cxx_atomic_notify_all(&__a_);}
        -: 2402:
        -: 2403:#if _LIBCPP_STD_VER > 17
        -: 2404:    _LIBCPP_INLINE_VISIBILITY constexpr
        -: 2405:    atomic_flag() _NOEXCEPT : __a_(false) {}
        -: 2406:#else
        -: 2407:    _LIBCPP_INLINE_VISIBILITY
        -: 2408:    atomic_flag() _NOEXCEPT = default;
        -: 2409:#endif
        -: 2410:
        -: 2411:    _LIBCPP_INLINE_VISIBILITY _LIBCPP_CONSTEXPR
        -: 2412:    atomic_flag(bool __b) _NOEXCEPT : __a_(__b) {} // EXTENSION
        -: 2413:
        -: 2414:    atomic_flag(const atomic_flag&) = delete;
        -: 2415:    atomic_flag& operator=(const atomic_flag&) = delete;
        -: 2416:    atomic_flag& operator=(const atomic_flag&) volatile = delete;
        -: 2417:
        -: 2418:} atomic_flag;
        -: 2419:
        -: 2420:
        -: 2421:inline _LIBCPP_INLINE_VISIBILITY
        -: 2422:bool
        -: 2423:atomic_flag_test(const volatile atomic_flag* __o) _NOEXCEPT
        -: 2424:{
        -: 2425:    return __o->test();
        -: 2426:}
        -: 2427:
        -: 2428:inline _LIBCPP_INLINE_VISIBILITY
        -: 2429:bool
        -: 2430:atomic_flag_test(const atomic_flag* __o) _NOEXCEPT
        -: 2431:{
        -: 2432:    return __o->test();
        -: 2433:}
        -: 2434:
        -: 2435:inline _LIBCPP_INLINE_VISIBILITY
        -: 2436:bool
        -: 2437:atomic_flag_test_explicit(const volatile atomic_flag* __o, memory_order __m) _NOEXCEPT
        -: 2438:{
        -: 2439:    return __o->test(__m);
        -: 2440:}
        -: 2441:
        -: 2442:inline _LIBCPP_INLINE_VISIBILITY
        -: 2443:bool
        -: 2444:atomic_flag_test_explicit(const atomic_flag* __o, memory_order __m) _NOEXCEPT
        -: 2445:{
        -: 2446:    return __o->test(__m);
        -: 2447:}
        -: 2448:
        -: 2449:inline _LIBCPP_INLINE_VISIBILITY
        -: 2450:bool
        -: 2451:atomic_flag_test_and_set(volatile atomic_flag* __o) _NOEXCEPT
        -: 2452:{
        -: 2453:    return __o->test_and_set();
        -: 2454:}
        -: 2455:
        -: 2456:inline _LIBCPP_INLINE_VISIBILITY
        -: 2457:bool
        -: 2458:atomic_flag_test_and_set(atomic_flag* __o) _NOEXCEPT
        -: 2459:{
        -: 2460:    return __o->test_and_set();
        -: 2461:}
        -: 2462:
        -: 2463:inline _LIBCPP_INLINE_VISIBILITY
        -: 2464:bool
        -: 2465:atomic_flag_test_and_set_explicit(volatile atomic_flag* __o, memory_order __m) _NOEXCEPT
        -: 2466:{
        -: 2467:    return __o->test_and_set(__m);
        -: 2468:}
        -: 2469:
        -: 2470:inline _LIBCPP_INLINE_VISIBILITY
        -: 2471:bool
        -: 2472:atomic_flag_test_and_set_explicit(atomic_flag* __o, memory_order __m) _NOEXCEPT
        -: 2473:{
        -: 2474:    return __o->test_and_set(__m);
        -: 2475:}
        -: 2476:
        -: 2477:inline _LIBCPP_INLINE_VISIBILITY
        -: 2478:void
        -: 2479:atomic_flag_clear(volatile atomic_flag* __o) _NOEXCEPT
        -: 2480:{
        -: 2481:    __o->clear();
        -: 2482:}
        -: 2483:
        -: 2484:inline _LIBCPP_INLINE_VISIBILITY
        -: 2485:void
        -: 2486:atomic_flag_clear(atomic_flag* __o) _NOEXCEPT
        -: 2487:{
        -: 2488:    __o->clear();
        -: 2489:}
        -: 2490:
        -: 2491:inline _LIBCPP_INLINE_VISIBILITY
        -: 2492:void
        -: 2493:atomic_flag_clear_explicit(volatile atomic_flag* __o, memory_order __m) _NOEXCEPT
        -: 2494:{
        -: 2495:    __o->clear(__m);
        -: 2496:}
        -: 2497:
        -: 2498:inline _LIBCPP_INLINE_VISIBILITY
        -: 2499:void
        -: 2500:atomic_flag_clear_explicit(atomic_flag* __o, memory_order __m) _NOEXCEPT
        -: 2501:{
        -: 2502:    __o->clear(__m);
        -: 2503:}
        -: 2504:
        -: 2505:inline _LIBCPP_INLINE_VISIBILITY _LIBCPP_AVAILABILITY_SYNC
        -: 2506:void
        -: 2507:atomic_flag_wait(const volatile atomic_flag* __o, bool __v) _NOEXCEPT
        -: 2508:{
        -: 2509:    __o->wait(__v);
        -: 2510:}
        -: 2511:
        -: 2512:inline _LIBCPP_INLINE_VISIBILITY _LIBCPP_AVAILABILITY_SYNC
        -: 2513:void
        -: 2514:atomic_flag_wait(const atomic_flag* __o, bool __v) _NOEXCEPT
        -: 2515:{
        -: 2516:    __o->wait(__v);
        -: 2517:}
        -: 2518:
        -: 2519:inline _LIBCPP_INLINE_VISIBILITY _LIBCPP_AVAILABILITY_SYNC
        -: 2520:void
        -: 2521:atomic_flag_wait_explicit(const volatile atomic_flag* __o,
        -: 2522:                          bool __v, memory_order __m) _NOEXCEPT
        -: 2523:{
        -: 2524:    __o->wait(__v, __m);
        -: 2525:}
        -: 2526:
        -: 2527:inline _LIBCPP_INLINE_VISIBILITY _LIBCPP_AVAILABILITY_SYNC
        -: 2528:void
        -: 2529:atomic_flag_wait_explicit(const atomic_flag* __o,
        -: 2530:                          bool __v, memory_order __m) _NOEXCEPT
        -: 2531:{
        -: 2532:    __o->wait(__v, __m);
        -: 2533:}
        -: 2534:
        -: 2535:inline _LIBCPP_INLINE_VISIBILITY _LIBCPP_AVAILABILITY_SYNC
        -: 2536:void
        -: 2537:atomic_flag_notify_one(volatile atomic_flag* __o) _NOEXCEPT
        -: 2538:{
        -: 2539:    __o->notify_one();
        -: 2540:}
        -: 2541:
        -: 2542:inline _LIBCPP_INLINE_VISIBILITY _LIBCPP_AVAILABILITY_SYNC
        -: 2543:void
        -: 2544:atomic_flag_notify_one(atomic_flag* __o) _NOEXCEPT
        -: 2545:{
        -: 2546:    __o->notify_one();
        -: 2547:}
        -: 2548:
        -: 2549:inline _LIBCPP_INLINE_VISIBILITY _LIBCPP_AVAILABILITY_SYNC
        -: 2550:void
        -: 2551:atomic_flag_notify_all(volatile atomic_flag* __o) _NOEXCEPT
        -: 2552:{
        -: 2553:    __o->notify_all();
        -: 2554:}
        -: 2555:
        -: 2556:inline _LIBCPP_INLINE_VISIBILITY _LIBCPP_AVAILABILITY_SYNC
        -: 2557:void
        -: 2558:atomic_flag_notify_all(atomic_flag* __o) _NOEXCEPT
        -: 2559:{
        -: 2560:    __o->notify_all();
        -: 2561:}
        -: 2562:
        -: 2563:// fences
        -: 2564:
        -: 2565:inline _LIBCPP_INLINE_VISIBILITY
        -: 2566:void
        -: 2567:atomic_thread_fence(memory_order __m) _NOEXCEPT
        -: 2568:{
        -: 2569:    __cxx_atomic_thread_fence(__m);
        -: 2570:}
        -: 2571:
        -: 2572:inline _LIBCPP_INLINE_VISIBILITY
        -: 2573:void
        -: 2574:atomic_signal_fence(memory_order __m) _NOEXCEPT
        -: 2575:{
        -: 2576:    __cxx_atomic_signal_fence(__m);
        -: 2577:}
        -: 2578:
        -: 2579:// Atomics for standard typedef types
        -: 2580:
        -: 2581:typedef atomic<bool>               atomic_bool;
        -: 2582:typedef atomic<char>               atomic_char;
        -: 2583:typedef atomic<signed char>        atomic_schar;
        -: 2584:typedef atomic<unsigned char>      atomic_uchar;
        -: 2585:typedef atomic<short>              atomic_short;
        -: 2586:typedef atomic<unsigned short>     atomic_ushort;
        -: 2587:typedef atomic<int>                atomic_int;
        -: 2588:typedef atomic<unsigned int>       atomic_uint;
        -: 2589:typedef atomic<long>               atomic_long;
        -: 2590:typedef atomic<unsigned long>      atomic_ulong;
        -: 2591:typedef atomic<long long>          atomic_llong;
        -: 2592:typedef atomic<unsigned long long> atomic_ullong;
        -: 2593:#ifndef _LIBCPP_HAS_NO_CHAR8_T
        -: 2594:typedef atomic<char8_t>            atomic_char8_t;
        -: 2595:#endif
        -: 2596:typedef atomic<char16_t>           atomic_char16_t;
        -: 2597:typedef atomic<char32_t>           atomic_char32_t;
        -: 2598:#ifndef _LIBCPP_HAS_NO_WIDE_CHARACTERS
        -: 2599:typedef atomic<wchar_t>            atomic_wchar_t;
        -: 2600:#endif
        -: 2601:
        -: 2602:typedef atomic<int_least8_t>   atomic_int_least8_t;
        -: 2603:typedef atomic<uint_least8_t>  atomic_uint_least8_t;
        -: 2604:typedef atomic<int_least16_t>  atomic_int_least16_t;
        -: 2605:typedef atomic<uint_least16_t> atomic_uint_least16_t;
        -: 2606:typedef atomic<int_least32_t>  atomic_int_least32_t;
        -: 2607:typedef atomic<uint_least32_t> atomic_uint_least32_t;
        -: 2608:typedef atomic<int_least64_t>  atomic_int_least64_t;
        -: 2609:typedef atomic<uint_least64_t> atomic_uint_least64_t;
        -: 2610:
        -: 2611:typedef atomic<int_fast8_t>   atomic_int_fast8_t;
        -: 2612:typedef atomic<uint_fast8_t>  atomic_uint_fast8_t;
        -: 2613:typedef atomic<int_fast16_t>  atomic_int_fast16_t;
        -: 2614:typedef atomic<uint_fast16_t> atomic_uint_fast16_t;
        -: 2615:typedef atomic<int_fast32_t>  atomic_int_fast32_t;
        -: 2616:typedef atomic<uint_fast32_t> atomic_uint_fast32_t;
        -: 2617:typedef atomic<int_fast64_t>  atomic_int_fast64_t;
        -: 2618:typedef atomic<uint_fast64_t> atomic_uint_fast64_t;
        -: 2619:
        -: 2620:typedef atomic< int8_t>  atomic_int8_t;
        -: 2621:typedef atomic<uint8_t>  atomic_uint8_t;
        -: 2622:typedef atomic< int16_t> atomic_int16_t;
        -: 2623:typedef atomic<uint16_t> atomic_uint16_t;
        -: 2624:typedef atomic< int32_t> atomic_int32_t;
        -: 2625:typedef atomic<uint32_t> atomic_uint32_t;
        -: 2626:typedef atomic< int64_t> atomic_int64_t;
        -: 2627:typedef atomic<uint64_t> atomic_uint64_t;
        -: 2628:
        -: 2629:typedef atomic<intptr_t>  atomic_intptr_t;
        -: 2630:typedef atomic<uintptr_t> atomic_uintptr_t;
        -: 2631:typedef atomic<size_t>    atomic_size_t;
        -: 2632:typedef atomic<ptrdiff_t> atomic_ptrdiff_t;
        -: 2633:typedef atomic<intmax_t>  atomic_intmax_t;
        -: 2634:typedef atomic<uintmax_t> atomic_uintmax_t;
        -: 2635:
        -: 2636:// atomic_*_lock_free : prefer the contention type most highly, then the largest lock-free type
        -: 2637:
        -: 2638:#ifdef __cpp_lib_atomic_is_always_lock_free
        -: 2639:# define _LIBCPP_CONTENTION_LOCK_FREE ::std::__libcpp_is_always_lock_free<__cxx_contention_t>::__value
        -: 2640:#else
        -: 2641:# define _LIBCPP_CONTENTION_LOCK_FREE false
        -: 2642:#endif
        -: 2643:
        -: 2644:#if ATOMIC_LLONG_LOCK_FREE == 2
        -: 2645:typedef conditional<_LIBCPP_CONTENTION_LOCK_FREE, __cxx_contention_t, long long>::type          __libcpp_signed_lock_free;
        -: 2646:typedef conditional<_LIBCPP_CONTENTION_LOCK_FREE, __cxx_contention_t, unsigned long long>::type __libcpp_unsigned_lock_free;
        -: 2647:#elif ATOMIC_INT_LOCK_FREE == 2
        -: 2648:typedef conditional<_LIBCPP_CONTENTION_LOCK_FREE, __cxx_contention_t, int>::type                __libcpp_signed_lock_free;
        -: 2649:typedef conditional<_LIBCPP_CONTENTION_LOCK_FREE, __cxx_contention_t, unsigned int>::type       __libcpp_unsigned_lock_free;
        -: 2650:#elif ATOMIC_SHORT_LOCK_FREE == 2
        -: 2651:typedef conditional<_LIBCPP_CONTENTION_LOCK_FREE, __cxx_contention_t, short>::type              __libcpp_signed_lock_free;
        -: 2652:typedef conditional<_LIBCPP_CONTENTION_LOCK_FREE, __cxx_contention_t, unsigned short>::type     __libcpp_unsigned_lock_free;
        -: 2653:#elif ATOMIC_CHAR_LOCK_FREE == 2
        -: 2654:typedef conditional<_LIBCPP_CONTENTION_LOCK_FREE, __cxx_contention_t, char>::type               __libcpp_signed_lock_free;
        -: 2655:typedef conditional<_LIBCPP_CONTENTION_LOCK_FREE, __cxx_contention_t, unsigned char>::type      __libcpp_unsigned_lock_free;
        -: 2656:#else
        -: 2657:    // No signed/unsigned lock-free types
        -: 2658:#define _LIBCPP_NO_LOCK_FREE_TYPES
        -: 2659:#endif
        -: 2660:
        -: 2661:#if !defined(_LIBCPP_NO_LOCK_FREE_TYPES)
        -: 2662:typedef atomic<__libcpp_signed_lock_free> atomic_signed_lock_free;
        -: 2663:typedef atomic<__libcpp_unsigned_lock_free> atomic_unsigned_lock_free;
        -: 2664:#endif
        -: 2665:
        -: 2666:#define ATOMIC_FLAG_INIT {false}
        -: 2667:#define ATOMIC_VAR_INIT(__v) {__v}
        -: 2668:
        -: 2669:#if _LIBCPP_STD_VER > 17 && !defined(_LIBCPP_DISABLE_DEPRECATION_WARNINGS)
        -: 2670:# if defined(_LIBCPP_CLANG_VER) && _LIBCPP_CLANG_VER >= 1400
        -: 2671:#  pragma clang deprecated(ATOMIC_VAR_INIT)
        -: 2672:# endif
        -: 2673:#endif // _LIBCPP_STD_VER > 17 && !defined(_LIBCPP_DISABLE_DEPRECATION_WARNINGS)
        -: 2674:
        -: 2675:_LIBCPP_END_NAMESPACE_STD
        -: 2676:
        -: 2677:#endif // _LIBCPP_ATOMIC
