        -:    0:Source:/Library/Developer/CommandLineTools/SDKs/MacOSX13.3.sdk/usr/include/c++/v1/__algorithm/unwrap_iter.h
        -:    0:Graph:/Users/mihaildobroslavski/CLionProjects/CityMapProject/cmake-build-debug-coverage/CMakeFiles/GraphTest.dir/UnitTesting/GraphTest.cpp.gcno
        -:    0:Data:/Users/mihaildobroslavski/CLionProjects/CityMapProject/cmake-build-debug-coverage/CMakeFiles/GraphTest.dir/UnitTesting/GraphTest.cpp.gcda
        -:    0:Runs:1
        -:    0:Programs:1
        -:    1://===----------------------------------------------------------------------===//
        -:    2://
        -:    3:// Part of the LLVM Project, under the Apache License v2.0 with LLVM Exceptions.
        -:    4:// See https://llvm.org/LICENSE.txt for license information.
        -:    5:// SPDX-License-Identifier: Apache-2.0 WITH LLVM-exception
        -:    6://
        -:    7://===----------------------------------------------------------------------===//
        -:    8:
        -:    9:#ifndef _LIBCPP___ALGORITHM_UNWRAP_ITER_H
        -:   10:#define _LIBCPP___ALGORITHM_UNWRAP_ITER_H
        -:   11:
        -:   12:#include <__config>
        -:   13:#include <__iterator/iterator_traits.h>
        -:   14:#include <__memory/pointer_traits.h>
        -:   15:#include <__utility/move.h>
        -:   16:#include <type_traits>
        -:   17:
        -:   18:#if !defined(_LIBCPP_HAS_NO_PRAGMA_SYSTEM_HEADER)
        -:   19:#  pragma GCC system_header
        -:   20:#endif
        -:   21:
        -:   22:_LIBCPP_BEGIN_NAMESPACE_STD
        -:   23:
        -:   24:// TODO: Change the name of __unwrap_iter_impl to something more appropriate
        -:   25:// The job of __unwrap_iter is to remove iterator wrappers (like reverse_iterator or __wrap_iter),
        -:   26:// to reduce the number of template instantiations and to enable pointer-based optimizations e.g. in std::copy.
        -:   27:// In debug mode, we don't do this.
        -:   28://
        -:   29:// Some algorithms (e.g. std::copy, but not std::sort) need to convert an
        -:   30:// "unwrapped" result back into the original iterator type. Doing that is the job of __rewrap_iter.
        -:   31:
        -:   32:// Default case - we can't unwrap anything
        -:   33:template <class _Iter, bool = __is_cpp17_contiguous_iterator<_Iter>::value>
        -:   34:struct __unwrap_iter_impl {
function _ZNSt3__118__unwrap_iter_implINS_16reverse_iteratorIPNS_4fposI11__mbstate_tEEEELb0EE8__rewrapB6v15006ES6_S6_ called 0 returned 0% blocks executed 0%
function _ZNSt3__118__unwrap_iter_implINS_16reverse_iteratorIPPKN7doctest6detail20IExceptionTranslatorEEELb0EE8__rewrapB6v15006ES8_S8_ called 0 returned 0% blocks executed 0%
function _ZNSt3__118__unwrap_iter_implINS_16reverse_iteratorIPPN7doctest13IContextScopeEEELb0EE8__rewrapB6v15006ES6_S6_ called 0 returned 0% blocks executed 0%
function _ZNSt3__118__unwrap_iter_implINS_16reverse_iteratorIPPN7doctest9IReporterEEELb0EE8__rewrapB6v15006ES6_S6_ called 2 returned 100% blocks executed 100%
function _ZNSt3__118__unwrap_iter_implINS_16reverse_iteratorIPPKN7doctest6detail8TestCaseEEELb0EE8__rewrapB6v15006ES8_S8_ called 2 returned 100% blocks executed 100%
function _ZNSt3__118__unwrap_iter_implINS_16reverse_iteratorIPPKN7doctest12TestCaseDataEEELb0EE8__rewrapB6v15006ES7_S7_ called 0 returned 0% blocks executed 0%
        4:   35:  static _LIBCPP_HIDE_FROM_ABI _LIBCPP_CONSTEXPR _Iter __rewrap(_Iter, _Iter __iter) { return __iter; }
    $$$$$:   35-block  0
    $$$$$:   35-block  1
    $$$$$:   35-block  2
        2:   35-block  3
        2:   35-block  4
    $$$$$:   35-block  5
function _ZNSt3__118__unwrap_iter_implINS_16reverse_iteratorIPNS_4fposI11__mbstate_tEEEELb0EE8__unwrapB6v15006ES6_ called 0 returned 0% blocks executed 0%
function _ZNSt3__118__unwrap_iter_implINS_16reverse_iteratorIPPKN7doctest6detail20IExceptionTranslatorEEELb0EE8__unwrapB6v15006ES8_ called 0 returned 0% blocks executed 0%
function _ZNSt3__118__unwrap_iter_implINS_16reverse_iteratorIPPN7doctest13IContextScopeEEELb0EE8__unwrapB6v15006ES6_ called 0 returned 0% blocks executed 0%
function _ZNSt3__118__unwrap_iter_implINS_16reverse_iteratorIPPN7doctest9IReporterEEELb0EE8__unwrapB6v15006ES6_ called 3 returned 100% blocks executed 100%
function _ZNSt3__118__unwrap_iter_implINS_16reverse_iteratorIPPKN7doctest6detail8TestCaseEEELb0EE8__unwrapB6v15006ES8_ called 3 returned 100% blocks executed 100%
function _ZNSt3__118__unwrap_iter_implINS_16reverse_iteratorIPPKN7doctest12TestCaseDataEEELb0EE8__unwrapB6v15006ES7_ called 0 returned 0% blocks executed 0%
        6:   36:  static _LIBCPP_HIDE_FROM_ABI _LIBCPP_CONSTEXPR _Iter __unwrap(_Iter __i) _NOEXCEPT { return __i; }
    $$$$$:   36-block  0
    $$$$$:   36-block  1
    $$$$$:   36-block  2
        3:   36-block  3
        3:   36-block  4
    $$$$$:   36-block  5
        -:   37:};
        -:   38:
        -:   39:#ifndef _LIBCPP_ENABLE_DEBUG_MODE
        -:   40:
        -:   41:// It's a contiguous iterator, so we can use a raw pointer instead
        -:   42:template <class _Iter>
        -:   43:struct __unwrap_iter_impl<_Iter, true> {
        -:   44:  using _ToAddressT = decltype(std::__to_address(std::declval<_Iter>()));
        -:   45:
function _ZNSt3__118__unwrap_iter_implIPNS_4fposI11__mbstate_tEELb1EE8__rewrapB6v15006ES4_S4_ called 0 returned 0% blocks executed 0%
function _ZNSt3__118__unwrap_iter_implIPN7doctest16SubcaseSignatureELb1EE8__rewrapB6v15006ES3_S3_ called 0 returned 0% blocks executed 0%
function _ZNSt3__118__unwrap_iter_implINS_11__wrap_iterIPN7doctest16SubcaseSignatureEEELb1EE8__rewrapB6v15006ES5_S4_ called 0 returned 0% blocks executed 0%
function _ZNSt3__118__unwrap_iter_implIPPKN7doctest6detail20IExceptionTranslatorELb1EE8__rewrapB6v15006ES6_S6_ called 0 returned 0% blocks executed 0%
function _ZNSt3__118__unwrap_iter_implIPPN7doctest13IContextScopeELb1EE8__rewrapB6v15006ES4_S4_ called 0 returned 0% blocks executed 0%
function _ZNSt3__118__unwrap_iter_implIPPN7doctest9IReporterELb1EE8__rewrapB6v15006ES4_S4_ called 1 returned 100% blocks executed 100%
function _ZNSt3__118__unwrap_iter_implIPPKN7doctest6detail8TestCaseELb1EE8__rewrapB6v15006ES6_S6_ called 1 returned 100% blocks executed 100%
function _ZNSt3__118__unwrap_iter_implIPPKN7doctest12TestCaseDataELb1EE8__rewrapB6v15006ES5_S5_ called 0 returned 0% blocks executed 0%
        2:   46:  static _LIBCPP_HIDE_FROM_ABI _LIBCPP_CONSTEXPR _Iter __rewrap(_Iter __orig_iter, _ToAddressT __unwrapped_iter) {
        2:   47:    return __orig_iter + (__unwrapped_iter - std::__to_address(__orig_iter));
    $$$$$:   47-block  0
    $$$$$:   47-block  1
    $$$$$:   47-block  2
    $$$$$:   47-block  3
    $$$$$:   47-block  4
        1:   47-block  5
        1:   47-block  6
    $$$$$:   47-block  7
        -:   48:  }
        -:   49:
function _ZNSt3__118__unwrap_iter_implIPNS_4fposI11__mbstate_tEELb1EE8__unwrapB6v15006ES4_ called 0 returned 0% blocks executed 0%
function _ZNSt3__118__unwrap_iter_implIPN7doctest16SubcaseSignatureELb1EE8__unwrapB6v15006ES3_ called 0 returned 0% blocks executed 0%
function _ZNSt3__118__unwrap_iter_implINS_11__wrap_iterIPN7doctest16SubcaseSignatureEEELb1EE8__unwrapB6v15006ES5_ called 0 returned 0% blocks executed 0%
function _ZNSt3__118__unwrap_iter_implIPPKN7doctest6detail20IExceptionTranslatorELb1EE8__unwrapB6v15006ES6_ called 0 returned 0% blocks executed 0%
function _ZNSt3__118__unwrap_iter_implIPPN7doctest13IContextScopeELb1EE8__unwrapB6v15006ES4_ called 0 returned 0% blocks executed 0%
function _ZNSt3__118__unwrap_iter_implIPPN7doctest9IReporterELb1EE8__unwrapB6v15006ES4_ called 3 returned 100% blocks executed 100%
function _ZNSt3__118__unwrap_iter_implIPPKN7doctest6detail8TestCaseELb1EE8__unwrapB6v15006ES6_ called 3 returned 100% blocks executed 100%
function _ZNSt3__118__unwrap_iter_implINS_11__wrap_iterIPPKN7doctest6detail8TestCaseEEELb1EE8__unwrapB6v15006ES8_ called 2 returned 100% blocks executed 100%
function _ZNSt3__118__unwrap_iter_implIPPKN7doctest12TestCaseDataELb1EE8__unwrapB6v15006ES5_ called 0 returned 0% blocks executed 0%
        8:   50:  static _LIBCPP_HIDE_FROM_ABI _LIBCPP_CONSTEXPR _ToAddressT __unwrap(_Iter __i) _NOEXCEPT {
        8:   51:    return std::__to_address(__i);
    $$$$$:   51-block  0
    $$$$$:   51-block  1
    $$$$$:   51-block  2
    $$$$$:   51-block  3
    $$$$$:   51-block  4
        3:   51-block  5
        3:   51-block  6
        2:   51-block  7
    $$$$$:   51-block  8
        -:   52:  }
        -:   53:};
        -:   54:
        -:   55:#endif // !_LIBCPP_ENABLE_DEBUG_MODE
        -:   56:
        -:   57:template<class _Iter,
        -:   58:         class _Impl = __unwrap_iter_impl<_Iter>,
        -:   59:         __enable_if_t<is_copy_constructible<_Iter>::value, int> = 0>
        -:   60:inline _LIBCPP_HIDE_FROM_ABI _LIBCPP_CONSTEXPR_AFTER_CXX11
function _ZNSt3__113__unwrap_iterB6v15006INS_16reverse_iteratorIPNS_4fposI11__mbstate_tEEEENS_18__unwrap_iter_implIS6_Lb0EEELi0EEEDTclsrT0_8__unwrapclsr3stdE7declvalIT_EEEESA_ called 0 returned 0% blocks executed 0%
function _ZNSt3__113__unwrap_iterB6v15006IPNS_4fposI11__mbstate_tEENS_18__unwrap_iter_implIS4_Lb1EEELi0EEEDTclsrT0_8__unwrapclsr3stdE7declvalIT_EEEES8_ called 0 returned 0% blocks executed 0%
function _ZNSt3__113__unwrap_iterB6v15006IPN7doctest16SubcaseSignatureENS_18__unwrap_iter_implIS3_Lb1EEELi0EEEDTclsrT0_8__unwrapclsr3stdE7declvalIT_EEEES7_ called 0 returned 0% blocks executed 0%
function _ZNSt3__113__unwrap_iterB6v15006INS_11__wrap_iterIPN7doctest16SubcaseSignatureEEENS_18__unwrap_iter_implIS5_Lb1EEELi0EEEDTclsrT0_8__unwrapclsr3stdE7declvalIT_EEEES9_ called 0 returned 0% blocks executed 0%
function _ZNSt3__113__unwrap_iterB6v15006INS_16reverse_iteratorIPPKN7doctest6detail20IExceptionTranslatorEEENS_18__unwrap_iter_implIS8_Lb0EEELi0EEEDTclsrT0_8__unwrapclsr3stdE7declvalIT_EEEESC_ called 0 returned 0% blocks executed 0%
function _ZNSt3__113__unwrap_iterB6v15006IPPKN7doctest6detail20IExceptionTranslatorENS_18__unwrap_iter_implIS6_Lb1EEELi0EEEDTclsrT0_8__unwrapclsr3stdE7declvalIT_EEEESA_ called 0 returned 0% blocks executed 0%
function _ZNSt3__113__unwrap_iterB6v15006INS_16reverse_iteratorIPPN7doctest13IContextScopeEEENS_18__unwrap_iter_implIS6_Lb0EEELi0EEEDTclsrT0_8__unwrapclsr3stdE7declvalIT_EEEESA_ called 0 returned 0% blocks executed 0%
function _ZNSt3__113__unwrap_iterB6v15006IPPN7doctest13IContextScopeENS_18__unwrap_iter_implIS4_Lb1EEELi0EEEDTclsrT0_8__unwrapclsr3stdE7declvalIT_EEEES8_ called 0 returned 0% blocks executed 0%
function _ZNSt3__113__unwrap_iterB6v15006INS_16reverse_iteratorIPPN7doctest9IReporterEEENS_18__unwrap_iter_implIS6_Lb0EEELi0EEEDTclsrT0_8__unwrapclsr3stdE7declvalIT_EEEESA_ called 3 returned 100% blocks executed 100%
function _ZNSt3__113__unwrap_iterB6v15006IPPN7doctest9IReporterENS_18__unwrap_iter_implIS4_Lb1EEELi0EEEDTclsrT0_8__unwrapclsr3stdE7declvalIT_EEEES8_ called 3 returned 100% blocks executed 100%
function _ZNSt3__113__unwrap_iterB6v15006INS_16reverse_iteratorIPPKN7doctest6detail8TestCaseEEENS_18__unwrap_iter_implIS8_Lb0EEELi0EEEDTclsrT0_8__unwrapclsr3stdE7declvalIT_EEEESC_ called 3 returned 100% blocks executed 100%
function _ZNSt3__113__unwrap_iterB6v15006IPPKN7doctest6detail8TestCaseENS_18__unwrap_iter_implIS6_Lb1EEELi0EEEDTclsrT0_8__unwrapclsr3stdE7declvalIT_EEEESA_ called 3 returned 100% blocks executed 100%
function _ZNSt3__113__unwrap_iterB6v15006INS_11__wrap_iterIPPKN7doctest6detail8TestCaseEEENS_18__unwrap_iter_implIS8_Lb1EEELi0EEEDTclsrT0_8__unwrapclsr3stdE7declvalIT_EEEESC_ called 2 returned 100% blocks executed 100%
function _ZNSt3__113__unwrap_iterB6v15006INS_16reverse_iteratorIPPKN7doctest12TestCaseDataEEENS_18__unwrap_iter_implIS7_Lb0EEELi0EEEDTclsrT0_8__unwrapclsr3stdE7declvalIT_EEEESB_ called 0 returned 0% blocks executed 0%
function _ZNSt3__113__unwrap_iterB6v15006IPPKN7doctest12TestCaseDataENS_18__unwrap_iter_implIS5_Lb1EEELi0EEEDTclsrT0_8__unwrapclsr3stdE7declvalIT_EEEES9_ called 0 returned 0% blocks executed 0%
       14:   61:decltype(_Impl::__unwrap(std::declval<_Iter>())) __unwrap_iter(_Iter __i) _NOEXCEPT {
       14:   62:  return _Impl::__unwrap(__i);
    $$$$$:   62-block  0
    $$$$$:   62-block  1
    $$$$$:   62-block  2
    $$$$$:   62-block  3
    $$$$$:   62-block  4
    $$$$$:   62-block  5
    $$$$$:   62-block  6
    $$$$$:   62-block  7
        3:   62-block  8
        3:   62-block  9
        3:   62-block 10
        3:   62-block 11
        2:   62-block 12
    $$$$$:   62-block 13
    $$$$$:   62-block 14
        -:   63:}
        -:   64:
        -:   65:template <class _OrigIter, class _Iter, class _Impl = __unwrap_iter_impl<_OrigIter> >
function _ZNSt3__113__rewrap_iterB6v15006INS_16reverse_iteratorIPNS_4fposI11__mbstate_tEEEES6_NS_18__unwrap_iter_implIS6_Lb0EEEEET_S9_T0_ called 0 returned 0% blocks executed 0%
function _ZNSt3__113__rewrap_iterB6v15006IPNS_4fposI11__mbstate_tEES4_NS_18__unwrap_iter_implIS4_Lb1EEEEET_S7_T0_ called 0 returned 0% blocks executed 0%
function _ZNSt3__113__rewrap_iterB6v15006IPN7doctest16SubcaseSignatureES3_NS_18__unwrap_iter_implIS3_Lb1EEEEET_S6_T0_ called 0 returned 0% blocks executed 0%
function _ZNSt3__113__rewrap_iterB6v15006INS_11__wrap_iterIPN7doctest16SubcaseSignatureEEES4_NS_18__unwrap_iter_implIS5_Lb1EEEEET_S8_T0_ called 0 returned 0% blocks executed 0%
function _ZNSt3__113__rewrap_iterB6v15006INS_16reverse_iteratorIPPKN7doctest6detail20IExceptionTranslatorEEES8_NS_18__unwrap_iter_implIS8_Lb0EEEEET_SB_T0_ called 0 returned 0% blocks executed 0%
function _ZNSt3__113__rewrap_iterB6v15006IPPKN7doctest6detail20IExceptionTranslatorES6_NS_18__unwrap_iter_implIS6_Lb1EEEEET_S9_T0_ called 0 returned 0% blocks executed 0%
function _ZNSt3__113__rewrap_iterB6v15006INS_16reverse_iteratorIPPN7doctest13IContextScopeEEES6_NS_18__unwrap_iter_implIS6_Lb0EEEEET_S9_T0_ called 0 returned 0% blocks executed 0%
function _ZNSt3__113__rewrap_iterB6v15006IPPN7doctest13IContextScopeES4_NS_18__unwrap_iter_implIS4_Lb1EEEEET_S7_T0_ called 0 returned 0% blocks executed 0%
function _ZNSt3__113__rewrap_iterB6v15006INS_16reverse_iteratorIPPN7doctest9IReporterEEES6_NS_18__unwrap_iter_implIS6_Lb0EEEEET_S9_T0_ called 2 returned 100% blocks executed 66%
function _ZNSt3__113__rewrap_iterB6v15006IPPN7doctest9IReporterES4_NS_18__unwrap_iter_implIS4_Lb1EEEEET_S7_T0_ called 1 returned 100% blocks executed 66%
function _ZNSt3__113__rewrap_iterB6v15006INS_16reverse_iteratorIPPKN7doctest6detail8TestCaseEEES8_NS_18__unwrap_iter_implIS8_Lb0EEEEET_SB_T0_ called 2 returned 100% blocks executed 66%
function _ZNSt3__113__rewrap_iterB6v15006IPPKN7doctest6detail8TestCaseES6_NS_18__unwrap_iter_implIS6_Lb1EEEEET_S9_T0_ called 1 returned 100% blocks executed 66%
function _ZNSt3__113__rewrap_iterB6v15006INS_16reverse_iteratorIPPKN7doctest12TestCaseDataEEES7_NS_18__unwrap_iter_implIS7_Lb0EEEEET_SA_T0_ called 0 returned 0% blocks executed 0%
function _ZNSt3__113__rewrap_iterB6v15006IPPKN7doctest12TestCaseDataES5_NS_18__unwrap_iter_implIS5_Lb1EEEEET_S8_T0_ called 0 returned 0% blocks executed 0%
        6:   66:_LIBCPP_HIDE_FROM_ABI _LIBCPP_CONSTEXPR _OrigIter __rewrap_iter(_OrigIter __orig_iter, _Iter __iter) _NOEXCEPT {
        6:   67:  return _Impl::__rewrap(std::move(__orig_iter), std::move(__iter));
    $$$$$:   67-block  0
branch  0 never executed
branch  1 never executed
    $$$$$:   67-block  1
    $$$$$:   67-block  2
    $$$$$:   67-block  3
branch  2 never executed
branch  3 never executed
    $$$$$:   67-block  4
    $$$$$:   67-block  5
    $$$$$:   67-block  6
branch  4 never executed
branch  5 never executed
    $$$$$:   67-block  7
    $$$$$:   67-block  8
    $$$$$:   67-block  9
branch  6 never executed
branch  7 never executed
    $$$$$:   67-block 10
    $$$$$:   67-block 11
    $$$$$:   67-block 12
branch  8 never executed
branch  9 never executed
    $$$$$:   67-block 13
    $$$$$:   67-block 14
    $$$$$:   67-block 15
branch 10 never executed
branch 11 never executed
    $$$$$:   67-block 16
    $$$$$:   67-block 17
    $$$$$:   67-block 18
branch 12 never executed
branch 13 never executed
    $$$$$:   67-block 19
    $$$$$:   67-block 20
    $$$$$:   67-block 21
branch 14 never executed
branch 15 never executed
    $$$$$:   67-block 22
    $$$$$:   67-block 23
        2:   67-block 24
branch 16 taken 2
branch 17 taken 0
        2:   67-block 25
    $$$$$:   67-block 26
        1:   67-block 27
branch 18 taken 1
branch 19 taken 0
        1:   67-block 28
    $$$$$:   67-block 29
        2:   67-block 30
branch 20 taken 2
branch 21 taken 0
        2:   67-block 31
    $$$$$:   67-block 32
        1:   67-block 33
branch 22 taken 1
branch 23 taken 0
        1:   67-block 34
    $$$$$:   67-block 35
    $$$$$:   67-block 36
branch 24 never executed
branch 25 never executed
    $$$$$:   67-block 37
    $$$$$:   67-block 38
    $$$$$:   67-block 39
branch 26 never executed
branch 27 never executed
    $$$$$:   67-block 40
    $$$$$:   67-block 41
        -:   68:}
        -:   69:
        -:   70:_LIBCPP_END_NAMESPACE_STD
        -:   71:
        -:   72:#endif // _LIBCPP___ALGORITHM_UNWRAP_ITER_H
