        -:    0:Source:/Users/mihaildobroslavski/CLionProjects/CityMapProject/Structure/Path.cpp
        -:    0:Graph:/Users/mihaildobroslavski/CLionProjects/CityMapProject/cmake-build-debug-coverage/CMakeFiles/CityMapLibrary.dir/Structure/Path.cpp.gcno
        -:    0:Data:/Users/mihaildobroslavski/CLionProjects/CityMapProject/cmake-build-debug-coverage/CMakeFiles/CityMapLibrary.dir/Structure/Path.cpp.gcda
        -:    0:Runs:1
        -:    0:Programs:1
        -:    1://
        -:    2:// Created by Mihail Dobroslavski on 24.12.23.
        -:    3://
        -:    4:
        -:    5:#include "Path.h"
        -:    6:
function _ZN4Path5printEv called 2 returned 100% blocks executed 100%
        2:    7:void Path::print() {
        2:    8:    if (this == nullptr || nodes.empty()) {
        2:    8-block  0
branch  0 taken 2
branch  1 taken 0
        2:    8-block  1
branch  2 taken 1
branch  3 taken 1
        1:    9:        std::cout << "No items in path" << std::endl;
        1:   10:        return;
        1:   10-block  0
        -:   11:    }
        -:   12:
        3:   13:    for (auto item: nodes) {
        1:   13-block  0
        3:   13-block  1
branch  0 taken 2
branch  1 taken 1
        2:   13-block  2
        2:   13-block  3
        2:   13-block  4
        2:   14:        std::cout << item->getName() << " -> ";
        -:   15:    }
        -:   16:
        1:   17:    std::cout << " length = " << cost << std::endl;
        2:   18:}
        1:   18-block  0
        2:   18-block  1
        -:   19:
