        -:    0:Source:/Library/Developer/CommandLineTools/SDKs/MacOSX13.3.sdk/usr/include/c++/v1/vector
        -:    0:Graph:/Users/mihaildobroslavski/CLionProjects/CityMapProject/cmake-build-debug-coverage/CMakeFiles/PathTest.dir/UnitTesting/PathTest.cpp.gcno
        -:    0:Data:/Users/mihaildobroslavski/CLionProjects/CityMapProject/cmake-build-debug-coverage/CMakeFiles/PathTest.dir/UnitTesting/PathTest.cpp.gcda
        -:    0:Runs:1
        -:    0:Programs:1
        -:    1:// -*- C++ -*-
        -:    2://===----------------------------------------------------------------------===//
        -:    3://
        -:    4:// Part of the LLVM Project, under the Apache License v2.0 with LLVM Exceptions.
        -:    5:// See https://llvm.org/LICENSE.txt for license information.
        -:    6:// SPDX-License-Identifier: Apache-2.0 WITH LLVM-exception
        -:    7://
        -:    8://===----------------------------------------------------------------------===//
        -:    9:
        -:   10:#ifndef _LIBCPP_VECTOR
        -:   11:#define _LIBCPP_VECTOR
        -:   12:
        -:   13:/*
        -:   14:    vector synopsis
        -:   15:
        -:   16:namespace std
        -:   17:{
        -:   18:
        -:   19:template <class T, class Allocator = allocator<T> >
        -:   20:class vector
        -:   21:{
        -:   22:public:
        -:   23:    typedef T                                        value_type;
        -:   24:    typedef Allocator                                allocator_type;
        -:   25:    typedef typename allocator_type::reference       reference;
        -:   26:    typedef typename allocator_type::const_reference const_reference;
        -:   27:    typedef implementation-defined                   iterator;
        -:   28:    typedef implementation-defined                   const_iterator;
        -:   29:    typedef typename allocator_type::size_type       size_type;
        -:   30:    typedef typename allocator_type::difference_type difference_type;
        -:   31:    typedef typename allocator_type::pointer         pointer;
        -:   32:    typedef typename allocator_type::const_pointer   const_pointer;
        -:   33:    typedef std::reverse_iterator<iterator>          reverse_iterator;
        -:   34:    typedef std::reverse_iterator<const_iterator>    const_reverse_iterator;
        -:   35:
        -:   36:    vector()
        -:   37:        noexcept(is_nothrow_default_constructible<allocator_type>::value);
        -:   38:    explicit vector(const allocator_type&);
        -:   39:    explicit vector(size_type n);
        -:   40:    explicit vector(size_type n, const allocator_type&); // C++14
        -:   41:    vector(size_type n, const value_type& value, const allocator_type& = allocator_type());
        -:   42:    template <class InputIterator>
        -:   43:        vector(InputIterator first, InputIterator last, const allocator_type& = allocator_type());
        -:   44:    vector(const vector& x);
        -:   45:    vector(vector&& x)
        -:   46:        noexcept(is_nothrow_move_constructible<allocator_type>::value);
        -:   47:    vector(initializer_list<value_type> il);
        -:   48:    vector(initializer_list<value_type> il, const allocator_type& a);
        -:   49:    ~vector();
        -:   50:    vector& operator=(const vector& x);
        -:   51:    vector& operator=(vector&& x)
        -:   52:        noexcept(
        -:   53:             allocator_type::propagate_on_container_move_assignment::value ||
        -:   54:             allocator_type::is_always_equal::value); // C++17
        -:   55:    vector& operator=(initializer_list<value_type> il);
        -:   56:    template <class InputIterator>
        -:   57:        void assign(InputIterator first, InputIterator last);
        -:   58:    void assign(size_type n, const value_type& u);
        -:   59:    void assign(initializer_list<value_type> il);
        -:   60:
        -:   61:    allocator_type get_allocator() const noexcept;
        -:   62:
        -:   63:    iterator               begin() noexcept;
        -:   64:    const_iterator         begin()   const noexcept;
        -:   65:    iterator               end() noexcept;
        -:   66:    const_iterator         end()     const noexcept;
        -:   67:
        -:   68:    reverse_iterator       rbegin() noexcept;
        -:   69:    const_reverse_iterator rbegin()  const noexcept;
        -:   70:    reverse_iterator       rend() noexcept;
        -:   71:    const_reverse_iterator rend()    const noexcept;
        -:   72:
        -:   73:    const_iterator         cbegin()  const noexcept;
        -:   74:    const_iterator         cend()    const noexcept;
        -:   75:    const_reverse_iterator crbegin() const noexcept;
        -:   76:    const_reverse_iterator crend()   const noexcept;
        -:   77:
        -:   78:    size_type size() const noexcept;
        -:   79:    size_type max_size() const noexcept;
        -:   80:    size_type capacity() const noexcept;
        -:   81:    bool empty() const noexcept;
        -:   82:    void reserve(size_type n);
        -:   83:    void shrink_to_fit() noexcept;
        -:   84:
        -:   85:    reference       operator[](size_type n);
        -:   86:    const_reference operator[](size_type n) const;
        -:   87:    reference       at(size_type n);
        -:   88:    const_reference at(size_type n) const;
        -:   89:
        -:   90:    reference       front();
        -:   91:    const_reference front() const;
        -:   92:    reference       back();
        -:   93:    const_reference back() const;
        -:   94:
        -:   95:    value_type*       data() noexcept;
        -:   96:    const value_type* data() const noexcept;
        -:   97:
        -:   98:    void push_back(const value_type& x);
        -:   99:    void push_back(value_type&& x);
        -:  100:    template <class... Args>
        -:  101:        reference emplace_back(Args&&... args); // reference in C++17
        -:  102:    void pop_back();
        -:  103:
        -:  104:    template <class... Args> iterator emplace(const_iterator position, Args&&... args);
        -:  105:    iterator insert(const_iterator position, const value_type& x);
        -:  106:    iterator insert(const_iterator position, value_type&& x);
        -:  107:    iterator insert(const_iterator position, size_type n, const value_type& x);
        -:  108:    template <class InputIterator>
        -:  109:        iterator insert(const_iterator position, InputIterator first, InputIterator last);
        -:  110:    iterator insert(const_iterator position, initializer_list<value_type> il);
        -:  111:
        -:  112:    iterator erase(const_iterator position);
        -:  113:    iterator erase(const_iterator first, const_iterator last);
        -:  114:
        -:  115:    void clear() noexcept;
        -:  116:
        -:  117:    void resize(size_type sz);
        -:  118:    void resize(size_type sz, const value_type& c);
        -:  119:
        -:  120:    void swap(vector&)
        -:  121:        noexcept(allocator_traits<allocator_type>::propagate_on_container_swap::value ||
        -:  122:                 allocator_traits<allocator_type>::is_always_equal::value);  // C++17
        -:  123:
        -:  124:    bool __invariants() const;
        -:  125:};
        -:  126:
        -:  127:template <class Allocator = allocator<T> >
        -:  128:class vector<bool, Allocator>
        -:  129:{
        -:  130:public:
        -:  131:    typedef bool                                     value_type;
        -:  132:    typedef Allocator                                allocator_type;
        -:  133:    typedef implementation-defined                   iterator;
        -:  134:    typedef implementation-defined                   const_iterator;
        -:  135:    typedef typename allocator_type::size_type       size_type;
        -:  136:    typedef typename allocator_type::difference_type difference_type;
        -:  137:    typedef iterator                                 pointer;
        -:  138:    typedef const_iterator                           const_pointer;
        -:  139:    typedef std::reverse_iterator<iterator>          reverse_iterator;
        -:  140:    typedef std::reverse_iterator<const_iterator>    const_reverse_iterator;
        -:  141:
        -:  142:    class reference
        -:  143:    {
        -:  144:    public:
        -:  145:        reference(const reference&) noexcept;
        -:  146:        operator bool() const noexcept;
        -:  147:        reference& operator=(bool x) noexcept;
        -:  148:        reference& operator=(const reference& x) noexcept;
        -:  149:        iterator operator&() const noexcept;
        -:  150:        void flip() noexcept;
        -:  151:    };
        -:  152:
        -:  153:    class const_reference
        -:  154:    {
        -:  155:    public:
        -:  156:        const_reference(const reference&) noexcept;
        -:  157:        operator bool() const noexcept;
        -:  158:        const_iterator operator&() const noexcept;
        -:  159:    };
        -:  160:
        -:  161:    vector()
        -:  162:        noexcept(is_nothrow_default_constructible<allocator_type>::value);
        -:  163:    explicit vector(const allocator_type&);
        -:  164:    explicit vector(size_type n, const allocator_type& a = allocator_type()); // C++14
        -:  165:    vector(size_type n, const value_type& value, const allocator_type& = allocator_type());
        -:  166:    template <class InputIterator>
        -:  167:        vector(InputIterator first, InputIterator last, const allocator_type& = allocator_type());
        -:  168:    vector(const vector& x);
        -:  169:    vector(vector&& x)
        -:  170:        noexcept(is_nothrow_move_constructible<allocator_type>::value);
        -:  171:    vector(initializer_list<value_type> il);
        -:  172:    vector(initializer_list<value_type> il, const allocator_type& a);
        -:  173:    ~vector();
        -:  174:    vector& operator=(const vector& x);
        -:  175:    vector& operator=(vector&& x)
        -:  176:        noexcept(
        -:  177:             allocator_type::propagate_on_container_move_assignment::value ||
        -:  178:             allocator_type::is_always_equal::value); // C++17
        -:  179:    vector& operator=(initializer_list<value_type> il);
        -:  180:    template <class InputIterator>
        -:  181:        void assign(InputIterator first, InputIterator last);
        -:  182:    void assign(size_type n, const value_type& u);
        -:  183:    void assign(initializer_list<value_type> il);
        -:  184:
        -:  185:    allocator_type get_allocator() const noexcept;
        -:  186:
        -:  187:    iterator               begin() noexcept;
        -:  188:    const_iterator         begin()   const noexcept;
        -:  189:    iterator               end() noexcept;
        -:  190:    const_iterator         end()     const noexcept;
        -:  191:
        -:  192:    reverse_iterator       rbegin() noexcept;
        -:  193:    const_reverse_iterator rbegin()  const noexcept;
        -:  194:    reverse_iterator       rend() noexcept;
        -:  195:    const_reverse_iterator rend()    const noexcept;
        -:  196:
        -:  197:    const_iterator         cbegin()  const noexcept;
        -:  198:    const_iterator         cend()    const noexcept;
        -:  199:    const_reverse_iterator crbegin() const noexcept;
        -:  200:    const_reverse_iterator crend()   const noexcept;
        -:  201:
        -:  202:    size_type size() const noexcept;
        -:  203:    size_type max_size() const noexcept;
        -:  204:    size_type capacity() const noexcept;
        -:  205:    bool empty() const noexcept;
        -:  206:    void reserve(size_type n);
        -:  207:    void shrink_to_fit() noexcept;
        -:  208:
        -:  209:    reference       operator[](size_type n);
        -:  210:    const_reference operator[](size_type n) const;
        -:  211:    reference       at(size_type n);
        -:  212:    const_reference at(size_type n) const;
        -:  213:
        -:  214:    reference       front();
        -:  215:    const_reference front() const;
        -:  216:    reference       back();
        -:  217:    const_reference back() const;
        -:  218:
        -:  219:    void push_back(const value_type& x);
        -:  220:    template <class... Args> reference emplace_back(Args&&... args);  // C++14; reference in C++17
        -:  221:    void pop_back();
        -:  222:
        -:  223:    template <class... Args> iterator emplace(const_iterator position, Args&&... args);  // C++14
        -:  224:    iterator insert(const_iterator position, const value_type& x);
        -:  225:    iterator insert(const_iterator position, size_type n, const value_type& x);
        -:  226:    template <class InputIterator>
        -:  227:        iterator insert(const_iterator position, InputIterator first, InputIterator last);
        -:  228:    iterator insert(const_iterator position, initializer_list<value_type> il);
        -:  229:
        -:  230:    iterator erase(const_iterator position);
        -:  231:    iterator erase(const_iterator first, const_iterator last);
        -:  232:
        -:  233:    void clear() noexcept;
        -:  234:
        -:  235:    void resize(size_type sz);
        -:  236:    void resize(size_type sz, value_type x);
        -:  237:
        -:  238:    void swap(vector&)
        -:  239:        noexcept(allocator_traits<allocator_type>::propagate_on_container_swap::value ||
        -:  240:                 allocator_traits<allocator_type>::is_always_equal::value);  // C++17
        -:  241:    void flip() noexcept;
        -:  242:
        -:  243:    bool __invariants() const;
        -:  244:};
        -:  245:
        -:  246:template <class InputIterator, class Allocator = allocator<typename iterator_traits<InputIterator>::value_type>>
        -:  247:   vector(InputIterator, InputIterator, Allocator = Allocator())
        -:  248:   -> vector<typename iterator_traits<InputIterator>::value_type, Allocator>; // C++17
        -:  249:
        -:  250:template <class Allocator> struct hash<std::vector<bool, Allocator>>;
        -:  251:
        -:  252:template <class T, class Allocator> bool operator==(const vector<T,Allocator>& x, const vector<T,Allocator>& y);
        -:  253:template <class T, class Allocator> bool operator< (const vector<T,Allocator>& x, const vector<T,Allocator>& y);
        -:  254:template <class T, class Allocator> bool operator!=(const vector<T,Allocator>& x, const vector<T,Allocator>& y);
        -:  255:template <class T, class Allocator> bool operator> (const vector<T,Allocator>& x, const vector<T,Allocator>& y);
        -:  256:template <class T, class Allocator> bool operator>=(const vector<T,Allocator>& x, const vector<T,Allocator>& y);
        -:  257:template <class T, class Allocator> bool operator<=(const vector<T,Allocator>& x, const vector<T,Allocator>& y);
        -:  258:
        -:  259:template <class T, class Allocator>
        -:  260:void swap(vector<T,Allocator>& x, vector<T,Allocator>& y)
        -:  261:    noexcept(noexcept(x.swap(y)));
        -:  262:
        -:  263:template <class T, class Allocator, class U>
        -:  264:typename vector<T, Allocator>::size_type
        -:  265:erase(vector<T, Allocator>& c, const U& value);       // C++20
        -:  266:template <class T, class Allocator, class Predicate>
        -:  267:typename vector<T, Allocator>::size_type
        -:  268:erase_if(vector<T, Allocator>& c, Predicate pred);    // C++20
        -:  269:
        -:  270:}  // std
        -:  271:
        -:  272:*/
        -:  273:
        -:  274:#include <__algorithm/copy.h>
        -:  275:#include <__algorithm/equal.h>
        -:  276:#include <__algorithm/fill_n.h>
        -:  277:#include <__algorithm/lexicographical_compare.h>
        -:  278:#include <__algorithm/remove.h>
        -:  279:#include <__algorithm/remove_if.h>
        -:  280:#include <__algorithm/rotate.h>
        -:  281:#include <__algorithm/unwrap_iter.h>
        -:  282:#include <__assert> // all public C++ headers provide the assertion handler
        -:  283:#include <__bit_reference>
        -:  284:#include <__config>
        -:  285:#include <__debug>
        -:  286:#include <__format/enable_insertable.h>
        -:  287:#include <__functional/hash.h>
        -:  288:#include <__functional/unary_function.h>
        -:  289:#include <__iterator/advance.h>
        -:  290:#include <__iterator/iterator_traits.h>
        -:  291:#include <__iterator/reverse_iterator.h>
        -:  292:#include <__iterator/wrap_iter.h>
        -:  293:#include <__memory/allocate_at_least.h>
        -:  294:#include <__memory/pointer_traits.h>
        -:  295:#include <__memory/swap_allocator.h>
        -:  296:#include <__split_buffer>
        -:  297:#include <__utility/forward.h>
        -:  298:#include <__utility/move.h>
        -:  299:#include <__utility/swap.h>
        -:  300:#include <climits>
        -:  301:#include <cstdlib>
        -:  302:#include <cstring>
        -:  303:#include <iosfwd> // for forward declaration of vector
        -:  304:#include <limits>
        -:  305:#include <memory>
        -:  306:#include <stdexcept>
        -:  307:#include <type_traits>
        -:  308:#include <version>
        -:  309:
        -:  310:#ifndef _LIBCPP_REMOVE_TRANSITIVE_INCLUDES
        -:  311:#  include <algorithm>
        -:  312:#  include <typeinfo>
        -:  313:#  include <utility>
        -:  314:#endif
        -:  315:
        -:  316:// standard-mandated includes
        -:  317:
        -:  318:// [iterator.range]
        -:  319:#include <__iterator/access.h>
        -:  320:#include <__iterator/data.h>
        -:  321:#include <__iterator/empty.h>
        -:  322:#include <__iterator/reverse_access.h>
        -:  323:#include <__iterator/size.h>
        -:  324:
        -:  325:// [vector.syn]
        -:  326:#include <compare>
        -:  327:#include <initializer_list>
        -:  328:
        -:  329:#if !defined(_LIBCPP_HAS_NO_PRAGMA_SYSTEM_HEADER)
        -:  330:#  pragma GCC system_header
        -:  331:#endif
        -:  332:
        -:  333:_LIBCPP_PUSH_MACROS
        -:  334:#include <__undef_macros>
        -:  335:
        -:  336:
        -:  337:_LIBCPP_BEGIN_NAMESPACE_STD
        -:  338:
        -:  339:template <class _Tp, class _Allocator /* = allocator<_Tp> */>
        -:  340:class _LIBCPP_TEMPLATE_VIS vector
        -:  341:{
        -:  342:private:
        -:  343:    typedef allocator<_Tp>                                  __default_allocator_type;
        -:  344:public:
        -:  345:    typedef vector                                          __self;
        -:  346:    typedef _Tp                                             value_type;
        -:  347:    typedef _Allocator                                      allocator_type;
        -:  348:    typedef allocator_traits<allocator_type>                __alloc_traits;
        -:  349:    typedef value_type&                                     reference;
        -:  350:    typedef const value_type&                               const_reference;
        -:  351:    typedef typename __alloc_traits::size_type              size_type;
        -:  352:    typedef typename __alloc_traits::difference_type        difference_type;
        -:  353:    typedef typename __alloc_traits::pointer                pointer;
        -:  354:    typedef typename __alloc_traits::const_pointer          const_pointer;
        -:  355:    typedef __wrap_iter<pointer>                            iterator;
        -:  356:    typedef __wrap_iter<const_pointer>                      const_iterator;
        -:  357:    typedef _VSTD::reverse_iterator<iterator>               reverse_iterator;
        -:  358:    typedef _VSTD::reverse_iterator<const_iterator>         const_reverse_iterator;
        -:  359:
        -:  360:    static_assert((is_same<typename allocator_type::value_type, value_type>::value),
        -:  361:                  "Allocator::value_type must be same type as value_type");
        -:  362:
        -:  363:    _LIBCPP_CONSTEXPR_AFTER_CXX17 _LIBCPP_INLINE_VISIBILITY
function _ZNSt3__16vectorIPKN7doctest6detail8TestCaseENS_9allocatorIS5_EEEC1B6v15006Ev called 1 returned 100% blocks executed 100%
function _ZNSt3__16vectorIPKN7doctest12TestCaseDataENS_9allocatorIS4_EEEC1B6v15006Ev called 1 returned 100% blocks executed 100%
function _ZNSt3__16vectorINS_4fposI11__mbstate_tEENS_9allocatorIS3_EEEC1B6v15006Ev called 0 returned 0% blocks executed 0%
function _ZNSt3__16vectorINS_4fposI11__mbstate_tEENS_9allocatorIS3_EEEC2B6v15006Ev called 0 returned 0% blocks executed 0%
function _ZNSt3__16vectorIPN7doctest9IReporterENS_9allocatorIS3_EEEC1B6v15006Ev called 3 returned 100% blocks executed 100%
function _ZNSt3__16vectorIN7doctest6StringENS_9allocatorIS2_EEEC1B6v15006Ev called 30 returned 100% blocks executed 100%
function _ZNSt3__16vectorIN7doctest16SubcaseSignatureENS_9allocatorIS2_EEEC1B6v15006Ev called 7 returned 100% blocks executed 100%
function _ZNSt3__16vectorIPN7doctest9IReporterENS_9allocatorIS3_EEEC2B6v15006Ev called 3 returned 100% blocks executed 75%
function _ZNSt3__16vectorIN7doctest6StringENS_9allocatorIS2_EEEC2B6v15006Ev called 30 returned 100% blocks executed 75%
function _ZNSt3__16vectorIN7doctest16SubcaseSignatureENS_9allocatorIS2_EEEC2B6v15006Ev called 7 returned 100% blocks executed 75%
function _ZNSt3__16vectorIPKN7doctest6detail8TestCaseENS_9allocatorIS5_EEEC2B6v15006Ev called 1 returned 100% blocks executed 75%
function _ZNSt3__16vectorIPKN7doctest12TestCaseDataENS_9allocatorIS4_EEEC2B6v15006Ev called 1 returned 100% blocks executed 75%
function _ZNSt3__16vectorIP5GraphNS_9allocatorIS2_EEEC1B6v15006Ev called 4 returned 100% blocks executed 100%
function _ZNSt3__16vectorIP5GraphNS_9allocatorIS2_EEEC2B6v15006Ev called 4 returned 100% blocks executed 75%
function _ZNSt3__16vectorINS_12basic_stringIcNS_11char_traitsIcEENS_9allocatorIcEEEENS4_IS6_EEEC1B6v15006Ev called 0 returned 0% blocks executed 0%
function _ZNSt3__16vectorINS_12basic_stringIcNS_11char_traitsIcEENS_9allocatorIcEEEENS4_IS6_EEEC2B6v15006Ev called 0 returned 0% blocks executed 0%
function _ZNSt3__16vectorIN7doctest12_GLOBAL__N_113JUnitReporter17JUnitTestCaseData13JUnitTestCaseENS_9allocatorIS5_EEEC1B6v15006Ev called 0 returned 0% blocks executed 0%
function _ZNSt3__16vectorIN7doctest12_GLOBAL__N_113JUnitReporter17JUnitTestCaseData13JUnitTestCaseENS_9allocatorIS5_EEEC2B6v15006Ev called 0 returned 0% blocks executed 0%
function _ZNSt3__16vectorIN7doctest12_GLOBAL__N_113JUnitReporter17JUnitTestCaseData16JUnitTestMessageENS_9allocatorIS5_EEEC1B6v15006Ev called 0 returned 0% blocks executed 0%
function _ZNSt3__16vectorIN7doctest12_GLOBAL__N_113JUnitReporter17JUnitTestCaseData16JUnitTestMessageENS_9allocatorIS5_EEEC2B6v15006Ev called 0 returned 0% blocks executed 0%
       92:  364:    vector() _NOEXCEPT_(is_nothrow_default_constructible<allocator_type>::value)
       46:  365:    {
       46:  366:        _VSTD::__debug_db_insert_c(this);
    $$$$$:  366-block  0
branch  0 never executed
branch  1 never executed
        3:  366-block  1
branch  2 taken 3
branch  3 taken 0
       30:  366-block  2
branch  4 taken 30
branch  5 taken 0
        7:  366-block  3
branch  6 taken 7
branch  7 taken 0
        1:  366-block  4
branch  8 taken 1
branch  9 taken 0
        1:  366-block  5
branch 10 taken 1
branch 11 taken 0
        4:  366-block  6
branch 12 taken 4
branch 13 taken 0
    $$$$$:  366-block  7
branch 14 never executed
branch 15 never executed
    $$$$$:  366-block  8
branch 16 never executed
branch 17 never executed
    $$$$$:  366-block  9
branch 18 never executed
branch 19 never executed
       92:  367:    }
        1:  367-block  0
        1:  367-block  1
    $$$$$:  367-block  2
    $$$$$:  367-block  3
        3:  367-block  4
       30:  367-block  5
        7:  367-block  6
        3:  367-block  7
       30:  367-block  8
        7:  367-block  9
        1:  367-block 10
        1:  367-block 11
        4:  367-block 12
        4:  367-block 13
    $$$$$:  367-block 14
    $$$$$:  367-block 15
    $$$$$:  367-block 16
    $$$$$:  367-block 17
    $$$$$:  367-block 18
    $$$$$:  367-block 19
        -:  368:    _LIBCPP_CONSTEXPR_AFTER_CXX17 _LIBCPP_INLINE_VISIBILITY explicit vector(const allocator_type& __a)
        -:  369:#if _LIBCPP_STD_VER <= 14
        -:  370:        _NOEXCEPT_(is_nothrow_copy_constructible<allocator_type>::value)
        -:  371:#else
        -:  372:        _NOEXCEPT
        -:  373:#endif
        -:  374:        : __end_cap_(nullptr, __a)
        -:  375:    {
        -:  376:        _VSTD::__debug_db_insert_c(this);
        -:  377:    }
        -:  378:    _LIBCPP_CONSTEXPR_AFTER_CXX17 explicit vector(size_type __n);
        -:  379:#if _LIBCPP_STD_VER > 11
        -:  380:    _LIBCPP_CONSTEXPR_AFTER_CXX17 explicit vector(size_type __n, const allocator_type& __a);
        -:  381:#endif
        -:  382:    _LIBCPP_CONSTEXPR_AFTER_CXX17 vector(size_type __n, const value_type& __x);
        -:  383:
        -:  384:    template <class = __enable_if_t<__is_allocator<_Allocator>::value> >
        -:  385:    _LIBCPP_CONSTEXPR_AFTER_CXX17
        -:  386:    vector(size_type __n, const value_type& __x, const allocator_type& __a)
        -:  387:        : __end_cap_(nullptr, __a)
        -:  388:    {
        -:  389:      _VSTD::__debug_db_insert_c(this);
        -:  390:      if (__n > 0)
        -:  391:      {
        -:  392:          __vallocate(__n);
        -:  393:          __construct_at_end(__n, __x);
        -:  394:      }
        -:  395:    }
        -:  396:
        -:  397:    template <class _InputIterator>
        -:  398:        _LIBCPP_CONSTEXPR_AFTER_CXX17
        -:  399:        vector(_InputIterator __first,
        -:  400:               typename enable_if<__is_exactly_cpp17_input_iterator<_InputIterator>::value &&
        -:  401:                                 is_constructible<
        -:  402:                                    value_type,
        -:  403:                                    typename iterator_traits<_InputIterator>::reference>::value,
        -:  404:                                 _InputIterator>::type __last);
        -:  405:    template <class _InputIterator>
        -:  406:        _LIBCPP_CONSTEXPR_AFTER_CXX17
        -:  407:        vector(_InputIterator __first, _InputIterator __last, const allocator_type& __a,
        -:  408:               typename enable_if<__is_exactly_cpp17_input_iterator<_InputIterator>::value &&
        -:  409:                                 is_constructible<
        -:  410:                                    value_type,
        -:  411:                                    typename iterator_traits<_InputIterator>::reference>::value>::type* = 0);
        -:  412:    template <class _ForwardIterator>
        -:  413:        _LIBCPP_CONSTEXPR_AFTER_CXX17
        -:  414:        vector(_ForwardIterator __first,
        -:  415:               typename enable_if<__is_cpp17_forward_iterator<_ForwardIterator>::value &&
        -:  416:                                 is_constructible<
        -:  417:                                    value_type,
        -:  418:                                    typename iterator_traits<_ForwardIterator>::reference>::value,
        -:  419:                                 _ForwardIterator>::type __last);
        -:  420:    template <class _ForwardIterator>
        -:  421:        _LIBCPP_CONSTEXPR_AFTER_CXX17
        -:  422:        vector(_ForwardIterator __first, _ForwardIterator __last, const allocator_type& __a,
        -:  423:               typename enable_if<__is_cpp17_forward_iterator<_ForwardIterator>::value &&
        -:  424:                                 is_constructible<
        -:  425:                                    value_type,
        -:  426:                                    typename iterator_traits<_ForwardIterator>::reference>::value>::type* = 0);
        -:  427:
        -:  428:    _LIBCPP_CONSTEXPR_AFTER_CXX17 _LIBCPP_INLINE_VISIBILITY
function _ZNSt3__16vectorIPN7doctest13IContextScopeENS_9allocatorIS3_EEED1B6v15006Ev called 0 returned 0% blocks executed 0%
function _ZNSt3__16vectorIPKN7doctest12TestCaseDataENS_9allocatorIS4_EEED1B6v15006Ev called 1 returned 100% blocks executed 100%
function _ZNSt3__16vectorIPKN7doctest6detail8TestCaseENS_9allocatorIS5_EEED1B6v15006Ev called 1 returned 100% blocks executed 100%
function _ZNSt3__16vectorINS_4fposI11__mbstate_tEENS_9allocatorIS3_EEED1B6v15006Ev called 0 returned 0% blocks executed 0%
function _ZNSt3__16vectorINS_4fposI11__mbstate_tEENS_9allocatorIS3_EEED2B6v15006Ev called 0 returned 0% blocks executed 0%
function _ZNSt3__16vectorIPKN7doctest6detail20IExceptionTranslatorENS_9allocatorIS5_EEED1B6v15006Ev called 0 returned 0% blocks executed 0%
function _ZNSt3__16vectorIPKN7doctest6detail20IExceptionTranslatorENS_9allocatorIS5_EEED2B6v15006Ev called 0 returned 0% blocks executed 0%
function _ZNSt3__16vectorIPN7doctest13IContextScopeENS_9allocatorIS3_EEED2B6v15006Ev called 0 returned 0% blocks executed 0%
function _ZNSt3__16vectorIN7doctest16SubcaseSignatureENS_9allocatorIS2_EEED1B6v15006Ev called 7 returned 100% blocks executed 100%
function _ZNSt3__16vectorIN7doctest6StringENS_9allocatorIS2_EEED1B6v15006Ev called 30 returned 100% blocks executed 100%
function _ZNSt3__16vectorIPN7doctest9IReporterENS_9allocatorIS3_EEED1B6v15006Ev called 3 returned 100% blocks executed 100%
function _ZNSt3__16vectorINS0_IN7doctest6StringENS_9allocatorIS2_EEEENS3_IS5_EEED1B6v15006Ev called 3 returned 100% blocks executed 100%
function _ZNSt3__16vectorIN7doctest16SubcaseSignatureENS_9allocatorIS2_EEED2B6v15006Ev called 7 returned 100% blocks executed 80%
function _ZNSt3__16vectorIN7doctest6StringENS_9allocatorIS2_EEED2B6v15006Ev called 30 returned 100% blocks executed 80%
function _ZNSt3__16vectorIPN7doctest9IReporterENS_9allocatorIS3_EEED2B6v15006Ev called 3 returned 100% blocks executed 80%
function _ZNSt3__16vectorINS0_IN7doctest6StringENS_9allocatorIS2_EEEENS3_IS5_EEED2B6v15006Ev called 3 returned 100% blocks executed 80%
function _ZNSt3__16vectorIPKN7doctest12TestCaseDataENS_9allocatorIS4_EEED2B6v15006Ev called 1 returned 100% blocks executed 60%
function _ZNSt3__16vectorIPKN7doctest6detail8TestCaseENS_9allocatorIS5_EEED2B6v15006Ev called 1 returned 100% blocks executed 80%
function _ZNSt3__16vectorIP5GraphNS_9allocatorIS2_EEED1B6v15006Ev called 4 returned 100% blocks executed 100%
function _ZNSt3__16vectorIP5GraphNS_9allocatorIS2_EEED2B6v15006Ev called 4 returned 100% blocks executed 80%
function _ZNSt3__16vectorINS_12basic_stringIcNS_11char_traitsIcEENS_9allocatorIcEEEENS4_IS6_EEED1B6v15006Ev called 0 returned 0% blocks executed 0%
function _ZNSt3__16vectorINS_12basic_stringIcNS_11char_traitsIcEENS_9allocatorIcEEEENS4_IS6_EEED2B6v15006Ev called 0 returned 0% blocks executed 0%
function _ZNSt3__16vectorIN7doctest12_GLOBAL__N_113JUnitReporter17JUnitTestCaseData16JUnitTestMessageENS_9allocatorIS5_EEED1B6v15006Ev called 0 returned 0% blocks executed 0%
function _ZNSt3__16vectorIN7doctest12_GLOBAL__N_113JUnitReporter17JUnitTestCaseData16JUnitTestMessageENS_9allocatorIS5_EEED2B6v15006Ev called 0 returned 0% blocks executed 0%
function _ZNSt3__16vectorIN7doctest12_GLOBAL__N_113JUnitReporter17JUnitTestCaseData13JUnitTestCaseENS_9allocatorIS5_EEED1B6v15006Ev called 0 returned 0% blocks executed 0%
function _ZNSt3__16vectorIN7doctest12_GLOBAL__N_113JUnitReporter17JUnitTestCaseData13JUnitTestCaseENS_9allocatorIS5_EEED2B6v15006Ev called 0 returned 0% blocks executed 0%
       98:  429:    ~vector()
       49:  430:    {
       49:  431:      __annotate_delete();
       49:  432:      std::__debug_db_erase_c(this);
    $$$$$:  432-block  0
branch  0 never executed
branch  1 never executed
    $$$$$:  432-block  1
    $$$$$:  432-block  2
branch  2 never executed
branch  3 never executed
    $$$$$:  432-block  3
    $$$$$:  432-block  4
branch  4 never executed
branch  5 never executed
    $$$$$:  432-block  5
        7:  432-block  6
branch  6 taken 7
branch  7 taken 0
    $$$$$:  432-block  7
       30:  432-block  8
branch  8 taken 30
branch  9 taken 0
    $$$$$:  432-block  9
        3:  432-block 10
branch 10 taken 3
branch 11 taken 0
    $$$$$:  432-block 11
        3:  432-block 12
branch 12 taken 3
branch 13 taken 0
    $$$$$:  432-block 13
        1:  432-block 14
branch 14 taken 1
branch 15 taken 0
    $$$$$:  432-block 15
        1:  432-block 16
branch 16 taken 1
branch 17 taken 0
    $$$$$:  432-block 17
        4:  432-block 18
branch 18 taken 4
branch 19 taken 0
    $$$$$:  432-block 19
    $$$$$:  432-block 20
branch 20 never executed
branch 21 never executed
    $$$$$:  432-block 21
    $$$$$:  432-block 22
branch 22 never executed
branch 23 never executed
    $$$$$:  432-block 23
    $$$$$:  432-block 24
branch 24 never executed
branch 25 never executed
    $$$$$:  432-block 25
        -:  433:
       49:  434:      if (this->__begin_ != nullptr)
    $$$$$:  434-block  0
branch  0 never executed
branch  1 never executed
    $$$$$:  434-block  1
branch  2 never executed
branch  3 never executed
    $$$$$:  434-block  2
branch  4 never executed
branch  5 never executed
        7:  434-block  3
branch  6 taken 4
branch  7 taken 3
       30:  434-block  4
branch  8 taken 29
branch  9 taken 1
        3:  434-block  5
branch 10 taken 2
branch 11 taken 1
        3:  434-block  6
branch 12 taken 0
branch 13 taken 3
        1:  434-block  7
branch 14 taken 1
branch 15 taken 0
        1:  434-block  8
branch 16 taken 0
branch 17 taken 1
        4:  434-block  9
branch 18 taken 2
branch 19 taken 2
    $$$$$:  434-block 10
branch 20 never executed
branch 21 never executed
    $$$$$:  434-block 11
branch 22 never executed
branch 23 never executed
    $$$$$:  434-block 12
branch 24 never executed
branch 25 never executed
        -:  435:      {
       11:  436:        __clear();
       11:  437:        __alloc_traits::deallocate(__alloc(), this->__begin_, capacity());
       11:  438:      }
    $$$$$:  438-block  0
    $$$$$:  438-block  1
    $$$$$:  438-block  2
        3:  438-block  3
        1:  438-block  4
        1:  438-block  5
        3:  438-block  6
    $$$$$:  438-block  7
        1:  438-block  8
        2:  438-block  9
    $$$$$:  438-block 10
    $$$$$:  438-block 11
    $$$$$:  438-block 12
       98:  439:    }
    $$$$$:  439-block  0
        1:  439-block  1
        1:  439-block  2
    $$$$$:  439-block  3
    $$$$$:  439-block  4
    $$$$$:  439-block  5
    $$$$$:  439-block  6
    $$$$$:  439-block  7
        7:  439-block  8
       30:  439-block  9
        3:  439-block 10
        3:  439-block 11
        7:  439-block 12
       30:  439-block 13
        3:  439-block 14
        3:  439-block 15
        1:  439-block 16
        1:  439-block 17
        4:  439-block 18
        4:  439-block 19
    $$$$$:  439-block 20
    $$$$$:  439-block 21
    $$$$$:  439-block 22
    $$$$$:  439-block 23
    $$$$$:  439-block 24
    $$$$$:  439-block 25
        -:  440:
        -:  441:    _LIBCPP_CONSTEXPR_AFTER_CXX17 vector(const vector& __x);
        -:  442:    _LIBCPP_CONSTEXPR_AFTER_CXX17 vector(const vector& __x, const __type_identity_t<allocator_type>& __a);
        -:  443:    _LIBCPP_CONSTEXPR_AFTER_CXX17 _LIBCPP_INLINE_VISIBILITY
        -:  444:    vector& operator=(const vector& __x);
        -:  445:
        -:  446:#ifndef _LIBCPP_CXX03_LANG
        -:  447:    _LIBCPP_CONSTEXPR_AFTER_CXX17 _LIBCPP_INLINE_VISIBILITY
        -:  448:    vector(initializer_list<value_type> __il);
        -:  449:
        -:  450:    _LIBCPP_CONSTEXPR_AFTER_CXX17 _LIBCPP_INLINE_VISIBILITY
        -:  451:    vector(initializer_list<value_type> __il, const allocator_type& __a);
        -:  452:
        -:  453:    _LIBCPP_CONSTEXPR_AFTER_CXX17 _LIBCPP_INLINE_VISIBILITY
        -:  454:    vector& operator=(initializer_list<value_type> __il)
        -:  455:        {assign(__il.begin(), __il.end()); return *this;}
        -:  456:#endif // !_LIBCPP_CXX03_LANG
        -:  457:
        -:  458:    _LIBCPP_CONSTEXPR_AFTER_CXX17 _LIBCPP_INLINE_VISIBILITY
        -:  459:    vector(vector&& __x)
        -:  460:#if _LIBCPP_STD_VER > 14
        -:  461:        noexcept;
        -:  462:#else
        -:  463:        _NOEXCEPT_(is_nothrow_move_constructible<allocator_type>::value);
        -:  464:#endif
        -:  465:
        -:  466:    _LIBCPP_CONSTEXPR_AFTER_CXX17 _LIBCPP_INLINE_VISIBILITY
        -:  467:    vector(vector&& __x, const __type_identity_t<allocator_type>& __a);
        -:  468:    _LIBCPP_CONSTEXPR_AFTER_CXX17 _LIBCPP_INLINE_VISIBILITY
        -:  469:    vector& operator=(vector&& __x)
        -:  470:        _NOEXCEPT_((__noexcept_move_assign_container<_Allocator, __alloc_traits>::value));
        -:  471:
        -:  472:    template <class _InputIterator>
        -:  473:        _LIBCPP_CONSTEXPR_AFTER_CXX17 typename enable_if <__is_exactly_cpp17_input_iterator<_InputIterator>::value &&
        -:  474:            is_constructible<
        -:  475:                 value_type,
        -:  476:                 typename iterator_traits<_InputIterator>::reference>::value,
        -:  477:            void
        -:  478:        >::type
        -:  479:        assign(_InputIterator __first, _InputIterator __last);
        -:  480:    template <class _ForwardIterator>
        -:  481:        _LIBCPP_CONSTEXPR_AFTER_CXX17
        -:  482:        typename enable_if
        -:  483:        <
        -:  484:            __is_cpp17_forward_iterator<_ForwardIterator>::value &&
        -:  485:            is_constructible<
        -:  486:                 value_type,
        -:  487:                 typename iterator_traits<_ForwardIterator>::reference>::value,
        -:  488:            void
        -:  489:        >::type
        -:  490:        assign(_ForwardIterator __first, _ForwardIterator __last);
        -:  491:
        -:  492:    _LIBCPP_CONSTEXPR_AFTER_CXX17 void assign(size_type __n, const_reference __u);
        -:  493:
        -:  494:#ifndef _LIBCPP_CXX03_LANG
        -:  495:    _LIBCPP_CONSTEXPR_AFTER_CXX17 _LIBCPP_INLINE_VISIBILITY
        -:  496:    void assign(initializer_list<value_type> __il)
        -:  497:        {assign(__il.begin(), __il.end());}
        -:  498:#endif
        -:  499:
        -:  500:    _LIBCPP_CONSTEXPR_AFTER_CXX17 _LIBCPP_INLINE_VISIBILITY
        -:  501:    allocator_type get_allocator() const _NOEXCEPT
        -:  502:        {return this->__alloc();}
        -:  503:
        -:  504:    _LIBCPP_CONSTEXPR_AFTER_CXX17 _LIBCPP_INLINE_VISIBILITY iterator               begin() _NOEXCEPT;
        -:  505:    _LIBCPP_CONSTEXPR_AFTER_CXX17 _LIBCPP_INLINE_VISIBILITY const_iterator         begin()   const _NOEXCEPT;
        -:  506:    _LIBCPP_CONSTEXPR_AFTER_CXX17 _LIBCPP_INLINE_VISIBILITY iterator               end() _NOEXCEPT;
        -:  507:    _LIBCPP_CONSTEXPR_AFTER_CXX17 _LIBCPP_INLINE_VISIBILITY const_iterator         end()     const _NOEXCEPT;
        -:  508:
        -:  509:    _LIBCPP_CONSTEXPR_AFTER_CXX17 _LIBCPP_INLINE_VISIBILITY
        -:  510:    reverse_iterator       rbegin() _NOEXCEPT
        -:  511:        {return       reverse_iterator(end());}
        -:  512:    _LIBCPP_CONSTEXPR_AFTER_CXX17 _LIBCPP_INLINE_VISIBILITY
        -:  513:    const_reverse_iterator rbegin()  const _NOEXCEPT
        -:  514:        {return const_reverse_iterator(end());}
        -:  515:    _LIBCPP_CONSTEXPR_AFTER_CXX17 _LIBCPP_INLINE_VISIBILITY
        -:  516:    reverse_iterator       rend() _NOEXCEPT
        -:  517:        {return       reverse_iterator(begin());}
        -:  518:    _LIBCPP_CONSTEXPR_AFTER_CXX17 _LIBCPP_INLINE_VISIBILITY
        -:  519:    const_reverse_iterator rend()    const _NOEXCEPT
        -:  520:        {return const_reverse_iterator(begin());}
        -:  521:
        -:  522:    _LIBCPP_CONSTEXPR_AFTER_CXX17 _LIBCPP_INLINE_VISIBILITY
        -:  523:    const_iterator         cbegin()  const _NOEXCEPT
        -:  524:        {return begin();}
        -:  525:    _LIBCPP_CONSTEXPR_AFTER_CXX17 _LIBCPP_INLINE_VISIBILITY
        -:  526:    const_iterator         cend()    const _NOEXCEPT
        -:  527:        {return end();}
        -:  528:    _LIBCPP_CONSTEXPR_AFTER_CXX17 _LIBCPP_INLINE_VISIBILITY
        -:  529:    const_reverse_iterator crbegin() const _NOEXCEPT
        -:  530:        {return rbegin();}
        -:  531:    _LIBCPP_CONSTEXPR_AFTER_CXX17 _LIBCPP_INLINE_VISIBILITY
        -:  532:    const_reverse_iterator crend()   const _NOEXCEPT
        -:  533:        {return rend();}
        -:  534:
        -:  535:    _LIBCPP_CONSTEXPR_AFTER_CXX17 _LIBCPP_INLINE_VISIBILITY
function _ZNKSt3__16vectorIN7doctest16SubcaseSignatureENS_9allocatorIS2_EEE4sizeB6v15006Ev called 91 returned 100% blocks executed 100%
function _ZNKSt3__16vectorIPKN7doctest6detail8TestCaseENS_9allocatorIS5_EEE4sizeB6v15006Ev called 6 returned 100% blocks executed 100%
function _ZNKSt3__16vectorIPKN7doctest12TestCaseDataENS_9allocatorIS4_EEE4sizeB6v15006Ev called 1 returned 100% blocks executed 100%
function _ZNKSt3__16vectorIPN7doctest13IContextScopeENS_9allocatorIS3_EEE4sizeB6v15006Ev called 0 returned 0% blocks executed 0%
function _ZNKSt3__16vectorIN7doctest6StringENS_9allocatorIS2_EEE4sizeB6v15006Ev called 42 returned 100% blocks executed 100%
function _ZNKSt3__16vectorINS_4fposI11__mbstate_tEENS_9allocatorIS3_EEE4sizeB6v15006Ev called 0 returned 0% blocks executed 0%
function _ZNKSt3__16vectorIPKN7doctest6detail20IExceptionTranslatorENS_9allocatorIS5_EEE4sizeB6v15006Ev called 0 returned 0% blocks executed 0%
function _ZNKSt3__16vectorIPN7doctest9IReporterENS_9allocatorIS3_EEE4sizeB6v15006Ev called 9 returned 100% blocks executed 100%
function _ZNKSt3__16vectorINS0_IN7doctest6StringENS_9allocatorIS2_EEEENS3_IS5_EEE4sizeB6v15006Ev called 3 returned 100% blocks executed 100%
function _ZNKSt3__16vectorIP5GraphNS_9allocatorIS2_EEE4sizeB6v15006Ev called 21 returned 100% blocks executed 100%
function _ZNKSt3__16vectorINS_12basic_stringIcNS_11char_traitsIcEENS_9allocatorIcEEEENS4_IS6_EEE4sizeB6v15006Ev called 0 returned 0% blocks executed 0%
function _ZNKSt3__16vectorIN7doctest12_GLOBAL__N_113JUnitReporter17JUnitTestCaseData13JUnitTestCaseENS_9allocatorIS5_EEE4sizeB6v15006Ev called 0 returned 0% blocks executed 0%
function _ZNKSt3__16vectorIN7doctest12_GLOBAL__N_113JUnitReporter17JUnitTestCaseData16JUnitTestMessageENS_9allocatorIS5_EEE4sizeB6v15006Ev called 0 returned 0% blocks executed 0%
      173:  536:    size_type size() const _NOEXCEPT
      173:  537:        {return static_cast<size_type>(this->__end_ - this->__begin_);}
       91:  537-block  0
        6:  537-block  1
        1:  537-block  2
    $$$$$:  537-block  3
       42:  537-block  4
    $$$$$:  537-block  5
    $$$$$:  537-block  6
        9:  537-block  7
        3:  537-block  8
       21:  537-block  9
    $$$$$:  537-block 10
    $$$$$:  537-block 11
    $$$$$:  537-block 12
        -:  538:    _LIBCPP_CONSTEXPR_AFTER_CXX17 _LIBCPP_INLINE_VISIBILITY
function _ZNKSt3__16vectorINS_4fposI11__mbstate_tEENS_9allocatorIS3_EEE8capacityB6v15006Ev called 0 returned 0% blocks executed 0%
function _ZNKSt3__16vectorIN7doctest16SubcaseSignatureENS_9allocatorIS2_EEE8capacityB6v15006Ev called 47 returned 100% blocks executed 100%
function _ZNKSt3__16vectorIPKN7doctest6detail20IExceptionTranslatorENS_9allocatorIS5_EEE8capacityB6v15006Ev called 0 returned 0% blocks executed 0%
function _ZNKSt3__16vectorIPN7doctest13IContextScopeENS_9allocatorIS3_EEE8capacityB6v15006Ev called 0 returned 0% blocks executed 0%
function _ZNKSt3__16vectorIN7doctest6StringENS_9allocatorIS2_EEE8capacityB6v15006Ev called 70 returned 100% blocks executed 100%
function _ZNKSt3__16vectorINS0_IN7doctest6StringENS_9allocatorIS2_EEEENS3_IS5_EEE8capacityB6v15006Ev called 15 returned 100% blocks executed 100%
function _ZNKSt3__16vectorIPN7doctest9IReporterENS_9allocatorIS3_EEE8capacityB6v15006Ev called 13 returned 100% blocks executed 100%
function _ZNKSt3__16vectorIPKN7doctest6detail8TestCaseENS_9allocatorIS5_EEE8capacityB6v15006Ev called 8 returned 100% blocks executed 100%
function _ZNKSt3__16vectorIPKN7doctest12TestCaseDataENS_9allocatorIS4_EEE8capacityB6v15006Ev called 2 returned 100% blocks executed 100%
function _ZNKSt3__16vectorIP5GraphNS_9allocatorIS2_EEE8capacityB6v15006Ev called 30 returned 100% blocks executed 100%
function _ZNKSt3__16vectorINS_12basic_stringIcNS_11char_traitsIcEENS_9allocatorIcEEEENS4_IS6_EEE8capacityB6v15006Ev called 0 returned 0% blocks executed 0%
function _ZNKSt3__16vectorIN7doctest12_GLOBAL__N_113JUnitReporter17JUnitTestCaseData13JUnitTestCaseENS_9allocatorIS5_EEE8capacityB6v15006Ev called 0 returned 0% blocks executed 0%
function _ZNKSt3__16vectorIN7doctest12_GLOBAL__N_113JUnitReporter17JUnitTestCaseData16JUnitTestMessageENS_9allocatorIS5_EEE8capacityB6v15006Ev called 0 returned 0% blocks executed 0%
      185:  539:    size_type capacity() const _NOEXCEPT
      185:  540:        {return static_cast<size_type>(__end_cap() - this->__begin_);}
    $$$$$:  540-block  0
       47:  540-block  1
    $$$$$:  540-block  2
    $$$$$:  540-block  3
       70:  540-block  4
       15:  540-block  5
       13:  540-block  6
        8:  540-block  7
        2:  540-block  8
       30:  540-block  9
    $$$$$:  540-block 10
    $$$$$:  540-block 11
    $$$$$:  540-block 12
        -:  541:    _LIBCPP_NODISCARD_AFTER_CXX17 _LIBCPP_CONSTEXPR_AFTER_CXX17 _LIBCPP_INLINE_VISIBILITY
function _ZNKSt3__16vectorIN7doctest16SubcaseSignatureENS_9allocatorIS2_EEE5emptyB6v15006Ev called 8 returned 100% blocks executed 100%
function _ZNKSt3__16vectorIN7doctest6StringENS_9allocatorIS2_EEE5emptyB6v15006Ev called 24 returned 100% blocks executed 100%
function _ZNKSt3__16vectorIPKN7doctest6detail8TestCaseENS_9allocatorIS5_EEE5emptyB6v15006Ev called 1 returned 100% blocks executed 100%
function _ZNKSt3__16vectorINS_4fposI11__mbstate_tEENS_9allocatorIS3_EEE5emptyB6v15006Ev called 0 returned 0% blocks executed 0%
function _ZNKSt3__16vectorIP5GraphNS_9allocatorIS2_EEE5emptyB6v15006Ev called 3 returned 100% blocks executed 100%
function _ZNKSt3__16vectorINS_12basic_stringIcNS_11char_traitsIcEENS_9allocatorIcEEEENS4_IS6_EEE5emptyB6v15006Ev called 0 returned 0% blocks executed 0%
       36:  542:    bool empty() const _NOEXCEPT
       36:  543:        {return this->__begin_ == this->__end_;}
        8:  543-block  0
       24:  543-block  1
        1:  543-block  2
    $$$$$:  543-block  3
        3:  543-block  4
    $$$$$:  543-block  5
        -:  544:    _LIBCPP_CONSTEXPR_AFTER_CXX17 size_type max_size() const _NOEXCEPT;
        -:  545:    _LIBCPP_CONSTEXPR_AFTER_CXX17 void reserve(size_type __n);
        -:  546:    _LIBCPP_CONSTEXPR_AFTER_CXX17 void shrink_to_fit() _NOEXCEPT;
        -:  547:
        -:  548:    _LIBCPP_CONSTEXPR_AFTER_CXX17 _LIBCPP_INLINE_VISIBILITY reference       operator[](size_type __n) _NOEXCEPT;
        -:  549:    _LIBCPP_CONSTEXPR_AFTER_CXX17 _LIBCPP_INLINE_VISIBILITY const_reference operator[](size_type __n) const _NOEXCEPT;
        -:  550:    _LIBCPP_CONSTEXPR_AFTER_CXX17 reference       at(size_type __n);
        -:  551:    _LIBCPP_CONSTEXPR_AFTER_CXX17 const_reference at(size_type __n) const;
        -:  552:
        -:  553:    _LIBCPP_CONSTEXPR_AFTER_CXX17 _LIBCPP_INLINE_VISIBILITY reference       front() _NOEXCEPT
        -:  554:    {
        -:  555:        _LIBCPP_ASSERT(!empty(), "front() called on an empty vector");
        -:  556:        return *this->__begin_;
        -:  557:    }
        -:  558:    _LIBCPP_CONSTEXPR_AFTER_CXX17 _LIBCPP_INLINE_VISIBILITY const_reference front() const _NOEXCEPT
        -:  559:    {
        -:  560:        _LIBCPP_ASSERT(!empty(), "front() called on an empty vector");
        -:  561:        return *this->__begin_;
        -:  562:    }
function _ZNSt3__16vectorINS_4fposI11__mbstate_tEENS_9allocatorIS3_EEE4backB6v15006Ev called 0 returned 0% blocks executed 0%
function _ZNSt3__16vectorINS_12basic_stringIcNS_11char_traitsIcEENS_9allocatorIcEEEENS4_IS6_EEE4backB6v15006Ev called 0 returned 0% blocks executed 0%
function _ZNSt3__16vectorIN7doctest12_GLOBAL__N_113JUnitReporter17JUnitTestCaseData13JUnitTestCaseENS_9allocatorIS5_EEE4backB6v15006Ev called 0 returned 0% blocks executed 0%
function _ZNSt3__16vectorIN7doctest12_GLOBAL__N_113JUnitReporter17JUnitTestCaseData16JUnitTestMessageENS_9allocatorIS5_EEE4backB6v15006Ev called 0 returned 0% blocks executed 0%
    #####:  563:    _LIBCPP_CONSTEXPR_AFTER_CXX17 _LIBCPP_INLINE_VISIBILITY reference       back() _NOEXCEPT
        -:  564:    {
        -:  565:        _LIBCPP_ASSERT(!empty(), "back() called on an empty vector");
    #####:  566:        return *(this->__end_ - 1);
    $$$$$:  566-block  0
    $$$$$:  566-block  1
    $$$$$:  566-block  2
    $$$$$:  566-block  3
        -:  567:    }
        -:  568:    _LIBCPP_CONSTEXPR_AFTER_CXX17 _LIBCPP_INLINE_VISIBILITY const_reference back()  const _NOEXCEPT
        -:  569:    {
        -:  570:        _LIBCPP_ASSERT(!empty(), "back() called on an empty vector");
        -:  571:        return *(this->__end_ - 1);
        -:  572:    }
        -:  573:
        -:  574:    _LIBCPP_CONSTEXPR_AFTER_CXX17 _LIBCPP_INLINE_VISIBILITY
function _ZNSt3__16vectorIPKN7doctest12TestCaseDataENS_9allocatorIS4_EEE4dataB6v15006Ev called 0 returned 0% blocks executed 0%
    #####:  575:    value_type*       data() _NOEXCEPT
    #####:  576:        {return _VSTD::__to_address(this->__begin_);}
    $$$$$:  576-block  0
        -:  577:
        -:  578:    _LIBCPP_CONSTEXPR_AFTER_CXX17 _LIBCPP_INLINE_VISIBILITY
function _ZNKSt3__16vectorINS_4fposI11__mbstate_tEENS_9allocatorIS3_EEE4dataB6v15006Ev called 0 returned 0% blocks executed 0%
function _ZNKSt3__16vectorIN7doctest16SubcaseSignatureENS_9allocatorIS2_EEE4dataB6v15006Ev called 112 returned 100% blocks executed 100%
function _ZNKSt3__16vectorIPKN7doctest6detail20IExceptionTranslatorENS_9allocatorIS5_EEE4dataB6v15006Ev called 0 returned 0% blocks executed 0%
function _ZNKSt3__16vectorIPN7doctest13IContextScopeENS_9allocatorIS3_EEE4dataB6v15006Ev called 0 returned 0% blocks executed 0%
function _ZNKSt3__16vectorIN7doctest6StringENS_9allocatorIS2_EEE4dataB6v15006Ev called 144 returned 100% blocks executed 100%
function _ZNKSt3__16vectorINS0_IN7doctest6StringENS_9allocatorIS2_EEEENS3_IS5_EEE4dataB6v15006Ev called 24 returned 100% blocks executed 100%
function _ZNKSt3__16vectorIPN7doctest9IReporterENS_9allocatorIS3_EEE4dataB6v15006Ev called 24 returned 100% blocks executed 100%
function _ZNKSt3__16vectorIPKN7doctest6detail8TestCaseENS_9allocatorIS5_EEE4dataB6v15006Ev called 12 returned 100% blocks executed 100%
function _ZNKSt3__16vectorIPKN7doctest12TestCaseDataENS_9allocatorIS4_EEE4dataB6v15006Ev called 4 returned 100% blocks executed 100%
function _ZNKSt3__16vectorIP5GraphNS_9allocatorIS2_EEE4dataB6v15006Ev called 48 returned 100% blocks executed 100%
function _ZNKSt3__16vectorINS_12basic_stringIcNS_11char_traitsIcEENS_9allocatorIcEEEENS4_IS6_EEE4dataB6v15006Ev called 0 returned 0% blocks executed 0%
function _ZNKSt3__16vectorIN7doctest12_GLOBAL__N_113JUnitReporter17JUnitTestCaseData13JUnitTestCaseENS_9allocatorIS5_EEE4dataB6v15006Ev called 0 returned 0% blocks executed 0%
function _ZNKSt3__16vectorIN7doctest12_GLOBAL__N_113JUnitReporter17JUnitTestCaseData16JUnitTestMessageENS_9allocatorIS5_EEE4dataB6v15006Ev called 0 returned 0% blocks executed 0%
      368:  579:    const value_type* data() const _NOEXCEPT
      368:  580:        {return _VSTD::__to_address(this->__begin_);}
    $$$$$:  580-block  0
      112:  580-block  1
    $$$$$:  580-block  2
    $$$$$:  580-block  3
      144:  580-block  4
       24:  580-block  5
       24:  580-block  6
       12:  580-block  7
        4:  580-block  8
       48:  580-block  9
    $$$$$:  580-block 10
    $$$$$:  580-block 11
    $$$$$:  580-block 12
        -:  581:
        -:  582:    _LIBCPP_CONSTEXPR_AFTER_CXX17 _LIBCPP_INLINE_VISIBILITY void push_back(const_reference __x);
        -:  583:
        -:  584:    _LIBCPP_CONSTEXPR_AFTER_CXX17 _LIBCPP_INLINE_VISIBILITY void push_back(value_type&& __x);
        -:  585:
        -:  586:    template <class... _Args>
        -:  587:    _LIBCPP_CONSTEXPR_AFTER_CXX17 _LIBCPP_INLINE_VISIBILITY
        -:  588:#if _LIBCPP_STD_VER > 14
        -:  589:        reference emplace_back(_Args&&... __args);
        -:  590:#else
        -:  591:        void      emplace_back(_Args&&... __args);
        -:  592:#endif
        -:  593:
        -:  594:    _LIBCPP_CONSTEXPR_AFTER_CXX17 _LIBCPP_INLINE_VISIBILITY
        -:  595:    void pop_back();
        -:  596:
        -:  597:    _LIBCPP_CONSTEXPR_AFTER_CXX17 iterator insert(const_iterator __position, const_reference __x);
        -:  598:
        -:  599:    _LIBCPP_CONSTEXPR_AFTER_CXX17 iterator insert(const_iterator __position, value_type&& __x);
        -:  600:    template <class... _Args>
        -:  601:    _LIBCPP_CONSTEXPR_AFTER_CXX17 iterator emplace(const_iterator __position, _Args&&... __args);
        -:  602:
        -:  603:    _LIBCPP_CONSTEXPR_AFTER_CXX17 iterator insert(const_iterator __position, size_type __n, const_reference __x);
        -:  604:    template <class _InputIterator>
        -:  605:        _LIBCPP_CONSTEXPR_AFTER_CXX17 typename enable_if <__is_exactly_cpp17_input_iterator<_InputIterator>::value &&
        -:  606:            is_constructible<
        -:  607:                 value_type,
        -:  608:                 typename iterator_traits<_InputIterator>::reference>::value,
        -:  609:            iterator
        -:  610:        >::type
        -:  611:        insert(const_iterator __position, _InputIterator __first, _InputIterator __last);
        -:  612:    template <class _ForwardIterator>
        -:  613:        _LIBCPP_CONSTEXPR_AFTER_CXX17
        -:  614:        typename enable_if
        -:  615:        <
        -:  616:            __is_cpp17_forward_iterator<_ForwardIterator>::value &&
        -:  617:            is_constructible<
        -:  618:                 value_type,
        -:  619:                 typename iterator_traits<_ForwardIterator>::reference>::value,
        -:  620:            iterator
        -:  621:        >::type
        -:  622:        insert(const_iterator __position, _ForwardIterator __first, _ForwardIterator __last);
        -:  623:
        -:  624:#ifndef _LIBCPP_CXX03_LANG
        -:  625:    _LIBCPP_CONSTEXPR_AFTER_CXX17 _LIBCPP_INLINE_VISIBILITY
        -:  626:    iterator insert(const_iterator __position, initializer_list<value_type> __il)
        -:  627:        {return insert(__position, __il.begin(), __il.end());}
        -:  628:#endif
        -:  629:
        -:  630:    _LIBCPP_CONSTEXPR_AFTER_CXX17 _LIBCPP_INLINE_VISIBILITY iterator erase(const_iterator __position);
        -:  631:    _LIBCPP_CONSTEXPR_AFTER_CXX17 iterator erase(const_iterator __first, const_iterator __last);
        -:  632:
        -:  633:    _LIBCPP_CONSTEXPR_AFTER_CXX17 _LIBCPP_INLINE_VISIBILITY
function _ZNSt3__16vectorIN7doctest16SubcaseSignatureENS_9allocatorIS2_EEE5clearB6v15006Ev called 15 returned 100% blocks executed 100%
function _ZNSt3__16vectorIN7doctest6StringENS_9allocatorIS2_EEE5clearB6v15006Ev called 4 returned 100% blocks executed 100%
function _ZNSt3__16vectorIPN7doctest9IReporterENS_9allocatorIS3_EEE5clearB6v15006Ev called 1 returned 100% blocks executed 100%
       20:  634:    void clear() _NOEXCEPT
        -:  635:    {
       20:  636:        size_type __old_size = size();
       20:  637:        __clear();
       20:  638:        __annotate_shrink(__old_size);
       20:  639:        std::__debug_db_invalidate_all(this);
       20:  640:    }
       15:  640-block  0
        4:  640-block  1
        1:  640-block  2
        -:  641:
        -:  642:    _LIBCPP_CONSTEXPR_AFTER_CXX17 void resize(size_type __sz);
        -:  643:    _LIBCPP_CONSTEXPR_AFTER_CXX17 void resize(size_type __sz, const_reference __x);
        -:  644:
        -:  645:    _LIBCPP_CONSTEXPR_AFTER_CXX17 void swap(vector&)
        -:  646:#if _LIBCPP_STD_VER >= 14
        -:  647:        _NOEXCEPT;
        -:  648:#else
        -:  649:        _NOEXCEPT_(!__alloc_traits::propagate_on_container_swap::value ||
        -:  650:                    __is_nothrow_swappable<allocator_type>::value);
        -:  651:#endif
        -:  652:
        -:  653:    _LIBCPP_CONSTEXPR_AFTER_CXX17 bool __invariants() const;
        -:  654:
        -:  655:#ifdef _LIBCPP_ENABLE_DEBUG_MODE
        -:  656:
        -:  657:    bool __dereferenceable(const const_iterator* __i) const;
        -:  658:    bool __decrementable(const const_iterator* __i) const;
        -:  659:    bool __addable(const const_iterator* __i, ptrdiff_t __n) const;
        -:  660:    bool __subscriptable(const const_iterator* __i, ptrdiff_t __n) const;
        -:  661:
        -:  662:#endif // _LIBCPP_ENABLE_DEBUG_MODE
        -:  663:
        -:  664:private:
       49:  665:    pointer __begin_ = nullptr;
       49:  666:    pointer __end_ = nullptr;
       49:  667:    __compressed_pair<pointer, allocator_type> __end_cap_ =
       49:  668:        __compressed_pair<pointer, allocator_type>(nullptr, __default_init_tag());
    $$$$$:  668-block  0
branch  0 never executed
branch  1 never executed
    $$$$$:  668-block  1
        3:  668-block  2
branch  2 taken 3
branch  3 taken 0
    $$$$$:  668-block  3
       30:  668-block  4
branch  4 taken 30
branch  5 taken 0
    $$$$$:  668-block  5
        7:  668-block  6
branch  6 taken 7
branch  7 taken 0
    $$$$$:  668-block  7
        1:  668-block  8
branch  8 taken 1
branch  9 taken 0
    $$$$$:  668-block  9
        1:  668-block 10
branch 10 taken 1
branch 11 taken 0
    $$$$$:  668-block 11
        4:  668-block 12
branch 12 taken 4
branch 13 taken 0
    $$$$$:  668-block 13
    $$$$$:  668-block 14
branch 14 never executed
branch 15 never executed
    $$$$$:  668-block 15
    $$$$$:  668-block 16
branch 16 never executed
branch 17 never executed
    $$$$$:  668-block 17
    $$$$$:  668-block 18
branch 18 never executed
branch 19 never executed
    $$$$$:  668-block 19
        -:  669:
        -:  670:    _LIBCPP_INLINE_VISIBILITY void __invalidate_iterators_past(pointer __new_last);
        -:  671:
        -:  672:    //  Allocate space for __n objects
        -:  673:    //  throws length_error if __n > max_size()
        -:  674:    //  throws (probably bad_alloc) if memory run out
        -:  675:    //  Precondition:  __begin_ == __end_ == __end_cap() == 0
        -:  676:    //  Precondition:  __n > 0
        -:  677:    //  Postcondition:  capacity() >= __n
        -:  678:    //  Postcondition:  size() == 0
function _ZNSt3__16vectorINS0_IN7doctest6StringENS_9allocatorIS2_EEEENS3_IS5_EEE11__vallocateB6v15006Em called 3 returned 100% blocks executed 66%
function _ZNSt3__16vectorIN7doctest6StringENS_9allocatorIS2_EEE11__vallocateB6v15006Em called 0 returned 0% blocks executed 0%
        3:  679:    _LIBCPP_CONSTEXPR_AFTER_CXX17 _LIBCPP_HIDE_FROM_ABI void __vallocate(size_type __n) {
        3:  680:        if (__n > max_size())
        3:  680-block  0
branch  0 taken 0
branch  1 taken 3
    $$$$$:  680-block  1
branch  2 never executed
branch  3 never executed
    #####:  681:            __throw_length_error();
    $$$$$:  681-block  0
    $$$$$:  681-block  1
        3:  682:        auto __allocation = std::__allocate_at_least(__alloc(), __n);
        3:  683:        __begin_ = __allocation.ptr;
        3:  684:        __end_ = __allocation.ptr;
        3:  685:        __end_cap() = __begin_ + __allocation.count;
        3:  686:        __annotate_new(0);
        3:  687:    }
        3:  687-block  0
    $$$$$:  687-block  1
        -:  688:
        -:  689:    _LIBCPP_CONSTEXPR_AFTER_CXX17 void __vdeallocate() _NOEXCEPT;
        -:  690:    _LIBCPP_CONSTEXPR_AFTER_CXX17 _LIBCPP_INLINE_VISIBILITY size_type __recommend(size_type __new_size) const;
        -:  691:    _LIBCPP_CONSTEXPR_AFTER_CXX17 void __construct_at_end(size_type __n);
        -:  692:    _LIBCPP_CONSTEXPR_AFTER_CXX17 _LIBCPP_INLINE_VISIBILITY
        -:  693:    void __construct_at_end(size_type __n, const_reference __x);
        -:  694:    template <class _ForwardIterator>
        -:  695:        _LIBCPP_CONSTEXPR_AFTER_CXX17
        -:  696:        typename enable_if
        -:  697:        <
        -:  698:            __is_cpp17_forward_iterator<_ForwardIterator>::value,
        -:  699:            void
        -:  700:        >::type
        -:  701:        __construct_at_end(_ForwardIterator __first, _ForwardIterator __last, size_type __n);
        -:  702:    _LIBCPP_CONSTEXPR_AFTER_CXX17 void __append(size_type __n);
        -:  703:    _LIBCPP_CONSTEXPR_AFTER_CXX17 void __append(size_type __n, const_reference __x);
        -:  704:    _LIBCPP_CONSTEXPR_AFTER_CXX17 _LIBCPP_INLINE_VISIBILITY
        -:  705:    iterator       __make_iter(pointer __p) _NOEXCEPT;
        -:  706:    _LIBCPP_CONSTEXPR_AFTER_CXX17 _LIBCPP_INLINE_VISIBILITY
        -:  707:    const_iterator __make_iter(const_pointer __p) const _NOEXCEPT;
        -:  708:    _LIBCPP_CONSTEXPR_AFTER_CXX17 void __swap_out_circular_buffer(__split_buffer<value_type, allocator_type&>& __v);
        -:  709:    _LIBCPP_CONSTEXPR_AFTER_CXX17 pointer __swap_out_circular_buffer(__split_buffer<value_type, allocator_type&>& __v, pointer __p);
        -:  710:    _LIBCPP_CONSTEXPR_AFTER_CXX17 void __move_range(pointer __from_s, pointer __from_e, pointer __to);
        -:  711:    _LIBCPP_CONSTEXPR_AFTER_CXX17 void __move_assign(vector& __c, true_type)
        -:  712:        _NOEXCEPT_(is_nothrow_move_assignable<allocator_type>::value);
        -:  713:    _LIBCPP_CONSTEXPR_AFTER_CXX17 void __move_assign(vector& __c, false_type)
        -:  714:        _NOEXCEPT_(__alloc_traits::is_always_equal::value);
        -:  715:    _LIBCPP_CONSTEXPR_AFTER_CXX17 _LIBCPP_INLINE_VISIBILITY
function _ZNSt3__16vectorINS_4fposI11__mbstate_tEENS_9allocatorIS3_EEE17__destruct_at_endB6v15006EPS3_ called 0 returned 0% blocks executed 0%
function _ZNSt3__16vectorIPN7doctest13IContextScopeENS_9allocatorIS3_EEE17__destruct_at_endB6v15006EPS3_ called 0 returned 0% blocks executed 0%
function _ZNSt3__16vectorIN7doctest16SubcaseSignatureENS_9allocatorIS2_EEE17__destruct_at_endB6v15006EPS2_ called 0 returned 0% blocks executed 0%
function _ZNSt3__16vectorINS_12basic_stringIcNS_11char_traitsIcEENS_9allocatorIcEEEENS4_IS6_EEE17__destruct_at_endB6v15006EPS6_ called 0 returned 0% blocks executed 0%
    #####:  716:    void __destruct_at_end(pointer __new_last) _NOEXCEPT
        -:  717:    {
        -:  718:        if (!__libcpp_is_constant_evaluated())
    #####:  719:            __invalidate_iterators_past(__new_last);
    $$$$$:  719-block  0
branch  0 never executed
branch  1 never executed
    $$$$$:  719-block  1
    $$$$$:  719-block  2
branch  2 never executed
branch  3 never executed
    $$$$$:  719-block  3
    $$$$$:  719-block  4
branch  4 never executed
branch  5 never executed
    $$$$$:  719-block  5
    $$$$$:  719-block  6
branch  6 never executed
branch  7 never executed
    $$$$$:  719-block  7
    #####:  720:        size_type __old_size = size();
    #####:  721:        __base_destruct_at_end(__new_last);
    #####:  722:        __annotate_shrink(__old_size);
    #####:  723:    }
    $$$$$:  723-block  0
    $$$$$:  723-block  1
    $$$$$:  723-block  2
    $$$$$:  723-block  3
        -:  724:
        -:  725:    template <class _Up>
        -:  726:    _LIBCPP_CONSTEXPR_AFTER_CXX17 _LIBCPP_INLINE_VISIBILITY
        -:  727:    inline void __push_back_slow_path(_Up&& __x);
        -:  728:
        -:  729:    template <class... _Args>
        -:  730:    _LIBCPP_CONSTEXPR_AFTER_CXX17 _LIBCPP_INLINE_VISIBILITY
        -:  731:    inline void __emplace_back_slow_path(_Args&&... __args);
        -:  732:
        -:  733:    // The following functions are no-ops outside of AddressSanitizer mode.
        -:  734:    // We call annotatations only for the default Allocator because other allocators
        -:  735:    // may not meet the AddressSanitizer alignment constraints.
        -:  736:    // See the documentation for __sanitizer_annotate_contiguous_container for more details.
        -:  737:#ifndef _LIBCPP_HAS_NO_ASAN
        -:  738:    _LIBCPP_CONSTEXPR_AFTER_CXX17
        -:  739:    void __annotate_contiguous_container(const void *__beg, const void *__end,
        -:  740:                                         const void *__old_mid,
        -:  741:                                         const void *__new_mid) const
        -:  742:    {
        -:  743:
        -:  744:      if (!__libcpp_is_constant_evaluated() && __beg && is_same<allocator_type, __default_allocator_type>::value)
        -:  745:        __sanitizer_annotate_contiguous_container(__beg, __end, __old_mid, __new_mid);
        -:  746:    }
        -:  747:#else
        -:  748:    _LIBCPP_CONSTEXPR_AFTER_CXX17 _LIBCPP_INLINE_VISIBILITY
function _ZNKSt3__16vectorINS_4fposI11__mbstate_tEENS_9allocatorIS3_EEE31__annotate_contiguous_containerB6v15006EPKvS8_S8_S8_ called 0 returned 0% blocks executed 0%
function _ZNKSt3__16vectorIN7doctest16SubcaseSignatureENS_9allocatorIS2_EEE31__annotate_contiguous_containerB6v15006EPKvS7_S7_S7_ called 28 returned 100% blocks executed 100%
function _ZNKSt3__16vectorIPKN7doctest6detail20IExceptionTranslatorENS_9allocatorIS5_EEE31__annotate_contiguous_containerB6v15006EPKvSA_SA_SA_ called 0 returned 0% blocks executed 0%
function _ZNKSt3__16vectorIPN7doctest13IContextScopeENS_9allocatorIS3_EEE31__annotate_contiguous_containerB6v15006EPKvS8_S8_S8_ called 0 returned 0% blocks executed 0%
function _ZNKSt3__16vectorIN7doctest6StringENS_9allocatorIS2_EEE31__annotate_contiguous_containerB6v15006EPKvS7_S7_S7_ called 36 returned 100% blocks executed 100%
function _ZNKSt3__16vectorINS0_IN7doctest6StringENS_9allocatorIS2_EEEENS3_IS5_EEE31__annotate_contiguous_containerB6v15006EPKvS9_S9_S9_ called 6 returned 100% blocks executed 100%
function _ZNKSt3__16vectorIPN7doctest9IReporterENS_9allocatorIS3_EEE31__annotate_contiguous_containerB6v15006EPKvS8_S8_S8_ called 6 returned 100% blocks executed 100%
function _ZNKSt3__16vectorIPKN7doctest6detail8TestCaseENS_9allocatorIS5_EEE31__annotate_contiguous_containerB6v15006EPKvSA_SA_SA_ called 3 returned 100% blocks executed 100%
function _ZNKSt3__16vectorIPKN7doctest12TestCaseDataENS_9allocatorIS4_EEE31__annotate_contiguous_containerB6v15006EPKvS9_S9_S9_ called 1 returned 100% blocks executed 100%
function _ZNKSt3__16vectorIP5GraphNS_9allocatorIS2_EEE31__annotate_contiguous_containerB6v15006EPKvS7_S7_S7_ called 12 returned 100% blocks executed 100%
function _ZNKSt3__16vectorINS_12basic_stringIcNS_11char_traitsIcEENS_9allocatorIcEEEENS4_IS6_EEE31__annotate_contiguous_containerB6v15006EPKvSA_SA_SA_ called 0 returned 0% blocks executed 0%
function _ZNKSt3__16vectorIN7doctest12_GLOBAL__N_113JUnitReporter17JUnitTestCaseData13JUnitTestCaseENS_9allocatorIS5_EEE31__annotate_contiguous_containerB6v15006EPKvSA_SA_SA_ called 0 returned 0% blocks executed 0%
function _ZNKSt3__16vectorIN7doctest12_GLOBAL__N_113JUnitReporter17JUnitTestCaseData16JUnitTestMessageENS_9allocatorIS5_EEE31__annotate_contiguous_containerB6v15006EPKvSA_SA_SA_ called 0 returned 0% blocks executed 0%
       92:  749:    void __annotate_contiguous_container(const void*, const void*, const void*,
       92:  750:                                         const void*) const _NOEXCEPT {}
    $$$$$:  750-block  0
       28:  750-block  1
    $$$$$:  750-block  2
    $$$$$:  750-block  3
       36:  750-block  4
        6:  750-block  5
        6:  750-block  6
        3:  750-block  7
        1:  750-block  8
       12:  750-block  9
    $$$$$:  750-block 10
    $$$$$:  750-block 11
    $$$$$:  750-block 12
        -:  751:#endif
        -:  752:    _LIBCPP_CONSTEXPR_AFTER_CXX17 _LIBCPP_INLINE_VISIBILITY
function _ZNKSt3__16vectorINS_4fposI11__mbstate_tEENS_9allocatorIS3_EEE14__annotate_newB6v15006Em called 0 returned 0% blocks executed 0%
function _ZNKSt3__16vectorIN7doctest16SubcaseSignatureENS_9allocatorIS2_EEE14__annotate_newB6v15006Em called 3 returned 100% blocks executed 100%
function _ZNKSt3__16vectorIPKN7doctest6detail20IExceptionTranslatorENS_9allocatorIS5_EEE14__annotate_newB6v15006Em called 0 returned 0% blocks executed 0%
function _ZNKSt3__16vectorIPN7doctest13IContextScopeENS_9allocatorIS3_EEE14__annotate_newB6v15006Em called 0 returned 0% blocks executed 0%
function _ZNKSt3__16vectorIN7doctest6StringENS_9allocatorIS2_EEE14__annotate_newB6v15006Em called 1 returned 100% blocks executed 100%
function _ZNKSt3__16vectorINS0_IN7doctest6StringENS_9allocatorIS2_EEEENS3_IS5_EEE14__annotate_newB6v15006Em called 3 returned 100% blocks executed 100%
function _ZNKSt3__16vectorIPN7doctest9IReporterENS_9allocatorIS3_EEE14__annotate_newB6v15006Em called 1 returned 100% blocks executed 100%
function _ZNKSt3__16vectorIPKN7doctest6detail8TestCaseENS_9allocatorIS5_EEE14__annotate_newB6v15006Em called 1 returned 100% blocks executed 100%
function _ZNKSt3__16vectorIPKN7doctest12TestCaseDataENS_9allocatorIS4_EEE14__annotate_newB6v15006Em called 0 returned 0% blocks executed 0%
function _ZNKSt3__16vectorIP5GraphNS_9allocatorIS2_EEE14__annotate_newB6v15006Em called 4 returned 100% blocks executed 100%
function _ZNKSt3__16vectorINS_12basic_stringIcNS_11char_traitsIcEENS_9allocatorIcEEEENS4_IS6_EEE14__annotate_newB6v15006Em called 0 returned 0% blocks executed 0%
function _ZNKSt3__16vectorIN7doctest12_GLOBAL__N_113JUnitReporter17JUnitTestCaseData13JUnitTestCaseENS_9allocatorIS5_EEE14__annotate_newB6v15006Em called 0 returned 0% blocks executed 0%
function _ZNKSt3__16vectorIN7doctest12_GLOBAL__N_113JUnitReporter17JUnitTestCaseData16JUnitTestMessageENS_9allocatorIS5_EEE14__annotate_newB6v15006Em called 0 returned 0% blocks executed 0%
       13:  753:    void __annotate_new(size_type __current_size) const _NOEXCEPT {
       26:  754:      __annotate_contiguous_container(data(), data() + capacity(),
       13:  755:                                      data() + capacity(), data() + __current_size);
       13:  756:    }
    $$$$$:  756-block  0
        3:  756-block  1
    $$$$$:  756-block  2
    $$$$$:  756-block  3
        1:  756-block  4
        3:  756-block  5
        1:  756-block  6
        1:  756-block  7
    $$$$$:  756-block  8
        4:  756-block  9
    $$$$$:  756-block 10
    $$$$$:  756-block 11
    $$$$$:  756-block 12
        -:  757:
        -:  758:    _LIBCPP_CONSTEXPR_AFTER_CXX17 _LIBCPP_INLINE_VISIBILITY
function _ZNKSt3__16vectorINS_4fposI11__mbstate_tEENS_9allocatorIS3_EEE17__annotate_deleteB6v15006Ev called 0 returned 0% blocks executed 0%
function _ZNKSt3__16vectorIN7doctest16SubcaseSignatureENS_9allocatorIS2_EEE17__annotate_deleteB6v15006Ev called 10 returned 100% blocks executed 100%
function _ZNKSt3__16vectorIPKN7doctest6detail20IExceptionTranslatorENS_9allocatorIS5_EEE17__annotate_deleteB6v15006Ev called 0 returned 0% blocks executed 0%
function _ZNKSt3__16vectorIPN7doctest13IContextScopeENS_9allocatorIS3_EEE17__annotate_deleteB6v15006Ev called 0 returned 0% blocks executed 0%
function _ZNKSt3__16vectorIN7doctest6StringENS_9allocatorIS2_EEE17__annotate_deleteB6v15006Ev called 31 returned 100% blocks executed 100%
function _ZNKSt3__16vectorIPN7doctest9IReporterENS_9allocatorIS3_EEE17__annotate_deleteB6v15006Ev called 4 returned 100% blocks executed 100%
function _ZNKSt3__16vectorINS0_IN7doctest6StringENS_9allocatorIS2_EEEENS3_IS5_EEE17__annotate_deleteB6v15006Ev called 3 returned 100% blocks executed 100%
function _ZNKSt3__16vectorIPKN7doctest6detail8TestCaseENS_9allocatorIS5_EEE17__annotate_deleteB6v15006Ev called 2 returned 100% blocks executed 100%
function _ZNKSt3__16vectorIPKN7doctest12TestCaseDataENS_9allocatorIS4_EEE17__annotate_deleteB6v15006Ev called 1 returned 100% blocks executed 100%
function _ZNKSt3__16vectorIP5GraphNS_9allocatorIS2_EEE17__annotate_deleteB6v15006Ev called 8 returned 100% blocks executed 100%
function _ZNKSt3__16vectorINS_12basic_stringIcNS_11char_traitsIcEENS_9allocatorIcEEEENS4_IS6_EEE17__annotate_deleteB6v15006Ev called 0 returned 0% blocks executed 0%
function _ZNKSt3__16vectorIN7doctest12_GLOBAL__N_113JUnitReporter17JUnitTestCaseData13JUnitTestCaseENS_9allocatorIS5_EEE17__annotate_deleteB6v15006Ev called 0 returned 0% blocks executed 0%
function _ZNKSt3__16vectorIN7doctest12_GLOBAL__N_113JUnitReporter17JUnitTestCaseData16JUnitTestMessageENS_9allocatorIS5_EEE17__annotate_deleteB6v15006Ev called 0 returned 0% blocks executed 0%
       59:  759:    void __annotate_delete() const _NOEXCEPT {
      118:  760:      __annotate_contiguous_container(data(), data() + capacity(),
       59:  761:                                      data() + size(), data() + capacity());
       59:  762:    }
    $$$$$:  762-block  0
       10:  762-block  1
    $$$$$:  762-block  2
    $$$$$:  762-block  3
       31:  762-block  4
        4:  762-block  5
        3:  762-block  6
        2:  762-block  7
        1:  762-block  8
        8:  762-block  9
    $$$$$:  762-block 10
    $$$$$:  762-block 11
    $$$$$:  762-block 12
        -:  763:
        -:  764:    _LIBCPP_CONSTEXPR_AFTER_CXX17 _LIBCPP_INLINE_VISIBILITY
        -:  765:    void __annotate_increase(size_type __n) const _NOEXCEPT
        -:  766:    {
        -:  767:      __annotate_contiguous_container(data(), data() + capacity(),
        -:  768:                                      data() + size(), data() + size() + __n);
        -:  769:    }
        -:  770:
        -:  771:    _LIBCPP_CONSTEXPR_AFTER_CXX17 _LIBCPP_INLINE_VISIBILITY
function _ZNKSt3__16vectorINS_4fposI11__mbstate_tEENS_9allocatorIS3_EEE17__annotate_shrinkB6v15006Em called 0 returned 0% blocks executed 0%
function _ZNKSt3__16vectorIN7doctest16SubcaseSignatureENS_9allocatorIS2_EEE17__annotate_shrinkB6v15006Em called 15 returned 100% blocks executed 100%
function _ZNKSt3__16vectorIPN7doctest13IContextScopeENS_9allocatorIS3_EEE17__annotate_shrinkB6v15006Em called 0 returned 0% blocks executed 0%
function _ZNKSt3__16vectorIN7doctest6StringENS_9allocatorIS2_EEE17__annotate_shrinkB6v15006Em called 4 returned 100% blocks executed 100%
function _ZNKSt3__16vectorIPN7doctest9IReporterENS_9allocatorIS3_EEE17__annotate_shrinkB6v15006Em called 1 returned 100% blocks executed 100%
function _ZNKSt3__16vectorINS_12basic_stringIcNS_11char_traitsIcEENS_9allocatorIcEEEENS4_IS6_EEE17__annotate_shrinkB6v15006Em called 0 returned 0% blocks executed 0%
       20:  772:    void __annotate_shrink(size_type __old_size) const _NOEXCEPT
        -:  773:    {
       40:  774:      __annotate_contiguous_container(data(), data() + capacity(),
       20:  775:                                      data() + __old_size, data() + size());
       20:  776:    }
    $$$$$:  776-block  0
       15:  776-block  1
    $$$$$:  776-block  2
        4:  776-block  3
        1:  776-block  4
    $$$$$:  776-block  5
        -:  777:
        -:  778:  struct _ConstructTransaction {
        -:  779:    _LIBCPP_CONSTEXPR_AFTER_CXX17
function _ZNSt3__16vectorINS_4fposI11__mbstate_tEENS_9allocatorIS3_EEE21_ConstructTransactionC1ERS6_m called 0 returned 0% blocks executed 0%
function _ZNSt3__16vectorINS_4fposI11__mbstate_tEENS_9allocatorIS3_EEE21_ConstructTransactionC2ERS6_m called 0 returned 0% blocks executed 0%
function _ZNSt3__16vectorIN7doctest16SubcaseSignatureENS_9allocatorIS2_EEE21_ConstructTransactionC1ERS5_m called 8 returned 100% blocks executed 100%
function _ZNSt3__16vectorIN7doctest16SubcaseSignatureENS_9allocatorIS2_EEE21_ConstructTransactionC2ERS5_m called 8 returned 100% blocks executed 100%
function _ZNSt3__16vectorIPKN7doctest6detail20IExceptionTranslatorENS_9allocatorIS5_EEE21_ConstructTransactionC1ERS8_m called 0 returned 0% blocks executed 0%
function _ZNSt3__16vectorIPKN7doctest6detail20IExceptionTranslatorENS_9allocatorIS5_EEE21_ConstructTransactionC2ERS8_m called 0 returned 0% blocks executed 0%
function _ZNSt3__16vectorIPN7doctest13IContextScopeENS_9allocatorIS3_EEE21_ConstructTransactionC1ERS6_m called 0 returned 0% blocks executed 0%
function _ZNSt3__16vectorIPN7doctest13IContextScopeENS_9allocatorIS3_EEE21_ConstructTransactionC2ERS6_m called 0 returned 0% blocks executed 0%
function _ZNSt3__16vectorIN7doctest6StringENS_9allocatorIS2_EEE21_ConstructTransactionC1ERS5_m called 0 returned 0% blocks executed 0%
function _ZNSt3__16vectorIN7doctest6StringENS_9allocatorIS2_EEE21_ConstructTransactionC2ERS5_m called 0 returned 0% blocks executed 0%
function _ZNSt3__16vectorINS0_IN7doctest6StringENS_9allocatorIS2_EEEENS3_IS5_EEE21_ConstructTransactionC1ERS7_m called 3 returned 100% blocks executed 100%
function _ZNSt3__16vectorINS0_IN7doctest6StringENS_9allocatorIS2_EEEENS3_IS5_EEE21_ConstructTransactionC2ERS7_m called 3 returned 100% blocks executed 100%
function _ZNSt3__16vectorIPN7doctest9IReporterENS_9allocatorIS3_EEE21_ConstructTransactionC1ERS6_m called 0 returned 0% blocks executed 0%
function _ZNSt3__16vectorIPN7doctest9IReporterENS_9allocatorIS3_EEE21_ConstructTransactionC2ERS6_m called 0 returned 0% blocks executed 0%
function _ZNSt3__16vectorIPKN7doctest6detail8TestCaseENS_9allocatorIS5_EEE21_ConstructTransactionC1ERS8_m called 0 returned 0% blocks executed 0%
function _ZNSt3__16vectorIPKN7doctest6detail8TestCaseENS_9allocatorIS5_EEE21_ConstructTransactionC2ERS8_m called 0 returned 0% blocks executed 0%
function _ZNSt3__16vectorIPKN7doctest12TestCaseDataENS_9allocatorIS4_EEE21_ConstructTransactionC1ERS7_m called 0 returned 0% blocks executed 0%
function _ZNSt3__16vectorIPKN7doctest12TestCaseDataENS_9allocatorIS4_EEE21_ConstructTransactionC2ERS7_m called 0 returned 0% blocks executed 0%
function _ZNSt3__16vectorIP5GraphNS_9allocatorIS2_EEE21_ConstructTransactionC1ERS5_m called 0 returned 0% blocks executed 0%
function _ZNSt3__16vectorIP5GraphNS_9allocatorIS2_EEE21_ConstructTransactionC2ERS5_m called 0 returned 0% blocks executed 0%
function _ZNSt3__16vectorINS_12basic_stringIcNS_11char_traitsIcEENS_9allocatorIcEEEENS4_IS6_EEE21_ConstructTransactionC1ERS8_m called 0 returned 0% blocks executed 0%
function _ZNSt3__16vectorINS_12basic_stringIcNS_11char_traitsIcEENS_9allocatorIcEEEENS4_IS6_EEE21_ConstructTransactionC2ERS8_m called 0 returned 0% blocks executed 0%
function _ZNSt3__16vectorIN7doctest12_GLOBAL__N_113JUnitReporter17JUnitTestCaseData13JUnitTestCaseENS_9allocatorIS5_EEE21_ConstructTransactionC1ERS8_m called 0 returned 0% blocks executed 0%
function _ZNSt3__16vectorIN7doctest12_GLOBAL__N_113JUnitReporter17JUnitTestCaseData13JUnitTestCaseENS_9allocatorIS5_EEE21_ConstructTransactionC2ERS8_m called 0 returned 0% blocks executed 0%
function _ZNSt3__16vectorIN7doctest12_GLOBAL__N_113JUnitReporter17JUnitTestCaseData16JUnitTestMessageENS_9allocatorIS5_EEE21_ConstructTransactionC1ERS8_m called 0 returned 0% blocks executed 0%
function _ZNSt3__16vectorIN7doctest12_GLOBAL__N_113JUnitReporter17JUnitTestCaseData16JUnitTestMessageENS_9allocatorIS5_EEE21_ConstructTransactionC2ERS8_m called 0 returned 0% blocks executed 0%
       22:  780:    explicit _ConstructTransaction(vector &__v, size_type __n)
       22:  781:      : __v_(__v), __pos_(__v.__end_), __new_end_(__v.__end_ + __n) {
[...]
        -: 2877:typename enable_if
        -: 2878:<
        -: 2879:    __is_cpp17_forward_iterator<_ForwardIterator>::value,
        -: 2880:   void
        -: 2881:>::type
        -: 2882:vector<bool, _Allocator>::assign(_ForwardIterator __first, _ForwardIterator __last)
        -: 2883:{
        -: 2884:    clear();
        -: 2885:    difference_type __ns = _VSTD::distance(__first, __last);
        -: 2886:    _LIBCPP_ASSERT(__ns >= 0, "invalid range specified");
        -: 2887:    const size_t __n = static_cast<size_type>(__ns);
        -: 2888:    if (__n)
        -: 2889:    {
        -: 2890:        if (__n > capacity())
        -: 2891:        {
        -: 2892:            __vdeallocate();
        -: 2893:            __vallocate(__n);
        -: 2894:        }
        -: 2895:        __construct_at_end(__first, __last);
        -: 2896:    }
        -: 2897:}
        -: 2898:
        -: 2899:template <class _Allocator>
        -: 2900:_LIBCPP_CONSTEXPR_AFTER_CXX17 void
        -: 2901:vector<bool, _Allocator>::reserve(size_type __n)
        -: 2902:{
        -: 2903:    if (__n > capacity())
        -: 2904:    {
        -: 2905:        if (__n > max_size())
        -: 2906:            this->__throw_length_error();
        -: 2907:        vector __v(this->get_allocator());
        -: 2908:        __v.__vallocate(__n);
        -: 2909:        __v.__construct_at_end(this->begin(), this->end());
        -: 2910:        swap(__v);
        -: 2911:        std::__debug_db_invalidate_all(this);
        -: 2912:    }
        -: 2913:}
        -: 2914:
        -: 2915:template <class _Allocator>
        -: 2916:_LIBCPP_CONSTEXPR_AFTER_CXX17 void
        -: 2917:vector<bool, _Allocator>::shrink_to_fit() _NOEXCEPT
        -: 2918:{
        -: 2919:    if (__external_cap_to_internal(size()) > __cap())
        -: 2920:    {
        -: 2921:#ifndef _LIBCPP_NO_EXCEPTIONS
        -: 2922:        try
        -: 2923:        {
        -: 2924:#endif // _LIBCPP_NO_EXCEPTIONS
        -: 2925:            vector(*this, allocator_type(__alloc())).swap(*this);
        -: 2926:#ifndef _LIBCPP_NO_EXCEPTIONS
        -: 2927:        }
        -: 2928:        catch (...)
        -: 2929:        {
        -: 2930:        }
        -: 2931:#endif // _LIBCPP_NO_EXCEPTIONS
        -: 2932:    }
        -: 2933:}
        -: 2934:
        -: 2935:template <class _Allocator>
        -: 2936:typename vector<bool, _Allocator>::reference
        -: 2937:vector<bool, _Allocator>::at(size_type __n)
        -: 2938:{
        -: 2939:    if (__n >= size())
        -: 2940:        this->__throw_out_of_range();
        -: 2941:    return (*this)[__n];
        -: 2942:}
        -: 2943:
        -: 2944:template <class _Allocator>
        -: 2945:typename vector<bool, _Allocator>::const_reference
        -: 2946:vector<bool, _Allocator>::at(size_type __n) const
        -: 2947:{
        -: 2948:    if (__n >= size())
        -: 2949:        this->__throw_out_of_range();
        -: 2950:    return (*this)[__n];
        -: 2951:}
        -: 2952:
        -: 2953:template <class _Allocator>
        -: 2954:_LIBCPP_CONSTEXPR_AFTER_CXX17 void
        -: 2955:vector<bool, _Allocator>::push_back(const value_type& __x)
        -: 2956:{
        -: 2957:    if (this->__size_ == this->capacity())
        -: 2958:        reserve(__recommend(this->__size_ + 1));
        -: 2959:    ++this->__size_;
        -: 2960:    back() = __x;
        -: 2961:}
        -: 2962:
        -: 2963:template <class _Allocator>
        -: 2964:_LIBCPP_CONSTEXPR_AFTER_CXX17 typename vector<bool, _Allocator>::iterator
        -: 2965:vector<bool, _Allocator>::insert(const_iterator __position, const value_type& __x)
        -: 2966:{
        -: 2967:    iterator __r;
        -: 2968:    if (size() < capacity())
        -: 2969:    {
        -: 2970:        const_iterator __old_end = end();
        -: 2971:        ++__size_;
        -: 2972:        _VSTD::copy_backward(__position, __old_end, end());
        -: 2973:        __r = __const_iterator_cast(__position);
        -: 2974:    }
        -: 2975:    else
        -: 2976:    {
        -: 2977:        vector __v(get_allocator());
        -: 2978:        __v.reserve(__recommend(__size_ + 1));
        -: 2979:        __v.__size_ = __size_ + 1;
        -: 2980:        __r = _VSTD::copy(cbegin(), __position, __v.begin());
        -: 2981:        _VSTD::copy_backward(__position, cend(), __v.end());
        -: 2982:        swap(__v);
        -: 2983:    }
        -: 2984:    *__r = __x;
        -: 2985:    return __r;
        -: 2986:}
        -: 2987:
        -: 2988:template <class _Allocator>
        -: 2989:_LIBCPP_CONSTEXPR_AFTER_CXX17 typename vector<bool, _Allocator>::iterator
        -: 2990:vector<bool, _Allocator>::insert(const_iterator __position, size_type __n, const value_type& __x)
        -: 2991:{
        -: 2992:    iterator __r;
        -: 2993:    size_type __c = capacity();
        -: 2994:    if (__n <= __c && size() <= __c - __n)
        -: 2995:    {
        -: 2996:        const_iterator __old_end = end();
        -: 2997:        __size_ += __n;
        -: 2998:        _VSTD::copy_backward(__position, __old_end, end());
        -: 2999:        __r = __const_iterator_cast(__position);
        -: 3000:    }
        -: 3001:    else
        -: 3002:    {
        -: 3003:        vector __v(get_allocator());
        -: 3004:        __v.reserve(__recommend(__size_ + __n));
        -: 3005:        __v.__size_ = __size_ + __n;
        -: 3006:        __r = _VSTD::copy(cbegin(), __position, __v.begin());
        -: 3007:        _VSTD::copy_backward(__position, cend(), __v.end());
        -: 3008:        swap(__v);
        -: 3009:    }
        -: 3010:    _VSTD::fill_n(__r, __n, __x);
        -: 3011:    return __r;
        -: 3012:}
        -: 3013:
        -: 3014:template <class _Allocator>
        -: 3015:template <class _InputIterator>
        -: 3016:_LIBCPP_CONSTEXPR_AFTER_CXX17 typename enable_if <__is_exactly_cpp17_input_iterator<_InputIterator>::value,
        -: 3017:    typename vector<bool, _Allocator>::iterator
        -: 3018:>::type
        -: 3019:vector<bool, _Allocator>::insert(const_iterator __position, _InputIterator __first, _InputIterator __last)
        -: 3020:{
        -: 3021:    difference_type __off = __position - begin();
        -: 3022:    iterator __p = __const_iterator_cast(__position);
        -: 3023:    iterator __old_end = end();
        -: 3024:    for (; size() != capacity() && __first != __last; ++__first)
        -: 3025:    {
        -: 3026:        ++this->__size_;
        -: 3027:        back() = *__first;
        -: 3028:    }
        -: 3029:    vector __v(get_allocator());
        -: 3030:    if (__first != __last)
        -: 3031:    {
        -: 3032:#ifndef _LIBCPP_NO_EXCEPTIONS
        -: 3033:        try
        -: 3034:        {
        -: 3035:#endif // _LIBCPP_NO_EXCEPTIONS
        -: 3036:            __v.assign(__first, __last);
        -: 3037:            difference_type __old_size = static_cast<difference_type>(__old_end - begin());
        -: 3038:            difference_type __old_p = __p - begin();
        -: 3039:            reserve(__recommend(size() + __v.size()));
        -: 3040:            __p = begin() + __old_p;
        -: 3041:            __old_end = begin() + __old_size;
        -: 3042:#ifndef _LIBCPP_NO_EXCEPTIONS
        -: 3043:        }
        -: 3044:        catch (...)
        -: 3045:        {
        -: 3046:            erase(__old_end, end());
        -: 3047:            throw;
        -: 3048:        }
        -: 3049:#endif // _LIBCPP_NO_EXCEPTIONS
        -: 3050:    }
        -: 3051:    __p = _VSTD::rotate(__p, __old_end, end());
        -: 3052:    insert(__p, __v.begin(), __v.end());
        -: 3053:    return begin() + __off;
        -: 3054:}
        -: 3055:
        -: 3056:template <class _Allocator>
        -: 3057:template <class _ForwardIterator>
        -: 3058:_LIBCPP_CONSTEXPR_AFTER_CXX17
        -: 3059:typename enable_if
        -: 3060:<
        -: 3061:    __is_cpp17_forward_iterator<_ForwardIterator>::value,
        -: 3062:    typename vector<bool, _Allocator>::iterator
        -: 3063:>::type
        -: 3064:vector<bool, _Allocator>::insert(const_iterator __position, _ForwardIterator __first, _ForwardIterator __last)
        -: 3065:{
        -: 3066:    const difference_type __n_signed = _VSTD::distance(__first, __last);
        -: 3067:    _LIBCPP_ASSERT(__n_signed >= 0, "invalid range specified");
        -: 3068:    const size_type __n = static_cast<size_type>(__n_signed);
        -: 3069:    iterator __r;
        -: 3070:    size_type __c = capacity();
        -: 3071:    if (__n <= __c && size() <= __c - __n)
        -: 3072:    {
        -: 3073:        const_iterator __old_end = end();
        -: 3074:        __size_ += __n;
        -: 3075:        _VSTD::copy_backward(__position, __old_end, end());
        -: 3076:        __r = __const_iterator_cast(__position);
        -: 3077:    }
        -: 3078:    else
        -: 3079:    {
        -: 3080:        vector __v(get_allocator());
        -: 3081:        __v.reserve(__recommend(__size_ + __n));
        -: 3082:        __v.__size_ = __size_ + __n;
        -: 3083:        __r = _VSTD::copy(cbegin(), __position, __v.begin());
        -: 3084:        _VSTD::copy_backward(__position, cend(), __v.end());
        -: 3085:        swap(__v);
        -: 3086:    }
        -: 3087:    _VSTD::copy(__first, __last, __r);
        -: 3088:    return __r;
        -: 3089:}
        -: 3090:
        -: 3091:template <class _Allocator>
        -: 3092:inline _LIBCPP_INLINE_VISIBILITY _LIBCPP_CONSTEXPR_AFTER_CXX17
        -: 3093:typename vector<bool, _Allocator>::iterator
        -: 3094:vector<bool, _Allocator>::erase(const_iterator __position)
        -: 3095:{
        -: 3096:    iterator __r = __const_iterator_cast(__position);
        -: 3097:    _VSTD::copy(__position + 1, this->cend(), __r);
        -: 3098:    --__size_;
        -: 3099:    return __r;
        -: 3100:}
        -: 3101:
        -: 3102:template <class _Allocator>
        -: 3103:_LIBCPP_CONSTEXPR_AFTER_CXX17
        -: 3104:typename vector<bool, _Allocator>::iterator
        -: 3105:vector<bool, _Allocator>::erase(const_iterator __first, const_iterator __last)
        -: 3106:{
        -: 3107:    iterator __r = __const_iterator_cast(__first);
        -: 3108:    difference_type __d = __last - __first;
        -: 3109:    _VSTD::copy(__last, this->cend(), __r);
        -: 3110:    __size_ -= __d;
        -: 3111:    return __r;
        -: 3112:}
        -: 3113:
        -: 3114:template <class _Allocator>
        -: 3115:_LIBCPP_CONSTEXPR_AFTER_CXX17 void
        -: 3116:vector<bool, _Allocator>::swap(vector& __x)
        -: 3117:#if _LIBCPP_STD_VER >= 14
        -: 3118:    _NOEXCEPT
        -: 3119:#else
        -: 3120:    _NOEXCEPT_(!__alloc_traits::propagate_on_container_swap::value ||
        -: 3121:                __is_nothrow_swappable<allocator_type>::value)
        -: 3122:#endif
        -: 3123:{
        -: 3124:    _VSTD::swap(this->__begin_, __x.__begin_);
        -: 3125:    _VSTD::swap(this->__size_, __x.__size_);
        -: 3126:    _VSTD::swap(this->__cap(), __x.__cap());
        -: 3127:    _VSTD::__swap_allocator(this->__alloc(), __x.__alloc(),
        -: 3128:        integral_constant<bool, __alloc_traits::propagate_on_container_swap::value>());
        -: 3129:}
        -: 3130:
        -: 3131:template <class _Allocator>
        -: 3132:_LIBCPP_CONSTEXPR_AFTER_CXX17 void
        -: 3133:vector<bool, _Allocator>::resize(size_type __sz, value_type __x)
        -: 3134:{
        -: 3135:    size_type __cs = size();
        -: 3136:    if (__cs < __sz)
        -: 3137:    {
        -: 3138:        iterator __r;
        -: 3139:        size_type __c = capacity();
        -: 3140:        size_type __n = __sz - __cs;
        -: 3141:        if (__n <= __c && __cs <= __c - __n)
        -: 3142:        {
        -: 3143:            __r = end();
        -: 3144:            __size_ += __n;
        -: 3145:        }
        -: 3146:        else
        -: 3147:        {
        -: 3148:            vector __v(get_allocator());
        -: 3149:            __v.reserve(__recommend(__size_ + __n));
        -: 3150:            __v.__size_ = __size_ + __n;
        -: 3151:            __r = _VSTD::copy(cbegin(), cend(), __v.begin());
        -: 3152:            swap(__v);
        -: 3153:        }
        -: 3154:        _VSTD::fill_n(__r, __n, __x);
        -: 3155:    }
        -: 3156:    else
        -: 3157:        __size_ = __sz;
        -: 3158:}
        -: 3159:
        -: 3160:template <class _Allocator>
        -: 3161:_LIBCPP_CONSTEXPR_AFTER_CXX17 void
        -: 3162:vector<bool, _Allocator>::flip() _NOEXCEPT
        -: 3163:{
        -: 3164:    // do middle whole words
        -: 3165:    size_type __n = __size_;
        -: 3166:    __storage_pointer __p = __begin_;
        -: 3167:    for (; __n >= __bits_per_word; ++__p, __n -= __bits_per_word)
        -: 3168:        *__p = ~*__p;
        -: 3169:    // do last partial word
        -: 3170:    if (__n > 0)
        -: 3171:    {
        -: 3172:        __storage_type __m = ~__storage_type(0) >> (__bits_per_word - __n);
        -: 3173:        __storage_type __b = *__p & __m;
        -: 3174:        *__p &= ~__m;
        -: 3175:        *__p |= ~__b & __m;
        -: 3176:    }
        -: 3177:}
        -: 3178:
        -: 3179:template <class _Allocator>
        -: 3180:_LIBCPP_CONSTEXPR_AFTER_CXX17 bool
        -: 3181:vector<bool, _Allocator>::__invariants() const
        -: 3182:{
        -: 3183:    if (this->__begin_ == nullptr)
        -: 3184:    {
        -: 3185:        if (this->__size_ != 0 || this->__cap() != 0)
        -: 3186:            return false;
        -: 3187:    }
        -: 3188:    else
        -: 3189:    {
        -: 3190:        if (this->__cap() == 0)
        -: 3191:            return false;
        -: 3192:        if (this->__size_ > this->capacity())
        -: 3193:            return false;
        -: 3194:    }
        -: 3195:    return true;
        -: 3196:}
        -: 3197:
        -: 3198:template <class _Allocator>
        -: 3199:_LIBCPP_CONSTEXPR_AFTER_CXX17 size_t
        -: 3200:vector<bool, _Allocator>::__hash_code() const _NOEXCEPT
        -: 3201:{
        -: 3202:    size_t __h = 0;
        -: 3203:    // do middle whole words
        -: 3204:    size_type __n = __size_;
        -: 3205:    __storage_pointer __p = __begin_;
        -: 3206:    for (; __n >= __bits_per_word; ++__p, __n -= __bits_per_word)
        -: 3207:        __h ^= *__p;
        -: 3208:    // do last partial word
        -: 3209:    if (__n > 0)
        -: 3210:    {
        -: 3211:        const __storage_type __m = ~__storage_type(0) >> (__bits_per_word - __n);
        -: 3212:        __h ^= *__p & __m;
        -: 3213:    }
        -: 3214:    return __h;
        -: 3215:}
        -: 3216:
        -: 3217:template <class _Allocator>
        -: 3218:struct _LIBCPP_TEMPLATE_VIS hash<vector<bool, _Allocator> >
        -: 3219:    : public __unary_function<vector<bool, _Allocator>, size_t>
        -: 3220:{
        -: 3221:    _LIBCPP_INLINE_VISIBILITY _LIBCPP_CONSTEXPR_AFTER_CXX17
        -: 3222:    size_t operator()(const vector<bool, _Allocator>& __vec) const _NOEXCEPT
        -: 3223:        {return __vec.__hash_code();}
        -: 3224:};
        -: 3225:
        -: 3226:template <class _Tp, class _Allocator>
        -: 3227:_LIBCPP_CONSTEXPR_AFTER_CXX17
        -: 3228:inline _LIBCPP_INLINE_VISIBILITY
        -: 3229:bool
        -: 3230:operator==(const vector<_Tp, _Allocator>& __x, const vector<_Tp, _Allocator>& __y)
        -: 3231:{
        -: 3232:    const typename vector<_Tp, _Allocator>::size_type __sz = __x.size();
        -: 3233:    return __sz == __y.size() && _VSTD::equal(__x.begin(), __x.end(), __y.begin());
        -: 3234:}
        -: 3235:
        -: 3236:template <class _Tp, class _Allocator>
        -: 3237:_LIBCPP_CONSTEXPR_AFTER_CXX17
        -: 3238:inline _LIBCPP_INLINE_VISIBILITY
        -: 3239:bool
        -: 3240:operator!=(const vector<_Tp, _Allocator>& __x, const vector<_Tp, _Allocator>& __y)
        -: 3241:{
        -: 3242:    return !(__x == __y);
        -: 3243:}
        -: 3244:
        -: 3245:template <class _Tp, class _Allocator>
        -: 3246:_LIBCPP_CONSTEXPR_AFTER_CXX17
        -: 3247:inline _LIBCPP_INLINE_VISIBILITY
        -: 3248:bool
        -: 3249:operator< (const vector<_Tp, _Allocator>& __x, const vector<_Tp, _Allocator>& __y)
        -: 3250:{
        -: 3251:    return _VSTD::lexicographical_compare(__x.begin(), __x.end(), __y.begin(), __y.end());
        -: 3252:}
        -: 3253:
        -: 3254:template <class _Tp, class _Allocator>
        -: 3255:_LIBCPP_CONSTEXPR_AFTER_CXX17
        -: 3256:inline _LIBCPP_INLINE_VISIBILITY
        -: 3257:bool
        -: 3258:operator> (const vector<_Tp, _Allocator>& __x, const vector<_Tp, _Allocator>& __y)
        -: 3259:{
        -: 3260:    return __y < __x;
        -: 3261:}
        -: 3262:
        -: 3263:template <class _Tp, class _Allocator>
        -: 3264:_LIBCPP_CONSTEXPR_AFTER_CXX17
        -: 3265:inline _LIBCPP_INLINE_VISIBILITY
        -: 3266:bool
        -: 3267:operator>=(const vector<_Tp, _Allocator>& __x, const vector<_Tp, _Allocator>& __y)
        -: 3268:{
        -: 3269:    return !(__x < __y);
        -: 3270:}
        -: 3271:
        -: 3272:template <class _Tp, class _Allocator>
        -: 3273:_LIBCPP_CONSTEXPR_AFTER_CXX17
        -: 3274:inline _LIBCPP_INLINE_VISIBILITY
        -: 3275:bool
        -: 3276:operator<=(const vector<_Tp, _Allocator>& __x, const vector<_Tp, _Allocator>& __y)
        -: 3277:{
        -: 3278:    return !(__y < __x);
        -: 3279:}
        -: 3280:
        -: 3281:template <class _Tp, class _Allocator>
        -: 3282:_LIBCPP_CONSTEXPR_AFTER_CXX17
        -: 3283:inline _LIBCPP_INLINE_VISIBILITY
        -: 3284:void
        -: 3285:swap(vector<_Tp, _Allocator>& __x, vector<_Tp, _Allocator>& __y)
        -: 3286:    _NOEXCEPT_(_NOEXCEPT_(__x.swap(__y)))
        -: 3287:{
        -: 3288:    __x.swap(__y);
        -: 3289:}
        -: 3290:
        -: 3291:#if _LIBCPP_STD_VER > 17
        -: 3292:template <class _Tp, class _Allocator, class _Up>
        -: 3293:_LIBCPP_CONSTEXPR_AFTER_CXX17
        -: 3294:inline _LIBCPP_INLINE_VISIBILITY typename vector<_Tp, _Allocator>::size_type
        -: 3295:erase(vector<_Tp, _Allocator>& __c, const _Up& __v) {
        -: 3296:  auto __old_size = __c.size();
        -: 3297:  __c.erase(_VSTD::remove(__c.begin(), __c.end(), __v), __c.end());
        -: 3298:  return __old_size - __c.size();
        -: 3299:}
        -: 3300:
        -: 3301:template <class _Tp, class _Allocator, class _Predicate>
        -: 3302:_LIBCPP_CONSTEXPR_AFTER_CXX17
        -: 3303:inline _LIBCPP_INLINE_VISIBILITY typename vector<_Tp, _Allocator>::size_type
        -: 3304:erase_if(vector<_Tp, _Allocator>& __c, _Predicate __pred) {
        -: 3305:  auto __old_size = __c.size();
        -: 3306:  __c.erase(_VSTD::remove_if(__c.begin(), __c.end(), __pred), __c.end());
        -: 3307:  return __old_size - __c.size();
        -: 3308:}
        -: 3309:
        -: 3310:template <>
        -: 3311:inline constexpr bool __format::__enable_insertable<std::vector<char>> = true;
        -: 3312:#ifndef _LIBCPP_HAS_NO_WIDE_CHARACTERS
        -: 3313:template <>
        -: 3314:inline constexpr bool __format::__enable_insertable<std::vector<wchar_t>> = true;
        -: 3315:#endif
        -: 3316:
        -: 3317:#endif // _LIBCPP_STD_VER > 17
        -: 3318:
        -: 3319:_LIBCPP_END_NAMESPACE_STD
        -: 3320:
        -: 3321:_LIBCPP_POP_MACROS
        -: 3322:
        -: 3323:#endif // _LIBCPP_VECTOR
