        -:    0:Source:/Users/mihaildobroslavski/CLionProjects/CityMapProject/UnitTesting/doctest.h
        -:    0:Graph:/Users/mihaildobroslavski/CLionProjects/CityMapProject/cmake-build-debug-coverage/CMakeFiles/PathTest.dir/UnitTesting/PathTest.cpp.gcno
        -:    0:Data:/Users/mihaildobroslavski/CLionProjects/CityMapProject/cmake-build-debug-coverage/CMakeFiles/PathTest.dir/UnitTesting/PathTest.cpp.gcda
        -:    0:Runs:1
        -:    0:Programs:1
        -:    1:// ====================================================================== lgtm [cpp/missing-header-guard]
        -:    2:// == DO NOT MODIFY THIS FILE BY HAND - IT IS AUTO GENERATED BY CMAKE! ==
        -:    3:// ======================================================================
        -:    4://
        -:    5:// doctest.h - the lightest feature-rich C++ single-header testing framework for unit tests and TDD
        -:    6://
        -:    7:// Copyright (c) 2016-2023 Viktor Kirilov
        -:    8://
        -:    9:// Distributed under the MIT Software License
        -:   10:// See accompanying file LICENSE.txt or copy at
        -:   11:// https://opensource.org/licenses/MIT
        -:   12://
        -:   13:// The documentation can be found at the library's page:
        -:   14:// https://github.com/doctest/doctest/blob/master/doc/markdown/readme.md
        -:   15://
        -:   16:// =================================================================================================
        -:   17:// =================================================================================================
        -:   18:// =================================================================================================
        -:   19://
        -:   20:// The library is heavily influenced by Catch - https://github.com/catchorg/Catch2
        -:   21:// which uses the Boost Software License - Version 1.0
        -:   22:// see here - https://github.com/catchorg/Catch2/blob/master/LICENSE.txt
        -:   23://
        -:   24:// The concept of subcases (sections in Catch) and expression decomposition are from there.
        -:   25:// Some parts of the code are taken directly:
        -:   26:// - stringification - the detection of "ostream& operator<<(ostream&, const T&)" and StringMaker<>
        -:   27:// - the Approx() helper class for floating point comparison
        -:   28:// - colors in the console
        -:   29:// - breaking into a debugger
        -:   30:// - signal / SEH handling
        -:   31:// - timer
        -:   32:// - XmlWriter class - thanks to Phil Nash for allowing the direct reuse (AKA copy/paste)
        -:   33://
        -:   34:// The expression decomposing templates are taken from lest - https://github.com/martinmoene/lest
        -:   35:// which uses the Boost Software License - Version 1.0
        -:   36:// see here - https://github.com/martinmoene/lest/blob/master/LICENSE.txt
        -:   37://
        -:   38:// =================================================================================================
        -:   39:// =================================================================================================
        -:   40:// =================================================================================================
        -:   41:
        -:   42:#ifndef DOCTEST_LIBRARY_INCLUDED
        -:   43:#define DOCTEST_LIBRARY_INCLUDED
        -:   44:
        -:   45:// =================================================================================================
        -:   46:// == VERSION ======================================================================================
        -:   47:// =================================================================================================
        -:   48:
        -:   49:#define DOCTEST_VERSION_MAJOR 2
        -:   50:#define DOCTEST_VERSION_MINOR 4
        -:   51:#define DOCTEST_VERSION_PATCH 11
        -:   52:
        -:   53:// util we need here
        -:   54:#define DOCTEST_TOSTR_IMPL(x) #x
        -:   55:#define DOCTEST_TOSTR(x) DOCTEST_TOSTR_IMPL(x)
        -:   56:
        -:   57:#define DOCTEST_VERSION_STR                                                                        \
        -:   58:    DOCTEST_TOSTR(DOCTEST_VERSION_MAJOR) "."                                                       \
        -:   59:    DOCTEST_TOSTR(DOCTEST_VERSION_MINOR) "."                                                       \
        -:   60:    DOCTEST_TOSTR(DOCTEST_VERSION_PATCH)
        -:   61:
        -:   62:#define DOCTEST_VERSION                                                                            \
        -:   63:    (DOCTEST_VERSION_MAJOR * 10000 + DOCTEST_VERSION_MINOR * 100 + DOCTEST_VERSION_PATCH)
        -:   64:
        -:   65:// =================================================================================================
        -:   66:// == COMPILER VERSION =============================================================================
        -:   67:// =================================================================================================
        -:   68:
        -:   69:// ideas for the version stuff are taken from here: https://github.com/cxxstuff/cxx_detect
        -:   70:
        -:   71:#ifdef _MSC_VER
        -:   72:#define DOCTEST_CPLUSPLUS _MSVC_LANG
        -:   73:#else
        -:   74:#define DOCTEST_CPLUSPLUS __cplusplus
        -:   75:#endif
        -:   76:
        -:   77:#define DOCTEST_COMPILER(MAJOR, MINOR, PATCH) ((MAJOR)*10000000 + (MINOR)*100000 + (PATCH))
        -:   78:
        -:   79:// GCC/Clang and GCC/MSVC are mutually exclusive, but Clang/MSVC are not because of clang-cl...
        -:   80:#if defined(_MSC_VER) && defined(_MSC_FULL_VER)
        -:   81:                                                                                                                        #if _MSC_VER == _MSC_FULL_VER / 10000
        -:   82:#define DOCTEST_MSVC DOCTEST_COMPILER(_MSC_VER / 100, _MSC_VER % 100, _MSC_FULL_VER % 10000)
        -:   83:#else // MSVC
        -:   84:#define DOCTEST_MSVC                                                                               \
        -:   85:    DOCTEST_COMPILER(_MSC_VER / 100, (_MSC_FULL_VER / 100000) % 100, _MSC_FULL_VER % 100000)
        -:   86:#endif // MSVC
        -:   87:#endif // MSVC
        -:   88:#if defined(__clang__) && defined(__clang_minor__) && defined(__clang_patchlevel__)
        -:   89:#define DOCTEST_CLANG DOCTEST_COMPILER(__clang_major__, __clang_minor__, __clang_patchlevel__)
        -:   90:#elif defined(__GNUC__) && defined(__GNUC_MINOR__) && defined(__GNUC_PATCHLEVEL__) && \
        -:   91:        !defined(__INTEL_COMPILER)
        -:   92:#define DOCTEST_GCC DOCTEST_COMPILER(__GNUC__, __GNUC_MINOR__, __GNUC_PATCHLEVEL__)
        -:   93:#endif // GCC
        -:   94:#if defined(__INTEL_COMPILER)
        -:   95:#define DOCTEST_ICC DOCTEST_COMPILER(__INTEL_COMPILER / 100, __INTEL_COMPILER % 100, 0)
        -:   96:#endif // ICC
        -:   97:
        -:   98:#ifndef DOCTEST_MSVC
        -:   99:#define DOCTEST_MSVC 0
        -:  100:#endif // DOCTEST_MSVC
        -:  101:#ifndef DOCTEST_CLANG
        -:  102:#define DOCTEST_CLANG 0
        -:  103:#endif // DOCTEST_CLANG
        -:  104:#ifndef DOCTEST_GCC
        -:  105:#define DOCTEST_GCC 0
        -:  106:#endif // DOCTEST_GCC
        -:  107:#ifndef DOCTEST_ICC
        -:  108:#define DOCTEST_ICC 0
        -:  109:#endif // DOCTEST_ICC
        -:  110:
        -:  111:// =================================================================================================
        -:  112:// == COMPILER WARNINGS HELPERS ====================================================================
        -:  113:// =================================================================================================
        -:  114:
        -:  115:#if DOCTEST_CLANG && !DOCTEST_ICC
        -:  116:#define DOCTEST_PRAGMA_TO_STR(x) _Pragma(#x)
        -:  117:#define DOCTEST_CLANG_SUPPRESS_WARNING_PUSH _Pragma("clang diagnostic push")
        -:  118:#define DOCTEST_CLANG_SUPPRESS_WARNING(w) DOCTEST_PRAGMA_TO_STR(clang diagnostic ignored w)
        -:  119:#define DOCTEST_CLANG_SUPPRESS_WARNING_POP _Pragma("clang diagnostic pop")
        -:  120:#define DOCTEST_CLANG_SUPPRESS_WARNING_WITH_PUSH(w)                                                \
        -:  121:    DOCTEST_CLANG_SUPPRESS_WARNING_PUSH DOCTEST_CLANG_SUPPRESS_WARNING(w)
        -:  122:#else // DOCTEST_CLANG
        -:  123:                                                                                                                        #define DOCTEST_CLANG_SUPPRESS_WARNING_PUSH
        -:  124:#define DOCTEST_CLANG_SUPPRESS_WARNING(w)
        -:  125:#define DOCTEST_CLANG_SUPPRESS_WARNING_POP
        -:  126:#define DOCTEST_CLANG_SUPPRESS_WARNING_WITH_PUSH(w)
        -:  127:#endif // DOCTEST_CLANG
        -:  128:
        -:  129:#if DOCTEST_GCC
        -:  130:                                                                                                                        #define DOCTEST_PRAGMA_TO_STR(x) _Pragma(#x)
        -:  131:#define DOCTEST_GCC_SUPPRESS_WARNING_PUSH _Pragma("GCC diagnostic push")
        -:  132:#define DOCTEST_GCC_SUPPRESS_WARNING(w) DOCTEST_PRAGMA_TO_STR(GCC diagnostic ignored w)
        -:  133:#define DOCTEST_GCC_SUPPRESS_WARNING_POP _Pragma("GCC diagnostic pop")
        -:  134:#define DOCTEST_GCC_SUPPRESS_WARNING_WITH_PUSH(w)                                                  \
        -:  135:    DOCTEST_GCC_SUPPRESS_WARNING_PUSH DOCTEST_GCC_SUPPRESS_WARNING(w)
        -:  136:#else // DOCTEST_GCC
        -:  137:#define DOCTEST_GCC_SUPPRESS_WARNING_PUSH
        -:  138:#define DOCTEST_GCC_SUPPRESS_WARNING(w)
        -:  139:#define DOCTEST_GCC_SUPPRESS_WARNING_POP
        -:  140:#define DOCTEST_GCC_SUPPRESS_WARNING_WITH_PUSH(w)
        -:  141:#endif // DOCTEST_GCC
        -:  142:
        -:  143:#if DOCTEST_MSVC
        -:  144:                                                                                                                        #define DOCTEST_MSVC_SUPPRESS_WARNING_PUSH __pragma(warning(push))
        -:  145:#define DOCTEST_MSVC_SUPPRESS_WARNING(w) __pragma(warning(disable : w))
        -:  146:#define DOCTEST_MSVC_SUPPRESS_WARNING_POP __pragma(warning(pop))
        -:  147:#define DOCTEST_MSVC_SUPPRESS_WARNING_WITH_PUSH(w)                                                 \
        -:  148:    DOCTEST_MSVC_SUPPRESS_WARNING_PUSH DOCTEST_MSVC_SUPPRESS_WARNING(w)
        -:  149:#else // DOCTEST_MSVC
        -:  150:#define DOCTEST_MSVC_SUPPRESS_WARNING_PUSH
        -:  151:#define DOCTEST_MSVC_SUPPRESS_WARNING(w)
        -:  152:#define DOCTEST_MSVC_SUPPRESS_WARNING_POP
        -:  153:#define DOCTEST_MSVC_SUPPRESS_WARNING_WITH_PUSH(w)
        -:  154:#endif // DOCTEST_MSVC
        -:  155:
        -:  156:// =================================================================================================
        -:  157:// == COMPILER WARNINGS ============================================================================
        -:  158:// =================================================================================================
        -:  159:
        -:  160:// both the header and the implementation suppress all of these,
        -:  161:// so it only makes sense to aggregate them like so
        -:  162:#define DOCTEST_SUPPRESS_COMMON_WARNINGS_PUSH                                                      \
        -:  163:    DOCTEST_CLANG_SUPPRESS_WARNING_PUSH                                                            \
        -:  164:    DOCTEST_CLANG_SUPPRESS_WARNING("-Wunknown-pragmas")                                            \
        -:  165:    DOCTEST_CLANG_SUPPRESS_WARNING("-Wweak-vtables")                                               \
        -:  166:    DOCTEST_CLANG_SUPPRESS_WARNING("-Wpadded")                                                     \
        -:  167:    DOCTEST_CLANG_SUPPRESS_WARNING("-Wmissing-prototypes")                                         \
        -:  168:    DOCTEST_CLANG_SUPPRESS_WARNING("-Wc++98-compat")                                               \
        -:  169:    DOCTEST_CLANG_SUPPRESS_WARNING("-Wc++98-compat-pedantic")                                      \
        -:  170:                                                                                                   \
        -:  171:    DOCTEST_GCC_SUPPRESS_WARNING_PUSH                                                              \
        -:  172:    DOCTEST_GCC_SUPPRESS_WARNING("-Wunknown-pragmas")                                              \
        -:  173:    DOCTEST_GCC_SUPPRESS_WARNING("-Wpragmas")                                                      \
        -:  174:    DOCTEST_GCC_SUPPRESS_WARNING("-Weffc++")                                                       \
        -:  175:    DOCTEST_GCC_SUPPRESS_WARNING("-Wstrict-overflow")                                              \
        -:  176:    DOCTEST_GCC_SUPPRESS_WARNING("-Wstrict-aliasing")                                              \
        -:  177:    DOCTEST_GCC_SUPPRESS_WARNING("-Wmissing-declarations")                                         \
        -:  178:    DOCTEST_GCC_SUPPRESS_WARNING("-Wuseless-cast")                                                 \
        -:  179:    DOCTEST_GCC_SUPPRESS_WARNING("-Wnoexcept")                                                     \
        -:  180:                                                                                                   \
        -:  181:    DOCTEST_MSVC_SUPPRESS_WARNING_PUSH                                                             \
        -:  182:    /* these 4 also disabled globally via cmake: */                                                \
        -:  183:    DOCTEST_MSVC_SUPPRESS_WARNING(4514) /* unreferenced inline function has been removed */        \
        -:  184:    DOCTEST_MSVC_SUPPRESS_WARNING(4571) /* SEH related */                                          \
        -:  185:    DOCTEST_MSVC_SUPPRESS_WARNING(4710) /* function not inlined */                                 \
        -:  186:    DOCTEST_MSVC_SUPPRESS_WARNING(4711) /* function selected for inline expansion*/                \
        -:  187:    /* common ones */                                                                              \
        -:  188:    DOCTEST_MSVC_SUPPRESS_WARNING(4616) /* invalid compiler warning */                             \
        -:  189:    DOCTEST_MSVC_SUPPRESS_WARNING(4619) /* invalid compiler warning */                             \
        -:  190:    DOCTEST_MSVC_SUPPRESS_WARNING(4996) /* The compiler encountered a deprecated declaration */    \
        -:  191:    DOCTEST_MSVC_SUPPRESS_WARNING(4706) /* assignment within conditional expression */             \
        -:  192:    DOCTEST_MSVC_SUPPRESS_WARNING(4512) /* 'class' : assignment operator could not be generated */ \
        -:  193:    DOCTEST_MSVC_SUPPRESS_WARNING(4127) /* conditional expression is constant */                   \
        -:  194:    DOCTEST_MSVC_SUPPRESS_WARNING(4820) /* padding */                                              \
        -:  195:    DOCTEST_MSVC_SUPPRESS_WARNING(4625) /* copy constructor was implicitly deleted */              \
        -:  196:    DOCTEST_MSVC_SUPPRESS_WARNING(4626) /* assignment operator was implicitly deleted */           \
        -:  197:    DOCTEST_MSVC_SUPPRESS_WARNING(5027) /* move assignment operator implicitly deleted */          \
        -:  198:    DOCTEST_MSVC_SUPPRESS_WARNING(5026) /* move constructor was implicitly deleted */              \
        -:  199:    DOCTEST_MSVC_SUPPRESS_WARNING(4640) /* construction of local static object not thread-safe */  \
        -:  200:    DOCTEST_MSVC_SUPPRESS_WARNING(5045) /* Spectre mitigation for memory load */                   \
        -:  201:    DOCTEST_MSVC_SUPPRESS_WARNING(5264) /* 'variable-name': 'const' variable is not used */        \
        -:  202:    /* static analysis */                                                                          \
        -:  203:    DOCTEST_MSVC_SUPPRESS_WARNING(26439) /* Function may not throw. Declare it 'noexcept' */       \
        -:  204:    DOCTEST_MSVC_SUPPRESS_WARNING(26495) /* Always initialize a member variable */                 \
        -:  205:    DOCTEST_MSVC_SUPPRESS_WARNING(26451) /* Arithmetic overflow ... */                             \
        -:  206:    DOCTEST_MSVC_SUPPRESS_WARNING(26444) /* Avoid unnamed objects with custom ctor and dtor... */  \
        -:  207:    DOCTEST_MSVC_SUPPRESS_WARNING(26812) /* Prefer 'enum class' over 'enum' */
        -:  208:
        -:  209:#define DOCTEST_SUPPRESS_COMMON_WARNINGS_POP                                                       \
        -:  210:    DOCTEST_CLANG_SUPPRESS_WARNING_POP                                                             \
        -:  211:    DOCTEST_GCC_SUPPRESS_WARNING_POP                                                               \
        -:  212:    DOCTEST_MSVC_SUPPRESS_WARNING_POP
        -:  213:
        -:  214:DOCTEST_SUPPRESS_COMMON_WARNINGS_PUSH
        -:  215:
        -:  216:DOCTEST_CLANG_SUPPRESS_WARNING_PUSH
        -:  217:DOCTEST_CLANG_SUPPRESS_WARNING("-Wnon-virtual-dtor")
        -:  218:DOCTEST_CLANG_SUPPRESS_WARNING("-Wdeprecated")
        -:  219:
        -:  220:DOCTEST_GCC_SUPPRESS_WARNING_PUSH
        -:  221:DOCTEST_GCC_SUPPRESS_WARNING("-Wctor-dtor-privacy")
        -:  222:DOCTEST_GCC_SUPPRESS_WARNING("-Wnon-virtual-dtor")
        -:  223:DOCTEST_GCC_SUPPRESS_WARNING("-Wsign-promo")
        -:  224:
        -:  225:DOCTEST_MSVC_SUPPRESS_WARNING_PUSH
        -:  226:DOCTEST_MSVC_SUPPRESS_WARNING(4623) // default constructor was implicitly defined as deleted
        -:  227:
        -:  228:#define DOCTEST_MAKE_STD_HEADERS_CLEAN_FROM_WARNINGS_ON_WALL_BEGIN                                 \
        -:  229:    DOCTEST_MSVC_SUPPRESS_WARNING_PUSH                                                             \
        -:  230:    DOCTEST_MSVC_SUPPRESS_WARNING(4548) /* before comma no effect; expected side - effect */       \
        -:  231:    DOCTEST_MSVC_SUPPRESS_WARNING(4265) /* virtual functions, but destructor is not virtual */     \
        -:  232:    DOCTEST_MSVC_SUPPRESS_WARNING(4986) /* exception specification does not match previous */      \
        -:  233:    DOCTEST_MSVC_SUPPRESS_WARNING(4350) /* 'member1' called instead of 'member2' */                \
        -:  234:    DOCTEST_MSVC_SUPPRESS_WARNING(4668) /* not defined as a preprocessor macro */                  \
        -:  235:    DOCTEST_MSVC_SUPPRESS_WARNING(4365) /* signed/unsigned mismatch */                             \
        -:  236:    DOCTEST_MSVC_SUPPRESS_WARNING(4774) /* format string not a string literal */                   \
        -:  237:    DOCTEST_MSVC_SUPPRESS_WARNING(4820) /* padding */                                              \
        -:  238:    DOCTEST_MSVC_SUPPRESS_WARNING(4625) /* copy constructor was implicitly deleted */              \
        -:  239:    DOCTEST_MSVC_SUPPRESS_WARNING(4626) /* assignment operator was implicitly deleted */           \
        -:  240:    DOCTEST_MSVC_SUPPRESS_WARNING(5027) /* move assignment operator implicitly deleted */          \
        -:  241:    DOCTEST_MSVC_SUPPRESS_WARNING(5026) /* move constructor was implicitly deleted */              \
        -:  242:    DOCTEST_MSVC_SUPPRESS_WARNING(4623) /* default constructor was implicitly deleted */           \
        -:  243:    DOCTEST_MSVC_SUPPRESS_WARNING(5039) /* pointer to pot. throwing function passed to extern C */ \
        -:  244:    DOCTEST_MSVC_SUPPRESS_WARNING(5045) /* Spectre mitigation for memory load */                   \
        -:  245:    DOCTEST_MSVC_SUPPRESS_WARNING(5105) /* macro producing 'defined' has undefined behavior */     \
        -:  246:    DOCTEST_MSVC_SUPPRESS_WARNING(4738) /* storing float result in memory, loss of performance */  \
        -:  247:    DOCTEST_MSVC_SUPPRESS_WARNING(5262) /* implicit fall-through */
        -:  248:
        -:  249:#define DOCTEST_MAKE_STD_HEADERS_CLEAN_FROM_WARNINGS_ON_WALL_END DOCTEST_MSVC_SUPPRESS_WARNING_POP
        -:  250:
        -:  251:// =================================================================================================
        -:  252:// == FEATURE DETECTION ============================================================================
        -:  253:// =================================================================================================
        -:  254:
        -:  255:// general compiler feature support table: https://en.cppreference.com/w/cpp/compiler_support
        -:  256:// MSVC C++11 feature support table: https://msdn.microsoft.com/en-us/library/hh567368.aspx
        -:  257:// GCC C++11 feature support table: https://gcc.gnu.org/projects/cxx-status.html
        -:  258:// MSVC version table:
        -:  259:// https://en.wikipedia.org/wiki/Microsoft_Visual_C%2B%2B#Internal_version_numbering
        -:  260:// MSVC++ 14.3 (17) _MSC_VER == 1930 (Visual Studio 2022)
        -:  261:// MSVC++ 14.2 (16) _MSC_VER == 1920 (Visual Studio 2019)
        -:  262:// MSVC++ 14.1 (15) _MSC_VER == 1910 (Visual Studio 2017)
        -:  263:// MSVC++ 14.0      _MSC_VER == 1900 (Visual Studio 2015)
        -:  264:// MSVC++ 12.0      _MSC_VER == 1800 (Visual Studio 2013)
        -:  265:// MSVC++ 11.0      _MSC_VER == 1700 (Visual Studio 2012)
        -:  266:// MSVC++ 10.0      _MSC_VER == 1600 (Visual Studio 2010)
        -:  267:// MSVC++ 9.0       _MSC_VER == 1500 (Visual Studio 2008)
        -:  268:// MSVC++ 8.0       _MSC_VER == 1400 (Visual Studio 2005)
        -:  269:
        -:  270:// Universal Windows Platform support
        -:  271:#if defined(WINAPI_FAMILY) && (WINAPI_FAMILY == WINAPI_FAMILY_APP)
        -:  272:#define DOCTEST_CONFIG_NO_WINDOWS_SEH
        -:  273:#endif // WINAPI_FAMILY
        -:  274:#if DOCTEST_MSVC && !defined(DOCTEST_CONFIG_WINDOWS_SEH)
        -:  275:#define DOCTEST_CONFIG_WINDOWS_SEH
        -:  276:#endif // MSVC
        -:  277:#if defined(DOCTEST_CONFIG_NO_WINDOWS_SEH) && defined(DOCTEST_CONFIG_WINDOWS_SEH)
        -:  278:#undef DOCTEST_CONFIG_WINDOWS_SEH
        -:  279:#endif // DOCTEST_CONFIG_NO_WINDOWS_SEH
        -:  280:
        -:  281:#if !defined(_WIN32) && !defined(__QNX__) && !defined(DOCTEST_CONFIG_POSIX_SIGNALS) && \
        -:  282:        !defined(__EMSCRIPTEN__) && !defined(__wasi__)
        -:  283:#define DOCTEST_CONFIG_POSIX_SIGNALS
        -:  284:#endif // _WIN32
        -:  285:#if defined(DOCTEST_CONFIG_NO_POSIX_SIGNALS) && defined(DOCTEST_CONFIG_POSIX_SIGNALS)
        -:  286:#undef DOCTEST_CONFIG_POSIX_SIGNALS
        -:  287:#endif // DOCTEST_CONFIG_NO_POSIX_SIGNALS
        -:  288:
        -:  289:#ifndef DOCTEST_CONFIG_NO_EXCEPTIONS
        -:  290:#if !defined(__cpp_exceptions) && !defined(__EXCEPTIONS) && !defined(_CPPUNWIND)                   \
        -:  291: || defined(__wasi__)
        -:  292:#define DOCTEST_CONFIG_NO_EXCEPTIONS
        -:  293:#endif // no exceptions
        -:  294:#endif // DOCTEST_CONFIG_NO_EXCEPTIONS
        -:  295:
        -:  296:#ifdef DOCTEST_CONFIG_NO_EXCEPTIONS_BUT_WITH_ALL_ASSERTS
        -:  297:                                                                                                                        #ifndef DOCTEST_CONFIG_NO_EXCEPTIONS
        -:  298:#define DOCTEST_CONFIG_NO_EXCEPTIONS
        -:  299:#endif // DOCTEST_CONFIG_NO_EXCEPTIONS
        -:  300:#endif // DOCTEST_CONFIG_NO_EXCEPTIONS_BUT_WITH_ALL_ASSERTS
        -:  301:
        -:  302:#if defined(DOCTEST_CONFIG_NO_EXCEPTIONS) && !defined(DOCTEST_CONFIG_NO_TRY_CATCH_IN_ASSERTS)
        -:  303:#define DOCTEST_CONFIG_NO_TRY_CATCH_IN_ASSERTS
        -:  304:#endif // DOCTEST_CONFIG_NO_EXCEPTIONS && !DOCTEST_CONFIG_NO_TRY_CATCH_IN_ASSERTS
        -:  305:
        -:  306:#ifdef __wasi__
        -:  307:#define DOCTEST_CONFIG_NO_MULTITHREADING
        -:  308:#endif
        -:  309:
        -:  310:#if defined(DOCTEST_CONFIG_IMPLEMENT_WITH_MAIN) && !defined(DOCTEST_CONFIG_IMPLEMENT)
        -:  311:#define DOCTEST_CONFIG_IMPLEMENT
        -:  312:#endif // DOCTEST_CONFIG_IMPLEMENT_WITH_MAIN
        -:  313:
        -:  314:#if defined(_WIN32) || defined(__CYGWIN__)
        -:  315:                                                                                                                        #if DOCTEST_MSVC
        -:  316:#define DOCTEST_SYMBOL_EXPORT __declspec(dllexport)
        -:  317:#define DOCTEST_SYMBOL_IMPORT __declspec(dllimport)
        -:  318:#else // MSVC
        -:  319:#define DOCTEST_SYMBOL_EXPORT __attribute__((dllexport))
        -:  320:#define DOCTEST_SYMBOL_IMPORT __attribute__((dllimport))
        -:  321:#endif // MSVC
        -:  322:#else  // _WIN32
        -:  323:#define DOCTEST_SYMBOL_EXPORT __attribute__((visibility("default")))
        -:  324:#define DOCTEST_SYMBOL_IMPORT
        -:  325:#endif // _WIN32
        -:  326:
        -:  327:#ifdef DOCTEST_CONFIG_IMPLEMENTATION_IN_DLL
        -:  328:                                                                                                                        #ifdef DOCTEST_CONFIG_IMPLEMENT
        -:  329:#define DOCTEST_INTERFACE DOCTEST_SYMBOL_EXPORT
        -:  330:#else // DOCTEST_CONFIG_IMPLEMENT
        -:  331:#define DOCTEST_INTERFACE DOCTEST_SYMBOL_IMPORT
        -:  332:#endif // DOCTEST_CONFIG_IMPLEMENT
        -:  333:#else  // DOCTEST_CONFIG_IMPLEMENTATION_IN_DLL
        -:  334:#define DOCTEST_INTERFACE
        -:  335:#endif // DOCTEST_CONFIG_IMPLEMENTATION_IN_DLL
        -:  336:
        -:  337:// needed for extern template instantiations
        -:  338:// see https://github.com/fmtlib/fmt/issues/2228
        -:  339:#if DOCTEST_MSVC
        -:  340:                                                                                                                        #define DOCTEST_INTERFACE_DECL
        -:  341:#define DOCTEST_INTERFACE_DEF DOCTEST_INTERFACE
        -:  342:#else // DOCTEST_MSVC
        -:  343:#define DOCTEST_INTERFACE_DECL DOCTEST_INTERFACE
        -:  344:#define DOCTEST_INTERFACE_DEF
        -:  345:#endif // DOCTEST_MSVC
        -:  346:
        -:  347:#define DOCTEST_EMPTY
        -:  348:
        -:  349:#if DOCTEST_MSVC
        -:  350:                                                                                                                        #define DOCTEST_NOINLINE __declspec(noinline)
        -:  351:#define DOCTEST_UNUSED
        -:  352:#define DOCTEST_ALIGNMENT(x)
        -:  353:#elif DOCTEST_CLANG && DOCTEST_CLANG < DOCTEST_COMPILER(3, 5, 0)
        -:  354:                                                                                                                        #define DOCTEST_NOINLINE
        -:  355:#define DOCTEST_UNUSED
        -:  356:#define DOCTEST_ALIGNMENT(x)
        -:  357:#else
        -:  358:#define DOCTEST_NOINLINE __attribute__((noinline))
        -:  359:#define DOCTEST_UNUSED __attribute__((unused))
        -:  360:#define DOCTEST_ALIGNMENT(x) __attribute__((aligned(x)))
        -:  361:#endif
        -:  362:
        -:  363:#ifdef DOCTEST_CONFIG_NO_CONTRADICTING_INLINE
        -:  364:#define DOCTEST_INLINE_NOINLINE inline
        -:  365:#else
        -:  366:#define DOCTEST_INLINE_NOINLINE inline DOCTEST_NOINLINE
        -:  367:#endif
        -:  368:
        -:  369:#ifndef DOCTEST_NORETURN
        -:  370:#if DOCTEST_MSVC && (DOCTEST_MSVC < DOCTEST_COMPILER(19, 0, 0))
        -:  371:#define DOCTEST_NORETURN
        -:  372:#else // DOCTEST_MSVC
        -:  373:#define DOCTEST_NORETURN [[noreturn]]
        -:  374:#endif // DOCTEST_MSVC
        -:  375:#endif // DOCTEST_NORETURN
        -:  376:
        -:  377:#ifndef DOCTEST_NOEXCEPT
        -:  378:#if DOCTEST_MSVC && (DOCTEST_MSVC < DOCTEST_COMPILER(19, 0, 0))
        -:  379:#define DOCTEST_NOEXCEPT
        -:  380:#else // DOCTEST_MSVC
        -:  381:#define DOCTEST_NOEXCEPT noexcept
        -:  382:#endif // DOCTEST_MSVC
        -:  383:#endif // DOCTEST_NOEXCEPT
        -:  384:
        -:  385:#ifndef DOCTEST_CONSTEXPR
        -:  386:#if DOCTEST_MSVC && (DOCTEST_MSVC < DOCTEST_COMPILER(19, 0, 0))
        -:  387:                                                                                                                        #define DOCTEST_CONSTEXPR const
        -:  388:#define DOCTEST_CONSTEXPR_FUNC inline
        -:  389:#else // DOCTEST_MSVC
        -:  390:#define DOCTEST_CONSTEXPR constexpr
        -:  391:#define DOCTEST_CONSTEXPR_FUNC constexpr
        -:  392:#endif // DOCTEST_MSVC
        -:  393:#endif // DOCTEST_CONSTEXPR
        -:  394:
        -:  395:#ifndef DOCTEST_NO_SANITIZE_INTEGER
        -:  396:#if DOCTEST_CLANG >= DOCTEST_COMPILER(3, 7, 0)
        -:  397:#define DOCTEST_NO_SANITIZE_INTEGER __attribute__((no_sanitize("integer")))
        -:  398:#else
        -:  399:#define DOCTEST_NO_SANITIZE_INTEGER
        -:  400:#endif
        -:  401:#endif // DOCTEST_NO_SANITIZE_INTEGER
        -:  402:
        -:  403:// =================================================================================================
        -:  404:// == FEATURE DETECTION END ========================================================================
        -:  405:// =================================================================================================
        -:  406:
        -:  407:#define DOCTEST_DECLARE_INTERFACE(name)                                                            \
        -:  408:    virtual ~name();                                                                               \
        -:  409:    name() = default;                                                                              \
        -:  410:    name(const name&) = delete;                                                                    \
        -:  411:    name(name&&) = delete;                                                                         \
        -:  412:    name& operator=(const name&) = delete;                                                         \
        -:  413:    name& operator=(name&&) = delete;
        -:  414:
        -:  415:#define DOCTEST_DEFINE_INTERFACE(name)                                                             \
        -:  416:    name::~name() = default;
        -:  417:
        -:  418:// internal macros for string concatenation and anonymous variable name generation
        -:  419:#define DOCTEST_CAT_IMPL(s1, s2) s1##s2
        -:  420:#define DOCTEST_CAT(s1, s2) DOCTEST_CAT_IMPL(s1, s2)
        -:  421:#ifdef __COUNTER__ // not standard and may be missing for some compilers
        -:  422:#define DOCTEST_ANONYMOUS(x) DOCTEST_CAT(x, __COUNTER__)
        -:  423:#else // __COUNTER__
        -:  424:#define DOCTEST_ANONYMOUS(x) DOCTEST_CAT(x, __LINE__)
        -:  425:#endif // __COUNTER__
        -:  426:
        -:  427:#ifndef DOCTEST_CONFIG_ASSERTION_PARAMETERS_BY_VALUE
        -:  428:#define DOCTEST_REF_WRAP(x) x&
        -:  429:#else // DOCTEST_CONFIG_ASSERTION_PARAMETERS_BY_VALUE
        -:  430:#define DOCTEST_REF_WRAP(x) x
        -:  431:#endif // DOCTEST_CONFIG_ASSERTION_PARAMETERS_BY_VALUE
        -:  432:
        -:  433:// not using __APPLE__ because... this is how Catch does it
        -:  434:#ifdef __MAC_OS_X_VERSION_MIN_REQUIRED
        -:  435:#define DOCTEST_PLATFORM_MAC
        -:  436:#elif defined(__IPHONE_OS_VERSION_MIN_REQUIRED)
        -:  437:#define DOCTEST_PLATFORM_IPHONE
        -:  438:#elif defined(_WIN32)
        -:  439:#define DOCTEST_PLATFORM_WINDOWS
        -:  440:#elif defined(__wasi__)
        -:  441:#define DOCTEST_PLATFORM_WASI
        -:  442:#else // DOCTEST_PLATFORM
        -:  443:#define DOCTEST_PLATFORM_LINUX
        -:  444:#endif // DOCTEST_PLATFORM
        -:  445:
        -:  446:namespace doctest {
        -:  447:    namespace detail {
function _ZN7doctest6detailL7consumeEPKii called 5 returned 100% blocks executed 100%
        5:  448:        static DOCTEST_CONSTEXPR int consume(const int *, int) noexcept { return 0; }
        5:  448-block  0
        -:  449:    }
        -:  450:}
        -:  451:
        -:  452:#define DOCTEST_GLOBAL_NO_WARNINGS(var, ...)                                                         \
        -:  453:    DOCTEST_CLANG_SUPPRESS_WARNING_WITH_PUSH("-Wglobal-constructors")                                \
        -:  454:    static const int var = doctest::detail::consume(&var, __VA_ARGS__);                              \
        -:  455:    DOCTEST_CLANG_SUPPRESS_WARNING_POP
        -:  456:
        -:  457:#ifndef DOCTEST_BREAK_INTO_DEBUGGER
        -:  458:// should probably take a look at https://github.com/scottt/debugbreak
        -:  459:#ifdef DOCTEST_PLATFORM_LINUX
        -:  460:#if defined(__GNUC__) && (defined(__i386) || defined(__x86_64))
        -:  461:                                                                                                                        // Break at the location of the failing check if possible
        -:  462:#define DOCTEST_BREAK_INTO_DEBUGGER() __asm__("int $3\n" : :) // NOLINT(hicpp-no-assembler)
        -:  463:#else
        -:  464:
        -:  465:#include <signal.h>
        -:  466:
        -:  467:#define DOCTEST_BREAK_INTO_DEBUGGER() raise(SIGTRAP)
        -:  468:#endif
        -:  469:#elif defined(DOCTEST_PLATFORM_MAC)
        -:  470:                                                                                                                        #if defined(__x86_64) || defined(__x86_64__) || defined(__amd64__) || defined(__i386)
        -:  471:#define DOCTEST_BREAK_INTO_DEBUGGER() __asm__("int $3\n" : :) // NOLINT(hicpp-no-assembler)
        -:  472:#elif defined(__ppc__) || defined(__ppc64__)
        -:  473:// https://www.cocoawithlove.com/2008/03/break-into-debugger.html
        -:  474:#define DOCTEST_BREAK_INTO_DEBUGGER() __asm__("li r0, 20\nsc\nnop\nli r0, 37\nli r4, 2\nsc\nnop\n": : : "memory","r0","r3","r4") // NOLINT(hicpp-no-assembler)
        -:  475:#else
        -:  476:#define DOCTEST_BREAK_INTO_DEBUGGER() __asm__("brk #0"); // NOLINT(hicpp-no-assembler)
        -:  477:#endif
        -:  478:#elif DOCTEST_MSVC
        -:  479:#define DOCTEST_BREAK_INTO_DEBUGGER() __debugbreak()
        -:  480:#elif defined(__MINGW32__)
        -:  481:DOCTEST_GCC_SUPPRESS_WARNING_WITH_PUSH("-Wredundant-decls")
        -:  482:extern "C" __declspec(dllimport) void __stdcall DebugBreak();
        -:  483:DOCTEST_GCC_SUPPRESS_WARNING_POP
        -:  484:#define DOCTEST_BREAK_INTO_DEBUGGER() ::DebugBreak()
        -:  485:#else // linux
        -:  486:#define DOCTEST_BREAK_INTO_DEBUGGER() (static_cast<void>(0))
        -:  487:#endif // linux
        -:  488:#endif // DOCTEST_BREAK_INTO_DEBUGGER
        -:  489:
        -:  490:// this is kept here for backwards compatibility since the config option was changed
        -:  491:#ifdef DOCTEST_CONFIG_USE_IOSFWD
        -:  492:                                                                                                                        #ifndef DOCTEST_CONFIG_USE_STD_HEADERS
        -:  493:#define DOCTEST_CONFIG_USE_STD_HEADERS
        -:  494:#endif
        -:  495:#endif // DOCTEST_CONFIG_USE_IOSFWD
        -:  496:
        -:  497:// for clang - always include ciso646 (which drags some std stuff) because
        -:  498:// we want to check if we are using libc++ with the _LIBCPP_VERSION macro in
        -:  499:// which case we don't want to forward declare stuff from std - for reference:
        -:  500:// https://github.com/doctest/doctest/issues/126
        -:  501:// https://github.com/doctest/doctest/issues/356
        -:  502:#if DOCTEST_CLANG
        -:  503:
        -:  504:#include <ciso646>
        -:  505:
        -:  506:#endif // clang
        -:  507:
        -:  508:#ifdef _LIBCPP_VERSION
        -:  509:#ifndef DOCTEST_CONFIG_USE_STD_HEADERS
        -:  510:#define DOCTEST_CONFIG_USE_STD_HEADERS
        -:  511:#endif
        -:  512:#endif // _LIBCPP_VERSION
        -:  513:
        -:  514:#ifdef DOCTEST_CONFIG_USE_STD_HEADERS
        -:  515:#ifndef DOCTEST_CONFIG_INCLUDE_TYPE_TRAITS
        -:  516:#define DOCTEST_CONFIG_INCLUDE_TYPE_TRAITS
        -:  517:#endif // DOCTEST_CONFIG_INCLUDE_TYPE_TRAITS
        -:  518:DOCTEST_MAKE_STD_HEADERS_CLEAN_FROM_WARNINGS_ON_WALL_BEGIN
        -:  519:#include <cstddef>
        -:  520:#include <ostream>
        -:  521:#include <istream>
        -:  522:
        -:  523:DOCTEST_MAKE_STD_HEADERS_CLEAN_FROM_WARNINGS_ON_WALL_END
        -:  524:#else // DOCTEST_CONFIG_USE_STD_HEADERS
        -:  525:
        -:  526:                                                                                                                        // Forward declaring 'X' in namespace std is not permitted by the C++ Standard.
        -:  527:DOCTEST_MSVC_SUPPRESS_WARNING_WITH_PUSH(4643)
        -:  528:
        -:  529:namespace std { // NOLINT(cert-dcl58-cpp)
        -:  530:typedef decltype(nullptr) nullptr_t; // NOLINT(modernize-use-using)
        -:  531:typedef decltype(sizeof(void*)) size_t; // NOLINT(modernize-use-using)
        -:  532:template <class charT>
        -:  533:struct char_traits;
        -:  534:template <>
        -:  535:struct char_traits<char>;
        -:  536:template <class charT, class traits>
        -:  537:class basic_ostream; // NOLINT(fuchsia-virtual-inheritance)
        -:  538:typedef basic_ostream<char, char_traits<char>> ostream; // NOLINT(modernize-use-using)
        -:  539:template<class traits>
        -:  540:// NOLINTNEXTLINE
        -:  541:basic_ostream<char, traits>& operator<<(basic_ostream<char, traits>&, const char*);
        -:  542:template <class charT, class traits>
        -:  543:class basic_istream;
        -:  544:typedef basic_istream<char, char_traits<char>> istream; // NOLINT(modernize-use-using)
        -:  545:template <class... Types>
        -:  546:class tuple;
        -:  547:#if DOCTEST_MSVC >= DOCTEST_COMPILER(19, 20, 0)
        -:  548:// see this issue on why this is needed: https://github.com/doctest/doctest/issues/183
        -:  549:template <class Ty>
        -:  550:class allocator;
        -:  551:template <class Elem, class Traits, class Alloc>
        -:  552:class basic_string;
        -:  553:using string = basic_string<char, char_traits<char>, allocator<char>>;
        -:  554:#endif // VS 2019
        -:  555:} // namespace std
        -:  556:
        -:  557:DOCTEST_MSVC_SUPPRESS_WARNING_POP
        -:  558:
        -:  559:#endif // DOCTEST_CONFIG_USE_STD_HEADERS
        -:  560:
        -:  561:#ifdef DOCTEST_CONFIG_INCLUDE_TYPE_TRAITS
        -:  562:
        -:  563:#include <type_traits>
        -:  564:
        -:  565:#endif // DOCTEST_CONFIG_INCLUDE_TYPE_TRAITS
        -:  566:
        -:  567:namespace doctest {
        -:  568:
        -:  569:    using std::size_t;
        -:  570:
        -:  571:    DOCTEST_INTERFACE extern bool is_running_in_test;
        -:  572:
        -:  573:#ifndef DOCTEST_CONFIG_STRING_SIZE_TYPE
        -:  574:#define DOCTEST_CONFIG_STRING_SIZE_TYPE unsigned
        -:  575:#endif
        -:  576:
        -:  577:// A 24 byte string class (can be as small as 17 for x64 and 13 for x86) that can hold strings with length
        -:  578:// of up to 23 chars on the stack before going on the heap - the last byte of the buffer is used for:
        -:  579:// - "is small" bit - the highest bit - if "0" then it is small - otherwise its "1" (128)
        -:  580:// - if small - capacity left before going on the heap - using the lowest 5 bits
        -:  581:// - if small - 2 bits are left unused - the second and third highest ones
        -:  582:// - if small - acts as a null terminator if strlen() is 23 (24 including the null terminator)
        -:  583://              and the "is small" bit remains "0" ("as well as the capacity left") so its OK
        -:  584:// Idea taken from this lecture about the string implementation of facebook/folly - fbstring
        -:  585:// https://www.youtube.com/watch?v=kPR8h4-qZdk
        -:  586:// TODO:
        -:  587:// - optimizations - like not deleting memory unnecessarily in operator= and etc.
        -:  588:// - resize/reserve/clear
        -:  589:// - replace
        -:  590:// - back/front
        -:  591:// - iterator stuff
        -:  592:// - find & friends
        -:  593:// - push_back/pop_back
        -:  594:// - assign/insert/erase
        -:  595:// - relational operators as free functions - taking const char* as one of the params
        -:  596:    class DOCTEST_INTERFACE String {
        -:  597:    public:
        -:  598:        using size_type = DOCTEST_CONFIG_STRING_SIZE_TYPE;
        -:  599:
        -:  600:    private:
        -:  601:        static DOCTEST_CONSTEXPR size_type len = 24;      //!OCLINT avoid private static members
        -:  602:        static DOCTEST_CONSTEXPR size_type last = len - 1; //!OCLINT avoid private static members
        -:  603:
        -:  604:        struct view // len should be more than sizeof(view) - because of the final byte for flags
        -:  605:        {
        -:  606:            char *ptr;
        -:  607:            size_type size;
        -:  608:            size_type capacity;
        -:  609:        };
        -:  610:
        -:  611:        union {
        -:  612:            char buf[len]; // NOLINT(*-avoid-c-arrays)
        -:  613:            view data;
        -:  614:        };
        -:  615:
        -:  616:        char *allocate(size_type sz);
        -:  617:
function _ZNK7doctest6String9isOnStackEv called 2061 returned 100% blocks executed 100%
     2061:  618:        bool isOnStack() const noexcept { return (buf[last] & 128) == 0; }
     2061:  618-block  0
        -:  619:
        -:  620:        void setOnHeap() noexcept;
        -:  621:
        -:  622:        void setLast(size_type in = last) noexcept;
        -:  623:
        -:  624:        void setSize(size_type sz) noexcept;
        -:  625:
        -:  626:        void copy(const String &other);
        -:  627:
        -:  628:    public:
        -:  629:        static DOCTEST_CONSTEXPR size_type npos = static_cast<size_type>(-1);
        -:  630:
        -:  631:        String() noexcept;
        -:  632:
        -:  633:        ~String();
        -:  634:
        -:  635:        // cppcheck-suppress noExplicitConstructor
        -:  636:        String(const char *in);
        -:  637:
        -:  638:        String(const char *in, size_type in_size);
        -:  639:
        -:  640:        String(std::istream &in, size_type in_size);
        -:  641:
        -:  642:        String(const String &other);
        -:  643:
        -:  644:        String &operator=(const String &other);
        -:  645:
        -:  646:        String &operator+=(const String &other);
        -:  647:
        -:  648:        String(String &&other) noexcept;
        -:  649:
        -:  650:        String &operator=(String &&other) noexcept;
        -:  651:
        -:  652:        char operator[](size_type i) const;
        -:  653:
        -:  654:        char &operator[](size_type i);
        -:  655:
        -:  656:        // the only functions I'm willing to leave in the interface - available for inlining
function _ZNK7doctest6String5c_strEv called 40 returned 100% blocks executed 100%
       40:  657:        const char *c_str() const { return const_cast<String *>(this)->c_str(); } // NOLINT
       40:  657-block  0
function _ZN7doctest6String5c_strEv called 56 returned 100% blocks executed 100%
       56:  658:        char *c_str() {
       56:  659:            if (isOnStack()) {
       56:  659-block  0
branch  0 taken 54
branch  1 taken 2
       54:  660:                return reinterpret_cast<char *>(buf);
       54:  660-block  0
        -:  661:            }
        2:  662:            return data.ptr;
        2:  662-block  0
       56:  663:        }
       56:  663-block  0
        -:  664:
        -:  665:        size_type size() const;
        -:  666:
        -:  667:        size_type capacity() const;
        -:  668:
        -:  669:        String substr(size_type pos, size_type cnt = npos) &&;
        -:  670:
        -:  671:        String substr(size_type pos, size_type cnt = npos) const &;
        -:  672:
        -:  673:        size_type find(char ch, size_type pos = 0) const;
        -:  674:
        -:  675:        size_type rfind(char ch, size_type pos = npos) const;
        -:  676:
        -:  677:        int compare(const char *other, bool no_case = false) const;
        -:  678:
        -:  679:        int compare(const String &other, bool no_case = false) const;
        -:  680:
        -:  681:        friend DOCTEST_INTERFACE std::ostream &operator<<(std::ostream &s, const String &in);
        -:  682:    };
        -:  683:
        -:  684:    DOCTEST_INTERFACE String operator+(const String &lhs, const String &rhs);
        -:  685:
        -:  686:    DOCTEST_INTERFACE bool operator==(const String &lhs, const String &rhs);
        -:  687:
        -:  688:    DOCTEST_INTERFACE bool operator!=(const String &lhs, const String &rhs);
        -:  689:
        -:  690:    DOCTEST_INTERFACE bool operator<(const String &lhs, const String &rhs);
        -:  691:
        -:  692:    DOCTEST_INTERFACE bool operator>(const String &lhs, const String &rhs);
        -:  693:
        -:  694:    DOCTEST_INTERFACE bool operator<=(const String &lhs, const String &rhs);
        -:  695:
        -:  696:    DOCTEST_INTERFACE bool operator>=(const String &lhs, const String &rhs);
        -:  697:
function _ZN7doctest8ContainsC1ERKS0_ called 8 returned 100% blocks executed 100%
function _ZN7doctest8ContainsD1Ev called 16 returned 100% blocks executed 100%
function _ZN7doctest8ContainsC2ERKS0_ called 8 returned 100% blocks executed 100%
function _ZN7doctest8ContainsC1EOS0_ called 0 returned 0% blocks executed 0%
function _ZN7doctest8ContainsC2EOS0_ called 0 returned 0% blocks executed 0%
function _ZN7doctest8ContainsD2Ev called 16 returned 100% blocks executed 100%
        -:  698:    class DOCTEST_INTERFACE Contains {
        -:  699:    public:
        -:  700:        explicit Contains(const String &string);
        -:  701:
        -:  702:        bool checkWith(const String &other) const;
        -:  703:
        -:  704:        String string;
        -:  705:    };
        -:  706:
        -:  707:    DOCTEST_INTERFACE String toString(const Contains &in);
        -:  708:
        -:  709:    DOCTEST_INTERFACE bool operator==(const String &lhs, const Contains &rhs);
        -:  710:
        -:  711:    DOCTEST_INTERFACE bool operator==(const Contains &lhs, const String &rhs);
        -:  712:
        -:  713:    DOCTEST_INTERFACE bool operator!=(const String &lhs, const Contains &rhs);
        -:  714:
        -:  715:    DOCTEST_INTERFACE bool operator!=(const Contains &lhs, const String &rhs);
        -:  716:
        -:  717:    namespace Color {
        -:  718:        enum Enum {
        -:  719:            None = 0,
        -:  720:            White,
        -:  721:            Red,
        -:  722:            Green,
        -:  723:            Blue,
        -:  724:            Cyan,
        -:  725:            Yellow,
        -:  726:            Grey,
        -:  727:
        -:  728:            Bright = 0x10,
        -:  729:
        -:  730:            BrightRed = Bright | Red,
        -:  731:            BrightGreen = Bright | Green,
        -:  732:            LightGrey = Bright | Grey,
        -:  733:            BrightWhite = Bright | White
        -:  734:        };
        -:  735:
        -:  736:        DOCTEST_INTERFACE std::ostream &operator<<(std::ostream &s, Color::Enum code);
        -:  737:    } // namespace Color
        -:  738:
        -:  739:    namespace assertType {
        -:  740:        enum Enum {
        -:  741:            // macro traits
        -:  742:
        -:  743:            is_warn = 1,
        -:  744:            is_check = 2 * is_warn,
        -:  745:            is_require = 2 * is_check,
        -:  746:
        -:  747:            is_normal = 2 * is_require,
        -:  748:            is_throws = 2 * is_normal,
        -:  749:            is_throws_as = 2 * is_throws,
        -:  750:            is_throws_with = 2 * is_throws_as,
        -:  751:            is_nothrow = 2 * is_throws_with,
        -:  752:
        -:  753:            is_false = 2 * is_nothrow,
        -:  754:            is_unary = 2 * is_false, // not checked anywhere - used just to distinguish the types
        -:  755:
        -:  756:            is_eq = 2 * is_unary,
        -:  757:            is_ne = 2 * is_eq,
        -:  758:
        -:  759:            is_lt = 2 * is_ne,
        -:  760:            is_gt = 2 * is_lt,
        -:  761:
        -:  762:            is_ge = 2 * is_gt,
        -:  763:            is_le = 2 * is_ge,
        -:  764:
        -:  765:            // macro types
        -:  766:
        -:  767:            DT_WARN = is_normal | is_warn,
        -:  768:            DT_CHECK = is_normal | is_check,
        -:  769:            DT_REQUIRE = is_normal | is_require,
        -:  770:
        -:  771:            DT_WARN_FALSE = is_normal | is_false | is_warn,
        -:  772:            DT_CHECK_FALSE = is_normal | is_false | is_check,
        -:  773:            DT_REQUIRE_FALSE = is_normal | is_false | is_require,
        -:  774:
        -:  775:            DT_WARN_THROWS = is_throws | is_warn,
        -:  776:            DT_CHECK_THROWS = is_throws | is_check,
        -:  777:            DT_REQUIRE_THROWS = is_throws | is_require,
        -:  778:
        -:  779:            DT_WARN_THROWS_AS = is_throws_as | is_warn,
        -:  780:            DT_CHECK_THROWS_AS = is_throws_as | is_check,
        -:  781:            DT_REQUIRE_THROWS_AS = is_throws_as | is_require,
        -:  782:
        -:  783:            DT_WARN_THROWS_WITH = is_throws_with | is_warn,
        -:  784:            DT_CHECK_THROWS_WITH = is_throws_with | is_check,
        -:  785:            DT_REQUIRE_THROWS_WITH = is_throws_with | is_require,
        -:  786:
        -:  787:            DT_WARN_THROWS_WITH_AS = is_throws_with | is_throws_as | is_warn,
        -:  788:            DT_CHECK_THROWS_WITH_AS = is_throws_with | is_throws_as | is_check,
        -:  789:            DT_REQUIRE_THROWS_WITH_AS = is_throws_with | is_throws_as | is_require,
        -:  790:
        -:  791:            DT_WARN_NOTHROW = is_nothrow | is_warn,
        -:  792:            DT_CHECK_NOTHROW = is_nothrow | is_check,
        -:  793:            DT_REQUIRE_NOTHROW = is_nothrow | is_require,
        -:  794:
        -:  795:            DT_WARN_EQ = is_normal | is_eq | is_warn,
        -:  796:            DT_CHECK_EQ = is_normal | is_eq | is_check,
        -:  797:            DT_REQUIRE_EQ = is_normal | is_eq | is_require,
        -:  798:
        -:  799:            DT_WARN_NE = is_normal | is_ne | is_warn,
        -:  800:            DT_CHECK_NE = is_normal | is_ne | is_check,
        -:  801:            DT_REQUIRE_NE = is_normal | is_ne | is_require,
        -:  802:
        -:  803:            DT_WARN_GT = is_normal | is_gt | is_warn,
        -:  804:            DT_CHECK_GT = is_normal | is_gt | is_check,
        -:  805:            DT_REQUIRE_GT = is_normal | is_gt | is_require,
        -:  806:
        -:  807:            DT_WARN_LT = is_normal | is_lt | is_warn,
        -:  808:            DT_CHECK_LT = is_normal | is_lt | is_check,
        -:  809:            DT_REQUIRE_LT = is_normal | is_lt | is_require,
        -:  810:
        -:  811:            DT_WARN_GE = is_normal | is_ge | is_warn,
        -:  812:            DT_CHECK_GE = is_normal | is_ge | is_check,
        -:  813:            DT_REQUIRE_GE = is_normal | is_ge | is_require,
        -:  814:
        -:  815:            DT_WARN_LE = is_normal | is_le | is_warn,
        -:  816:            DT_CHECK_LE = is_normal | is_le | is_check,
        -:  817:            DT_REQUIRE_LE = is_normal | is_le | is_require,
        -:  818:
        -:  819:            DT_WARN_UNARY = is_normal | is_unary | is_warn,
        -:  820:            DT_CHECK_UNARY = is_normal | is_unary | is_check,
        -:  821:            DT_REQUIRE_UNARY = is_normal | is_unary | is_require,
        -:  822:
        -:  823:            DT_WARN_UNARY_FALSE = is_normal | is_false | is_unary | is_warn,
        -:  824:            DT_CHECK_UNARY_FALSE = is_normal | is_false | is_unary | is_check,
        -:  825:            DT_REQUIRE_UNARY_FALSE = is_normal | is_false | is_unary | is_require,
        -:  826:        };
        -:  827:    } // namespace assertType
        -:  828:
        -:  829:    DOCTEST_INTERFACE const char *assertString(assertType::Enum at);
        -:  830:
        -:  831:    DOCTEST_INTERFACE const char *failureString(assertType::Enum at);
        -:  832:
        -:  833:    DOCTEST_INTERFACE const char *skipPathFromFilename(const char *file);
        -:  834:
function _ZN7doctest12TestCaseDataC2Ev called 2 returned 100% blocks executed 100%
function _ZN7doctest12TestCaseDataD2Ev called 1 returned 100% blocks executed 100%
function _ZN7doctest12TestCaseDataaSERKS0_ called 1 returned 100% blocks executed 100%
        -:  835:    struct DOCTEST_INTERFACE TestCaseData {
        -:  836:        String m_file;       // the file in which the test was registered (using String - see #350)
        -:  837:        unsigned m_line;       // the line where the test was registered
        -:  838:        const char *m_name;       // name of the test case
        -:  839:        const char *m_test_suite; // the test suite in which the test was added
        -:  840:        const char *m_description;
        -:  841:        bool m_skip;
        -:  842:        bool m_no_breaks;
        -:  843:        bool m_no_output;
        -:  844:        bool m_may_fail;
        -:  845:        bool m_should_fail;
        -:  846:        int m_expected_failures;
        -:  847:        double m_timeout;
        -:  848:    };
        -:  849:
function _ZN7doctest10AssertDataD2Ev called 8 returned 100% blocks executed 100%
        -:  850:    struct DOCTEST_INTERFACE AssertData {
        -:  851:        // common - for all asserts
        -:  852:        const TestCaseData *m_test_case;
        -:  853:        assertType::Enum m_at;
        -:  854:        const char *m_file;
        -:  855:        int m_line;
        -:  856:        const char *m_expr;
        -:  857:        bool m_failed;
        -:  858:
        -:  859:        // exception-related - for all asserts
        -:  860:        bool m_threw;
        -:  861:        String m_exception;
        -:  862:
        -:  863:        // for normal asserts
        -:  864:        String m_decomp;
        -:  865:
        -:  866:        // for specific exception-related asserts
        -:  867:        bool m_threw_as;
        -:  868:        const char *m_exception_type;
        -:  869:
function _ZN7doctest10AssertData14StringContainsC1ERKS1_ called 8 returned 100% blocks executed 100%
function _ZN7doctest10AssertData14StringContainsD1Ev called 16 returned 100% blocks executed 100%
function _ZN7doctest10AssertData14StringContainsC2ERKS1_ called 8 returned 100% blocks executed 100%
function _ZN7doctest10AssertData14StringContainsD2Ev called 16 returned 100% blocks executed 100%
        -:  870:        class DOCTEST_INTERFACE StringContains {
        -:  871:        private:
        -:  872:            Contains content;
        -:  873:            bool isContains;
        -:  874:
        -:  875:        public:
function _ZN7doctest10AssertData14StringContainsC1ERKNS_6StringE called 8 returned 100% blocks executed 100%
function _ZN7doctest10AssertData14StringContainsC2ERKNS_6StringE called 8 returned 100% blocks executed 100%
       16:  876:            StringContains(const String &str) : content(str), isContains(false) {}
        8:  876-block  0
        8:  876-block  1
        -:  877:
function _ZN7doctest10AssertData14StringContainsC1ENS_8ContainsE called 0 returned 0% blocks executed 0%
function _ZN7doctest10AssertData14StringContainsC2ENS_8ContainsE called 0 returned 0% blocks executed 0%
    #####:  878:            StringContains(Contains cntn) : content(static_cast<Contains &&>(cntn)), isContains(true) {}
    $$$$$:  878-block  0
    $$$$$:  878-block  1
        -:  879:
function _ZN7doctest10AssertData14StringContains5checkERKNS_6StringE called 0 returned 0% blocks executed 0%
    #####:  880:            bool check(const String &str) { return isContains ? (content == str) : (content.string == str); }
    $$$$$:  880-block  0
branch  0 never executed
branch  1 never executed
    $$$$$:  880-block  1
    $$$$$:  880-block  2
    $$$$$:  880-block  3
        -:  881:
        -:  882:            operator const String &() const { return content.string; }
        -:  883:
function _ZNK7doctest10AssertData14StringContains5c_strEv called 0 returned 0% blocks executed 0%
    #####:  884:            const char *c_str() const { return content.string.c_str(); }
    $$$$$:  884-block  0
        -:  885:        } m_exception_string;
        -:  886:
        -:  887:        AssertData(assertType::Enum at, const char *file, int line, const char *expr,
        -:  888:                   const char *exception_type, const StringContains &exception_string);
        -:  889:    };
        -:  890:
function _ZN7doctest11MessageDataC2Ev called 0 returned 0% blocks executed 0%
function _ZN7doctest11MessageDataD2Ev called 0 returned 0% blocks executed 0%
        -:  891:    struct DOCTEST_INTERFACE MessageData {
        -:  892:        String m_string;
        -:  893:        const char *m_file;
        -:  894:        int m_line;
        -:  895:        assertType::Enum m_severity;
        -:  896:    };
        -:  897:
function _ZN7doctest16SubcaseSignatureD1Ev called 27 returned 100% blocks executed 100%
function _ZN7doctest16SubcaseSignatureC1ERKS0_ called 11 returned 100% blocks executed 100%
function _ZN7doctest16SubcaseSignatureC2ERKS0_ called 11 returned 100% blocks executed 100%
function _ZN7doctest16SubcaseSignatureC1EOS0_ called 0 returned 0% blocks executed 0%
function _ZN7doctest16SubcaseSignatureC2EOS0_ called 0 returned 0% blocks executed 0%
function _ZN7doctest16SubcaseSignatureaSEOS0_ called 0 returned 0% blocks executed 0%
function _ZN7doctest16SubcaseSignatureaSERKS0_ called 0 returned 0% blocks executed 0%
function _ZN7doctest16SubcaseSignatureD2Ev called 27 returned 100% blocks executed 100%
        -:  898:    struct DOCTEST_INTERFACE SubcaseSignature {
        -:  899:        String m_name;
        -:  900:        const char *m_file;
        -:  901:        int m_line;
        -:  902:
        -:  903:        bool operator==(const SubcaseSignature &other) const;
        -:  904:
        -:  905:        bool operator<(const SubcaseSignature &other) const;
        -:  906:    };
        -:  907:
        -:  908:    struct DOCTEST_INTERFACE IContextScope {
function _ZN7doctest13IContextScopeC2Ev called 0 returned 0% blocks executed 0%
    #####:  909:        DOCTEST_DECLARE_INTERFACE(IContextScope)
    $$$$$:  909-block  0
        -:  910:
        -:  911:        virtual void stringify(std::ostream *) const = 0;
        -:  912:    };
        -:  913:
        -:  914:    namespace detail {
        -:  915:        struct DOCTEST_INTERFACE TestCase;
        -:  916:    } // namespace detail
        -:  917:
function _ZN7doctest14ContextOptionsC2Ev called 3 returned 100% blocks executed 100%
function _ZN7doctest14ContextOptionsD2Ev called 3 returned 100% blocks executed 100%
        6:  918:    struct ContextOptions //!OCLINT too many fields
        3:  918-block  0
        3:  918-block  1
        -:  919:    {
        3:  920:        std::ostream *cout = nullptr; // stdout stream
        -:  921:        String binary_name;    // the test binary name
        -:  922:
        3:  923:        const detail::TestCase *currentTest = nullptr;
        -:  924:
        -:  925:        // == parameters from the command line
        -:  926:        String out;       // output filename
        -:  927:        String order_by;  // how tests should be ordered
        -:  928:        unsigned rand_seed; // the seed for rand ordering
        -:  929:
        -:  930:        unsigned first; // the first (matching) test to be executed
        -:  931:        unsigned last;  // the last (matching) test to be executed
        -:  932:
        -:  933:        int abort_after;           // stop tests after this many failed assertions
        -:  934:        int subcase_filter_levels; // apply the subcase filters for the first N levels
        -:  935:
        -:  936:        bool success;              // include successful assertions in output
        -:  937:        bool case_sensitive;       // if filtering should be case sensitive
        -:  938:        bool exit;                 // if the program should be exited after the tests are ran/whatever
        -:  939:        bool duration;             // print the time duration of each test case
        -:  940:        bool minimal;              // minimal console output (only test failures)
        -:  941:        bool quiet;                // no console output
        -:  942:        bool no_throw;             // to skip exceptions-related assertion macros
        -:  943:        bool no_exitcode;          // if the framework should return 0 as the exitcode
        -:  944:        bool no_run;               // to not run the tests at all (can be done with an "*" exclude)
        -:  945:        bool no_intro;             // to not print the intro of the framework
        -:  946:        bool no_version;           // to not print the version of the framework
        -:  947:        bool no_colors;            // if output to the console should be colorized
        -:  948:        bool force_colors;         // forces the use of colors even when a tty cannot be detected
        -:  949:        bool no_breaks;            // to not break into the debugger
        -:  950:        bool no_skip;              // don't skip test cases which are marked to be skipped
        -:  951:        bool gnu_file_line;        // if line numbers should be surrounded with :x: and not (x):
        -:  952:        bool no_path_in_filenames; // if the path to files should be removed from the output
        -:  953:        bool no_line_numbers;      // if source code line numbers should be omitted from the output
        -:  954:        bool no_debug_output;      // no output in the debug console when a debugger is attached
        -:  955:        bool no_skipped_summary;   // don't print "skipped" in the summary !!! UNDOCUMENTED !!!
        -:  956:        bool no_time_in_output;    // omit any time/timestamps from output !!! UNDOCUMENTED !!!
        -:  957:
        -:  958:        bool help;             // to print the help
        -:  959:        bool version;          // to print the version
        -:  960:        bool count;            // if only the count of matching tests is to be retrieved
        -:  961:        bool list_test_cases;  // to list all tests matching the filters
        -:  962:        bool list_test_suites; // to list all suites matching the filters
        -:  963:        bool list_reporters;   // lists all registered reporters
        -:  964:    };
        -:  965:
        -:  966:    namespace detail {
        -:  967:        namespace types {
        -:  968:#ifdef DOCTEST_CONFIG_INCLUDE_TYPE_TRAITS
        -:  969:            using namespace std;
        -:  970:#else
        -:  971:                                                                                                                                    template <bool COND, typename T = void>
        -:  972:        struct enable_if { };
        -:  973:
        -:  974:        template <typename T>
        -:  975:        struct enable_if<true, T> { using type = T; };
        -:  976:
        -:  977:        struct true_type { static DOCTEST_CONSTEXPR bool value = true; };
        -:  978:        struct false_type { static DOCTEST_CONSTEXPR bool value = false; };
        -:  979:
        -:  980:        template <typename T> struct remove_reference { using type = T; };
        -:  981:        template <typename T> struct remove_reference<T&> { using type = T; };
        -:  982:        template <typename T> struct remove_reference<T&&> { using type = T; };
        -:  983:
        -:  984:        template <typename T> struct is_rvalue_reference : false_type { };
        -:  985:        template <typename T> struct is_rvalue_reference<T&&> : true_type { };
        -:  986:
        -:  987:        template<typename T> struct remove_const { using type = T; };
        -:  988:        template <typename T> struct remove_const<const T> { using type = T; };
        -:  989:
        -:  990:        // Compiler intrinsics
        -:  991:        template <typename T> struct is_enum { static DOCTEST_CONSTEXPR bool value = __is_enum(T); };
        -:  992:        template <typename T> struct underlying_type { using type = __underlying_type(T); };
        -:  993:
        -:  994:        template <typename T> struct is_pointer : false_type { };
        -:  995:        template <typename T> struct is_pointer<T*> : true_type { };
        -:  996:
        -:  997:        template <typename T> struct is_array : false_type { };
        -:  998:        // NOLINTNEXTLINE(*-avoid-c-arrays)
        -:  999:        template <typename T, size_t SIZE> struct is_array<T[SIZE]> : true_type { };
        -: 1000:#endif
        -: 1001:        }
        -: 1002:
        -: 1003:        // <utility>
        -: 1004:        template<typename T>
        -: 1005:        T &&declval();
        -: 1006:
        -: 1007:        template<class T>
function _ZN7doctest6detail7forwardIRdEEOT_RNSt3__116remove_referenceIS3_E4typeE called 2 returned 100% blocks executed 100%
function _ZN7doctest6detail7forwardIdEEOT_RNSt3__116remove_referenceIS2_E4typeE called 2 returned 100% blocks executed 100%
function _ZN7doctest6detail7forwardIKmEEOT_RNSt3__116remove_referenceIS3_E4typeE called 1 returned 100% blocks executed 100%
function _ZN7doctest6detail7forwardIiEEOT_RNSt3__116remove_referenceIS2_E4typeE called 1 returned 100% blocks executed 100%
function _ZN7doctest6detail7forwardIRKNSt3__112basic_stringIcNS2_11char_traitsIcEENS2_9allocatorIcEEEEEEOT_RNS2_16remove_referenceISB_E4typeE called 2 returned 100% blocks executed 100%
function _ZN7doctest6detail7forwardIRA2_KcEEOT_RNSt3__116remove_referenceIS5_E4typeE called 2 returned 100% blocks executed 100%
function _ZN7doctest6detail7forwardIKNSt3__112basic_stringIcNS2_11char_traitsIcEENS2_9allocatorIcEEEEEEOT_RNS2_16remove_referenceISA_E4typeE called 2 returned 100% blocks executed 100%
function _ZN7doctest6detail7forwardIRNSt3__112basic_stringIcNS2_11char_traitsIcEENS2_9allocatorIcEEEEEEOT_RNS2_16remove_referenceISA_E4typeE called 2 returned 100% blocks executed 100%
       14: 1008:        DOCTEST_CONSTEXPR_FUNC T &&forward(typename types::remove_reference<T>::type &t) DOCTEST_NOEXCEPT {
       14: 1009:            return static_cast<T &&>(t);
        2: 1009-block  0
        2: 1009-block  1
        1: 1009-block  2
        1: 1009-block  3
        2: 1009-block  4
        2: 1009-block  5
        2: 1009-block  6
        2: 1009-block  7
        -: 1010:        }
        -: 1011:
        -: 1012:        template<class T>
        -: 1013:        DOCTEST_CONSTEXPR_FUNC T &&forward(typename types::remove_reference<T>::type &&t) DOCTEST_NOEXCEPT {
        -: 1014:            return static_cast<T &&>(t);
        -: 1015:        }
        -: 1016:
        -: 1017:        template<typename T>
        -: 1018:        struct deferred_false : types::false_type {
        -: 1019:        };
        -: 1020:
        -: 1021:// MSVS 2015 :(
        -: 1022:#if !DOCTEST_CLANG && defined(_MSC_VER) && _MSC_VER <= 1900
        -: 1023:                                                                                                                                template <typename T, typename = void>
        -: 1024:    struct has_global_insertion_operator : types::false_type { };
        -: 1025:
        -: 1026:    template <typename T>
        -: 1027:    struct has_global_insertion_operator<T, decltype(::operator<<(declval<std::ostream&>(), declval<const T&>()), void())> : types::true_type { };
        -: 1028:
        -: 1029:    template <typename T, typename = void>
        -: 1030:    struct has_insertion_operator { static DOCTEST_CONSTEXPR bool value = has_global_insertion_operator<T>::value; };
        -: 1031:
        -: 1032:    template <typename T, bool global>
        -: 1033:    struct insert_hack;
        -: 1034:
        -: 1035:    template <typename T>
        -: 1036:    struct insert_hack<T, true> {
        -: 1037:        static void insert(std::ostream& os, const T& t) { ::operator<<(os, t); }
        -: 1038:    };
        -: 1039:
        -: 1040:    template <typename T>
        -: 1041:    struct insert_hack<T, false> {
        -: 1042:        static void insert(std::ostream& os, const T& t) { operator<<(os, t); }
        -: 1043:    };
        -: 1044:
        -: 1045:    template <typename T>
        -: 1046:    using insert_hack_t = insert_hack<T, has_global_insertion_operator<T>::value>;
        -: 1047:#else
        -: 1048:        template<typename T, typename = void>
        -: 1049:        struct has_insertion_operator : types::false_type {
        -: 1050:        };
        -: 1051:#endif
        -: 1052:
        -: 1053:        template<typename T>
        -: 1054:        struct has_insertion_operator<T, decltype(operator<<(declval<std::ostream &>(), declval<const T &>()), void())>
        -: 1055:                : types::true_type {
        -: 1056:        };
        -: 1057:
        -: 1058:        template<typename T>
        -: 1059:        struct should_stringify_as_underlying_type {
        -: 1060:            static DOCTEST_CONSTEXPR bool value =
        -: 1061:                    detail::types::is_enum<T>::value && !doctest::detail::has_insertion_operator<T>::value;
        -: 1062:        };
        -: 1063:
        -: 1064:        DOCTEST_INTERFACE std::ostream *tlssPush();
        -: 1065:
        -: 1066:        DOCTEST_INTERFACE String tlssPop();
        -: 1067:
        -: 1068:        template<bool C>
        -: 1069:        struct StringMakerBase {
        -: 1070:            template<typename T>
        -: 1071:            static String convert(const DOCTEST_REF_WRAP(T)) {
        -: 1072:#ifdef DOCTEST_CONFIG_REQUIRE_STRINGIFICATION_FOR_ALL_USED_TYPES
        -: 1073:                static_assert(deferred_false<T>::value, "No stringification detected for type T. See string conversion manual");
        -: 1074:#endif
        -: 1075:                return "{?}";
        -: 1076:            }
        -: 1077:        };
        -: 1078:
        -: 1079:        template<typename T>
        -: 1080:        struct filldata;
        -: 1081:
        -: 1082:        template<typename T>
function _ZN7doctest6detail7fillossINSt3__112basic_stringIcNS2_11char_traitsIcEENS2_9allocatorIcEEEEEEvPNS2_13basic_ostreamIcS5_EERKT_ called 0 returned 0% blocks executed 0%
function _ZN7doctest6detail7fillossIA2_KcEEvPNSt3__113basic_ostreamIcNS4_11char_traitsIcEEEERKT_ called 0 returned 0% blocks executed 0%
    #####: 1083:        void filloss(std::ostream *stream, const T &in) {
    #####: 1084:            filldata<T>::fill(stream, in);
    #####: 1085:        }
    $$$$$: 1085-block  0
    $$$$$: 1085-block  1
        -: 1086:
        -: 1087:        template<typename T, size_t N>
function _ZN7doctest6detail7fillossIcLm2EEEvPNSt3__113basic_ostreamIcNS2_11char_traitsIcEEEERAT0__KT_ called 0 returned 0% blocks executed 0%
    #####: 1088:        void filloss(std::ostream *stream, const T (&in)[N]) { // NOLINT(*-avoid-c-arrays)
        -: 1089:            // T[N], T(&)[N], T(&&)[N] have same behaviour.
        -: 1090:            // Hence remove reference.
    #####: 1091:            filloss < typename types::remove_reference<decltype(in)>::type > (stream, in);
    #####: 1092:        }
    $$$$$: 1092-block  0
        -: 1093:
        -: 1094:        template<typename T>
function _ZN7doctest6detail8toStreamINSt3__112basic_stringIcNS2_11char_traitsIcEENS2_9allocatorIcEEEEEENS_6StringERKT_ called 0 returned 0% blocks executed 0%
function _ZN7doctest6detail8toStreamIA2_cEENS_6StringERKT_ called 0 returned 0% blocks executed 0%
    #####: 1095:        String toStream(const T &in) {
    #####: 1096:            std::ostream *stream = tlssPush();
    #####: 1097:            filloss(stream, in);
    #####: 1098:            return tlssPop();
    $$$$$: 1098-block  0
    $$$$$: 1098-block  1
        -: 1099:        }
        -: 1100:
        -: 1101:        template<>
        -: 1102:        struct StringMakerBase<true> {
        -: 1103:            template<typename T>
function _ZN7doctest6detail15StringMakerBaseILb1EE7convertINSt3__112basic_stringIcNS4_11char_traitsIcEENS4_9allocatorIcEEEEEENS_6StringERKT_ called 0 returned 0% blocks executed 0%
function _ZN7doctest6detail15StringMakerBaseILb1EE7convertIA2_cEENS_6StringERKT_ called 0 returned 0% blocks executed 0%
    #####: 1104:            static String convert(const DOCTEST_REF_WRAP(T)in) {
    #####: 1105:                return toStream(in);
    $$$$$: 1105-block  0
    $$$$$: 1105-block  1
        -: 1106:            }
        -: 1107:        };
        -: 1108:    } // namespace detail
        -: 1109:
        -: 1110:    template<typename T>
        -: 1111:    struct StringMaker : public detail::StringMakerBase<
        -: 1112:            detail::has_insertion_operator<T>::value || detail::types::is_pointer<T>::value ||
        -: 1113:            detail::types::is_array<T>::value> {
        -: 1114:    };
        -: 1115:
        -: 1116:#ifndef DOCTEST_STRINGIFY
        -: 1117:#ifdef DOCTEST_CONFIG_DOUBLE_STRINGIFY
        -: 1118:#define DOCTEST_STRINGIFY(...) toString(toString(__VA_ARGS__))
        -: 1119:#else
        -: 1120:#define DOCTEST_STRINGIFY(...) toString(__VA_ARGS__)
        -: 1121:#endif
        -: 1122:#endif
        -: 1123:
        -: 1124:    template<typename T>
        -: 1125:    String toString() {
        -: 1126:#if DOCTEST_CLANG == 0 && DOCTEST_GCC == 0 && DOCTEST_ICC == 0
        -: 1127:                                                                                                                                String ret = __FUNCSIG__; // class doctest::String __cdecl doctest::toString<TYPE>(void)
        -: 1128:    String::size_type beginPos = ret.find('<');
        -: 1129:    return ret.substr(beginPos + 1, ret.size() - beginPos - static_cast<String::size_type>(sizeof(">(void)")));
        -: 1130:#else
        -: 1131:        String ret = __PRETTY_FUNCTION__; // doctest::String toString() [with T = TYPE]
        -: 1132:        String::size_type begin = ret.find('=') + 2;
        -: 1133:        return ret.substr(begin, ret.size() - begin - 1);
        -: 1134:#endif
        -: 1135:    }
        -: 1136:
        -: 1137:    template<typename T, typename detail::types::enable_if<!detail::should_stringify_as_underlying_type<T>::value, bool>::type = true>
function _ZN7doctest8toStringINSt3__112basic_stringIcNS1_11char_traitsIcEENS1_9allocatorIcEEEELb1EEENS_6StringERKT_ called 0 returned 0% blocks executed 0%
function _ZN7doctest8toStringIA2_cLb1EEENS_6StringERKT_ called 0 returned 0% blocks executed 0%
    #####: 1138:    String toString(const DOCTEST_REF_WRAP(T)value) {
    #####: 1139:        return StringMaker<T>::convert(value);
    $$$$$: 1139-block  0
    $$$$$: 1139-block  1
        -: 1140:    }
        -: 1141:
        -: 1142:#ifdef DOCTEST_CONFIG_TREAT_CHAR_STAR_AS_STRING
        -: 1143:    DOCTEST_INTERFACE String toString(const char* in);
        -: 1144:#endif // DOCTEST_CONFIG_TREAT_CHAR_STAR_AS_STRING
        -: 1145:
        -: 1146:#if DOCTEST_MSVC >= DOCTEST_COMPILER(19, 20, 0)
        -: 1147:                                                                                                                            // see this issue on why this is needed: https://github.com/doctest/doctest/issues/183
        -: 1148:DOCTEST_INTERFACE String toString(const std::string& in);
        -: 1149:#endif // VS 2019
        -: 1150:
        -: 1151:    DOCTEST_INTERFACE String toString(String in);
        -: 1152:
        -: 1153:    DOCTEST_INTERFACE String toString(std::nullptr_t);
        -: 1154:
        -: 1155:    DOCTEST_INTERFACE String toString(bool in);
        -: 1156:
        -: 1157:    DOCTEST_INTERFACE String toString(float in);
        -: 1158:
        -: 1159:    DOCTEST_INTERFACE String toString(double in);
        -: 1160:
        -: 1161:    DOCTEST_INTERFACE String toString(double long in);
        -: 1162:
        -: 1163:    DOCTEST_INTERFACE String toString(char in);
        -: 1164:
        -: 1165:    DOCTEST_INTERFACE String toString(char signed in);
        -: 1166:
        -: 1167:    DOCTEST_INTERFACE String toString(char unsigned in);
        -: 1168:
        -: 1169:    DOCTEST_INTERFACE String toString(short in);
        -: 1170:
        -: 1171:    DOCTEST_INTERFACE String toString(short unsigned in);
        -: 1172:
        -: 1173:    DOCTEST_INTERFACE String toString(signed in);
        -: 1174:
        -: 1175:    DOCTEST_INTERFACE String toString(unsigned in);
        -: 1176:
        -: 1177:    DOCTEST_INTERFACE String toString(long in);
        -: 1178:
        -: 1179:    DOCTEST_INTERFACE String toString(long unsigned in);
        -: 1180:
        -: 1181:    DOCTEST_INTERFACE String toString(long long in);
        -: 1182:
        -: 1183:    DOCTEST_INTERFACE String toString(long long unsigned in);
        -: 1184:
        -: 1185:    template<typename T, typename detail::types::enable_if<detail::should_stringify_as_underlying_type<T>::value, bool>::type = true>
        -: 1186:    String toString(const DOCTEST_REF_WRAP(T)value) {
        -: 1187:        using UT = typename detail::types::underlying_type<T>::type;
        -: 1188:        return (DOCTEST_STRINGIFY(static_cast<UT>(value)));
        -: 1189:    }
        -: 1190:
        -: 1191:    namespace detail {
        -: 1192:        template<typename T>
        -: 1193:        struct filldata {
function _ZN7doctest6detail8filldataINSt3__112basic_stringIcNS2_11char_traitsIcEENS2_9allocatorIcEEEEE4fillEPNS2_13basic_ostreamIcS5_EERKS8_ called 0 returned 0% blocks executed 0%
    #####: 1194:            static void fill(std::ostream *stream, const T &in) {
        -: 1195:#if defined(_MSC_VER) && _MSC_VER <= 1900
        -: 1196:                insert_hack_t<T>::insert(*stream, in);
        -: 1197:#else
    #####: 1198:                operator<<(*stream, in);
        -: 1199:#endif
    #####: 1200:            }
    $$$$$: 1200-block  0
        -: 1201:        };
        -: 1202:
        -: 1203:        DOCTEST_MSVC_SUPPRESS_WARNING_WITH_PUSH(4866)
        -: 1204:
        -: 1205:// NOLINTBEGIN(*-avoid-c-arrays)
        -: 1206:        template<typename T, size_t N>
        -: 1207:        struct filldata<T[N]> {
[...]
    #####: 7229:            }
    $$$$$: 7229-block  0
        1: 7230:        }
        1: 7230-block  0
        -: 7231:
        1: 7232:        std::set<String> testSuitesPassingFilt;
        -: 7233:
        1: 7234:        bool query_mode = p->count || p->list_test_cases || p->list_test_suites;
        1: 7234-block  0
branch  0 taken 1
branch  1 taken 0
        1: 7234-block  1
branch  2 taken 0
branch  3 taken 1
        1: 7234-block  2
        1: 7235:        std::vector<const TestCaseData *> queryResults;
        -: 7236:
        1: 7237:        if (!query_mode)
        1: 7237-block  0
branch  0 taken 0
branch  1 taken 1
        2: 7238:            DOCTEST_ITERATE_THROUGH_REPORTERS(test_run_start, DOCTEST_EMPTY);
        1: 7238-block  0
        2: 7238-block  1
branch  0 taken 1
branch  1 taken 1
        1: 7238-block  2
branch  2 taken 1
branch  3 taken 0
        1: 7238-block  3
        1: 7238-block  4
        1: 7238-block  5
        -: 7239:
        -: 7240:        // invoke the registered functions if they match the filter criteria (or just count them)
        2: 7241:        for (auto &curr: testArray) {
        1: 7241-block  0
        2: 7241-block  1
branch  0 taken 1
branch  1 taken 1
        1: 7241-block  2
        1: 7241-block  3
        1: 7242:            const auto &tc = *curr;
        -: 7243:
        1: 7244:            bool skip_me = false;
        1: 7245:            if (tc.m_skip && !p->no_skip)
        1: 7245-block  0
branch  0 taken 0
branch  1 taken 1
    $$$$$: 7245-block  1
branch  2 never executed
branch  3 never executed
    #####: 7246:                skip_me = true;
    $$$$$: 7246-block  0
        -: 7247:
        1: 7248:            if (!matchesAny(tc.m_file.c_str(), p->filters[0], true, p->case_sensitive))
        1: 7248-block  0
branch  0 taken 1
branch  1 taken 0
        1: 7248-block  1
branch  2 taken 1
branch  3 taken 0
        1: 7248-block  2
branch  4 taken 1
branch  5 taken 0
    #####: 7249:                skip_me = true;
    $$$$$: 7249-block  0
        1: 7250:            if (matchesAny(tc.m_file.c_str(), p->filters[1], false, p->case_sensitive))
        1: 7250-block  0
branch  0 taken 1
branch  1 taken 0
        1: 7250-block  1
branch  2 taken 1
branch  3 taken 0
        1: 7250-block  2
branch  4 taken 1
branch  5 taken 0
    #####: 7251:                skip_me = true;
    $$$$$: 7251-block  0
        1: 7252:            if (!matchesAny(tc.m_test_suite, p->filters[2], true, p->case_sensitive))
        1: 7252-block  0
branch  0 taken 1
branch  1 taken 0
        1: 7252-block  1
branch  2 taken 1
branch  3 taken 0
    #####: 7253:                skip_me = true;
    $$$$$: 7253-block  0
        1: 7254:            if (matchesAny(tc.m_test_suite, p->filters[3], false, p->case_sensitive))
        1: 7254-block  0
branch  0 taken 1
branch  1 taken 0
        1: 7254-block  1
branch  2 taken 1
branch  3 taken 0
    #####: 7255:                skip_me = true;
    $$$$$: 7255-block  0
        1: 7256:            if (!matchesAny(tc.m_name, p->filters[4], true, p->case_sensitive))
        1: 7256-block  0
branch  0 taken 1
branch  1 taken 0
        1: 7256-block  1
branch  2 taken 1
branch  3 taken 0
    #####: 7257:                skip_me = true;
    $$$$$: 7257-block  0
        1: 7258:            if (matchesAny(tc.m_name, p->filters[5], false, p->case_sensitive))
        1: 7258-block  0
branch  0 taken 1
branch  1 taken 0
        1: 7258-block  1
branch  2 taken 1
branch  3 taken 0
    #####: 7259:                skip_me = true;
    $$$$$: 7259-block  0
        -: 7260:
        1: 7261:            if (!skip_me)
        1: 7261-block  0
branch  0 taken 0
branch  1 taken 1
        1: 7262:                p->numTestCasesPassingFilters++;
        1: 7262-block  0
        -: 7263:
        -: 7264:            // skip the test if it is not in the execution range
        1: 7265:            if ((p->last < p->numTestCasesPassingFilters && p->first <= p->last) ||
        1: 7265-block  0
branch  0 taken 0
branch  1 taken 1
    $$$$$: 7265-block  1
branch  2 never executed
branch  3 never executed
        1: 7265-block  2
    $$$$$: 7265-block  3
        1: 7266:                (p->first > p->numTestCasesPassingFilters))
    #####: 7267:                skip_me = true;
    $$$$$: 7267-block  0
        -: 7268:
        1: 7269:            if (skip_me) {
        1: 7269-block  0
branch  0 taken 0
branch  1 taken 1
    #####: 7270:                if (!query_mode)
    $$$$$: 7270-block  0
branch  0 never executed
branch  1 never executed
    #####: 7271:                    DOCTEST_ITERATE_THROUGH_REPORTERS(test_case_skipped, tc);
    $$$$$: 7271-block  0
    $$$$$: 7271-block  1
branch  0 never executed
branch  1 never executed
    $$$$$: 7271-block  2
branch  2 never executed
branch  3 never executed
    $$$$$: 7271-block  3
    $$$$$: 7271-block  4
    $$$$$: 7271-block  5
    #####: 7272:                continue;
    $$$$$: 7272-block  0
        -: 7273:            }
        -: 7274:
        -: 7275:            // do not execute the test if we are to only count the number of filter passing tests
        1: 7276:            if (p->count)
        1: 7276-block  0
branch  0 taken 0
branch  1 taken 1
    #####: 7277:                continue;
    $$$$$: 7277-block  0
        -: 7278:
        -: 7279:            // print the name of the test and don't execute it
        1: 7280:            if (p->list_test_cases) {
        1: 7280-block  0
branch  0 taken 0
branch  1 taken 1
    #####: 7281:                queryResults.push_back(&tc);
    $$$$$: 7281-block  0
branch  0 never executed
branch  1 never executed
    #####: 7282:                continue;
    $$$$$: 7282-block  0
        -: 7283:            }
        -: 7284:
        -: 7285:            // print the name of the test suite if not done already and don't execute it
        1: 7286:            if (p->list_test_suites) {
        1: 7286-block  0
branch  0 taken 0
branch  1 taken 1
    #####: 7287:                if ((testSuitesPassingFilt.count(tc.m_test_suite) == 0) && tc.m_test_suite[0] != '\0') {
    $$$$$: 7287-block  0
branch  0 never executed
branch  1 never executed
    $$$$$: 7287-block  1
branch  2 never executed
branch  3 never executed
    $$$$$: 7287-block  2
branch  4 never executed
branch  5 never executed
    $$$$$: 7287-block  3
    $$$$$: 7287-block  4
branch  6 never executed
branch  7 never executed
    $$$$$: 7287-block  5
    #####: 7288:                    queryResults.push_back(&tc);
    $$$$$: 7288-block  0
branch  0 never executed
branch  1 never executed
    #####: 7289:                    testSuitesPassingFilt.insert(tc.m_test_suite);
    $$$$$: 7289-block  0
branch  0 never executed
branch  1 never executed
    $$$$$: 7289-block  1
branch  2 never executed
branch  3 never executed
    $$$$$: 7289-block  2
    #####: 7290:                    p->numTestSuitesPassingFilters++;
    #####: 7291:                }
    $$$$$: 7291-block  0
    #####: 7292:                continue;
    $$$$$: 7292-block  0
        -: 7293:            }
        -: 7294:
        -: 7295:            // execute the test if it passes all the filtering
        -: 7296:            {
        1: 7297:                p->currentTest = &tc;
        -: 7298:
        1: 7299:                p->failure_flags = TestCaseFailureReason::None;
        1: 7300:                p->seconds = 0;
        -: 7301:
        -: 7302:                // reset atomic counters
        1: 7303:                p->numAssertsFailedCurrentTest_atomic = 0;
        1: 7304:                p->numAssertsCurrentTest_atomic = 0;
        -: 7305:
        1: 7306:                p->fullyTraversedSubcases.clear();
        -: 7307:
        2: 7308:                DOCTEST_ITERATE_THROUGH_REPORTERS(test_case_start, tc);
        1: 7308-block  0
        2: 7308-block  1
branch  0 taken 1
branch  1 taken 1
        1: 7308-block  2
branch  2 taken 1
branch  3 taken 0
        1: 7308-block  3
        1: 7308-block  4
        -: 7309:
        1: 7310:                p->timer.start();
        1: 7310-block  0
branch  0 taken 1
branch  1 taken 0
        -: 7311:
        1: 7312:                bool run_test = true;
        -: 7313:
        1: 7314:                do {
        1: 7314-block  0
        -: 7315:                    // reset some of the fields for subcases (except for the set of fully passed ones)
        4: 7316:                    p->reachedLeaf = false;
        -: 7317:                    // May not be empty if previous subcase exited via exception.
        4: 7318:                    p->subcaseStack.clear();
        4: 7319:                    p->currentSubcaseDepth = 0;
        -: 7320:
        4: 7321:                    p->shouldLogCurrentException = true;
        -: 7322:
        -: 7323:                    // reset stuff for logging with INFO()
        4: 7324:                    p->stringifiedContexts.clear();
        -: 7325:
        -: 7326:#ifndef DOCTEST_CONFIG_NO_EXCEPTIONS
        -: 7327:                    try {
        -: 7328:#endif // DOCTEST_CONFIG_NO_EXCEPTIONS
        -: 7329:// MSVC 2015 diagnoses fatalConditionHandler as unused (because reset() is a static method)
        -: 7330:                        DOCTEST_MSVC_SUPPRESS_WARNING_WITH_PUSH(4101) // unreferenced local variable
        4: 7331:                        FatalConditionHandler fatalConditionHandler; // Handle signals
        4: 7331-block  0
branch  0 taken 4
branch  1 taken 0
        -: 7332:                        // execute the test
        4: 7333:                        tc.m_test();
        4: 7333-block  0
branch  0 taken 4
branch  1 taken 0
        4: 7334:                        fatalConditionHandler.reset();
        4: 7334-block  0
branch  0 taken 4
branch  1 taken 0
        -: 7335:                        DOCTEST_MSVC_SUPPRESS_WARNING_POP
        -: 7336:#ifndef DOCTEST_CONFIG_NO_EXCEPTIONS
        4: 7337:                    } catch (const TestFailureException &) {
        4: 7337-block  0
    $$$$$: 7337-block  1
    $$$$$: 7337-block  2
branch  0 never executed
branch  1 never executed
    #####: 7338:                        p->failure_flags |= TestCaseFailureReason::AssertFailure;
    #####: 7339:                    } catch (...) {
    $$$$$: 7339-block  0
branch  0 never executed
branch  1 never executed
    $$$$$: 7339-block  1
    #####: 7340:                        DOCTEST_ITERATE_THROUGH_REPORTERS(test_case_exception,
    $$$$$: 7340-block  0
    $$$$$: 7340-block  1
branch  0 never executed
branch  1 never executed
    $$$$$: 7340-block  2
branch  2 never executed
branch  3 never executed
    $$$$$: 7340-block  3
branch  4 never executed
branch  5 never executed
    $$$$$: 7340-block  4
    $$$$$: 7340-block  5
    $$$$$: 7340-block  6
        -: 7341:                                                          { translateActiveException(), false });
    #####: 7342:                        p->failure_flags |= TestCaseFailureReason::Exception;
    #####: 7343:                    }
    $$$$$: 7343-block  0
branch  0 never executed
branch  1 never executed
    $$$$$: 7343-block  1
    $$$$$: 7343-block  2
branch  2 never executed
branch  3 never executed
    $$$$$: 7343-block  3
    $$$$$: 7343-block  4
        -: 7344:#endif // DOCTEST_CONFIG_NO_EXCEPTIONS
        -: 7345:
        -: 7346:                    // exit this loop if enough assertions have failed - even if there are more subcases
        4: 7347:                    if (p->abort_after > 0 &&
        4: 7347-block  0
branch  0 taken 0
branch  1 taken 4
    $$$$$: 7347-block  1
branch  2 never executed
branch  3 never executed
    #####: 7348:                        p->numAssertsFailed + p->numAssertsFailedCurrentTest_atomic >= p->abort_after) {
    #####: 7349:                        run_test = false;
    #####: 7350:                        p->failure_flags |= TestCaseFailureReason::TooManyFailedAsserts;
    #####: 7351:                    }
    $$$$$: 7351-block  0
        -: 7352:
        4: 7353:                    if (!p->nextSubcaseStack.empty() && run_test)
        4: 7353-block  0
branch  0 taken 3
branch  1 taken 1
        3: 7353-block  1
branch  2 taken 0
branch  3 taken 3
        6: 7354:                        DOCTEST_ITERATE_THROUGH_REPORTERS(test_case_reenter, tc);
        3: 7354-block  0
        6: 7354-block  1
branch  0 taken 3
branch  1 taken 3
        3: 7354-block  2
branch  2 taken 3
branch  3 taken 0
        3: 7354-block  3
        3: 7354-block  4
        3: 7354-block  5
        4: 7355:                    if (p->nextSubcaseStack.empty())
        4: 7355-block  0
branch  0 taken 3
branch  1 taken 1
        1: 7356:                        run_test = false;
        1: 7356-block  0
        4: 7357:                } while (run_test);
        4: 7357-block  0
        4: 7357-block  1
branch  0 taken 1
branch  1 taken 3
        -: 7358:
        1: 7359:                p->finalizeTestCaseData();
        1: 7359-block  0
branch  0 taken 1
branch  1 taken 0
        -: 7360:
        2: 7361:                DOCTEST_ITERATE_THROUGH_REPORTERS(test_case_end, *g_cs);
        1: 7361-block  0
        2: 7361-block  1
branch  0 taken 1
branch  1 taken 1
        1: 7361-block  2
branch  2 taken 1
branch  3 taken 0
        1: 7361-block  3
        1: 7361-block  4
        -: 7362:
        1: 7363:                p->currentTest = nullptr;
        -: 7364:
        -: 7365:                // stop executing tests if enough assertions have failed
        1: 7366:                if (p->abort_after > 0 && p->numAssertsFailed >= p->abort_after)
        1: 7366-block  0
branch  0 taken 0
branch  1 taken 1
    $$$$$: 7366-block  1
branch  2 never executed
branch  3 never executed
    #####: 7367:                    break;
    $$$$$: 7367-block  0
        -: 7368:            }
        -: 7369:        }
        -: 7370:
        1: 7371:        if (!query_mode) {
        1: 7371-block  0
branch  0 taken 0
branch  1 taken 1
        2: 7372:            DOCTEST_ITERATE_THROUGH_REPORTERS(test_run_end, *g_cs);
        1: 7372-block  0
        2: 7372-block  1
branch  0 taken 1
branch  1 taken 1
        1: 7372-block  2
branch  2 taken 1
branch  3 taken 0
        1: 7372-block  3
        1: 7372-block  4
        1: 7373:        } else {
        1: 7373-block  0
    #####: 7374:            QueryData qdata;
    #####: 7375:            qdata.run_stats = g_cs;
    $$$$$: 7375-block  0
branch  0 never executed
branch  1 never executed
    $$$$$: 7375-block  1
    #####: 7376:            qdata.data = queryResults.data();
    #####: 7377:            qdata.num_data = unsigned(queryResults.size());
    #####: 7378:            DOCTEST_ITERATE_THROUGH_REPORTERS(report_query, qdata);
    $$$$$: 7378-block  0
    $$$$$: 7378-block  1
branch  0 never executed
branch  1 never executed
    $$$$$: 7378-block  2
branch  2 never executed
branch  3 never executed
    $$$$$: 7378-block  3
    $$$$$: 7378-block  4
        -: 7379:        }
        -: 7380:
        1: 7381:        return cleanup_and_return();
        1: 7381-block  0
branch  0 taken 1
branch  1 taken 0
        1: 7382:    }
    $$$$$: 7382-block  0
    $$$$$: 7382-block  1
    $$$$$: 7382-block  2
    $$$$$: 7382-block  3
    $$$$$: 7382-block  4
        1: 7382-block  5
    $$$$$: 7382-block  6
    $$$$$: 7382-block  7
        1: 7382-block  8
    $$$$$: 7382-block  9
    $$$$$: 7382-block 10
        -: 7383:
function _ZN7doctest9IReporterD2Ev called 1 returned 100% blocks executed 100%
function _ZN7doctest9IReporterD1Ev called 0 returned 0% blocks executed 0%
function _ZN7doctest9IReporterD0Ev called 0 returned 0% blocks executed 0%
        1: 7384:    DOCTEST_DEFINE_INTERFACE(IReporter)
        1: 7384-block  0
    $$$$$: 7384-block  1
    $$$$$: 7384-block  2
        -: 7385:
function _ZN7doctest9IReporter23get_num_active_contextsEv called 0 returned 0% blocks executed 0%
    #####: 7386:    int IReporter::get_num_active_contexts() { return detail::g_infoContexts.size(); }
    $$$$$: 7386-block  0
        -: 7387:
function _ZN7doctest9IReporter19get_active_contextsEv called 0 returned 0% blocks executed 0%
    #####: 7388:    const IContextScope *const *IReporter::get_active_contexts() {
    #####: 7389:        return get_num_active_contexts() ? &detail::g_infoContexts[0] : nullptr;
    $$$$$: 7389-block  0
branch  0 never executed
branch  1 never executed
    $$$$$: 7389-block  1
    $$$$$: 7389-block  2
    $$$$$: 7389-block  3
        -: 7390:    }
        -: 7391:
function _ZN7doctest9IReporter28get_num_stringified_contextsEv called 0 returned 0% blocks executed 0%
    #####: 7392:    int IReporter::get_num_stringified_contexts() { return detail::g_cs->stringifiedContexts.size(); }
    $$$$$: 7392-block  0
        -: 7393:
function _ZN7doctest9IReporter24get_stringified_contextsEv called 0 returned 0% blocks executed 0%
    #####: 7394:    const String *IReporter::get_stringified_contexts() {
    #####: 7395:        return get_num_stringified_contexts() ? &detail::g_cs->stringifiedContexts[0] : nullptr;
    $$$$$: 7395-block  0
branch  0 never executed
branch  1 never executed
    $$$$$: 7395-block  1
    $$$$$: 7395-block  2
    $$$$$: 7395-block  3
        -: 7396:    }
        -: 7397:
        -: 7398:    namespace detail {
function _ZN7doctest6detail20registerReporterImplEPKciPFPNS_9IReporterERKNS_14ContextOptionsEEb called 3 returned 100% blocks executed 44%
        3: 7399:        void registerReporterImpl(const char *name, int priority, reporterCreatorFunc c, bool isReporter) {
        3: 7400:            if (isReporter)
        3: 7400-block  0
branch  0 taken 0
branch  1 taken 3
        3: 7401:                getReporters().insert(reporterMap::value_type(reporterMap::key_type(priority, name), c));
        3: 7401-block  0
branch  0 taken 3
branch  1 taken 0
        3: 7401-block  1
    $$$$$: 7401-block  2
    $$$$$: 7401-block  3
        -: 7402:            else
    #####: 7403:                getListeners().insert(reporterMap::value_type(reporterMap::key_type(priority, name), c));
    $$$$$: 7403-block  0
branch  0 never executed
branch  1 never executed
    $$$$$: 7403-block  1
    $$$$$: 7403-block  2
        3: 7404:        }
        3: 7404-block  0
        -: 7405:    } // namespace detail
        -: 7406:
        -: 7407:} // namespace doctest
        -: 7408:
        -: 7409:#endif // DOCTEST_CONFIG_DISABLE
        -: 7410:
        -: 7411:#ifdef DOCTEST_CONFIG_IMPLEMENT_WITH_MAIN
        -: 7412:                                                                                                                        DOCTEST_MSVC_SUPPRESS_WARNING_WITH_PUSH(4007) // 'function' : must be 'attribute' - see issue #182
        -: 7413:int main(int argc, char** argv) { return doctest::Context(argc, argv).run(); }
        -: 7414:DOCTEST_MSVC_SUPPRESS_WARNING_POP
        -: 7415:#endif // DOCTEST_CONFIG_IMPLEMENT_WITH_MAIN
        -: 7416:
        -: 7417:DOCTEST_CLANG_SUPPRESS_WARNING_POP
        -: 7418:DOCTEST_MSVC_SUPPRESS_WARNING_POP
        -: 7419:DOCTEST_GCC_SUPPRESS_WARNING_POP
        -: 7420:
        -: 7421:DOCTEST_SUPPRESS_COMMON_WARNINGS_POP
        -: 7422:
        -: 7423:#endif // DOCTEST_LIBRARY_IMPLEMENTATION
        -: 7424:#endif // DOCTEST_CONFIG_IMPLEMENT
        -: 7425:
        -: 7426:#ifdef DOCTEST_UNDEF_WIN32_LEAN_AND_MEAN
        -: 7427:                                                                                                                        #undef WIN32_LEAN_AND_MEAN
        -: 7428:#undef DOCTEST_UNDEF_WIN32_LEAN_AND_MEAN
        -: 7429:#endif // DOCTEST_UNDEF_WIN32_LEAN_AND_MEAN
        -: 7430:
        -: 7431:#ifdef DOCTEST_UNDEF_NOMINMAX
        -: 7432:                                                                                                                        #undef NOMINMAX
        -: 7433:#undef DOCTEST_UNDEF_NOMINMAX
        -: 7434:#endif // DOCTEST_UNDEF_NOMINMAX
