        -:    0:Source:/Library/Developer/CommandLineTools/SDKs/MacOSX13.3.sdk/usr/include/c++/v1/__algorithm/find.h
        -:    0:Graph:/Users/mihaildobroslavski/CLionProjects/CityMapProject/cmake-build-debug-coverage/CMakeFiles/CityMapLibrary.dir/TaskFunctions/RouteChecker.cpp.gcno
        -:    0:Data:/Users/mihaildobroslavski/CLionProjects/CityMapProject/cmake-build-debug-coverage/CMakeFiles/CityMapLibrary.dir/TaskFunctions/RouteChecker.cpp.gcda
        -:    0:Runs:1
        -:    0:Programs:1
        -:    1:// -*- C++ -*-
        -:    2://===----------------------------------------------------------------------===//
        -:    3://
        -:    4:// Part of the LLVM Project, under the Apache License v2.0 with LLVM Exceptions.
        -:    5:// See https://llvm.org/LICENSE.txt for license information.
        -:    6:// SPDX-License-Identifier: Apache-2.0 WITH LLVM-exception
        -:    7://
        -:    8://===----------------------------------------------------------------------===//
        -:    9:
        -:   10:#ifndef _LIBCPP___ALGORITHM_FIND_H
        -:   11:#define _LIBCPP___ALGORITHM_FIND_H
        -:   12:
        -:   13:#include <__config>
        -:   14:
        -:   15:#if !defined(_LIBCPP_HAS_NO_PRAGMA_SYSTEM_HEADER)
        -:   16:#  pragma GCC system_header
        -:   17:#endif
        -:   18:
        -:   19:_LIBCPP_BEGIN_NAMESPACE_STD
        -:   20:
        -:   21:template <class _InputIterator, class _Tp>
        -:   22:_LIBCPP_NODISCARD_EXT inline _LIBCPP_INLINE_VISIBILITY _LIBCPP_CONSTEXPR_AFTER_CXX17 _InputIterator
function _ZNSt3__14findB6v15006INS_11__wrap_iterIPP5GraphEES3_EET_S6_S6_RKT0_ called 23 returned 100% blocks executed 100%
       23:   23:find(_InputIterator __first, _InputIterator __last, const _Tp& __value) {
       64:   24:  for (; __first != __last; ++__first)
       23:   24-block  0
       64:   24-block  1
branch  0 taken 14
branch  1 taken 50
       41:   24-block  2
       50:   25:    if (*__first == __value)
       50:   25-block  0
branch  0 taken 9
branch  1 taken 41
       41:   25-block  1
        9:   26:      break;
        9:   26-block  0
       23:   27:  return __first;
       23:   27-block  0
        -:   28:}
        -:   29:
        -:   30:_LIBCPP_END_NAMESPACE_STD
        -:   31:
        -:   32:#endif // _LIBCPP___ALGORITHM_FIND_H
