        -:    0:Source:/Library/Developer/CommandLineTools/SDKs/MacOSX13.3.sdk/usr/include/c++/v1/__algorithm/max.h
        -:    0:Graph:/Users/mihaildobroslavski/CLionProjects/CityMapProject/cmake-build-debug-coverage/CMakeFiles/RouteCheckerTest.dir/UnitTesting/RouteCheckerTest.cpp.gcno
        -:    0:Data:/Users/mihaildobroslavski/CLionProjects/CityMapProject/cmake-build-debug-coverage/CMakeFiles/RouteCheckerTest.dir/UnitTesting/RouteCheckerTest.cpp.gcda
        -:    0:Runs:1
        -:    0:Programs:1
        -:    1://===----------------------------------------------------------------------===//
        -:    2://
        -:    3:// Part of the LLVM Project, under the Apache License v2.0 with LLVM Exceptions.
        -:    4:// See https://llvm.org/LICENSE.txt for license information.
        -:    5:// SPDX-License-Identifier: Apache-2.0 WITH LLVM-exception
        -:    6://
        -:    7://===----------------------------------------------------------------------===//
        -:    8:
        -:    9:#ifndef _LIBCPP___ALGORITHM_MAX_H
        -:   10:#define _LIBCPP___ALGORITHM_MAX_H
        -:   11:
        -:   12:#include <__algorithm/comp.h>
        -:   13:#include <__algorithm/comp_ref_type.h>
        -:   14:#include <__algorithm/max_element.h>
        -:   15:#include <__config>
        -:   16:#include <initializer_list>
        -:   17:
        -:   18:#if !defined(_LIBCPP_HAS_NO_PRAGMA_SYSTEM_HEADER)
        -:   19:#  pragma GCC system_header
        -:   20:#endif
        -:   21:
        -:   22:_LIBCPP_PUSH_MACROS
        -:   23:#include <__undef_macros>
        -:   24:
        -:   25:_LIBCPP_BEGIN_NAMESPACE_STD
        -:   26:
        -:   27:template <class _Tp, class _Compare>
        -:   28:_LIBCPP_NODISCARD_EXT inline
        -:   29:_LIBCPP_INLINE_VISIBILITY _LIBCPP_CONSTEXPR_AFTER_CXX11
        -:   30:const _Tp&
function _ZNSt3__13maxB6v15006ImNS_6__lessImmEEEERKT_S5_S5_T0_ called 89 returned 100% blocks executed 100%
function _ZNSt3__13maxB6v15006IdNS_6__lessIddEEEERKT_S5_S5_T0_ called 1 returned 100% blocks executed 75%
function _ZNSt3__13maxB6v15006IjNS_6__lessIjjEEEERKT_S5_S5_T0_ called 3 returned 100% blocks executed 100%
       93:   31:max(const _Tp& __a, const _Tp& __b, _Compare __comp)
        -:   32:{
       93:   33:    return __comp(__a, __b) ? __b : __a;
       89:   33-block  0
branch  0 taken 18
branch  1 taken 71
       18:   33-block  1
       71:   33-block  2
       89:   33-block  3
        1:   33-block  4
branch  2 taken 0
branch  3 taken 1
    $$$$$:   33-block  5
        1:   33-block  6
        1:   33-block  7
        3:   33-block  8
branch  4 taken 2
branch  5 taken 1
        2:   33-block  9
        1:   33-block 10
        3:   33-block 11
        -:   34:}
        -:   35:
        -:   36:template <class _Tp>
        -:   37:_LIBCPP_NODISCARD_EXT inline
        -:   38:_LIBCPP_INLINE_VISIBILITY _LIBCPP_CONSTEXPR_AFTER_CXX11
        -:   39:const _Tp&
function _ZNSt3__13maxB6v15006IdEERKT_S3_S3_ called 1 returned 100% blocks executed 100%
function _ZNSt3__13maxB6v15006ImEERKT_S3_S3_ called 89 returned 100% blocks executed 100%
function _ZNSt3__13maxB6v15006IjEERKT_S3_S3_ called 3 returned 100% blocks executed 100%
       93:   40:max(const _Tp& __a, const _Tp& __b)
        -:   41:{
       93:   42:    return _VSTD::max(__a, __b, __less<_Tp>());
        1:   42-block  0
       89:   42-block  1
        3:   42-block  2
        -:   43:}
        -:   44:
        -:   45:#ifndef _LIBCPP_CXX03_LANG
        -:   46:
        -:   47:template<class _Tp, class _Compare>
        -:   48:_LIBCPP_NODISCARD_EXT inline
        -:   49:_LIBCPP_INLINE_VISIBILITY _LIBCPP_CONSTEXPR_AFTER_CXX11
        -:   50:_Tp
        -:   51:max(initializer_list<_Tp> __t, _Compare __comp)
        -:   52:{
        -:   53:    typedef typename __comp_ref_type<_Compare>::type _Comp_ref;
        -:   54:    return *_VSTD::__max_element<_Comp_ref>(__t.begin(), __t.end(), __comp);
        -:   55:}
        -:   56:
        -:   57:template<class _Tp>
        -:   58:_LIBCPP_NODISCARD_EXT inline
        -:   59:_LIBCPP_INLINE_VISIBILITY _LIBCPP_CONSTEXPR_AFTER_CXX11
        -:   60:_Tp
        -:   61:max(initializer_list<_Tp> __t)
        -:   62:{
        -:   63:    return *_VSTD::max_element(__t.begin(), __t.end(), __less<_Tp>());
        -:   64:}
        -:   65:
        -:   66:#endif // _LIBCPP_CXX03_LANG
        -:   67:
        -:   68:_LIBCPP_END_NAMESPACE_STD
        -:   69:
        -:   70:_LIBCPP_POP_MACROS
        -:   71:
        -:   72:#endif // _LIBCPP___ALGORITHM_MAX_H
