        -:    0:Source:/Library/Developer/CommandLineTools/SDKs/MacOSX13.3.sdk/usr/include/c++/v1/__memory/compressed_pair.h
        -:    0:Graph:/Users/mihaildobroslavski/CLionProjects/CityMapProject/cmake-build-debug-coverage/CMakeFiles/CityMapLibrary.dir/TaskFunctions/RouteChecker.cpp.gcno
        -:    0:Data:/Users/mihaildobroslavski/CLionProjects/CityMapProject/cmake-build-debug-coverage/CMakeFiles/CityMapLibrary.dir/TaskFunctions/RouteChecker.cpp.gcda
        -:    0:Runs:1
        -:    0:Programs:1
        -:    1:// -*- C++ -*-
        -:    2://===----------------------------------------------------------------------===//
        -:    3://
        -:    4:// Part of the LLVM Project, under the Apache License v2.0 with LLVM Exceptions.
        -:    5:// See https://llvm.org/LICENSE.txt for license information.
        -:    6:// SPDX-License-Identifier: Apache-2.0 WITH LLVM-exception
        -:    7://
        -:    8://===----------------------------------------------------------------------===//
        -:    9:
        -:   10:#ifndef _LIBCPP___MEMORY_COMPRESSED_PAIR_H
        -:   11:#define _LIBCPP___MEMORY_COMPRESSED_PAIR_H
        -:   12:
        -:   13:#include <__config>
        -:   14:#include <__utility/forward.h>
        -:   15:#include <__utility/move.h>
        -:   16:#include <tuple> // needed in c++03 for some constructors
        -:   17:#include <type_traits>
        -:   18:
        -:   19:#if !defined(_LIBCPP_HAS_NO_PRAGMA_SYSTEM_HEADER)
        -:   20:#  pragma GCC system_header
        -:   21:#endif
        -:   22:
        -:   23:_LIBCPP_BEGIN_NAMESPACE_STD
        -:   24:
        -:   25:// Tag used to default initialize one or both of the pair's elements.
        -:   26:struct __default_init_tag {};
        -:   27:struct __value_init_tag {};
        -:   28:
        -:   29:template <class _Tp, int _Idx, bool _CanBeEmptyBase = is_empty<_Tp>::value && !__libcpp_is_final<_Tp>::value>
        -:   30:struct __compressed_pair_elem {
        -:   31:  using _ParamT = _Tp;
        -:   32:  using reference = _Tp&;
        -:   33:  using const_reference = const _Tp&;
        -:   34:
function _ZNSt3__122__compressed_pair_elemINS_16__hash_node_baseIPNS_11__hash_nodeIP5GraphPvEEEELi0ELb0EEC2B6v15006ENS_18__default_init_tagE called 10 returned 100% blocks executed 100%
       10:   35:  _LIBCPP_HIDE_FROM_ABI _LIBCPP_CONSTEXPR explicit __compressed_pair_elem(__default_init_tag) {}
       10:   35-block  0
function _ZNSt3__122__compressed_pair_elemIPPNS_16__hash_node_baseIPNS_11__hash_nodeIP5GraphPvEEEELi0ELb0EEC2B6v15006ENS_16__value_init_tagE called 0 returned 0% blocks executed 0%
function _ZNSt3__122__compressed_pair_elemINS_25__bucket_list_deallocatorINS_9allocatorIPNS_16__hash_node_baseIPNS_11__hash_nodeIP5GraphPvEEEEEEEELi1ELb0EEC2B6v15006ENS_16__value_init_tagE called 0 returned 0% blocks executed 0%
function _ZNSt3__122__compressed_pair_elemINS_16__hash_node_baseIPNS_11__hash_nodeIP5GraphPvEEEELi0ELb0EEC2B6v15006ENS_16__value_init_tagE called 0 returned 0% blocks executed 0%
function _ZNSt3__122__compressed_pair_elemINS_15__tree_end_nodeIPNS_16__tree_node_baseIPvEEEELi0ELb0EEC2B6v15006ENS_16__value_init_tagE called 0 returned 0% blocks executed 0%
    #####:   36:  _LIBCPP_HIDE_FROM_ABI _LIBCPP_CONSTEXPR explicit __compressed_pair_elem(__value_init_tag) : __value_() {}
    $$$$$:   36-block  0
    $$$$$:   36-block  1
    $$$$$:   36-block  2
    $$$$$:   36-block  3
        -:   37:
        -:   38:  template <class _Up, class = __enable_if_t<!is_same<__compressed_pair_elem, typename decay<_Up>::type>::value> >
        -:   39:  _LIBCPP_HIDE_FROM_ABI _LIBCPP_CONSTEXPR
function _ZNSt3__122__compressed_pair_elemIP4PathLi0ELb0EEC2B6v15006IDnvEEOT_ called 11 returned 100% blocks executed 100%
function _ZNSt3__122__compressed_pair_elemIPP5GraphLi0ELb0EEC2B6v15006IDnvEEOT_ called 45 returned 100% blocks executed 100%
function _ZNSt3__122__compressed_pair_elemIRNS_9allocatorI4PathEELi1ELb0EEC2B6v15006IS4_vEEOT_ called 7 returned 100% blocks executed 100%
function _ZNSt3__122__compressed_pair_elemIRNS_9allocatorIP5GraphEELi1ELb0EEC2B6v15006IS5_vEEOT_ called 13 returned 100% blocks executed 100%
function _ZNSt3__122__compressed_pair_elemIPNS_4pairIP5GraphS3_EELi0ELb0EEC2B6v15006IDnvEEOT_ called 2 returned 100% blocks executed 100%
function _ZNSt3__122__compressed_pair_elemIRNS_9allocatorINS_4pairIP5GraphS4_EEEELi1ELb0EEC2B6v15006IS7_vEEOT_ called 1 returned 100% blocks executed 100%
function _ZNSt3__122__compressed_pair_elemImLi0ELb0EEC2B6v15006IivEEOT_ called 0 returned 0% blocks executed 0%
function _ZNSt3__122__compressed_pair_elemIfLi0ELb0EEC2B6v15006IfvEEOT_ called 0 returned 0% blocks executed 0%
function _ZNSt3__122__compressed_pair_elemImLi0ELb0EEC2B6v15006IRmvEEOT_ called 10 returned 100% blocks executed 100%
function _ZNSt3__122__compressed_pair_elemIPPNS_16__hash_node_baseIPNS_11__hash_nodeIP5GraphPvEEEELi0ELb0EEC2B6v15006IDnvEEOT_ called 10 returned 100% blocks executed 100%
function _ZNSt3__122__compressed_pair_elemINS_25__bucket_list_deallocatorINS_9allocatorIPNS_16__hash_node_baseIPNS_11__hash_nodeIP5GraphPvEEEEEEEELi1ELb0EEC2B6v15006ISD_vEEOT_ called 10 returned 100% blocks executed 100%
function _ZNSt3__122__compressed_pair_elemIPNS_11__hash_nodeIP5GraphPvEELi0ELb0EEC2B6v15006IRS6_vEEOT_ called 0 returned 0% blocks executed 0%
function _ZNSt3__122__compressed_pair_elemINS_22__hash_node_destructorINS_9allocatorINS_11__hash_nodeIP5GraphPvEEEEEELi1ELb0EEC2B6v15006IS9_vEEOT_ called 0 returned 0% blocks executed 0%
function _ZNSt3__122__compressed_pair_elemIPNS_11__tree_nodeINS_4pairIP5GraphS4_EEPvEELi0ELb0EEC2B6v15006IRS8_vEEOT_ called 8 returned 100% blocks executed 100%
function _ZNSt3__122__compressed_pair_elemINS_22__tree_node_destructorINS_9allocatorINS_11__tree_nodeINS_4pairIP5GraphS6_EEPvEEEEEELi1ELb0EEC2B6v15006ISB_vEEOT_ called 8 returned 100% blocks executed 100%
function _ZNSt3__122__compressed_pair_elemIPPP5GraphLi0ELb0EEC2B6v15006IDnvEEOT_ called 8 returned 100% blocks executed 100%
function _ZNSt3__122__compressed_pair_elemIRNS_9allocatorIPP5GraphEELi1ELb0EEC2B6v15006IS6_vEEOT_ called 4 returned 100% blocks executed 100%
function _ZNSt3__122__compressed_pair_elemIPP5GraphLi0ELb0EEC2B6v15006IRS3_vEEOT_ called 4 returned 100% blocks executed 100%
function _ZNSt3__122__compressed_pair_elemINS_22__allocator_destructorINS_9allocatorIP5GraphEEEELi1ELb0EEC2B6v15006IS6_vEEOT_ called 4 returned 100% blocks executed 100%
      145:   40:  explicit __compressed_pair_elem(_Up&& __u) : __value_(std::forward<_Up>(__u)) {}
       11:   40-block  0
       45:   40-block  1
        7:   40-block  2
       13:   40-block  3
        2:   40-block  4
        1:   40-block  5
    $$$$$:   40-block  6
    $$$$$:   40-block  7
       10:   40-block  8
       10:   40-block  9
       10:   40-block 10
    $$$$$:   40-block 11
    $$$$$:   40-block 12
        8:   40-block 13
        8:   40-block 14
        8:   40-block 15
        4:   40-block 16
        4:   40-block 17
        4:   40-block 18
        -:   41:
        -:   42:#ifndef _LIBCPP_CXX03_LANG
        -:   43:  template <class... _Args, size_t... _Indices>
        -:   44:  _LIBCPP_HIDE_FROM_ABI _LIBCPP_CONSTEXPR_AFTER_CXX14
        -:   45:  explicit __compressed_pair_elem(piecewise_construct_t, tuple<_Args...> __args, __tuple_indices<_Indices...>)
        -:   46:      : __value_(std::forward<_Args>(std::get<_Indices>(__args))...) {}
        -:   47:#endif
        -:   48:
function _ZNSt3__122__compressed_pair_elemIP4PathLi0ELb0EE5__getB6v15006Ev called 31 returned 100% blocks executed 100%
function _ZNSt3__122__compressed_pair_elemIPP5GraphLi0ELb0EE5__getB6v15006Ev called 120 returned 100% blocks executed 100%
function _ZNSt3__122__compressed_pair_elemIRNS_9allocatorI4PathEELi1ELb0EE5__getB6v15006Ev called 14 returned 100% blocks executed 100%
function _ZNSt3__122__compressed_pair_elemIRNS_9allocatorIP5GraphEELi1ELb0EE5__getB6v15006Ev called 40 returned 100% blocks executed 100%
function _ZNSt3__122__compressed_pair_elemImLi0ELb0EE5__getB6v15006Ev called 0 returned 0% blocks executed 0%
function _ZNSt3__122__compressed_pair_elemIPNS_4pairIP5GraphS3_EELi0ELb0EE5__getB6v15006Ev called 4 returned 100% blocks executed 100%
function _ZNSt3__122__compressed_pair_elemIRNS_9allocatorINS_4pairIP5GraphS4_EEEELi1ELb0EE5__getB6v15006Ev called 1 returned 100% blocks executed 100%
function _ZNSt3__122__compressed_pair_elemINS_16__hash_node_baseIPNS_11__hash_nodeIP5GraphPvEEEELi0ELb0EE5__getB6v15006Ev called 0 returned 0% blocks executed 0%
function _ZNSt3__122__compressed_pair_elemIPPNS_16__hash_node_baseIPNS_11__hash_nodeIP5GraphPvEEEELi0ELb0EE5__getB6v15006Ev called 0 returned 0% blocks executed 0%
function _ZNSt3__122__compressed_pair_elemINS_25__bucket_list_deallocatorINS_9allocatorIPNS_16__hash_node_baseIPNS_11__hash_nodeIP5GraphPvEEEEEEEELi1ELb0EE5__getB6v15006Ev called 0 returned 0% blocks executed 0%
function _ZNSt3__122__compressed_pair_elemIfLi0ELb0EE5__getB6v15006Ev called 0 returned 0% blocks executed 0%
function _ZNSt3__122__compressed_pair_elemINS_22__hash_node_destructorINS_9allocatorINS_11__hash_nodeIP5GraphPvEEEEEELi1ELb0EE5__getB6v15006Ev called 0 returned 0% blocks executed 0%
function _ZNSt3__122__compressed_pair_elemIPNS_11__hash_nodeIP5GraphPvEELi0ELb0EE5__getB6v15006Ev called 0 returned 0% blocks executed 0%
function _ZNSt3__122__compressed_pair_elemINS_15__tree_end_nodeIPNS_16__tree_node_baseIPvEEEELi0ELb0EE5__getB6v15006Ev called 0 returned 0% blocks executed 0%
function _ZNSt3__122__compressed_pair_elemINS_22__tree_node_destructorINS_9allocatorINS_11__tree_nodeINS_4pairIP5GraphS6_EEPvEEEEEELi1ELb0EE5__getB6v15006Ev called 8 returned 100% blocks executed 100%
function _ZNSt3__122__compressed_pair_elemIPNS_11__tree_nodeINS_4pairIP5GraphS4_EEPvEELi0ELb0EE5__getB6v15006Ev called 32 returned 100% blocks executed 100%
function _ZNSt3__122__compressed_pair_elemIRNS_9allocatorIPP5GraphEELi1ELb0EE5__getB6v15006Ev called 8 returned 100% blocks executed 100%
function _ZNSt3__122__compressed_pair_elemIPPP5GraphLi0ELb0EE5__getB6v15006Ev called 16 returned 100% blocks executed 100%
function _ZNSt3__122__compressed_pair_elemINS_22__allocator_destructorINS_9allocatorIP5GraphEEEELi1ELb0EE5__getB6v15006Ev called 0 returned 0% blocks executed 0%
      274:   49:  _LIBCPP_HIDE_FROM_ABI _LIBCPP_CONSTEXPR_AFTER_CXX11 reference __get() _NOEXCEPT { return __value_; }
       31:   49-block  0
      120:   49-block  1
       14:   49-block  2
       40:   49-block  3
    $$$$$:   49-block  4
        4:   49-block  5
        1:   49-block  6
    $$$$$:   49-block  7
    $$$$$:   49-block  8
    $$$$$:   49-block  9
    $$$$$:   49-block 10
    $$$$$:   49-block 11
    $$$$$:   49-block 12
    $$$$$:   49-block 13
        8:   49-block 14
       32:   49-block 15
        8:   49-block 16
       16:   49-block 17
    $$$$$:   49-block 18
function _ZNKSt3__122__compressed_pair_elemIP4PathLi0ELb0EE5__getB6v15006Ev called 0 returned 0% blocks executed 0%
function _ZNKSt3__122__compressed_pair_elemIPP5GraphLi0ELb0EE5__getB6v15006Ev called 0 returned 0% blocks executed 0%
function _ZNKSt3__122__compressed_pair_elemIPPP5GraphLi0ELb0EE5__getB6v15006Ev called 12 returned 100% blocks executed 100%
function _ZNKSt3__122__compressed_pair_elemIPNS_4pairIP5GraphS3_EELi0ELb0EE5__getB6v15006Ev called 0 returned 0% blocks executed 0%
function _ZNKSt3__122__compressed_pair_elemINS_25__bucket_list_deallocatorINS_9allocatorIPNS_16__hash_node_baseIPNS_11__hash_nodeIP5GraphPvEEEEEEEELi1ELb0EE5__getB6v15006Ev called 0 returned 0% blocks executed 0%
function _ZNKSt3__122__compressed_pair_elemImLi0ELb0EE5__getB6v15006Ev called 0 returned 0% blocks executed 0%
function _ZNKSt3__122__compressed_pair_elemIPPNS_16__hash_node_baseIPNS_11__hash_nodeIP5GraphPvEEEELi0ELb0EE5__getB6v15006Ev called 0 returned 0% blocks executed 0%
function _ZNKSt3__122__compressed_pair_elemIPNS_11__hash_nodeIP5GraphPvEELi0ELb0EE5__getB6v15006Ev called 0 returned 0% blocks executed 0%
function _ZNKSt3__122__compressed_pair_elemINS_16__hash_node_baseIPNS_11__hash_nodeIP5GraphPvEEEELi0ELb0EE5__getB6v15006Ev called 10 returned 100% blocks executed 100%
function _ZNKSt3__122__compressed_pair_elemINS_16__hash_node_baseIPNS_11__hash_nodeINS_17__hash_value_typeIP5GraphdEEPvEEEELi0ELb0EE5__getB6v15006Ev called 41 returned 100% blocks executed 100%
function _ZNKSt3__122__compressed_pair_elemINS_16__hash_node_baseIPNS_11__hash_nodeINS_17__hash_value_typeINS_12basic_stringIcNS_11char_traitsIcEENS_9allocatorIcEEEEP5GraphEEPvEEEELi0ELb0EE5__getB6v15006Ev called 13 returned 100% blocks executed 100%
function _ZNKSt3__122__compressed_pair_elemINS_15__tree_end_nodeIPNS_16__tree_node_baseIPvEEEELi0ELb0EE5__getB6v15006Ev called 0 returned 0% blocks executed 0%
function _ZNKSt3__122__compressed_pair_elemIPNS_11__tree_nodeINS_4pairIP5GraphS4_EEPvEELi0ELb0EE5__getB6v15006Ev called 16 returned 100% blocks executed 100%
       92:   50:  _LIBCPP_HIDE_FROM_ABI _LIBCPP_CONSTEXPR const_reference __get() const _NOEXCEPT { return __value_; }
    $$$$$:   50-block  0
    $$$$$:   50-block  1
       12:   50-block  2
    $$$$$:   50-block  3
    $$$$$:   50-block  4
    $$$$$:   50-block  5
    $$$$$:   50-block  6
    $$$$$:   50-block  7
       10:   50-block  8
       41:   50-block  9
       13:   50-block 10
    $$$$$:   50-block 11
       16:   50-block 12
        -:   51:
        -:   52:private:
        -:   53:  _Tp __value_;
        -:   54:};
        -:   55:
        -:   56:template <class _Tp, int _Idx>
        -:   57:struct __compressed_pair_elem<_Tp, _Idx, true> : private _Tp {
        -:   58:  using _ParamT = _Tp;
        -:   59:  using reference = _Tp&;
        -:   60:  using const_reference = const _Tp&;
        -:   61:  using __value_type = _Tp;
        -:   62:
        -:   63:  _LIBCPP_HIDE_FROM_ABI _LIBCPP_CONSTEXPR explicit __compressed_pair_elem() = default;
function _ZNSt3__122__compressed_pair_elemINS_9allocatorI4PathEELi1ELb1EEC2B6v15006ENS_18__default_init_tagE called 4 returned 100% blocks executed 100%
function _ZNSt3__122__compressed_pair_elemINS_9allocatorIP5GraphEELi1ELb1EEC2B6v15006ENS_18__default_init_tagE called 9 returned 100% blocks executed 100%
function _ZNSt3__122__compressed_pair_elemINS_9allocatorINS_4pairIP5GraphS4_EEEELi1ELb1EEC2B6v15006ENS_18__default_init_tagE called 1 returned 100% blocks executed 100%
function _ZNSt3__122__compressed_pair_elemINS_9allocatorIPNS_16__hash_node_baseIPNS_11__hash_nodeIP5GraphPvEEEEEELi1ELb1EEC2B6v15006ENS_18__default_init_tagE called 0 returned 0% blocks executed 0%
function _ZNSt3__122__compressed_pair_elemINS_4hashIP5GraphEELi1ELb1EEC2B6v15006ENS_18__default_init_tagE called 0 returned 0% blocks executed 0%
function _ZNSt3__122__compressed_pair_elemINS_8equal_toIP5GraphEELi1ELb1EEC2B6v15006ENS_18__default_init_tagE called 0 returned 0% blocks executed 0%
function _ZNSt3__122__compressed_pair_elemINS_9allocatorIPP5GraphEELi1ELb1EEC2B6v15006ENS_18__default_init_tagE called 4 returned 100% blocks executed 100%
       18:   64:  _LIBCPP_HIDE_FROM_ABI _LIBCPP_CONSTEXPR explicit __compressed_pair_elem(__default_init_tag) {}
        4:   64-block  0
        9:   64-block  1
        1:   64-block  2
    $$$$$:   64-block  3
    $$$$$:   64-block  4
    $$$$$:   64-block  5
        4:   64-block  6
function _ZNSt3__122__compressed_pair_elemINS_9allocatorINS_11__hash_nodeIP5GraphPvEEEELi1ELb1EEC2B6v15006ENS_16__value_init_tagE called 0 returned 0% blocks executed 0%
function _ZNSt3__122__compressed_pair_elemINS_9allocatorINS_11__tree_nodeINS_4pairIP5GraphS5_EEPvEEEELi1ELb1EEC2B6v15006ENS_16__value_init_tagE called 3 returned 100% blocks executed 100%
        3:   65:  _LIBCPP_HIDE_FROM_ABI _LIBCPP_CONSTEXPR explicit __compressed_pair_elem(__value_init_tag) : __value_type() {}
    $$$$$:   65-block  0
        3:   65-block  1
        -:   66:
        -:   67:  template <class _Up, class = __enable_if_t<!is_same<__compressed_pair_elem, typename decay<_Up>::type>::value> >
        -:   68:  _LIBCPP_HIDE_FROM_ABI _LIBCPP_CONSTEXPR
function _ZNSt3__122__compressed_pair_elemINS_9allocatorIP5GraphEELi1ELb1EEC2B6v15006IS4_vEEOT_ called 27 returned 100% blocks executed 100%
function _ZNSt3__122__compressed_pair_elemINS_9allocatorIPNS_16__hash_node_baseIPNS_11__hash_nodeIP5GraphPvEEEEEELi1ELb1EEC2B6v15006IRKSB_vEEOT_ called 10 returned 100% blocks executed 100%
function _ZNSt3__122__compressed_pair_elemINS_9allocatorINS_11__hash_nodeIP5GraphPvEEEELi1ELb1EEC2B6v15006IS7_vEEOT_ called 10 returned 100% blocks executed 100%
function _ZNSt3__122__compressed_pair_elemINS_4hashIP5GraphEELi1ELb1EEC2B6v15006IRKS4_vEEOT_ called 10 returned 100% blocks executed 100%
function _ZNSt3__122__compressed_pair_elemINS_4lessINS_4pairIP5GraphS4_EEEELi1ELb1EEC2B6v15006IRKS6_vEEOT_ called 3 returned 100% blocks executed 100%
       60:   69:  explicit __compressed_pair_elem(_Up&& __u) : __value_type(std::forward<_Up>(__u)) {}
       27:   69-block  0
       10:   69-block  1
       10:   69-block  2
       10:   69-block  3
        3:   69-block  4
        -:   70:
        -:   71:#ifndef _LIBCPP_CXX03_LANG
        -:   72:  template <class... _Args, size_t... _Indices>
        -:   73:  _LIBCPP_HIDE_FROM_ABI _LIBCPP_CONSTEXPR_AFTER_CXX14
        -:   74:  __compressed_pair_elem(piecewise_construct_t, tuple<_Args...> __args, __tuple_indices<_Indices...>)
        -:   75:      : __value_type(std::forward<_Args>(std::get<_Indices>(__args))...) {}
        -:   76:#endif
        -:   77:
function _ZNSt3__122__compressed_pair_elemINS_9allocatorIP5GraphEELi1ELb1EE5__getB6v15006Ev called 0 returned 0% blocks executed 0%
function _ZNSt3__122__compressed_pair_elemINS_9allocatorI4PathEELi1ELb1EE5__getB6v15006Ev called 0 returned 0% blocks executed 0%
function _ZNSt3__122__compressed_pair_elemINS_9allocatorIPP5GraphEELi1ELb1EE5__getB6v15006Ev called 12 returned 100% blocks executed 100%
function _ZNSt3__122__compressed_pair_elemINS_9allocatorINS_4pairIP5GraphS4_EEEELi1ELb1EE5__getB6v15006Ev called 0 returned 0% blocks executed 0%
function _ZNSt3__122__compressed_pair_elemINS_9allocatorINS_11__hash_nodeIP5GraphPvEEEELi1ELb1EE5__getB6v15006Ev called 0 returned 0% blocks executed 0%
function _ZNSt3__122__compressed_pair_elemINS_9allocatorIPNS_16__hash_node_baseIPNS_11__hash_nodeIP5GraphPvEEEEEELi1ELb1EE5__getB6v15006Ev called 0 returned 0% blocks executed 0%
function _ZNSt3__122__compressed_pair_elemINS_4hashIP5GraphEELi1ELb1EE5__getB6v15006Ev called 0 returned 0% blocks executed 0%
function _ZNSt3__122__compressed_pair_elemINS_8equal_toIP5GraphEELi1ELb1EE5__getB6v15006Ev called 0 returned 0% blocks executed 0%
function _ZNSt3__122__compressed_pair_elemINS_9allocatorINS_11__tree_nodeINS_4pairIP5GraphS5_EEPvEEEELi1ELb1EE5__getB6v15006Ev called 16 returned 100% blocks executed 100%
function _ZNSt3__122__compressed_pair_elemINS_4lessINS_4pairIP5GraphS4_EEEELi1ELb1EE5__getB6v15006Ev called 14 returned 100% blocks executed 100%
       42:   78:  _LIBCPP_HIDE_FROM_ABI _LIBCPP_CONSTEXPR_AFTER_CXX11 reference __get() _NOEXCEPT { return *this; }
    $$$$$:   78-block  0
    $$$$$:   78-block  1
       12:   78-block  2
    $$$$$:   78-block  3
    $$$$$:   78-block  4
    $$$$$:   78-block  5
    $$$$$:   78-block  6
    $$$$$:   78-block  7
       16:   78-block  8
       14:   78-block  9
function _ZNKSt3__122__compressed_pair_elemINS_9allocatorI4PathEELi1ELb1EE5__getB6v15006Ev called 7 returned 100% blocks executed 100%
function _ZNKSt3__122__compressed_pair_elemINS_9allocatorIP5GraphEELi1ELb1EE5__getB6v15006Ev called 55 returned 100% blocks executed 100%
function _ZNKSt3__122__compressed_pair_elemINS_9allocatorINS_4pairIP5GraphS4_EEEELi1ELb1EE5__getB6v15006Ev called 1 returned 100% blocks executed 100%
function _ZNKSt3__122__compressed_pair_elemINS_9allocatorIPNS_16__hash_node_baseIPNS_11__hash_nodeIP5GraphPvEEEEEELi1ELb1EE5__getB6v15006Ev called 10 returned 100% blocks executed 100%
function _ZNKSt3__122__compressed_pair_elemINS_9allocatorINS_11__hash_nodeIP5GraphPvEEEELi1ELb1EE5__getB6v15006Ev called 10 returned 100% blocks executed 100%
function _ZNKSt3__122__compressed_pair_elemINS_4hashIP5GraphEELi1ELb1EE5__getB6v15006Ev called 17 returned 100% blocks executed 100%
function _ZNKSt3__122__compressed_pair_elemINS_8equal_toIP5GraphEELi1ELb1EE5__getB6v15006Ev called 1 returned 100% blocks executed 100%
function _ZNKSt3__122__compressed_pair_elemINS_4lessINS_4pairIP5GraphS4_EEEELi1ELb1EE5__getB6v15006Ev called 18 returned 100% blocks executed 100%
      119:   79:  _LIBCPP_HIDE_FROM_ABI _LIBCPP_CONSTEXPR const_reference __get() const _NOEXCEPT { return *this; }
        7:   79-block  0
       55:   79-block  1
        1:   79-block  2
       10:   79-block  3
       10:   79-block  4
       17:   79-block  5
        1:   79-block  6
       18:   79-block  7
        -:   80:};
        -:   81:
        -:   82:template <class _T1, class _T2>
        -:   83:class __compressed_pair : private __compressed_pair_elem<_T1, 0>,
        -:   84:                          private __compressed_pair_elem<_T2, 1> {
        -:   85:public:
        -:   86:  // NOTE: This static assert should never fire because __compressed_pair
        -:   87:  // is *almost never* used in a scenario where it's possible for T1 == T2.
        -:   88:  // (The exception is std::function where it is possible that the function
        -:   89:  //  object and the allocator have the same type).
        -:   90:  static_assert((!is_same<_T1, _T2>::value),
        -:   91:    "__compressed_pair cannot be instantiated when T1 and T2 are the same type; "
        -:   92:    "The current implementation is NOT ABI-compatible with the previous implementation for this configuration");
        -:   93:
        -:   94:  using _Base1 _LIBCPP_NODEBUG = __compressed_pair_elem<_T1, 0>;
        -:   95:  using _Base2 _LIBCPP_NODEBUG = __compressed_pair_elem<_T2, 1>;
        -:   96:
        -:   97:  template <bool _Dummy = true,
        -:   98:    class = __enable_if_t<
        -:   99:        __dependent_type<is_default_constructible<_T1>, _Dummy>::value &&
        -:  100:        __dependent_type<is_default_constructible<_T2>, _Dummy>::value
        -:  101:    >
        -:  102:  >
        -:  103:  _LIBCPP_HIDE_FROM_ABI _LIBCPP_CONSTEXPR
function _ZNSt3__117__compressed_pairINS_16__hash_node_baseIPNS_11__hash_nodeIP5GraphPvEEEENS_9allocatorIS6_EEEC1B6v15006ILb1EvEEv called 0 returned 0% blocks executed 0%
function _ZNSt3__117__compressed_pairINS_16__hash_node_baseIPNS_11__hash_nodeIP5GraphPvEEEENS_9allocatorIS6_EEEC2B6v15006ILb1EvEEv called 0 returned 0% blocks executed 0%
function _ZNSt3__117__compressed_pairINS_15__tree_end_nodeIPNS_16__tree_node_baseIPvEEEENS_9allocatorINS_11__tree_nodeINS_4pairIP5GraphSB_EES3_EEEEEC1B6v15006ILb1EvEEv called 3 returned 100% blocks executed 100%
function _ZNSt3__117__compressed_pairINS_15__tree_end_nodeIPNS_16__tree_node_baseIPvEEEENS_9allocatorINS_11__tree_nodeINS_4pairIP5GraphSB_EES3_EEEEEC2B6v15006ILb1EvEEv called 3 returned 100% blocks executed 100%
        6:  104:  explicit __compressed_pair() : _Base1(__value_init_tag()), _Base2(__value_init_tag()) {}
    $$$$$:  104-block  0
    $$$$$:  104-block  1
        3:  104-block  2
        3:  104-block  3
        -:  105:
        -:  106:  template <class _U1, class _U2>
        -:  107:  _LIBCPP_HIDE_FROM_ABI _LIBCPP_CONSTEXPR
function _ZNSt3__117__compressed_pairIP4PathNS_9allocatorIS1_EEEC1B6v15006IDnNS_18__default_init_tagEEEOT_OT0_ called 4 returned 100% blocks executed 100%
function _ZNSt3__117__compressed_pairIP4PathNS_9allocatorIS1_EEEC2B6v15006IDnNS_18__default_init_tagEEEOT_OT0_ called 4 returned 100% blocks executed 100%
function _ZNSt3__117__compressed_pairIPP5GraphNS_9allocatorIS2_EEEC1B6v15006IDnS5_EEOT_OT0_ called 27 returned 100% blocks executed 100%
function _ZNSt3__117__compressed_pairIPP5GraphNS_9allocatorIS2_EEEC2B6v15006IDnS5_EEOT_OT0_ called 27 returned 100% blocks executed 100%
function _ZNSt3__117__compressed_pairIP4PathRNS_9allocatorIS1_EEEC1B6v15006IDnS5_EEOT_OT0_ called 7 returned 100% blocks executed 100%
function _ZNSt3__117__compressed_pairIP4PathRNS_9allocatorIS1_EEEC2B6v15006IDnS5_EEOT_OT0_ called 7 returned 100% blocks executed 100%
function _ZNSt3__117__compressed_pairIPP5GraphNS_9allocatorIS2_EEEC1B6v15006IDnNS_18__default_init_tagEEEOT_OT0_ called 5 returned 100% blocks executed 100%
function _ZNSt3__117__compressed_pairIPP5GraphNS_9allocatorIS2_EEEC2B6v15006IDnNS_18__default_init_tagEEEOT_OT0_ called 5 returned 100% blocks executed 100%
function _ZNSt3__117__compressed_pairIPP5GraphRNS_9allocatorIS2_EEEC1B6v15006IDnS6_EEOT_OT0_ called 13 returned 100% blocks executed 100%
function _ZNSt3__117__compressed_pairIPP5GraphRNS_9allocatorIS2_EEEC2B6v15006IDnS6_EEOT_OT0_ called 13 returned 100% blocks executed 100%
function _ZNSt3__117__compressed_pairIPNS_4pairIP5GraphS3_EENS_9allocatorIS4_EEEC1B6v15006IDnNS_18__default_init_tagEEEOT_OT0_ called 1 returned 100% blocks executed 100%
function _ZNSt3__117__compressed_pairIPNS_4pairIP5GraphS3_EENS_9allocatorIS4_EEEC2B6v15006IDnNS_18__default_init_tagEEEOT_OT0_ called 1 returned 100% blocks executed 100%
function _ZNSt3__117__compressed_pairIPNS_4pairIP5GraphS3_EERNS_9allocatorIS4_EEEC1B6v15006IDnS8_EEOT_OT0_ called 1 returned 100% blocks executed 100%
function _ZNSt3__117__compressed_pairIPNS_4pairIP5GraphS3_EERNS_9allocatorIS4_EEEC2B6v15006IDnS8_EEOT_OT0_ called 1 returned 100% blocks executed 100%
function _ZNSt3__117__compressed_pairImNS_4hashIP5GraphEEEC1B6v15006IiNS_18__default_init_tagEEEOT_OT0_ called 0 returned 0% blocks executed 0%
function _ZNSt3__117__compressed_pairIfNS_8equal_toIP5GraphEEEC1B6v15006IfNS_18__default_init_tagEEEOT_OT0_ called 0 returned 0% blocks executed 0%
function _ZNSt3__117__compressed_pairIPPNS_16__hash_node_baseIPNS_11__hash_nodeIP5GraphPvEEEENS_25__bucket_list_deallocatorINS_9allocatorIS9_EEEEEC1B6v15006INS_16__value_init_tagESH_EEOT_OT0_ called 0 returned 0% blocks executed 0%
function _ZNSt3__117__compressed_pairIPPNS_16__hash_node_baseIPNS_11__hash_nodeIP5GraphPvEEEENS_25__bucket_list_deallocatorINS_9allocatorIS9_EEEEEC2B6v15006INS_16__value_init_tagESH_EEOT_OT0_ called 0 returned 0% blocks executed 0%
function _ZNSt3__117__compressed_pairImNS_9allocatorIPNS_16__hash_node_baseIPNS_11__hash_nodeIP5GraphPvEEEEEEEC1B6v15006IiNS_18__default_init_tagEEEOT_OT0_ called 0 returned 0% blocks executed 0%
function _ZNSt3__117__compressed_pairImNS_9allocatorIPNS_16__hash_node_baseIPNS_11__hash_nodeIP5GraphPvEEEEEEEC2B6v15006IiNS_18__default_init_tagEEEOT_OT0_ called 0 returned 0% blocks executed 0%
function _ZNSt3__117__compressed_pairImNS_4hashIP5GraphEEEC2B6v15006IiNS_18__default_init_tagEEEOT_OT0_ called 0 returned 0% blocks executed 0%
function _ZNSt3__117__compressed_pairIfNS_8equal_toIP5GraphEEEC2B6v15006IfNS_18__default_init_tagEEEOT_OT0_ called 0 returned 0% blocks executed 0%
function _ZNSt3__117__compressed_pairINS_16__hash_node_baseIPNS_11__hash_nodeIP5GraphPvEEEENS_9allocatorIS6_EEEC1B6v15006INS_18__default_init_tagESA_EEOT_OT0_ called 10 returned 100% blocks executed 100%
function _ZNSt3__117__compressed_pairImNS_4hashIP5GraphEEEC1B6v15006IiRKS4_EEOT_OT0_ called 10 returned 100% blocks executed 100%
function _ZNSt3__117__compressed_pairImNS_9allocatorIPNS_16__hash_node_baseIPNS_11__hash_nodeIP5GraphPvEEEEEEEC1B6v15006IRmRKSB_EEOT_OT0_ called 10 returned 100% blocks executed 100%
function _ZNSt3__117__compressed_pairImNS_9allocatorIPNS_16__hash_node_baseIPNS_11__hash_nodeIP5GraphPvEEEEEEEC2B6v15006IRmRKSB_EEOT_OT0_ called 10 returned 100% blocks executed 100%
function _ZNSt3__117__compressed_pairIPPNS_16__hash_node_baseIPNS_11__hash_nodeIP5GraphPvEEEENS_25__bucket_list_deallocatorINS_9allocatorIS9_EEEEEC1B6v15006IDnSE_EEOT_OT0_ called 10 returned 100% blocks executed 100%
function _ZNSt3__117__compressed_pairIPPNS_16__hash_node_baseIPNS_11__hash_nodeIP5GraphPvEEEENS_25__bucket_list_deallocatorINS_9allocatorIS9_EEEEEC2B6v15006IDnSE_EEOT_OT0_ called 10 returned 100% blocks executed 100%
function _ZNSt3__117__compressed_pairINS_16__hash_node_baseIPNS_11__hash_nodeIP5GraphPvEEEENS_9allocatorIS6_EEEC2B6v15006INS_18__default_init_tagESA_EEOT_OT0_ called 10 returned 100% blocks executed 100%
function _ZNSt3__117__compressed_pairImNS_4hashIP5GraphEEEC2B6v15006IiRKS4_EEOT_OT0_ called 10 returned 100% blocks executed 100%
function _ZNSt3__117__compressed_pairIPNS_11__hash_nodeIP5GraphPvEENS_22__hash_node_destructorINS_9allocatorIS5_EEEEEC1B6v15006IRS6_SA_EEOT_OT0_ called 0 returned 0% blocks executed 0%
function _ZNSt3__117__compressed_pairIPNS_11__hash_nodeIP5GraphPvEENS_22__hash_node_destructorINS_9allocatorIS5_EEEEEC2B6v15006IRS6_SA_EEOT_OT0_ called 0 returned 0% blocks executed 0%
function _ZNSt3__117__compressed_pairImNS_4lessINS_4pairIP5GraphS4_EEEEEC1B6v15006IiRKS6_EEOT_OT0_ called 3 returned 100% blocks executed 100%
function _ZNSt3__117__compressed_pairImNS_4lessINS_4pairIP5GraphS4_EEEEEC2B6v15006IiRKS6_EEOT_OT0_ called 3 returned 100% blocks executed 100%
function _ZNSt3__117__compressed_pairIPNS_11__tree_nodeINS_4pairIP5GraphS4_EEPvEENS_22__tree_node_destructorINS_9allocatorIS7_EEEEEC1B6v15006IRS8_SC_EEOT_OT0_ called 8 returned 100% blocks executed 100%
function _ZNSt3__117__compressed_pairIPNS_11__tree_nodeINS_4pairIP5GraphS4_EEPvEENS_22__tree_node_destructorINS_9allocatorIS7_EEEEEC2B6v15006IRS8_SC_EEOT_OT0_ called 8 returned 100% blocks executed 100%
function _ZNSt3__117__compressed_pairImNS_9allocatorIP5GraphEEEC1B6v15006IiNS_18__default_init_tagEEEOT_OT0_ called 4 returned 100% blocks executed 100%
function _ZNSt3__117__compressed_pairIPPP5GraphNS_9allocatorIS3_EEEC1B6v15006IDnNS_18__default_init_tagEEEOT_OT0_ called 4 returned 100% blocks executed 100%
function _ZNSt3__117__compressed_pairIPPP5GraphNS_9allocatorIS3_EEEC2B6v15006IDnNS_18__default_init_tagEEEOT_OT0_ called 4 returned 100% blocks executed 100%
function _ZNSt3__117__compressed_pairImNS_9allocatorIP5GraphEEEC2B6v15006IiNS_18__default_init_tagEEEOT_OT0_ called 4 returned 100% blocks executed 100%
function _ZNSt3__117__compressed_pairIPPP5GraphRNS_9allocatorIS3_EEEC1B6v15006IDnS7_EEOT_OT0_ called 4 returned 100% blocks executed 100%
function _ZNSt3__117__compressed_pairIPPP5GraphRNS_9allocatorIS3_EEEC2B6v15006IDnS7_EEOT_OT0_ called 4 returned 100% blocks executed 100%
function _ZNSt3__117__compressed_pairIPP5GraphNS_22__allocator_destructorINS_9allocatorIS2_EEEEEC1B6v15006IRS3_S7_EEOT_OT0_ called 4 returned 100% blocks executed 100%
function _ZNSt3__117__compressed_pairIPP5GraphNS_22__allocator_destructorINS_9allocatorIS2_EEEEEC2B6v15006IRS3_S7_EEOT_OT0_ called 4 returned 100% blocks executed 100%
      250:  108:  explicit __compressed_pair(_U1&& __t1, _U2&& __t2) : _Base1(std::forward<_U1>(__t1)), _Base2(std::forward<_U2>(__t2)) {}
        4:  108-block  0
        4:  108-block  1
       27:  108-block  2
       27:  108-block  3
        7:  108-block  4
        7:  108-block  5
        5:  108-block  6
        5:  108-block  7
       13:  108-block  8
       13:  108-block  9
        1:  108-block 10
        1:  108-block 11
        1:  108-block 12
        1:  108-block 13
    $$$$$:  108-block 14
    $$$$$:  108-block 15
    $$$$$:  108-block 16
    $$$$$:  108-block 17
    $$$$$:  108-block 18
    $$$$$:  108-block 19
    $$$$$:  108-block 20
    $$$$$:  108-block 21
       10:  108-block 22
       10:  108-block 23
       10:  108-block 24
       10:  108-block 25
       10:  108-block 26
       10:  108-block 27
       10:  108-block 28
       10:  108-block 29
    $$$$$:  108-block 30
    $$$$$:  108-block 31
        3:  108-block 32
        3:  108-block 33
        8:  108-block 34
        8:  108-block 35
        4:  108-block 36
        4:  108-block 37
        4:  108-block 38
        4:  108-block 39
        4:  108-block 40
        4:  108-block 41
        4:  108-block 42
        4:  108-block 43
        -:  109:
        -:  110:#ifndef _LIBCPP_CXX03_LANG
        -:  111:  template <class... _Args1, class... _Args2>
        -:  112:  _LIBCPP_HIDE_FROM_ABI _LIBCPP_CONSTEXPR_AFTER_CXX14
        -:  113:  explicit __compressed_pair(piecewise_construct_t __pc, tuple<_Args1...> __first_args,
        -:  114:                             tuple<_Args2...> __second_args)
        -:  115:      : _Base1(__pc, std::move(__first_args), typename __make_tuple_indices<sizeof...(_Args1)>::type()),
        -:  116:        _Base2(__pc, std::move(__second_args), typename __make_tuple_indices<sizeof...(_Args2)>::type()) {}
        -:  117:#endif
        -:  118:
        -:  119:  _LIBCPP_HIDE_FROM_ABI _LIBCPP_CONSTEXPR_AFTER_CXX11
function _ZNSt3__117__compressed_pairIP4PathNS_9allocatorIS1_EEE5firstB6v15006Ev called 17 returned 100% blocks executed 100%
function _ZNSt3__117__compressed_pairIPP5GraphNS_9allocatorIS2_EEE5firstB6v15006Ev called 78 returned 100% blocks executed 100%
function _ZNSt3__117__compressed_pairIP4PathRNS_9allocatorIS1_EEE5firstB6v15006Ev called 14 returned 100% blocks executed 100%
function _ZNSt3__117__compressed_pairIPP5GraphRNS_9allocatorIS2_EEE5firstB6v15006Ev called 26 returned 100% blocks executed 100%
function _ZNSt3__117__compressed_pairImNS_9allocatorIP5GraphEEE5firstB6v15006Ev called 78 returned 100% blocks executed 100%
function _ZNSt3__117__compressed_pairIPNS_4pairIP5GraphS3_EENS_9allocatorIS4_EEE5firstB6v15006Ev called 2 returned 100% blocks executed 100%
function _ZNSt3__117__compressed_pairIPNS_4pairIP5GraphS3_EERNS_9allocatorIS4_EEE5firstB6v15006Ev called 2 returned 100% blocks executed 100%
function _ZNSt3__117__compressed_pairINS_16__hash_node_baseIPNS_11__hash_nodeIP5GraphPvEEEENS_9allocatorIS6_EEE5firstB6v15006Ev called 0 returned 0% blocks executed 0%
function _ZNSt3__117__compressed_pairIPPNS_16__hash_node_baseIPNS_11__hash_nodeIP5GraphPvEEEENS_25__bucket_list_deallocatorINS_9allocatorIS9_EEEEE5firstB6v15006Ev called 0 returned 0% blocks executed 0%
function _ZNSt3__117__compressed_pairImNS_9allocatorIPNS_16__hash_node_baseIPNS_11__hash_nodeIP5GraphPvEEEEEEE5firstB6v15006Ev called 0 returned 0% blocks executed 0%
function _ZNSt3__117__compressed_pairImNS_4hashIP5GraphEEE5firstB6v15006Ev called 0 returned 0% blocks executed 0%
function _ZNSt3__117__compressed_pairIfNS_8equal_toIP5GraphEEE5firstB6v15006Ev called 0 returned 0% blocks executed 0%
function _ZNSt3__117__compressed_pairIPNS_11__hash_nodeIP5GraphPvEENS_22__hash_node_destructorINS_9allocatorIS5_EEEEE5firstB6v15006Ev called 0 returned 0% blocks executed 0%
function _ZNSt3__117__compressed_pairINS_15__tree_end_nodeIPNS_16__tree_node_baseIPvEEEENS_9allocatorINS_11__tree_nodeINS_4pairIP5GraphSB_EES3_EEEEE5firstB6v15006Ev called 17 returned 100% blocks executed 100%
function _ZNSt3__117__compressed_pairImNS_4lessINS_4pairIP5GraphS4_EEEEE5firstB6v15006Ev called 9 returned 100% blocks executed 100%
function _ZNSt3__117__compressed_pairIPNS_11__tree_nodeINS_4pairIP5GraphS4_EEPvEENS_22__tree_node_destructorINS_9allocatorIS7_EEEEE5firstB6v15006Ev called 32 returned 100% blocks executed 100%
function _ZNSt3__117__compressed_pairIPP5GraphNS_22__allocator_destructorINS_9allocatorIS2_EEEEE5firstB6v15006Ev called 16 returned 100% blocks executed 100%
function _ZNSt3__117__compressed_pairIPPP5GraphNS_9allocatorIS3_EEE5firstB6v15006Ev called 4 returned 100% blocks executed 100%
function _ZNSt3__117__compressed_pairIPPP5GraphRNS_9allocatorIS3_EEE5firstB6v15006Ev called 12 returned 100% blocks executed 100%
      307:  120:  typename _Base1::reference first() _NOEXCEPT {
      307:  121:    return static_cast<_Base1&>(*this).__get();
       17:  121-block  0
       78:  121-block  1
       14:  121-block  2
       26:  121-block  3
       78:  121-block  4
        2:  121-block  5
        2:  121-block  6
    $$$$$:  121-block  7
    $$$$$:  121-block  8
    $$$$$:  121-block  9
    $$$$$:  121-block 10
    $$$$$:  121-block 11
    $$$$$:  121-block 12
       17:  121-block 13
        9:  121-block 14
       32:  121-block 15
       16:  121-block 16
        4:  121-block 17
       12:  121-block 18
        -:  122:  }
        -:  123:
        -:  124:  _LIBCPP_HIDE_FROM_ABI _LIBCPP_CONSTEXPR
function _ZNKSt3__117__compressed_pairIP4PathNS_9allocatorIS1_EEE5firstB6v15006Ev called 0 returned 0% blocks executed 0%
function _ZNKSt3__117__compressed_pairIP4PathRNS_9allocatorIS1_EEE5firstB6v15006Ev called 3 returned 100% blocks executed 100%
function _ZNKSt3__117__compressed_pairIPP5GraphNS_9allocatorIS2_EEE5firstB6v15006Ev called 0 returned 0% blocks executed 0%
function _ZNKSt3__117__compressed_pairIPP5GraphRNS_9allocatorIS2_EEE5firstB6v15006Ev called 10 returned 100% blocks executed 100%
function _ZNKSt3__117__compressed_pairIPPP5GraphNS_9allocatorIS3_EEE5firstB6v15006Ev called 12 returned 100% blocks executed 100%
function _ZNKSt3__117__compressed_pairIPNS_4pairIP5GraphS3_EENS_9allocatorIS4_EEE5firstB6v15006Ev called 0 returned 0% blocks executed 0%
function _ZNKSt3__117__compressed_pairIPNS_4pairIP5GraphS3_EERNS_9allocatorIS4_EEE5firstB6v15006Ev called 0 returned 0% blocks executed 0%
function _ZNKSt3__117__compressed_pairImNS_9allocatorIPNS_16__hash_node_baseIPNS_11__hash_nodeIP5GraphPvEEEEEEE5firstB6v15006Ev called 0 returned 0% blocks executed 0%
function _ZNKSt3__117__compressed_pairIPPNS_16__hash_node_baseIPNS_11__hash_nodeIP5GraphPvEEEENS_25__bucket_list_deallocatorINS_9allocatorIS9_EEEEE5firstB6v15006Ev called 0 returned 0% blocks executed 0%
function _ZNKSt3__117__compressed_pairIPNS_11__hash_nodeIP5GraphPvEENS_22__hash_node_destructorINS_9allocatorIS5_EEEEE5firstB6v15006Ev called 0 returned 0% blocks executed 0%
function _ZNKSt3__117__compressed_pairINS_16__hash_node_baseIPNS_11__hash_nodeIP5GraphPvEEEENS_9allocatorIS6_EEE5firstB6v15006Ev called 10 returned 100% blocks executed 100%
function _ZNKSt3__117__compressed_pairINS_16__hash_node_baseIPNS_11__hash_nodeINS_17__hash_value_typeIP5GraphdEEPvEEEENS_9allocatorIS8_EEE5firstB6v15006Ev called 41 returned 100% blocks executed 100%
function _ZNKSt3__117__compressed_pairINS_16__hash_node_baseIPNS_11__hash_nodeINS_17__hash_value_typeINS_12basic_stringIcNS_11char_traitsIcEENS_9allocatorIcEEEEP5GraphEEPvEEEENS7_ISE_EEE5firstB6v15006Ev called 13 returned 100% blocks executed 100%
function _ZNKSt3__117__compressed_pairINS_15__tree_end_nodeIPNS_16__tree_node_baseIPvEEEENS_9allocatorINS_11__tree_nodeINS_4pairIP5GraphSB_EES3_EEEEE5firstB6v15006Ev called 68 returned 100% blocks executed 100%
function _ZNKSt3__117__compressed_pairIPNS_11__tree_nodeINS_4pairIP5GraphS4_EEPvEENS_22__tree_node_destructorINS_9allocatorIS7_EEEEE5firstB6v15006Ev called 16 returned 100% blocks executed 100%
function _ZNKSt3__117__compressed_pairImNS_9allocatorIP5GraphEEE5firstB6v15006Ev called 46 returned 100% blocks executed 100%
function _ZNKSt3__117__compressed_pairIPP5GraphNS_22__allocator_destructorINS_9allocatorIS2_EEEEE5firstB6v15006Ev called 4 returned 100% blocks executed 100%
function _ZNKSt3__117__compressed_pairIPPP5GraphRNS_9allocatorIS3_EEE5firstB6v15006Ev called 0 returned 0% blocks executed 0%
function _ZNKSt3__117__compressed_pairImNS_4hashIP5GraphEEE5firstB6v15006Ev called 4 returned 100% blocks executed 100%
function _ZNKSt3__117__compressed_pairImNS_22__unordered_map_hasherINS_12basic_stringIcNS_11char_traitsIcEENS_9allocatorIcEEEENS_17__hash_value_typeIS7_P5GraphEENS_4hashIS7_EENS_8equal_toIS7_EELb1EEEE5firstB6v15006Ev called 4 returned 100% blocks executed 100%
function _ZNKSt3__117__compressed_pairImNS_22__unordered_map_hasherIP5GraphNS_17__hash_value_typeIS3_dEENS_4hashIS3_EENS_8equal_toIS3_EELb1EEEE5firstB6v15006Ev called 5 returned 100% blocks executed 100%
      236:  125:  typename _Base1::const_reference first() const _NOEXCEPT {
      236:  126:    return static_cast<_Base1 const&>(*this).__get();
    $$$$$:  126-block  0
        3:  126-block  1
    $$$$$:  126-block  2
       10:  126-block  3
       12:  126-block  4
    $$$$$:  126-block  5
    $$$$$:  126-block  6
    $$$$$:  126-block  7
    $$$$$:  126-block  8
    $$$$$:  126-block  9
       10:  126-block 10
       41:  126-block 11
       13:  126-block 12
       68:  126-block 13
       16:  126-block 14
       46:  126-block 15
        4:  126-block 16
    $$$$$:  126-block 17
        4:  126-block 18
        4:  126-block 19
        5:  126-block 20
        -:  127:  }
        -:  128:
        -:  129:  _LIBCPP_HIDE_FROM_ABI _LIBCPP_CONSTEXPR_AFTER_CXX11
function _ZNSt3__117__compressed_pairIPP5GraphNS_9allocatorIS2_EEE6secondB6v15006Ev called 0 returned 0% blocks executed 0%
function _ZNSt3__117__compressed_pairIP4PathNS_9allocatorIS1_EEE6secondB6v15006Ev called 0 returned 0% blocks executed 0%
function _ZNSt3__117__compressed_pairIP4PathRNS_9allocatorIS1_EEE6secondB6v15006Ev called 14 returned 100% blocks executed 100%
function _ZNSt3__117__compressed_pairIPP5GraphRNS_9allocatorIS2_EEE6secondB6v15006Ev called 40 returned 100% blocks executed 100%
function _ZNSt3__117__compressed_pairImNS_9allocatorIP5GraphEEE6secondB6v15006Ev called 40 returned 100% blocks executed 100%
function _ZNSt3__117__compressed_pairIPPP5GraphNS_9allocatorIS3_EEE6secondB6v15006Ev called 12 returned 100% blocks executed 100%
function _ZNSt3__117__compressed_pairIPNS_4pairIP5GraphS3_EENS_9allocatorIS4_EEE6secondB6v15006Ev called 0 returned 0% blocks executed 0%
function _ZNSt3__117__compressed_pairIPNS_4pairIP5GraphS3_EERNS_9allocatorIS4_EEE6secondB6v15006Ev called 1 returned 100% blocks executed 100%
function _ZNSt3__117__compressed_pairINS_16__hash_node_baseIPNS_11__hash_nodeIP5GraphPvEEEENS_9allocatorIS6_EEE6secondB6v15006Ev called 0 returned 0% blocks executed 0%
function _ZNSt3__117__compressed_pairIPPNS_16__hash_node_baseIPNS_11__hash_nodeIP5GraphPvEEEENS_25__bucket_list_deallocatorINS_9allocatorIS9_EEEEE6secondB6v15006Ev called 0 returned 0% blocks executed 0%
function _ZNSt3__117__compressed_pairImNS_9allocatorIPNS_16__hash_node_baseIPNS_11__hash_nodeIP5GraphPvEEEEEEE6secondB6v15006Ev called 0 returned 0% blocks executed 0%
function _ZNSt3__117__compressed_pairImNS_4hashIP5GraphEEE6secondB6v15006Ev called 0 returned 0% blocks executed 0%
function _ZNSt3__117__compressed_pairIfNS_8equal_toIP5GraphEEE6secondB6v15006Ev called 0 returned 0% blocks executed 0%
function _ZNSt3__117__compressed_pairIPNS_11__hash_nodeIP5GraphPvEENS_22__hash_node_destructorINS_9allocatorIS5_EEEEE6secondB6v15006Ev called 0 returned 0% blocks executed 0%
function _ZNSt3__117__compressed_pairINS_15__tree_end_nodeIPNS_16__tree_node_baseIPvEEEENS_9allocatorINS_11__tree_nodeINS_4pairIP5GraphSB_EES3_EEEEE6secondB6v15006Ev called 16 returned 100% blocks executed 100%
function _ZNSt3__117__compressed_pairImNS_4lessINS_4pairIP5GraphS4_EEEEE6secondB6v15006Ev called 14 returned 100% blocks executed 100%
function _ZNSt3__117__compressed_pairIPNS_11__tree_nodeINS_4pairIP5GraphS4_EEPvEENS_22__tree_node_destructorINS_9allocatorIS7_EEEEE6secondB6v15006Ev called 8 returned 100% blocks executed 100%
function _ZNSt3__117__compressed_pairIPPP5GraphRNS_9allocatorIS3_EEE6secondB6v15006Ev called 8 returned 100% blocks executed 100%
function _ZNSt3__117__compressed_pairIPP5GraphNS_22__allocator_destructorINS_9allocatorIS2_EEEEE6secondB6v15006Ev called 0 returned 0% blocks executed 0%
      153:  130:  typename _Base2::reference second() _NOEXCEPT {
      153:  131:    return static_cast<_Base2&>(*this).__get();
    $$$$$:  131-block  0
    $$$$$:  131-block  1
       14:  131-block  2
       40:  131-block  3
       40:  131-block  4
       12:  131-block  5
    $$$$$:  131-block  6
        1:  131-block  7
    $$$$$:  131-block  8
    $$$$$:  131-block  9
    $$$$$:  131-block 10
    $$$$$:  131-block 11
    $$$$$:  131-block 12
    $$$$$:  131-block 13
       16:  131-block 14
       14:  131-block 15
        8:  131-block 16
        8:  131-block 17
    $$$$$:  131-block 18
        -:  132:  }
        -:  133:
        -:  134:  _LIBCPP_HIDE_FROM_ABI _LIBCPP_CONSTEXPR
function _ZNKSt3__117__compressed_pairIP4PathNS_9allocatorIS1_EEE6secondB6v15006Ev called 7 returned 100% blocks executed 100%
function _ZNKSt3__117__compressed_pairIPP5GraphNS_9allocatorIS2_EEE6secondB6v15006Ev called 55 returned 100% blocks executed 100%
function _ZNKSt3__117__compressed_pairIPNS_4pairIP5GraphS3_EENS_9allocatorIS4_EEE6secondB6v15006Ev called 1 returned 100% blocks executed 100%
function _ZNKSt3__117__compressed_pairIPPNS_16__hash_node_baseIPNS_11__hash_nodeIP5GraphPvEEEENS_25__bucket_list_deallocatorINS_9allocatorIS9_EEEEE6secondB6v15006Ev called 0 returned 0% blocks executed 0%
function _ZNKSt3__117__compressed_pairImNS_9allocatorIPNS_16__hash_node_baseIPNS_11__hash_nodeIP5GraphPvEEEEEEE6secondB6v15006Ev called 10 returned 100% blocks executed 100%
function _ZNKSt3__117__compressed_pairINS_16__hash_node_baseIPNS_11__hash_nodeIP5GraphPvEEEENS_9allocatorIS6_EEE6secondB6v15006Ev called 10 returned 100% blocks executed 100%
function _ZNKSt3__117__compressed_pairImNS_4hashIP5GraphEEE6secondB6v15006Ev called 17 returned 100% blocks executed 100%
function _ZNKSt3__117__compressed_pairIfNS_8equal_toIP5GraphEEE6secondB6v15006Ev called 1 returned 100% blocks executed 100%
function _ZNKSt3__117__compressed_pairImNS_4lessINS_4pairIP5GraphS4_EEEEE6secondB6v15006Ev called 18 returned 100% blocks executed 100%
      119:  135:  typename _Base2::const_reference second() const _NOEXCEPT {
      119:  136:    return static_cast<_Base2 const&>(*this).__get();
        7:  136-block  0
       55:  136-block  1
        1:  136-block  2
    $$$$$:  136-block  3
       10:  136-block  4
       10:  136-block  5
       17:  136-block  6
        1:  136-block  7
       18:  136-block  8
        -:  137:  }
        -:  138:
        -:  139:  _LIBCPP_HIDE_FROM_ABI _LIBCPP_CONSTEXPR static
        -:  140:  _Base1* __get_first_base(__compressed_pair* __pair) _NOEXCEPT {
        -:  141:    return static_cast<_Base1*>(__pair);
        -:  142:  }
        -:  143:  _LIBCPP_HIDE_FROM_ABI _LIBCPP_CONSTEXPR static
        -:  144:  _Base2* __get_second_base(__compressed_pair* __pair) _NOEXCEPT {
        -:  145:    return static_cast<_Base2*>(__pair);
        -:  146:  }
        -:  147:
        -:  148:  _LIBCPP_HIDE_FROM_ABI _LIBCPP_CONSTEXPR_AFTER_CXX11
        -:  149:  void swap(__compressed_pair& __x)
        -:  150:      _NOEXCEPT_(__is_nothrow_swappable<_T1>::value && __is_nothrow_swappable<_T2>::value) {
        -:  151:    using std::swap;
        -:  152:    swap(first(), __x.first());
        -:  153:    swap(second(), __x.second());
        -:  154:  }
        -:  155:};
        -:  156:
        -:  157:template <class _T1, class _T2>
        -:  158:inline _LIBCPP_HIDE_FROM_ABI _LIBCPP_CONSTEXPR_AFTER_CXX11
        -:  159:void swap(__compressed_pair<_T1, _T2>& __x, __compressed_pair<_T1, _T2>& __y)
        -:  160:    _NOEXCEPT_(__is_nothrow_swappable<_T1>::value && __is_nothrow_swappable<_T2>::value) {
        -:  161:  __x.swap(__y);
        -:  162:}
        -:  163:
        -:  164:_LIBCPP_END_NAMESPACE_STD
        -:  165:
        -:  166:#endif // _LIBCPP___MEMORY_COMPRESSED_PAIR_H
