        -:    0:Source:/Library/Developer/CommandLineTools/SDKs/MacOSX13.3.sdk/usr/include/c++/v1/unordered_map
        -:    0:Graph:/Users/mihaildobroslavski/CLionProjects/CityMapProject/cmake-build-debug-coverage/CMakeFiles/RouteCheckerTest.dir/UnitTesting/RouteCheckerTest.cpp.gcno
        -:    0:Data:/Users/mihaildobroslavski/CLionProjects/CityMapProject/cmake-build-debug-coverage/CMakeFiles/RouteCheckerTest.dir/UnitTesting/RouteCheckerTest.cpp.gcda
        -:    0:Runs:1
        -:    0:Programs:1
        -:    1:// -*- C++ -*-
        -:    2://===----------------------------------------------------------------------===//
        -:    3://
        -:    4:// Part of the LLVM Project, under the Apache License v2.0 with LLVM Exceptions.
        -:    5:// See https://llvm.org/LICENSE.txt for license information.
        -:    6:// SPDX-License-Identifier: Apache-2.0 WITH LLVM-exception
        -:    7://
        -:    8://===----------------------------------------------------------------------===//
        -:    9:
        -:   10:#ifndef _LIBCPP_UNORDERED_MAP
        -:   11:#define _LIBCPP_UNORDERED_MAP
        -:   12:
        -:   13:/*
        -:   14:
        -:   15:    unordered_map synopsis
        -:   16:
        -:   17:#include <initializer_list>
        -:   18:
        -:   19:namespace std
        -:   20:{
        -:   21:
        -:   22:template <class Key, class T, class Hash = hash<Key>, class Pred = equal_to<Key>,
        -:   23:          class Alloc = allocator<pair<const Key, T>>>
        -:   24:class unordered_map
        -:   25:{
        -:   26:public:
        -:   27:    // types
        -:   28:    typedef Key                                                        key_type;
        -:   29:    typedef T                                                          mapped_type;
        -:   30:    typedef Hash                                                       hasher;
        -:   31:    typedef Pred                                                       key_equal;
        -:   32:    typedef Alloc                                                      allocator_type;
        -:   33:    typedef pair<const key_type, mapped_type>                          value_type;
        -:   34:    typedef value_type&                                                reference;
        -:   35:    typedef const value_type&                                          const_reference;
        -:   36:    typedef typename allocator_traits<allocator_type>::pointer         pointer;
        -:   37:    typedef typename allocator_traits<allocator_type>::const_pointer   const_pointer;
        -:   38:    typedef typename allocator_traits<allocator_type>::size_type       size_type;
        -:   39:    typedef typename allocator_traits<allocator_type>::difference_type difference_type;
        -:   40:
        -:   41:    typedef /unspecified/ iterator;
        -:   42:    typedef /unspecified/ const_iterator;
        -:   43:    typedef /unspecified/ local_iterator;
        -:   44:    typedef /unspecified/ const_local_iterator;
        -:   45:
        -:   46:    typedef unspecified                             node_type;            // C++17
        -:   47:    typedef INSERT_RETURN_TYPE<iterator, node_type> insert_return_type;   // C++17
        -:   48:
        -:   49:    unordered_map()
        -:   50:        noexcept(
        -:   51:            is_nothrow_default_constructible<hasher>::value &&
        -:   52:            is_nothrow_default_constructible<key_equal>::value &&
        -:   53:            is_nothrow_default_constructible<allocator_type>::value);
        -:   54:    explicit unordered_map(size_type n, const hasher& hf = hasher(),
        -:   55:                           const key_equal& eql = key_equal(),
        -:   56:                           const allocator_type& a = allocator_type());
        -:   57:    template <class InputIterator>
        -:   58:        unordered_map(InputIterator f, InputIterator l,
        -:   59:                      size_type n = 0, const hasher& hf = hasher(),
        -:   60:                      const key_equal& eql = key_equal(),
        -:   61:                      const allocator_type& a = allocator_type());
        -:   62:    explicit unordered_map(const allocator_type&);
        -:   63:    unordered_map(const unordered_map&);
        -:   64:    unordered_map(const unordered_map&, const Allocator&);
        -:   65:    unordered_map(unordered_map&&)
        -:   66:        noexcept(
        -:   67:            is_nothrow_move_constructible<hasher>::value &&
        -:   68:            is_nothrow_move_constructible<key_equal>::value &&
        -:   69:            is_nothrow_move_constructible<allocator_type>::value);
        -:   70:    unordered_map(unordered_map&&, const Allocator&);
        -:   71:    unordered_map(initializer_list<value_type>, size_type n = 0,
        -:   72:                  const hasher& hf = hasher(), const key_equal& eql = key_equal(),
        -:   73:                  const allocator_type& a = allocator_type());
        -:   74:    unordered_map(size_type n, const allocator_type& a)
        -:   75:      : unordered_map(n, hasher(), key_equal(), a) {}  // C++14
        -:   76:    unordered_map(size_type n, const hasher& hf, const allocator_type& a)
        -:   77:      : unordered_map(n, hf, key_equal(), a) {}  // C++14
        -:   78:    template <class InputIterator>
        -:   79:      unordered_map(InputIterator f, InputIterator l, size_type n, const allocator_type& a)
        -:   80:      : unordered_map(f, l, n, hasher(), key_equal(), a) {}  // C++14
        -:   81:    template <class InputIterator>
        -:   82:      unordered_map(InputIterator f, InputIterator l, size_type n, const hasher& hf,
        -:   83:        const allocator_type& a)
        -:   84:      : unordered_map(f, l, n, hf, key_equal(), a) {}  // C++14
        -:   85:    unordered_map(initializer_list<value_type> il, size_type n, const allocator_type& a)
        -:   86:      : unordered_map(il, n, hasher(), key_equal(), a) {}  // C++14
        -:   87:    unordered_map(initializer_list<value_type> il, size_type n, const hasher& hf,
        -:   88:      const allocator_type& a)
        -:   89:      : unordered_map(il, n, hf, key_equal(), a) {}  // C++14
        -:   90:    ~unordered_map();
        -:   91:    unordered_map& operator=(const unordered_map&);
        -:   92:    unordered_map& operator=(unordered_map&&)
        -:   93:        noexcept(
        -:   94:            allocator_type::propagate_on_container_move_assignment::value &&
        -:   95:            is_nothrow_move_assignable<allocator_type>::value &&
        -:   96:            is_nothrow_move_assignable<hasher>::value &&
        -:   97:            is_nothrow_move_assignable<key_equal>::value);
        -:   98:    unordered_map& operator=(initializer_list<value_type>);
        -:   99:
        -:  100:    allocator_type get_allocator() const noexcept;
        -:  101:
        -:  102:    bool      empty() const noexcept;
        -:  103:    size_type size() const noexcept;
        -:  104:    size_type max_size() const noexcept;
        -:  105:
        -:  106:    iterator       begin() noexcept;
        -:  107:    iterator       end() noexcept;
        -:  108:    const_iterator begin()  const noexcept;
        -:  109:    const_iterator end()    const noexcept;
        -:  110:    const_iterator cbegin() const noexcept;
        -:  111:    const_iterator cend()   const noexcept;
        -:  112:
        -:  113:    template <class... Args>
        -:  114:        pair<iterator, bool> emplace(Args&&... args);
        -:  115:    template <class... Args>
        -:  116:        iterator emplace_hint(const_iterator position, Args&&... args);
        -:  117:    pair<iterator, bool> insert(const value_type& obj);
        -:  118:    template <class P>
        -:  119:        pair<iterator, bool> insert(P&& obj);
        -:  120:    iterator insert(const_iterator hint, const value_type& obj);
        -:  121:    template <class P>
        -:  122:        iterator insert(const_iterator hint, P&& obj);
        -:  123:    template <class InputIterator>
        -:  124:        void insert(InputIterator first, InputIterator last);
        -:  125:    void insert(initializer_list<value_type>);
        -:  126:
        -:  127:    node_type extract(const_iterator position);                                       // C++17
        -:  128:    node_type extract(const key_type& x);                                             // C++17
        -:  129:    insert_return_type insert(node_type&& nh);                                        // C++17
        -:  130:    iterator           insert(const_iterator hint, node_type&& nh);                   // C++17
        -:  131:
        -:  132:    template <class... Args>
        -:  133:        pair<iterator, bool> try_emplace(const key_type& k, Args&&... args);          // C++17
        -:  134:    template <class... Args>
        -:  135:        pair<iterator, bool> try_emplace(key_type&& k, Args&&... args);               // C++17
        -:  136:    template <class... Args>
        -:  137:        iterator try_emplace(const_iterator hint, const key_type& k, Args&&... args); // C++17
        -:  138:    template <class... Args>
        -:  139:        iterator try_emplace(const_iterator hint, key_type&& k, Args&&... args);      // C++17
        -:  140:    template <class M>
        -:  141:        pair<iterator, bool> insert_or_assign(const key_type& k, M&& obj);            // C++17
        -:  142:    template <class M>
        -:  143:        pair<iterator, bool> insert_or_assign(key_type&& k, M&& obj);                 // C++17
        -:  144:    template <class M>
        -:  145:        iterator insert_or_assign(const_iterator hint, const key_type& k, M&& obj);   // C++17
        -:  146:    template <class M>
        -:  147:        iterator insert_or_assign(const_iterator hint, key_type&& k, M&& obj);        // C++17
        -:  148:
        -:  149:    iterator erase(const_iterator position);
        -:  150:    iterator erase(iterator position);  // C++14
        -:  151:    size_type erase(const key_type& k);
        -:  152:    iterator erase(const_iterator first, const_iterator last);
        -:  153:    void clear() noexcept;
        -:  154:
        -:  155:    template<class H2, class P2>
        -:  156:      void merge(unordered_map<Key, T, H2, P2, Allocator>& source);         // C++17
        -:  157:    template<class H2, class P2>
        -:  158:      void merge(unordered_map<Key, T, H2, P2, Allocator>&& source);        // C++17
        -:  159:    template<class H2, class P2>
        -:  160:      void merge(unordered_multimap<Key, T, H2, P2, Allocator>& source);    // C++17
        -:  161:    template<class H2, class P2>
        -:  162:      void merge(unordered_multimap<Key, T, H2, P2, Allocator>&& source);   // C++17
        -:  163:
        -:  164:    void swap(unordered_map&)
        -:  165:        noexcept(
        -:  166:            (!allocator_type::propagate_on_container_swap::value ||
        -:  167:             __is_nothrow_swappable<allocator_type>::value) &&
        -:  168:            __is_nothrow_swappable<hasher>::value &&
        -:  169:            __is_nothrow_swappable<key_equal>::value);
        -:  170:
        -:  171:    hasher hash_function() const;
        -:  172:    key_equal key_eq() const;
        -:  173:
        -:  174:    iterator       find(const key_type& k);
        -:  175:    const_iterator find(const key_type& k) const;
        -:  176:    template<typename K>
        -:  177:        iterator find(const K& x);              // C++20
        -:  178:    template<typename K>
        -:  179:        const_iterator find(const K& x) const;  // C++20
        -:  180:    size_type count(const key_type& k) const;
        -:  181:    template<typename K>
        -:  182:        size_type count(const K& k) const; // C++20
        -:  183:    bool contains(const key_type& k) const; // C++20
        -:  184:    template<typename K>
        -:  185:        bool contains(const K& k) const; // C++20
        -:  186:    pair<iterator, iterator>             equal_range(const key_type& k);
        -:  187:    pair<const_iterator, const_iterator> equal_range(const key_type& k) const;
        -:  188:    template<typename K>
        -:  189:        pair<iterator, iterator>             equal_range(const K& k); // C++20
        -:  190:    template<typename K>
        -:  191:        pair<const_iterator, const_iterator> equal_range(const K& k) const; // C++20
        -:  192:
        -:  193:    mapped_type& operator[](const key_type& k);
        -:  194:    mapped_type& operator[](key_type&& k);
        -:  195:
        -:  196:    mapped_type&       at(const key_type& k);
        -:  197:    const mapped_type& at(const key_type& k) const;
        -:  198:
        -:  199:    size_type bucket_count() const noexcept;
        -:  200:    size_type max_bucket_count() const noexcept;
        -:  201:
        -:  202:    size_type bucket_size(size_type n) const;
        -:  203:    size_type bucket(const key_type& k) const;
        -:  204:
        -:  205:    local_iterator       begin(size_type n);
        -:  206:    local_iterator       end(size_type n);
        -:  207:    const_local_iterator begin(size_type n) const;
        -:  208:    const_local_iterator end(size_type n) const;
        -:  209:    const_local_iterator cbegin(size_type n) const;
        -:  210:    const_local_iterator cend(size_type n) const;
        -:  211:
        -:  212:    float load_factor() const noexcept;
        -:  213:    float max_load_factor() const noexcept;
        -:  214:    void max_load_factor(float z);
        -:  215:    void rehash(size_type n);
        -:  216:    void reserve(size_type n);
        -:  217:};
        -:  218:
        -:  219:template<class InputIterator,
        -:  220:    class Hash = hash<iter_key_t<InputIterator>>, class Pred = equal_to<iter_key_t<InputIterator>>,
        -:  221:    class Allocator = allocator<iter_to_alloc_t<InputIterator>>>
        -:  222:unordered_map(InputIterator, InputIterator, typename see below::size_type = see below,
        -:  223:    Hash = Hash(), Pred = Pred(), Allocator = Allocator())
        -:  224:  -> unordered_map<iter_key_t<InputIterator>, iter_value_t<InputIterator>, Hash, Pred,
        -:  225:    Allocator>; // C++17
        -:  226:
        -:  227:template<class Key, class T, class Hash = hash<Key>,
        -:  228:    class Pred = equal_to<Key>, class Allocator = allocator<pair<const Key, T>>>
        -:  229:unordered_map(initializer_list<pair<const Key, T>>, typename see below::size_type = see below,
        -:  230:    Hash = Hash(), Pred = Pred(), Allocator = Allocator())
        -:  231:  -> unordered_map<Key, T, Hash, Pred, Allocator>; // C++17
        -:  232:
        -:  233:template<class InputIterator, class Allocator>
        -:  234:unordered_map(InputIterator, InputIterator, typename see below::size_type, Allocator)
        -:  235:  -> unordered_map<iter_key_t<InputIterator>, iter_val_t<InputIterator>,
        -:  236:        hash<iter_key_t<InputIterator>>, equal_to<iter_key_t<InputIterator>>, Allocator>; // C++17
        -:  237:
        -:  238:template<class InputIterator, class Allocator>
        -:  239:unordered_map(InputIterator, InputIterator, Allocator)
        -:  240:  -> unordered_map<iter_key_t<InputIterator>, iter_val_t<InputIterator>,
        -:  241:        hash<iter_key_t<InputIterator>>, equal_to<iter_key_t<InputIterator>>, Allocator>; // C++17
        -:  242:
        -:  243:template<class InputIterator, class Hash, class Allocator>
        -:  244:unordered_map(InputIterator, InputIterator, typename see below::size_type, Hash, Allocator)
        -:  245:  -> unordered_map<iter_key_t<InputIterator>, iter_val_t<InputIterator>, Hash,
        -:  246:          equal_to<iter_key_t<InputIterator>>, Allocator>; // C++17
        -:  247:
        -:  248:template<class Key, class T, typename Allocator>
        -:  249:unordered_map(initializer_list<pair<const Key, T>>, typename see below::size_type, Allocator)
        -:  250:  -> unordered_map<Key, T, hash<Key>, equal_to<Key>, Allocator>; // C++17
        -:  251:
        -:  252:template<class Key, class T, typename Allocator>
        -:  253:unordered_map(initializer_list<pair<const Key, T>>, Allocator)
        -:  254:  -> unordered_map<Key, T, hash<Key>, equal_to<Key>, Allocator>; // C++17
        -:  255:
        -:  256:template<class Key, class T, class Hash, class Allocator>
        -:  257:unordered_map(initializer_list<pair<const Key, T>>, typename see below::size_type, Hash, Allocator)
        -:  258:  -> unordered_map<Key, T, Hash, equal_to<Key>, Allocator>; // C++17
        -:  259:
        -:  260:template <class Key, class T, class Hash, class Pred, class Alloc>
        -:  261:    void swap(unordered_map<Key, T, Hash, Pred, Alloc>& x,
        -:  262:              unordered_map<Key, T, Hash, Pred, Alloc>& y)
        -:  263:              noexcept(noexcept(x.swap(y)));
        -:  264:
        -:  265:template <class Key, class T, class Hash, class Pred, class Alloc>
        -:  266:    bool
        -:  267:    operator==(const unordered_map<Key, T, Hash, Pred, Alloc>& x,
        -:  268:               const unordered_map<Key, T, Hash, Pred, Alloc>& y);
        -:  269:
        -:  270:template <class Key, class T, class Hash, class Pred, class Alloc>
        -:  271:    bool
        -:  272:    operator!=(const unordered_map<Key, T, Hash, Pred, Alloc>& x,
        -:  273:               const unordered_map<Key, T, Hash, Pred, Alloc>& y);
        -:  274:
        -:  275:template <class Key, class T, class Hash = hash<Key>, class Pred = equal_to<Key>,
        -:  276:          class Alloc = allocator<pair<const Key, T>>>
        -:  277:class unordered_multimap
        -:  278:{
        -:  279:public:
        -:  280:    // types
        -:  281:    typedef Key                                                        key_type;
        -:  282:    typedef T                                                          mapped_type;
        -:  283:    typedef Hash                                                       hasher;
        -:  284:    typedef Pred                                                       key_equal;
        -:  285:    typedef Alloc                                                      allocator_type;
        -:  286:    typedef pair<const key_type, mapped_type>                          value_type;
        -:  287:    typedef value_type&                                                reference;
        -:  288:    typedef const value_type&                                          const_reference;
        -:  289:    typedef typename allocator_traits<allocator_type>::pointer         pointer;
        -:  290:    typedef typename allocator_traits<allocator_type>::const_pointer   const_pointer;
        -:  291:    typedef typename allocator_traits<allocator_type>::size_type       size_type;
        -:  292:    typedef typename allocator_traits<allocator_type>::difference_type difference_type;
        -:  293:
        -:  294:    typedef /unspecified/ iterator;
        -:  295:    typedef /unspecified/ const_iterator;
        -:  296:    typedef /unspecified/ local_iterator;
        -:  297:    typedef /unspecified/ const_local_iterator;
        -:  298:
        -:  299:    typedef unspecified node_type;    // C++17
        -:  300:
        -:  301:    unordered_multimap()
        -:  302:        noexcept(
        -:  303:            is_nothrow_default_constructible<hasher>::value &&
        -:  304:            is_nothrow_default_constructible<key_equal>::value &&
        -:  305:            is_nothrow_default_constructible<allocator_type>::value);
        -:  306:    explicit unordered_multimap(size_type n, const hasher& hf = hasher(),
        -:  307:                           const key_equal& eql = key_equal(),
        -:  308:                           const allocator_type& a = allocator_type());
        -:  309:    template <class InputIterator>
        -:  310:        unordered_multimap(InputIterator f, InputIterator l,
        -:  311:                      size_type n = 0, const hasher& hf = hasher(),
        -:  312:                      const key_equal& eql = key_equal(),
        -:  313:                      const allocator_type& a = allocator_type());
        -:  314:    explicit unordered_multimap(const allocator_type&);
        -:  315:    unordered_multimap(const unordered_multimap&);
        -:  316:    unordered_multimap(const unordered_multimap&, const Allocator&);
        -:  317:    unordered_multimap(unordered_multimap&&)
        -:  318:        noexcept(
        -:  319:            is_nothrow_move_constructible<hasher>::value &&
        -:  320:            is_nothrow_move_constructible<key_equal>::value &&
        -:  321:            is_nothrow_move_constructible<allocator_type>::value);
        -:  322:    unordered_multimap(unordered_multimap&&, const Allocator&);
        -:  323:    unordered_multimap(initializer_list<value_type>, size_type n = 0,
        -:  324:                  const hasher& hf = hasher(), const key_equal& eql = key_equal(),
        -:  325:                  const allocator_type& a = allocator_type());
        -:  326:    unordered_multimap(size_type n, const allocator_type& a)
        -:  327:      : unordered_multimap(n, hasher(), key_equal(), a) {}  // C++14
        -:  328:    unordered_multimap(size_type n, const hasher& hf, const allocator_type& a)
        -:  329:      : unordered_multimap(n, hf, key_equal(), a) {}  // C++14
        -:  330:    template <class InputIterator>
        -:  331:      unordered_multimap(InputIterator f, InputIterator l, size_type n, const allocator_type& a)
        -:  332:      : unordered_multimap(f, l, n, hasher(), key_equal(), a) {}  // C++14
        -:  333:    template <class InputIterator>
        -:  334:      unordered_multimap(InputIterator f, InputIterator l, size_type n, const hasher& hf,
        -:  335:        const allocator_type& a)
        -:  336:      : unordered_multimap(f, l, n, hf, key_equal(), a) {}  // C++14
        -:  337:    unordered_multimap(initializer_list<value_type> il, size_type n, const allocator_type& a)
        -:  338:      : unordered_multimap(il, n, hasher(), key_equal(), a) {}  // C++14
        -:  339:    unordered_multimap(initializer_list<value_type> il, size_type n, const hasher& hf,
        -:  340:      const allocator_type& a)
        -:  341:      : unordered_multimap(il, n, hf, key_equal(), a) {}  // C++14
        -:  342:    ~unordered_multimap();
        -:  343:    unordered_multimap& operator=(const unordered_multimap&);
        -:  344:    unordered_multimap& operator=(unordered_multimap&&)
        -:  345:        noexcept(
        -:  346:            allocator_type::propagate_on_container_move_assignment::value &&
        -:  347:            is_nothrow_move_assignable<allocator_type>::value &&
        -:  348:            is_nothrow_move_assignable<hasher>::value &&
        -:  349:            is_nothrow_move_assignable<key_equal>::value);
        -:  350:    unordered_multimap& operator=(initializer_list<value_type>);
        -:  351:
        -:  352:    allocator_type get_allocator() const noexcept;
        -:  353:
        -:  354:    bool      empty() const noexcept;
        -:  355:    size_type size() const noexcept;
        -:  356:    size_type max_size() const noexcept;
        -:  357:
        -:  358:    iterator       begin() noexcept;
        -:  359:    iterator       end() noexcept;
        -:  360:    const_iterator begin()  const noexcept;
        -:  361:    const_iterator end()    const noexcept;
        -:  362:    const_iterator cbegin() const noexcept;
        -:  363:    const_iterator cend()   const noexcept;
        -:  364:
        -:  365:    template <class... Args>
        -:  366:        iterator emplace(Args&&... args);
        -:  367:    template <class... Args>
        -:  368:        iterator emplace_hint(const_iterator position, Args&&... args);
        -:  369:    iterator insert(const value_type& obj);
        -:  370:    template <class P>
        -:  371:        iterator insert(P&& obj);
        -:  372:    iterator insert(const_iterator hint, const value_type& obj);
        -:  373:    template <class P>
        -:  374:        iterator insert(const_iterator hint, P&& obj);
        -:  375:    template <class InputIterator>
        -:  376:        void insert(InputIterator first, InputIterator last);
        -:  377:    void insert(initializer_list<value_type>);
        -:  378:
        -:  379:    node_type extract(const_iterator position);                // C++17
        -:  380:    node_type extract(const key_type& x);                      // C++17
        -:  381:    iterator insert(node_type&& nh);                           // C++17
        -:  382:    iterator insert(const_iterator hint, node_type&& nh);      // C++17
        -:  383:
        -:  384:    iterator erase(const_iterator position);
        -:  385:    iterator erase(iterator position);  // C++14
        -:  386:    size_type erase(const key_type& k);
        -:  387:    iterator erase(const_iterator first, const_iterator last);
        -:  388:    void clear() noexcept;
        -:  389:
        -:  390:    template<class H2, class P2>
        -:  391:      void merge(unordered_multimap<Key, T, H2, P2, Allocator>& source);    // C++17
        -:  392:    template<class H2, class P2>
        -:  393:      void merge(unordered_multimap<Key, T, H2, P2, Allocator>&& source);   // C++17
        -:  394:    template<class H2, class P2>
        -:  395:      void merge(unordered_map<Key, T, H2, P2, Allocator>& source);         // C++17
        -:  396:    template<class H2, class P2>
        -:  397:      void merge(unordered_map<Key, T, H2, P2, Allocator>&& source);        // C++17
        -:  398:
        -:  399:    void swap(unordered_multimap&)
        -:  400:        noexcept(
        -:  401:            (!allocator_type::propagate_on_container_swap::value ||
        -:  402:             __is_nothrow_swappable<allocator_type>::value) &&
        -:  403:            __is_nothrow_swappable<hasher>::value &&
        -:  404:            __is_nothrow_swappable<key_equal>::value);
        -:  405:
        -:  406:    hasher hash_function() const;
        -:  407:    key_equal key_eq() const;
        -:  408:
        -:  409:    iterator       find(const key_type& k);
        -:  410:    const_iterator find(const key_type& k) const;
        -:  411:    template<typename K>
        -:  412:        iterator find(const K& x);              // C++20
        -:  413:    template<typename K>
        -:  414:        const_iterator find(const K& x) const;  // C++20
        -:  415:    size_type count(const key_type& k) const;
        -:  416:    template<typename K>
        -:  417:        size_type count(const K& k) const; // C++20
        -:  418:    bool contains(const key_type& k) const; // C++20
        -:  419:    template<typename K>
        -:  420:        bool contains(const K& k) const; // C++20
        -:  421:    pair<iterator, iterator>             equal_range(const key_type& k);
        -:  422:    pair<const_iterator, const_iterator> equal_range(const key_type& k) const;
        -:  423:    template<typename K>
        -:  424:        pair<iterator, iterator>             equal_range(const K& k); // C++20
        -:  425:    template<typename K>
        -:  426:        pair<const_iterator, const_iterator> equal_range(const K& k) const; // C++20
        -:  427:
        -:  428:    size_type bucket_count() const noexcept;
        -:  429:    size_type max_bucket_count() const noexcept;
        -:  430:
        -:  431:    size_type bucket_size(size_type n) const;
        -:  432:    size_type bucket(const key_type& k) const;
        -:  433:
        -:  434:    local_iterator       begin(size_type n);
        -:  435:    local_iterator       end(size_type n);
        -:  436:    const_local_iterator begin(size_type n) const;
        -:  437:    const_local_iterator end(size_type n) const;
        -:  438:    const_local_iterator cbegin(size_type n) const;
        -:  439:    const_local_iterator cend(size_type n) const;
        -:  440:
        -:  441:    float load_factor() const noexcept;
        -:  442:    float max_load_factor() const noexcept;
        -:  443:    void max_load_factor(float z);
        -:  444:    void rehash(size_type n);
        -:  445:    void reserve(size_type n);
        -:  446:};
        -:  447:
        -:  448:template<class InputIterator,
        -:  449:    class Hash = hash<iter_key_t<InputIterator>>, class Pred = equal_to<iter_key_t<InputIterator>>,
        -:  450:    class Allocator = allocator<iter_to_alloc_t<InputIterator>>>
        -:  451:unordered_multimap(InputIterator, InputIterator, typename see below::size_type = see below,
        -:  452:    Hash = Hash(), Pred = Pred(), Allocator = Allocator())
        -:  453:  -> unordered_multimap<iter_key_t<InputIterator>, iter_value_t<InputIterator>, Hash, Pred,
        -:  454:    Allocator>; // C++17
        -:  455:
        -:  456:template<class Key, class T, class Hash = hash<Key>,
        -:  457:    class Pred = equal_to<Key>, class Allocator = allocator<pair<const Key, T>>>
        -:  458:unordered_multimap(initializer_list<pair<const Key, T>>, typename see below::size_type = see below,
        -:  459:    Hash = Hash(), Pred = Pred(), Allocator = Allocator())
        -:  460:  -> unordered_multimap<Key, T, Hash, Pred, Allocator>; // C++17
        -:  461:
        -:  462:template<class InputIterator, class Allocator>
        -:  463:unordered_multimap(InputIterator, InputIterator, typename see below::size_type, Allocator)
        -:  464:  -> unordered_multimap<iter_key_t<InputIterator>, iter_val_t<InputIterator>,
        -:  465:        hash<iter_key_t<InputIterator>>, equal_to<iter_key_t<InputIterator>>, Allocator>; // C++17
        -:  466:
        -:  467:template<class InputIterator, class Allocator>
        -:  468:unordered_multimap(InputIterator, InputIterator, Allocator)
        -:  469:  -> unordered_multimap<iter_key_t<InputIterator>, iter_val_t<InputIterator>,
        -:  470:        hash<iter_key_t<InputIterator>>, equal_to<iter_key_t<InputIterator>>, Allocator>; // C++17
        -:  471:
        -:  472:template<class InputIterator, class Hash, class Allocator>
        -:  473:unordered_multimap(InputIterator, InputIterator, typename see below::size_type, Hash, Allocator)
        -:  474:  -> unordered_multimap<iter_key_t<InputIterator>, iter_val_t<InputIterator>, Hash,
        -:  475:          equal_to<iter_key_t<InputIterator>>, Allocator>; // C++17
        -:  476:
        -:  477:template<class Key, class T, typename Allocator>
        -:  478:unordered_multimap(initializer_list<pair<const Key, T>>, typename see below::size_type, Allocator)
        -:  479:  -> unordered_multimap<Key, T, hash<Key>, equal_to<Key>, Allocator>; // C++17
        -:  480:
        -:  481:template<class Key, class T, typename Allocator>
        -:  482:unordered_multimap(initializer_list<pair<const Key, T>>, Allocator)
        -:  483:  -> unordered_multimap<Key, T, hash<Key>, equal_to<Key>, Allocator>; // C++17
        -:  484:
        -:  485:template<class Key, class T, class Hash, class Allocator>
        -:  486:unordered_multimap(initializer_list<pair<const Key, T>>, typename see below::size_type, Hash,
        -:  487:    Allocator)
        -:  488:  -> unordered_multimap<Key, T, Hash, equal_to<Key>, Allocator>; // C++17
        -:  489:
        -:  490:template <class Key, class T, class Hash, class Pred, class Alloc>
        -:  491:    void swap(unordered_multimap<Key, T, Hash, Pred, Alloc>& x,
        -:  492:              unordered_multimap<Key, T, Hash, Pred, Alloc>& y)
        -:  493:              noexcept(noexcept(x.swap(y)));
        -:  494:
        -:  495:template <class K, class T, class H, class P, class A, class Predicate>
        -:  496:    typename unordered_map<K, T, H, P, A>::size_type
        -:  497:    erase_if(unordered_map<K, T, H, P, A>& c, Predicate pred);       // C++20
        -:  498:
        -:  499:template <class K, class T, class H, class P, class A, class Predicate>
        -:  500:    typename unordered_multimap<K, T, H, P, A>::size_type
        -:  501:    erase_if(unordered_multimap<K, T, H, P, A>& c, Predicate pred);  // C++20
        -:  502:
        -:  503:template <class Key, class T, class Hash, class Pred, class Alloc>
        -:  504:    bool
        -:  505:    operator==(const unordered_multimap<Key, T, Hash, Pred, Alloc>& x,
        -:  506:               const unordered_multimap<Key, T, Hash, Pred, Alloc>& y);
        -:  507:
        -:  508:template <class Key, class T, class Hash, class Pred, class Alloc>
        -:  509:    bool
        -:  510:    operator!=(const unordered_multimap<Key, T, Hash, Pred, Alloc>& x,
        -:  511:               const unordered_multimap<Key, T, Hash, Pred, Alloc>& y);
        -:  512:
        -:  513:}  // std
        -:  514:
        -:  515:*/
        -:  516:
        -:  517:#include <__algorithm/is_permutation.h>
        -:  518:#include <__assert> // all public C++ headers provide the assertion handler
        -:  519:#include <__config>
        -:  520:#include <__debug>
        -:  521:#include <__functional/is_transparent.h>
        -:  522:#include <__functional/operations.h>
        -:  523:#include <__hash_table>
        -:  524:#include <__iterator/distance.h>
        -:  525:#include <__iterator/erase_if_container.h>
        -:  526:#include <__iterator/iterator_traits.h>
        -:  527:#include <__memory/addressof.h>
        -:  528:#include <__node_handle>
        -:  529:#include <__utility/forward.h>
        -:  530:#include <stdexcept>
        -:  531:#include <tuple>
        -:  532:#include <version>
        -:  533:
        -:  534:#ifndef _LIBCPP_REMOVE_TRANSITIVE_INCLUDES
        -:  535:#  include <algorithm>
        -:  536:#  include <bit>
        -:  537:#  include <iterator>
        -:  538:#endif
        -:  539:
        -:  540:// standard-mandated includes
        -:  541:
        -:  542:// [iterator.range]
        -:  543:#include <__iterator/access.h>
        -:  544:#include <__iterator/data.h>
        -:  545:#include <__iterator/empty.h>
        -:  546:#include <__iterator/reverse_access.h>
        -:  547:#include <__iterator/size.h>
        -:  548:
        -:  549:// [unord.map.syn]
        -:  550:#include <compare>
        -:  551:#include <initializer_list>
        -:  552:
        -:  553:#if !defined(_LIBCPP_HAS_NO_PRAGMA_SYSTEM_HEADER)
        -:  554:#  pragma GCC system_header
        -:  555:#endif
        -:  556:
        -:  557:_LIBCPP_BEGIN_NAMESPACE_STD
        -:  558:
        -:  559:template <class _Key, class _Cp, class _Hash, class _Pred,
        -:  560:          bool = is_empty<_Hash>::value && !__libcpp_is_final<_Hash>::value>
        -:  561:class __unordered_map_hasher
        -:  562:    : private _Hash
        -:  563:{
        -:  564:public:
        -:  565:    _LIBCPP_INLINE_VISIBILITY
function _ZNSt3__122__unordered_map_hasherINS_12basic_stringIcNS_11char_traitsIcEENS_9allocatorIcEEEENS_17__hash_value_typeIS6_P5GraphEENS_4hashIS6_EENS_8equal_toIS6_EELb1EEC2B6v15006Ev called 8 returned 100% blocks executed 100%
        8:  566:    __unordered_map_hasher()
        -:  567:        _NOEXCEPT_(is_nothrow_default_constructible<_Hash>::value)
        8:  568:        : _Hash() {}
        8:  568-block  0
        -:  569:    _LIBCPP_INLINE_VISIBILITY
        -:  570:    __unordered_map_hasher(const _Hash& __h)
        -:  571:        _NOEXCEPT_(is_nothrow_copy_constructible<_Hash>::value)
        -:  572:        : _Hash(__h) {}
        -:  573:    _LIBCPP_INLINE_VISIBILITY
        -:  574:    const _Hash& hash_function() const _NOEXCEPT {return *this;}
        -:  575:    _LIBCPP_INLINE_VISIBILITY
        -:  576:    size_t operator()(const _Cp& __x) const
        -:  577:        {return static_cast<const _Hash&>(*this)(__x.__get_value().first);}
        -:  578:    _LIBCPP_INLINE_VISIBILITY
        -:  579:    size_t operator()(const _Key& __x) const
        -:  580:        {return static_cast<const _Hash&>(*this)(__x);}
        -:  581:#if _LIBCPP_STD_VER > 17
        -:  582:    template <typename _K2>
        -:  583:    _LIBCPP_INLINE_VISIBILITY
        -:  584:    size_t operator()(const _K2& __x) const
        -:  585:        {return static_cast<const _Hash&>(*this)(__x);}
        -:  586:#endif
        -:  587:    _LIBCPP_INLINE_VISIBILITY
        -:  588:    void swap(__unordered_map_hasher& __y)
        -:  589:        _NOEXCEPT_(__is_nothrow_swappable<_Hash>::value)
        -:  590:    {
        -:  591:        using _VSTD::swap;
        -:  592:        swap(static_cast<_Hash&>(*this), static_cast<_Hash&>(__y));
        -:  593:    }
        -:  594:};
        -:  595:
        -:  596:template <class _Key, class _Cp, class _Hash, class _Pred>
        -:  597:class __unordered_map_hasher<_Key, _Cp, _Hash, _Pred, false>
        -:  598:{
        -:  599:    _Hash __hash_;
        -:  600:public:
        -:  601:    _LIBCPP_INLINE_VISIBILITY
        -:  602:    __unordered_map_hasher()
        -:  603:        _NOEXCEPT_(is_nothrow_default_constructible<_Hash>::value)
        -:  604:        : __hash_() {}
        -:  605:    _LIBCPP_INLINE_VISIBILITY
        -:  606:    __unordered_map_hasher(const _Hash& __h)
        -:  607:        _NOEXCEPT_(is_nothrow_copy_constructible<_Hash>::value)
        -:  608:        : __hash_(__h) {}
        -:  609:    _LIBCPP_INLINE_VISIBILITY
        -:  610:    const _Hash& hash_function() const _NOEXCEPT {return __hash_;}
        -:  611:    _LIBCPP_INLINE_VISIBILITY
        -:  612:    size_t operator()(const _Cp& __x) const
        -:  613:        {return __hash_(__x.__get_value().first);}
        -:  614:    _LIBCPP_INLINE_VISIBILITY
        -:  615:    size_t operator()(const _Key& __x) const
        -:  616:        {return __hash_(__x);}
        -:  617:#if _LIBCPP_STD_VER > 17
        -:  618:    template <typename _K2>
        -:  619:    _LIBCPP_INLINE_VISIBILITY
        -:  620:    size_t operator()(const _K2& __x) const
        -:  621:        {return __hash_(__x);}
        -:  622:#endif
        -:  623:    _LIBCPP_INLINE_VISIBILITY
        -:  624:    void swap(__unordered_map_hasher& __y)
        -:  625:        _NOEXCEPT_(__is_nothrow_swappable<_Hash>::value)
        -:  626:    {
        -:  627:        using _VSTD::swap;
        -:  628:        swap(__hash_, __y.__hash_);
        -:  629:    }
        -:  630:};
        -:  631:
        -:  632:template <class _Key, class _Cp, class _Hash, class _Pred, bool __b>
        -:  633:inline _LIBCPP_INLINE_VISIBILITY
        -:  634:void
        -:  635:swap(__unordered_map_hasher<_Key, _Cp, _Hash, _Pred, __b>& __x,
        -:  636:     __unordered_map_hasher<_Key, _Cp, _Hash, _Pred, __b>& __y)
        -:  637:    _NOEXCEPT_(_NOEXCEPT_(__x.swap(__y)))
        -:  638:{
        -:  639:    __x.swap(__y);
        -:  640:}
        -:  641:
        -:  642:template <class _Key, class _Cp, class _Pred, class _Hash,
        -:  643:          bool = is_empty<_Pred>::value && !__libcpp_is_final<_Pred>::value>
        -:  644:class __unordered_map_equal
        -:  645:    : private _Pred
        -:  646:{
        -:  647:public:
        -:  648:    _LIBCPP_INLINE_VISIBILITY
function _ZNSt3__121__unordered_map_equalINS_12basic_stringIcNS_11char_traitsIcEENS_9allocatorIcEEEENS_17__hash_value_typeIS6_P5GraphEENS_8equal_toIS6_EENS_4hashIS6_EELb1EEC2B6v15006Ev called 8 returned 100% blocks executed 100%
        8:  649:    __unordered_map_equal()
        -:  650:        _NOEXCEPT_(is_nothrow_default_constructible<_Pred>::value)
        8:  651:        : _Pred() {}
        8:  651-block  0
        -:  652:    _LIBCPP_INLINE_VISIBILITY
        -:  653:    __unordered_map_equal(const _Pred& __p)
        -:  654:        _NOEXCEPT_(is_nothrow_copy_constructible<_Pred>::value)
        -:  655:        : _Pred(__p) {}
        -:  656:    _LIBCPP_INLINE_VISIBILITY
        -:  657:    const _Pred& key_eq() const _NOEXCEPT {return *this;}
        -:  658:    _LIBCPP_INLINE_VISIBILITY
        -:  659:    bool operator()(const _Cp& __x, const _Cp& __y) const
        -:  660:        {return static_cast<const _Pred&>(*this)(__x.__get_value().first, __y.__get_value().first);}
        -:  661:    _LIBCPP_INLINE_VISIBILITY
        -:  662:    bool operator()(const _Cp& __x, const _Key& __y) const
        -:  663:        {return static_cast<const _Pred&>(*this)(__x.__get_value().first, __y);}
        -:  664:    _LIBCPP_INLINE_VISIBILITY
        -:  665:    bool operator()(const _Key& __x, const _Cp& __y) const
        -:  666:        {return static_cast<const _Pred&>(*this)(__x, __y.__get_value().first);}
        -:  667:#if _LIBCPP_STD_VER > 17
        -:  668:    template <typename _K2>
        -:  669:    _LIBCPP_INLINE_VISIBILITY
        -:  670:    bool operator()(const _Cp& __x, const _K2& __y) const
        -:  671:        {return static_cast<const _Pred&>(*this)(__x.__get_value().first, __y);}
        -:  672:    template <typename _K2>
        -:  673:    _LIBCPP_INLINE_VISIBILITY
        -:  674:    bool operator()(const _K2& __x, const _Cp& __y) const
        -:  675:        {return static_cast<const _Pred&>(*this)(__x, __y.__get_value().first);}
        -:  676:    template <typename _K2>
        -:  677:    _LIBCPP_INLINE_VISIBILITY
        -:  678:    bool operator()(const _Key& __x, const _K2& __y) const
        -:  679:        {return static_cast<const _Pred&>(*this)(__x, __y);}
        -:  680:    template <typename _K2>
        -:  681:    _LIBCPP_INLINE_VISIBILITY
        -:  682:    bool operator()(const _K2& __x, const _Key& __y) const
        -:  683:        {return static_cast<const _Pred&>(*this)(__x, __y);}
        -:  684:#endif
        -:  685:    _LIBCPP_INLINE_VISIBILITY
        -:  686:    void swap(__unordered_map_equal& __y)
        -:  687:        _NOEXCEPT_(__is_nothrow_swappable<_Pred>::value)
        -:  688:    {
        -:  689:        using _VSTD::swap;
        -:  690:        swap(static_cast<_Pred&>(*this), static_cast<_Pred&>(__y));
        -:  691:    }
        -:  692:};
        -:  693:
        -:  694:template <class _Key, class _Cp, class _Pred, class _Hash>
        -:  695:class __unordered_map_equal<_Key, _Cp, _Pred, _Hash, false>
        -:  696:{
        -:  697:    _Pred __pred_;
        -:  698:public:
        -:  699:    _LIBCPP_INLINE_VISIBILITY
        -:  700:    __unordered_map_equal()
        -:  701:        _NOEXCEPT_(is_nothrow_default_constructible<_Pred>::value)
        -:  702:        : __pred_() {}
        -:  703:    _LIBCPP_INLINE_VISIBILITY
        -:  704:    __unordered_map_equal(const _Pred& __p)
        -:  705:        _NOEXCEPT_(is_nothrow_copy_constructible<_Pred>::value)
        -:  706:        : __pred_(__p) {}
        -:  707:    _LIBCPP_INLINE_VISIBILITY
        -:  708:    const _Pred& key_eq() const _NOEXCEPT {return __pred_;}
        -:  709:    _LIBCPP_INLINE_VISIBILITY
        -:  710:    bool operator()(const _Cp& __x, const _Cp& __y) const
        -:  711:        {return __pred_(__x.__get_value().first, __y.__get_value().first);}
        -:  712:    _LIBCPP_INLINE_VISIBILITY
        -:  713:    bool operator()(const _Cp& __x, const _Key& __y) const
        -:  714:        {return __pred_(__x.__get_value().first, __y);}
        -:  715:    _LIBCPP_INLINE_VISIBILITY
        -:  716:    bool operator()(const _Key& __x, const _Cp& __y) const
        -:  717:        {return __pred_(__x, __y.__get_value().first);}
        -:  718:#if _LIBCPP_STD_VER > 17
        -:  719:    template <typename _K2>
        -:  720:    _LIBCPP_INLINE_VISIBILITY
        -:  721:    bool operator()(const _Cp& __x, const _K2& __y) const
        -:  722:        {return __pred_(__x.__get_value().first, __y);}
        -:  723:    template <typename _K2>
        -:  724:    _LIBCPP_INLINE_VISIBILITY
        -:  725:    bool operator()(const _K2& __x, const _Cp& __y) const
        -:  726:        {return __pred_(__x, __y.__get_value().first);}
        -:  727:    template <typename _K2>
        -:  728:    _LIBCPP_INLINE_VISIBILITY
        -:  729:    bool operator()(const _Key& __x, const _K2& __y) const
        -:  730:        {return __pred_(__x, __y);}
        -:  731:    template <typename _K2>
        -:  732:    _LIBCPP_INLINE_VISIBILITY
        -:  733:    bool operator()(const _K2& __x, const _Key& __y) const
        -:  734:        {return __pred_(__x, __y);}
        -:  735:#endif
        -:  736:    _LIBCPP_INLINE_VISIBILITY
        -:  737:    void swap(__unordered_map_equal& __y)
        -:  738:        _NOEXCEPT_(__is_nothrow_swappable<_Pred>::value)
        -:  739:    {
        -:  740:        using _VSTD::swap;
        -:  741:        swap(__pred_, __y.__pred_);
        -:  742:    }
        -:  743:};
        -:  744:
        -:  745:template <class _Key, class _Cp, class _Pred, class _Hash, bool __b>
        -:  746:inline _LIBCPP_INLINE_VISIBILITY
        -:  747:void
        -:  748:swap(__unordered_map_equal<_Key, _Cp, _Pred, _Hash, __b>& __x,
        -:  749:     __unordered_map_equal<_Key, _Cp, _Pred, _Hash, __b>& __y)
        -:  750:    _NOEXCEPT_(_NOEXCEPT_(__x.swap(__y)))
        -:  751:{
        -:  752:    __x.swap(__y);
        -:  753:}
        -:  754:
        -:  755:template <class _Alloc>
        -:  756:class __hash_map_node_destructor
        -:  757:{
        -:  758:    typedef _Alloc                              allocator_type;
        -:  759:    typedef allocator_traits<allocator_type>    __alloc_traits;
        -:  760:
        -:  761:public:
        -:  762:
        -:  763:    typedef typename __alloc_traits::pointer       pointer;
        -:  764:private:
        -:  765:
        -:  766:    allocator_type& __na_;
        -:  767:
        -:  768:    __hash_map_node_destructor& operator=(const __hash_map_node_destructor&);
        -:  769:
        -:  770:public:
        -:  771:    bool __first_constructed;
        -:  772:    bool __second_constructed;
        -:  773:
        -:  774:    _LIBCPP_INLINE_VISIBILITY
        -:  775:    explicit __hash_map_node_destructor(allocator_type& __na) _NOEXCEPT
        -:  776:        : __na_(__na),
        -:  777:          __first_constructed(false),
        -:  778:          __second_constructed(false)
        -:  779:        {}
        -:  780:
        -:  781:#ifndef _LIBCPP_CXX03_LANG
        -:  782:    _LIBCPP_INLINE_VISIBILITY
        -:  783:    __hash_map_node_destructor(__hash_node_destructor<allocator_type>&& __x)
        -:  784:        _NOEXCEPT
        -:  785:        : __na_(__x.__na_),
        -:  786:          __first_constructed(__x.__value_constructed),
        -:  787:          __second_constructed(__x.__value_constructed)
        -:  788:        {
        -:  789:            __x.__value_constructed = false;
        -:  790:        }
        -:  791:#else  // _LIBCPP_CXX03_LANG
        -:  792:    _LIBCPP_INLINE_VISIBILITY
        -:  793:    __hash_map_node_destructor(const __hash_node_destructor<allocator_type>& __x)
        -:  794:        : __na_(__x.__na_),
        -:  795:          __first_constructed(__x.__value_constructed),
        -:  796:          __second_constructed(__x.__value_constructed)
        -:  797:        {
        -:  798:            const_cast<bool&>(__x.__value_constructed) = false;
        -:  799:        }
        -:  800:#endif // _LIBCPP_CXX03_LANG
        -:  801:
        -:  802:    _LIBCPP_INLINE_VISIBILITY
        -:  803:    void operator()(pointer __p) _NOEXCEPT
        -:  804:    {
        -:  805:        if (__second_constructed)
        -:  806:            __alloc_traits::destroy(__na_, _VSTD::addressof(__p->__value_.__get_value().second));
        -:  807:        if (__first_constructed)
        -:  808:            __alloc_traits::destroy(__na_, _VSTD::addressof(__p->__value_.__get_value().first));
        -:  809:        if (__p)
        -:  810:            __alloc_traits::deallocate(__na_, __p, 1);
        -:  811:    }
        -:  812:};
        -:  813:
        -:  814:#ifndef _LIBCPP_CXX03_LANG
        -:  815:template <class _Key, class _Tp>
        -:  816:struct _LIBCPP_STANDALONE_DEBUG __hash_value_type
        -:  817:{
        -:  818:    typedef _Key                                     key_type;
        -:  819:    typedef _Tp                                      mapped_type;
        -:  820:    typedef pair<const key_type, mapped_type>        value_type;
        -:  821:    typedef pair<key_type&, mapped_type&>            __nc_ref_pair_type;
        -:  822:    typedef pair<key_type&&, mapped_type&&>          __nc_rref_pair_type;
        -:  823:
        -:  824:private:
        -:  825:    value_type __cc;
        -:  826:
        -:  827:public:
        -:  828:    _LIBCPP_INLINE_VISIBILITY
        -:  829:    value_type& __get_value()
        -:  830:    {
        -:  831:#if _LIBCPP_STD_VER > 14
        -:  832:        return *_VSTD::launder(_VSTD::addressof(__cc));
        -:  833:#else
        -:  834:        return __cc;
        -:  835:#endif
        -:  836:    }
        -:  837:
        -:  838:    _LIBCPP_INLINE_VISIBILITY
        -:  839:    const value_type& __get_value() const
        -:  840:    {
        -:  841:#if _LIBCPP_STD_VER > 14
        -:  842:        return *_VSTD::launder(_VSTD::addressof(__cc));
        -:  843:#else
        -:  844:        return __cc;
        -:  845:#endif
        -:  846:    }
        -:  847:
        -:  848:    _LIBCPP_INLINE_VISIBILITY
        -:  849:    __nc_ref_pair_type __ref()
        -:  850:    {
        -:  851:        value_type& __v = __get_value();
        -:  852:        return __nc_ref_pair_type(const_cast<key_type&>(__v.first), __v.second);
        -:  853:    }
        -:  854:
        -:  855:    _LIBCPP_INLINE_VISIBILITY
        -:  856:    __nc_rref_pair_type __move()
        -:  857:    {
        -:  858:        value_type& __v = __get_value();
        -:  859:        return __nc_rref_pair_type(
        -:  860:            _VSTD::move(const_cast<key_type&>(__v.first)),
        -:  861:            _VSTD::move(__v.second));
        -:  862:    }
        -:  863:
        -:  864:    _LIBCPP_INLINE_VISIBILITY
        -:  865:    __hash_value_type& operator=(const __hash_value_type& __v)
        -:  866:    {
        -:  867:        __ref() = __v.__get_value();
        -:  868:        return *this;
        -:  869:    }
        -:  870:
        -:  871:    _LIBCPP_INLINE_VISIBILITY
        -:  872:    __hash_value_type& operator=(__hash_value_type&& __v)
        -:  873:    {
        -:  874:        __ref() = __v.__move();
        -:  875:        return *this;
        -:  876:    }
        -:  877:
        -:  878:    template <class _ValueTp,
        -:  879:              class = __enable_if_t<__is_same_uncvref<_ValueTp, value_type>::value>
        -:  880:             >
        -:  881:    _LIBCPP_INLINE_VISIBILITY
        -:  882:    __hash_value_type& operator=(_ValueTp&& __v)
        -:  883:    {
        -:  884:        __ref() = _VSTD::forward<_ValueTp>(__v);
        -:  885:        return *this;
        -:  886:    }
        -:  887:
        -:  888:private:
        -:  889:    __hash_value_type(const __hash_value_type& __v) = delete;
        -:  890:    __hash_value_type(__hash_value_type&& __v) = delete;
        -:  891:    template <class ..._Args>
        -:  892:    explicit __hash_value_type(_Args&& ...__args) = delete;
        -:  893:
        -:  894:    ~__hash_value_type() = delete;
        -:  895:};
        -:  896:
        -:  897:#else
        -:  898:
        -:  899:template <class _Key, class _Tp>
        -:  900:struct __hash_value_type
        -:  901:{
        -:  902:    typedef _Key                                     key_type;
        -:  903:    typedef _Tp                                      mapped_type;
        -:  904:    typedef pair<const key_type, mapped_type>        value_type;
        -:  905:
        -:  906:private:
        -:  907:    value_type __cc;
        -:  908:
        -:  909:public:
        -:  910:    _LIBCPP_INLINE_VISIBILITY
        -:  911:    value_type& __get_value() { return __cc; }
        -:  912:    _LIBCPP_INLINE_VISIBILITY
        -:  913:    const value_type& __get_value() const { return __cc; }
        -:  914:
        -:  915:private:
        -:  916:   ~__hash_value_type();
        -:  917:};
        -:  918:
        -:  919:#endif
        -:  920:
        -:  921:template <class _HashIterator>
        -:  922:class _LIBCPP_TEMPLATE_VIS __hash_map_iterator
        -:  923:{
        -:  924:    _HashIterator __i_;
        -:  925:
        -:  926:    typedef  __hash_node_types_from_iterator<_HashIterator> _NodeTypes;
        -:  927:
        -:  928:public:
        -:  929:    typedef forward_iterator_tag                                 iterator_category;
        -:  930:    typedef typename _NodeTypes::__map_value_type                value_type;
        -:  931:    typedef typename _NodeTypes::difference_type                 difference_type;
        -:  932:    typedef value_type&                                          reference;
        -:  933:    typedef typename _NodeTypes::__map_value_type_pointer       pointer;
        -:  934:
        -:  935:    _LIBCPP_INLINE_VISIBILITY
        -:  936:    __hash_map_iterator() _NOEXCEPT {}
        -:  937:
        -:  938:    _LIBCPP_INLINE_VISIBILITY
        -:  939:    __hash_map_iterator(_HashIterator __i) _NOEXCEPT : __i_(__i) {}
        -:  940:
        -:  941:    _LIBCPP_INLINE_VISIBILITY
        -:  942:    reference operator*() const {return __i_->__get_value();}
        -:  943:    _LIBCPP_INLINE_VISIBILITY
        -:  944:    pointer operator->() const {return pointer_traits<pointer>::pointer_to(__i_->__get_value());}
        -:  945:
        -:  946:    _LIBCPP_INLINE_VISIBILITY
        -:  947:    __hash_map_iterator& operator++() {++__i_; return *this;}
        -:  948:    _LIBCPP_INLINE_VISIBILITY
        -:  949:    __hash_map_iterator operator++(int)
        -:  950:    {
        -:  951:        __hash_map_iterator __t(*this);
        -:  952:        ++(*this);
        -:  953:        return __t;
        -:  954:    }
        -:  955:
        -:  956:    friend _LIBCPP_INLINE_VISIBILITY
        -:  957:        bool operator==(const __hash_map_iterator& __x, const __hash_map_iterator& __y)
        -:  958:        {return __x.__i_ == __y.__i_;}
        -:  959:    friend _LIBCPP_INLINE_VISIBILITY
        -:  960:        bool operator!=(const __hash_map_iterator& __x, const __hash_map_iterator& __y)
        -:  961:        {return __x.__i_ != __y.__i_;}
        -:  962:
        -:  963:    template <class, class, class, class, class> friend class _LIBCPP_TEMPLATE_VIS unordered_map;
        -:  964:    template <class, class, class, class, class> friend class _LIBCPP_TEMPLATE_VIS unordered_multimap;
        -:  965:    template <class> friend class _LIBCPP_TEMPLATE_VIS __hash_const_iterator;
        -:  966:    template <class> friend class _LIBCPP_TEMPLATE_VIS __hash_const_local_iterator;
        -:  967:    template <class> friend class _LIBCPP_TEMPLATE_VIS __hash_map_const_iterator;
        -:  968:};
        -:  969:
        -:  970:template <class _HashIterator>
        -:  971:class _LIBCPP_TEMPLATE_VIS __hash_map_const_iterator
        -:  972:{
        -:  973:    _HashIterator __i_;
        -:  974:
        -:  975:    typedef  __hash_node_types_from_iterator<_HashIterator> _NodeTypes;
        -:  976:
        -:  977:public:
        -:  978:    typedef forward_iterator_tag                                 iterator_category;
        -:  979:    typedef typename _NodeTypes::__map_value_type                value_type;
        -:  980:    typedef typename _NodeTypes::difference_type                 difference_type;
        -:  981:    typedef const value_type&                                    reference;
        -:  982:    typedef typename _NodeTypes::__const_map_value_type_pointer  pointer;
        -:  983:
        -:  984:    _LIBCPP_INLINE_VISIBILITY
        -:  985:    __hash_map_const_iterator() _NOEXCEPT {}
        -:  986:
        -:  987:    _LIBCPP_INLINE_VISIBILITY
        -:  988:    __hash_map_const_iterator(_HashIterator __i) _NOEXCEPT : __i_(__i) {}
        -:  989:    _LIBCPP_INLINE_VISIBILITY
        -:  990:    __hash_map_const_iterator(
        -:  991:            __hash_map_iterator<typename _HashIterator::__non_const_iterator> __i)
        -:  992:                 _NOEXCEPT
        -:  993:                : __i_(__i.__i_) {}
        -:  994:
        -:  995:    _LIBCPP_INLINE_VISIBILITY
        -:  996:    reference operator*() const {return __i_->__get_value();}
        -:  997:    _LIBCPP_INLINE_VISIBILITY
        -:  998:    pointer operator->() const {return pointer_traits<pointer>::pointer_to(__i_->__get_value());}
        -:  999:
        -: 1000:    _LIBCPP_INLINE_VISIBILITY
        -: 1001:    __hash_map_const_iterator& operator++() {++__i_; return *this;}
        -: 1002:    _LIBCPP_INLINE_VISIBILITY
        -: 1003:    __hash_map_const_iterator operator++(int)
        -: 1004:    {
        -: 1005:        __hash_map_const_iterator __t(*this);
        -: 1006:        ++(*this);
        -: 1007:        return __t;
        -: 1008:    }
        -: 1009:
        -: 1010:    friend _LIBCPP_INLINE_VISIBILITY
        -: 1011:        bool operator==(const __hash_map_const_iterator& __x, const __hash_map_const_iterator& __y)
        -: 1012:        {return __x.__i_ == __y.__i_;}
        -: 1013:    friend _LIBCPP_INLINE_VISIBILITY
        -: 1014:        bool operator!=(const __hash_map_const_iterator& __x, const __hash_map_const_iterator& __y)
        -: 1015:        {return __x.__i_ != __y.__i_;}
        -: 1016:
        -: 1017:    template <class, class, class, class, class> friend class _LIBCPP_TEMPLATE_VIS unordered_map;
        -: 1018:    template <class, class, class, class, class> friend class _LIBCPP_TEMPLATE_VIS unordered_multimap;
        -: 1019:    template <class> friend class _LIBCPP_TEMPLATE_VIS __hash_const_iterator;
        -: 1020:    template <class> friend class _LIBCPP_TEMPLATE_VIS __hash_const_local_iterator;
        -: 1021:};
        -: 1022:
        -: 1023:template <class _Key, class _Tp, class _Hash, class _Pred, class _Alloc>
        -: 1024:class unordered_multimap;
        -: 1025:
        -: 1026:template <class _Key, class _Tp, class _Hash = hash<_Key>, class _Pred = equal_to<_Key>,
        -: 1027:          class _Alloc = allocator<pair<const _Key, _Tp> > >
        -: 1028:class _LIBCPP_TEMPLATE_VIS unordered_map
        -: 1029:{
        -: 1030:public:
        -: 1031:    // types
        -: 1032:    typedef _Key                                           key_type;
        -: 1033:    typedef _Tp                                            mapped_type;
        -: 1034:    typedef __type_identity_t<_Hash>                       hasher;
        -: 1035:    typedef __type_identity_t<_Pred>                       key_equal;
        -: 1036:    typedef __type_identity_t<_Alloc>                      allocator_type;
        -: 1037:    typedef pair<const key_type, mapped_type>              value_type;
        -: 1038:    typedef value_type&                                    reference;
        -: 1039:    typedef const value_type&                              const_reference;
        -: 1040:    static_assert((is_same<value_type, typename allocator_type::value_type>::value),
        -: 1041:                  "Invalid allocator::value_type");
        -: 1042:
        -: 1043:private:
        -: 1044:    typedef __hash_value_type<key_type, mapped_type>                          __value_type;
        -: 1045:    typedef __unordered_map_hasher<key_type, __value_type, hasher, key_equal> __hasher;
        -: 1046:    typedef __unordered_map_equal<key_type, __value_type, key_equal, hasher>  __key_equal;
        -: 1047:    typedef typename __rebind_alloc_helper<allocator_traits<allocator_type>,
        -: 1048:                                                 __value_type>::type          __allocator_type;
        -: 1049:
        -: 1050:    typedef __hash_table<__value_type, __hasher,
        -: 1051:                         __key_equal,  __allocator_type>   __table;
        -: 1052:
        -: 1053:    __table __table_;
        -: 1054:
        -: 1055:    typedef typename __table::_NodeTypes                   _NodeTypes;
        -: 1056:    typedef typename __table::__node_pointer               __node_pointer;
        -: 1057:    typedef typename __table::__node_const_pointer         __node_const_pointer;
        -: 1058:    typedef typename __table::__node_traits                __node_traits;
        -: 1059:    typedef typename __table::__node_allocator             __node_allocator;
        -: 1060:    typedef typename __table::__node                       __node;
        -: 1061:    typedef __hash_map_node_destructor<__node_allocator>   _Dp;
        -: 1062:    typedef unique_ptr<__node, _Dp>                         __node_holder;
        -: 1063:    typedef allocator_traits<allocator_type>               __alloc_traits;
        -: 1064:
        -: 1065:    static_assert((is_same<typename __table::__container_value_type, value_type>::value), "");
        -: 1066:    static_assert((is_same<typename __table::__node_value_type, __value_type>::value), "");
        -: 1067:public:
        -: 1068:    typedef typename __alloc_traits::pointer         pointer;
        -: 1069:    typedef typename __alloc_traits::const_pointer   const_pointer;
        -: 1070:    typedef typename __table::size_type              size_type;
        -: 1071:    typedef typename __table::difference_type        difference_type;
        -: 1072:
        -: 1073:    typedef __hash_map_iterator<typename __table::iterator>       iterator;
        -: 1074:    typedef __hash_map_const_iterator<typename __table::const_iterator> const_iterator;
        -: 1075:    typedef __hash_map_iterator<typename __table::local_iterator> local_iterator;
        -: 1076:    typedef __hash_map_const_iterator<typename __table::const_local_iterator> const_local_iterator;
        -: 1077:
        -: 1078:#if _LIBCPP_STD_VER > 14
        -: 1079:    typedef __map_node_handle<__node, allocator_type> node_type;
        -: 1080:    typedef __insert_return_type<iterator, node_type> insert_return_type;
        -: 1081:#endif
        -: 1082:
        -: 1083:    template <class _Key2, class _Tp2, class _Hash2, class _Pred2, class _Alloc2>
        -: 1084:        friend class _LIBCPP_TEMPLATE_VIS unordered_map;
        -: 1085:    template <class _Key2, class _Tp2, class _Hash2, class _Pred2, class _Alloc2>
        -: 1086:        friend class _LIBCPP_TEMPLATE_VIS unordered_multimap;
        -: 1087:
        -: 1088:    _LIBCPP_INLINE_VISIBILITY
function _ZNSt3__113unordered_mapINS_12basic_stringIcNS_11char_traitsIcEENS_9allocatorIcEEEEP5GraphNS_4hashIS6_EENS_8equal_toIS6_EENS4_INS_4pairIKS6_S8_EEEEEC1B6v15006Ev called 8 returned 100% blocks executed 100%
function _ZNSt3__113unordered_mapINS_12basic_stringIcNS_11char_traitsIcEENS_9allocatorIcEEEEP5GraphNS_4hashIS6_EENS_8equal_toIS6_EENS4_INS_4pairIKS6_S8_EEEEEC2B6v15006Ev called 8 returned 100% blocks executed 66%
       16: 1089:    unordered_map()
        -: 1090:        _NOEXCEPT_(is_nothrow_default_constructible<__table>::value)
        8: 1091:    {
        8: 1092:        _VSTD::__debug_db_insert_c(this);
        8: 1092-block  0
branch  0 taken 8
branch  1 taken 0
    $$$$$: 1092-block  1
       16: 1093:    }
        8: 1093-block  0
        8: 1093-block  1
        -: 1094:    explicit unordered_map(size_type __n, const hasher& __hf = hasher(),
        -: 1095:                           const key_equal& __eql = key_equal());
        -: 1096:    unordered_map(size_type __n, const hasher& __hf,
        -: 1097:                  const key_equal& __eql,
        -: 1098:                  const allocator_type& __a);
        -: 1099:    template <class _InputIterator>
        -: 1100:        unordered_map(_InputIterator __first, _InputIterator __last);
        -: 1101:    template <class _InputIterator>
        -: 1102:        unordered_map(_InputIterator __first, _InputIterator __last,
        -: 1103:                      size_type __n, const hasher& __hf = hasher(),
        -: 1104:                      const key_equal& __eql = key_equal());
        -: 1105:    template <class _InputIterator>
        -: 1106:        unordered_map(_InputIterator __first, _InputIterator __last,
        -: 1107:                      size_type __n, const hasher& __hf,
        -: 1108:                      const key_equal& __eql,
        -: 1109:                      const allocator_type& __a);
        -: 1110:    _LIBCPP_INLINE_VISIBILITY
        -: 1111:    explicit unordered_map(const allocator_type& __a);
        -: 1112:    unordered_map(const unordered_map& __u);
        -: 1113:    unordered_map(const unordered_map& __u, const allocator_type& __a);
        -: 1114:#ifndef _LIBCPP_CXX03_LANG
        -: 1115:    _LIBCPP_INLINE_VISIBILITY
        -: 1116:    unordered_map(unordered_map&& __u)
        -: 1117:        _NOEXCEPT_(is_nothrow_move_constructible<__table>::value);
        -: 1118:    unordered_map(unordered_map&& __u, const allocator_type& __a);
        -: 1119:    unordered_map(initializer_list<value_type> __il);
        -: 1120:    unordered_map(initializer_list<value_type> __il, size_type __n,
        -: 1121:                  const hasher& __hf = hasher(), const key_equal& __eql = key_equal());
        -: 1122:    unordered_map(initializer_list<value_type> __il, size_type __n,
        -: 1123:                  const hasher& __hf, const key_equal& __eql,
        -: 1124:                  const allocator_type& __a);
        -: 1125:#endif // _LIBCPP_CXX03_LANG
        -: 1126:#if _LIBCPP_STD_VER > 11
        -: 1127:    _LIBCPP_INLINE_VISIBILITY
        -: 1128:    unordered_map(size_type __n, const allocator_type& __a)
        -: 1129:      : unordered_map(__n, hasher(), key_equal(), __a) {}
        -: 1130:    _LIBCPP_INLINE_VISIBILITY
        -: 1131:    unordered_map(size_type __n, const hasher& __hf, const allocator_type& __a)
        -: 1132:      : unordered_map(__n, __hf, key_equal(), __a) {}
        -: 1133:    template <class _InputIterator>
        -: 1134:    _LIBCPP_INLINE_VISIBILITY
        -: 1135:      unordered_map(_InputIterator __first, _InputIterator __last, size_type __n, const allocator_type& __a)
        -: 1136:      : unordered_map(__first, __last, __n, hasher(), key_equal(), __a) {}
        -: 1137:    template <class _InputIterator>
        -: 1138:    _LIBCPP_INLINE_VISIBILITY
        -: 1139:      unordered_map(_InputIterator __first, _InputIterator __last, size_type __n, const hasher& __hf,
        -: 1140:        const allocator_type& __a)
        -: 1141:      : unordered_map(__first, __last, __n, __hf, key_equal(), __a) {}
        -: 1142:    _LIBCPP_INLINE_VISIBILITY
        -: 1143:    unordered_map(initializer_list<value_type> __il, size_type __n, const allocator_type& __a)
        -: 1144:      : unordered_map(__il, __n, hasher(), key_equal(), __a) {}
        -: 1145:    _LIBCPP_INLINE_VISIBILITY
        -: 1146:    unordered_map(initializer_list<value_type> __il, size_type __n, const hasher& __hf,
        -: 1147:      const allocator_type& __a)
        -: 1148:      : unordered_map(__il, __n, __hf, key_equal(), __a) {}
        -: 1149:#endif
        -: 1150:    _LIBCPP_INLINE_VISIBILITY
        -: 1151:    ~unordered_map() {
        -: 1152:        static_assert(sizeof(__diagnose_unordered_container_requirements<_Key, _Hash, _Pred>(0)), "");
        -: 1153:    }
        -: 1154:
        -: 1155:    _LIBCPP_INLINE_VISIBILITY
        -: 1156:    unordered_map& operator=(const unordered_map& __u)
        -: 1157:    {
        -: 1158:#ifndef _LIBCPP_CXX03_LANG
        -: 1159:        __table_ = __u.__table_;
        -: 1160:#else
        -: 1161:        if (this != _VSTD::addressof(__u)) {
        -: 1162:            __table_.clear();
        -: 1163:            __table_.hash_function() = __u.__table_.hash_function();
        -: 1164:            __table_.key_eq() = __u.__table_.key_eq();
        -: 1165:            __table_.max_load_factor() = __u.__table_.max_load_factor();
        -: 1166:            __table_.__copy_assign_alloc(__u.__table_);
        -: 1167:            insert(__u.begin(), __u.end());
        -: 1168:        }
        -: 1169:#endif
        -: 1170:        return *this;
        -: 1171:    }
        -: 1172:#ifndef _LIBCPP_CXX03_LANG
        -: 1173:    _LIBCPP_INLINE_VISIBILITY
        -: 1174:    unordered_map& operator=(unordered_map&& __u)
        -: 1175:        _NOEXCEPT_(is_nothrow_move_assignable<__table>::value);
        -: 1176:    _LIBCPP_INLINE_VISIBILITY
        -: 1177:    unordered_map& operator=(initializer_list<value_type> __il);
        -: 1178:#endif // _LIBCPP_CXX03_LANG
        -: 1179:
        -: 1180:    _LIBCPP_INLINE_VISIBILITY
        -: 1181:    allocator_type get_allocator() const _NOEXCEPT
        -: 1182:        {return allocator_type(__table_.__node_alloc());}
        -: 1183:
        -: 1184:    _LIBCPP_NODISCARD_AFTER_CXX17 _LIBCPP_INLINE_VISIBILITY
        -: 1185:    bool      empty() const _NOEXCEPT {return __table_.size() == 0;}
        -: 1186:    _LIBCPP_INLINE_VISIBILITY
        -: 1187:    size_type size() const _NOEXCEPT  {return __table_.size();}
        -: 1188:    _LIBCPP_INLINE_VISIBILITY
        -: 1189:    size_type max_size() const _NOEXCEPT {return __table_.max_size();}
        -: 1190:
        -: 1191:    _LIBCPP_INLINE_VISIBILITY
        -: 1192:    iterator       begin() _NOEXCEPT        {return __table_.begin();}
        -: 1193:    _LIBCPP_INLINE_VISIBILITY
        -: 1194:    iterator       end() _NOEXCEPT          {return __table_.end();}
        -: 1195:    _LIBCPP_INLINE_VISIBILITY
        -: 1196:    const_iterator begin()  const _NOEXCEPT {return __table_.begin();}
        -: 1197:    _LIBCPP_INLINE_VISIBILITY
        -: 1198:    const_iterator end()    const _NOEXCEPT {return __table_.end();}
        -: 1199:    _LIBCPP_INLINE_VISIBILITY
        -: 1200:    const_iterator cbegin() const _NOEXCEPT {return __table_.begin();}
        -: 1201:    _LIBCPP_INLINE_VISIBILITY
        -: 1202:    const_iterator cend()   const _NOEXCEPT {return __table_.end();}
        -: 1203:
        -: 1204:    _LIBCPP_INLINE_VISIBILITY
        -: 1205:    pair<iterator, bool> insert(const value_type& __x)
        -: 1206:        {return __table_.__insert_unique(__x);}
        -: 1207:
        -: 1208:    iterator insert(const_iterator __p, const value_type& __x) {
        -: 1209:        _LIBCPP_DEBUG_ASSERT(__get_const_db()->__find_c_from_i(_VSTD::addressof(__p)) == this,
        -: 1210:                             "unordered_map::insert(const_iterator, const value_type&) called with an iterator not "
        -: 1211:                             "referring to this unordered_map");
        -: 1212:        ((void)__p);
        -: 1213:        return insert(__x).first;
        -: 1214:    }
        -: 1215:
        -: 1216:    template <class _InputIterator>
        -: 1217:        _LIBCPP_INLINE_VISIBILITY
        -: 1218:        void insert(_InputIterator __first, _InputIterator __last);
        -: 1219:
        -: 1220:#ifndef _LIBCPP_CXX03_LANG
        -: 1221:    _LIBCPP_INLINE_VISIBILITY
        -: 1222:    void insert(initializer_list<value_type> __il)
        -: 1223:        {insert(__il.begin(), __il.end());}
        -: 1224:
        -: 1225:    _LIBCPP_INLINE_VISIBILITY
        -: 1226:    pair<iterator, bool> insert(value_type&& __x)
        -: 1227:        {return __table_.__insert_unique(_VSTD::move(__x));}
        -: 1228:
        -: 1229:    iterator insert(const_iterator __p, value_type&& __x) {
        -: 1230:        _LIBCPP_DEBUG_ASSERT(__get_const_db()->__find_c_from_i(_VSTD::addressof(__p)) == this,
        -: 1231:                             "unordered_map::insert(const_iterator, const value_type&) called with an iterator not"
        -: 1232:                             " referring to this unordered_map");
        -: 1233:        ((void)__p);
        -: 1234:        return __table_.__insert_unique(_VSTD::move(__x)).first;
        -: 1235:    }
        -: 1236:
        -: 1237:    template <class _Pp,
        -: 1238:              class = __enable_if_t<is_constructible<value_type, _Pp>::value> >
        -: 1239:        _LIBCPP_INLINE_VISIBILITY
        -: 1240:        pair<iterator, bool> insert(_Pp&& __x)
        -: 1241:            {return __table_.__insert_unique(_VSTD::forward<_Pp>(__x));}
        -: 1242:
        -: 1243:    template <class _Pp,
        -: 1244:              class = __enable_if_t<is_constructible<value_type, _Pp>::value> >
        -: 1245:        _LIBCPP_INLINE_VISIBILITY
        -: 1246:        iterator insert(const_iterator __p, _Pp&& __x)
        -: 1247:        {
        -: 1248:            _LIBCPP_DEBUG_ASSERT(__get_const_db()->__find_c_from_i(_VSTD::addressof(__p)) == this,
        -: 1249:                                 "unordered_map::insert(const_iterator, value_type&&) called with an iterator not"
        -: 1250:                                 " referring to this unordered_map");
        -: 1251:          ((void)__p);
        -: 1252:            return insert(_VSTD::forward<_Pp>(__x)).first;
        -: 1253:        }
        -: 1254:
        -: 1255:    template <class... _Args>
        -: 1256:    _LIBCPP_INLINE_VISIBILITY
        -: 1257:    pair<iterator, bool> emplace(_Args&&... __args) {
        -: 1258:        return __table_.__emplace_unique(_VSTD::forward<_Args>(__args)...);
        -: 1259:    }
        -: 1260:
        -: 1261:    template <class... _Args>
        -: 1262:    _LIBCPP_INLINE_VISIBILITY
        -: 1263:    iterator emplace_hint(const_iterator __p, _Args&&... __args) {
        -: 1264:        _LIBCPP_DEBUG_ASSERT(__get_const_db()->__find_c_from_i(_VSTD::addressof(__p)) == this,
        -: 1265:                             "unordered_map::emplace_hint(const_iterator, args...) called with an iterator not"
        -: 1266:                             " referring to this unordered_map");
        -: 1267:          ((void)__p);
        -: 1268:        return __table_.__emplace_unique(_VSTD::forward<_Args>(__args)...).first;
        -: 1269:    }
        -: 1270:
        -: 1271:#endif // _LIBCPP_CXX03_LANG
        -: 1272:
        -: 1273:#if _LIBCPP_STD_VER > 14
        -: 1274:    template <class... _Args>
        -: 1275:        _LIBCPP_INLINE_VISIBILITY
        -: 1276:        pair<iterator, bool> try_emplace(const key_type& __k, _Args&&... __args)
        -: 1277:    {
        -: 1278:        return __table_.__emplace_unique_key_args(__k, piecewise_construct,
        -: 1279:            _VSTD::forward_as_tuple(__k),
        -: 1280:            _VSTD::forward_as_tuple(_VSTD::forward<_Args>(__args)...));
        -: 1281:    }
        -: 1282:
        -: 1283:    template <class... _Args>
        -: 1284:        _LIBCPP_INLINE_VISIBILITY
        -: 1285:        pair<iterator, bool> try_emplace(key_type&& __k, _Args&&... __args)
        -: 1286:    {
        -: 1287:        return __table_.__emplace_unique_key_args(__k, piecewise_construct,
        -: 1288:            _VSTD::forward_as_tuple(_VSTD::move(__k)),
        -: 1289:            _VSTD::forward_as_tuple(_VSTD::forward<_Args>(__args)...));
        -: 1290:    }
        -: 1291:
        -: 1292:    template <class... _Args>
        -: 1293:        _LIBCPP_INLINE_VISIBILITY
        -: 1294:        iterator try_emplace(const_iterator __h, const key_type& __k, _Args&&... __args)
        -: 1295:    {
        -: 1296:        _LIBCPP_DEBUG_ASSERT(__get_const_db()->__find_c_from_i(_VSTD::addressof(__h)) == this,
        -: 1297:                             "unordered_map::try_emplace(const_iterator, key, args...) called with an iterator not"
        -: 1298:                             " referring to this unordered_map");
        -: 1299:        ((void)__h);
        -: 1300:        return try_emplace(__k, _VSTD::forward<_Args>(__args)...).first;
        -: 1301:    }
        -: 1302:
        -: 1303:    template <class... _Args>
        -: 1304:        _LIBCPP_INLINE_VISIBILITY
        -: 1305:        iterator try_emplace(const_iterator __h, key_type&& __k, _Args&&... __args)
        -: 1306:    {
        -: 1307:        _LIBCPP_DEBUG_ASSERT(__get_const_db()->__find_c_from_i(_VSTD::addressof(__h)) == this,
        -: 1308:                             "unordered_map::try_emplace(const_iterator, key, args...) called with an iterator not"
        -: 1309:                             " referring to this unordered_map");
        -: 1310:        ((void)__h);
        -: 1311:        return try_emplace(_VSTD::move(__k), _VSTD::forward<_Args>(__args)...).first;
        -: 1312:    }
        -: 1313:
        -: 1314:    template <class _Vp>
        -: 1315:        _LIBCPP_INLINE_VISIBILITY
        -: 1316:        pair<iterator, bool> insert_or_assign(const key_type& __k, _Vp&& __v)
        -: 1317:    {
        -: 1318:        pair<iterator, bool> __res = __table_.__emplace_unique_key_args(__k,
        -: 1319:            __k, _VSTD::forward<_Vp>(__v));
        -: 1320:        if (!__res.second) {
        -: 1321:            __res.first->second = _VSTD::forward<_Vp>(__v);
        -: 1322:        }
        -: 1323:        return __res;
        -: 1324:    }
        -: 1325:
        -: 1326:    template <class _Vp>
        -: 1327:        _LIBCPP_INLINE_VISIBILITY
        -: 1328:        pair<iterator, bool> insert_or_assign(key_type&& __k, _Vp&& __v)
        -: 1329:    {
        -: 1330:        pair<iterator, bool> __res = __table_.__emplace_unique_key_args(__k,
        -: 1331:            _VSTD::move(__k), _VSTD::forward<_Vp>(__v));
        -: 1332:        if (!__res.second) {
        -: 1333:            __res.first->second = _VSTD::forward<_Vp>(__v);
        -: 1334:        }
        -: 1335:        return __res;
        -: 1336:    }
        -: 1337:
        -: 1338:    template <class _Vp>
        -: 1339:        _LIBCPP_INLINE_VISIBILITY
        -: 1340:        iterator insert_or_assign(const_iterator, const key_type& __k, _Vp&& __v)
        -: 1341:     {
        -: 1342:          // FIXME: Add debug mode checking for the iterator input
        -: 1343:          return insert_or_assign(__k, _VSTD::forward<_Vp>(__v)).first;
        -: 1344:     }
        -: 1345:
        -: 1346:    template <class _Vp>
        -: 1347:        _LIBCPP_INLINE_VISIBILITY
        -: 1348:        iterator insert_or_assign(const_iterator, key_type&& __k, _Vp&& __v)
        -: 1349:     {
        -: 1350:        // FIXME: Add debug mode checking for the iterator input
        -: 1351:        return insert_or_assign(_VSTD::move(__k), _VSTD::forward<_Vp>(__v)).first;
        -: 1352:     }
        -: 1353:#endif // _LIBCPP_STD_VER > 14
        -: 1354:
        -: 1355:    _LIBCPP_INLINE_VISIBILITY
[...]
        -: 2286:    _LIBCPP_INLINE_VISIBILITY
        -: 2287:    local_iterator       end(size_type __n)          {return __table_.end(__n);}
        -: 2288:    _LIBCPP_INLINE_VISIBILITY
        -: 2289:    const_local_iterator begin(size_type __n) const  {return __table_.cbegin(__n);}
        -: 2290:    _LIBCPP_INLINE_VISIBILITY
        -: 2291:    const_local_iterator end(size_type __n) const    {return __table_.cend(__n);}
        -: 2292:    _LIBCPP_INLINE_VISIBILITY
        -: 2293:    const_local_iterator cbegin(size_type __n) const {return __table_.cbegin(__n);}
        -: 2294:    _LIBCPP_INLINE_VISIBILITY
        -: 2295:    const_local_iterator cend(size_type __n) const   {return __table_.cend(__n);}
        -: 2296:
        -: 2297:    _LIBCPP_INLINE_VISIBILITY
        -: 2298:    float load_factor() const _NOEXCEPT {return __table_.load_factor();}
        -: 2299:    _LIBCPP_INLINE_VISIBILITY
        -: 2300:    float max_load_factor() const _NOEXCEPT {return __table_.max_load_factor();}
        -: 2301:    _LIBCPP_INLINE_VISIBILITY
        -: 2302:    void max_load_factor(float __mlf) {__table_.max_load_factor(__mlf);}
        -: 2303:    _LIBCPP_INLINE_VISIBILITY
        -: 2304:    void rehash(size_type __n) {__table_.__rehash_multi(__n);}
        -: 2305:    _LIBCPP_INLINE_VISIBILITY
        -: 2306:    void reserve(size_type __n) {__table_.__reserve_multi(__n);}
        -: 2307:
        -: 2308:#ifdef _LIBCPP_ENABLE_DEBUG_MODE
        -: 2309:
        -: 2310:    bool __dereferenceable(const const_iterator* __i) const
        -: 2311:        {return __table_.__dereferenceable(_VSTD::addressof(__i->__i_));}
        -: 2312:    bool __decrementable(const const_iterator* __i) const
        -: 2313:        {return __table_.__decrementable(_VSTD::addressof(__i->__i_));}
        -: 2314:    bool __addable(const const_iterator* __i, ptrdiff_t __n) const
        -: 2315:        {return __table_.__addable(_VSTD::addressof(__i->__i_), __n);}
        -: 2316:    bool __subscriptable(const const_iterator* __i, ptrdiff_t __n) const
        -: 2317:        {return __table_.__addable(_VSTD::addressof(__i->__i_), __n);}
        -: 2318:
        -: 2319:#endif // _LIBCPP_ENABLE_DEBUG_MODE
        -: 2320:
        -: 2321:
        -: 2322:};
        -: 2323:
        -: 2324:#if _LIBCPP_STD_VER >= 17
        -: 2325:template<class _InputIterator,
        -: 2326:         class _Hash = hash<__iter_key_type<_InputIterator>>,
        -: 2327:         class _Pred = equal_to<__iter_key_type<_InputIterator>>,
        -: 2328:         class _Allocator = allocator<__iter_to_alloc_type<_InputIterator>>,
        -: 2329:         class = enable_if_t<__is_cpp17_input_iterator<_InputIterator>::value>,
        -: 2330:         class = enable_if_t<!__is_allocator<_Hash>::value>,
        -: 2331:         class = enable_if_t<!is_integral<_Hash>::value>,
        -: 2332:         class = enable_if_t<!__is_allocator<_Pred>::value>,
        -: 2333:         class = enable_if_t<__is_allocator<_Allocator>::value>>
        -: 2334:unordered_multimap(_InputIterator, _InputIterator, typename allocator_traits<_Allocator>::size_type = 0,
        -: 2335:                   _Hash = _Hash(), _Pred = _Pred(), _Allocator = _Allocator())
        -: 2336:  -> unordered_multimap<__iter_key_type<_InputIterator>, __iter_mapped_type<_InputIterator>, _Hash, _Pred, _Allocator>;
        -: 2337:
        -: 2338:template<class _Key, class _Tp, class _Hash = hash<remove_const_t<_Key>>,
        -: 2339:         class _Pred = equal_to<remove_const_t<_Key>>,
        -: 2340:         class _Allocator = allocator<pair<const _Key, _Tp>>,
        -: 2341:         class = enable_if_t<!__is_allocator<_Hash>::value>,
        -: 2342:         class = enable_if_t<!is_integral<_Hash>::value>,
        -: 2343:         class = enable_if_t<!__is_allocator<_Pred>::value>,
        -: 2344:         class = enable_if_t<__is_allocator<_Allocator>::value>>
        -: 2345:unordered_multimap(initializer_list<pair<_Key, _Tp>>, typename allocator_traits<_Allocator>::size_type = 0,
        -: 2346:                   _Hash = _Hash(), _Pred = _Pred(), _Allocator = _Allocator())
        -: 2347:  -> unordered_multimap<remove_const_t<_Key>, _Tp, _Hash, _Pred, _Allocator>;
        -: 2348:
        -: 2349:template<class _InputIterator, class _Allocator,
        -: 2350:         class = enable_if_t<__is_cpp17_input_iterator<_InputIterator>::value>,
        -: 2351:         class = enable_if_t<__is_allocator<_Allocator>::value>>
        -: 2352:unordered_multimap(_InputIterator, _InputIterator, typename allocator_traits<_Allocator>::size_type, _Allocator)
        -: 2353:  -> unordered_multimap<__iter_key_type<_InputIterator>, __iter_mapped_type<_InputIterator>,
        -: 2354:                        hash<__iter_key_type<_InputIterator>>, equal_to<__iter_key_type<_InputIterator>>, _Allocator>;
        -: 2355:
        -: 2356:template<class _InputIterator, class _Allocator,
        -: 2357:         class = enable_if_t<__is_cpp17_input_iterator<_InputIterator>::value>,
        -: 2358:         class = enable_if_t<__is_allocator<_Allocator>::value>>
        -: 2359:unordered_multimap(_InputIterator, _InputIterator, _Allocator)
        -: 2360:  -> unordered_multimap<__iter_key_type<_InputIterator>, __iter_mapped_type<_InputIterator>,
        -: 2361:                        hash<__iter_key_type<_InputIterator>>, equal_to<__iter_key_type<_InputIterator>>, _Allocator>;
        -: 2362:
        -: 2363:template<class _InputIterator, class _Hash, class _Allocator,
        -: 2364:         class = enable_if_t<__is_cpp17_input_iterator<_InputIterator>::value>,
        -: 2365:         class = enable_if_t<!__is_allocator<_Hash>::value>,
        -: 2366:         class = enable_if_t<!is_integral<_Hash>::value>,
        -: 2367:         class = enable_if_t<__is_allocator<_Allocator>::value>>
        -: 2368:unordered_multimap(_InputIterator, _InputIterator, typename allocator_traits<_Allocator>::size_type, _Hash, _Allocator)
        -: 2369:  -> unordered_multimap<__iter_key_type<_InputIterator>, __iter_mapped_type<_InputIterator>,
        -: 2370:                        _Hash, equal_to<__iter_key_type<_InputIterator>>, _Allocator>;
        -: 2371:
        -: 2372:template<class _Key, class _Tp, class _Allocator,
        -: 2373:         class = enable_if_t<__is_allocator<_Allocator>::value>>
        -: 2374:unordered_multimap(initializer_list<pair<_Key, _Tp>>, typename allocator_traits<_Allocator>::size_type, _Allocator)
        -: 2375:  -> unordered_multimap<remove_const_t<_Key>, _Tp,
        -: 2376:                        hash<remove_const_t<_Key>>,
        -: 2377:                        equal_to<remove_const_t<_Key>>, _Allocator>;
        -: 2378:
        -: 2379:template<class _Key, class _Tp, class _Allocator,
        -: 2380:         class = enable_if_t<__is_allocator<_Allocator>::value>>
        -: 2381:unordered_multimap(initializer_list<pair<_Key, _Tp>>, _Allocator)
        -: 2382:  -> unordered_multimap<remove_const_t<_Key>, _Tp,
        -: 2383:                        hash<remove_const_t<_Key>>,
        -: 2384:                        equal_to<remove_const_t<_Key>>, _Allocator>;
        -: 2385:
        -: 2386:template<class _Key, class _Tp, class _Hash, class _Allocator,
        -: 2387:         class = enable_if_t<!__is_allocator<_Hash>::value>,
        -: 2388:         class = enable_if_t<!is_integral<_Hash>::value>,
        -: 2389:         class = enable_if_t<__is_allocator<_Allocator>::value>>
        -: 2390:unordered_multimap(initializer_list<pair<_Key, _Tp>>, typename allocator_traits<_Allocator>::size_type, _Hash, _Allocator)
        -: 2391:  -> unordered_multimap<remove_const_t<_Key>, _Tp, _Hash,
        -: 2392:                        equal_to<remove_const_t<_Key>>, _Allocator>;
        -: 2393:#endif
        -: 2394:
        -: 2395:template <class _Key, class _Tp, class _Hash, class _Pred, class _Alloc>
        -: 2396:unordered_multimap<_Key, _Tp, _Hash, _Pred, _Alloc>::unordered_multimap(
        -: 2397:        size_type __n, const hasher& __hf, const key_equal& __eql)
        -: 2398:    : __table_(__hf, __eql)
        -: 2399:{
        -: 2400:    _VSTD::__debug_db_insert_c(this);
        -: 2401:    __table_.__rehash_multi(__n);
        -: 2402:}
        -: 2403:
        -: 2404:template <class _Key, class _Tp, class _Hash, class _Pred, class _Alloc>
        -: 2405:unordered_multimap<_Key, _Tp, _Hash, _Pred, _Alloc>::unordered_multimap(
        -: 2406:        size_type __n, const hasher& __hf, const key_equal& __eql,
        -: 2407:        const allocator_type& __a)
        -: 2408:    : __table_(__hf, __eql, typename __table::allocator_type(__a))
        -: 2409:{
        -: 2410:    _VSTD::__debug_db_insert_c(this);
        -: 2411:    __table_.__rehash_multi(__n);
        -: 2412:}
        -: 2413:
        -: 2414:template <class _Key, class _Tp, class _Hash, class _Pred, class _Alloc>
        -: 2415:template <class _InputIterator>
        -: 2416:unordered_multimap<_Key, _Tp, _Hash, _Pred, _Alloc>::unordered_multimap(
        -: 2417:        _InputIterator __first, _InputIterator __last)
        -: 2418:{
        -: 2419:    _VSTD::__debug_db_insert_c(this);
        -: 2420:    insert(__first, __last);
        -: 2421:}
        -: 2422:
        -: 2423:template <class _Key, class _Tp, class _Hash, class _Pred, class _Alloc>
        -: 2424:template <class _InputIterator>
        -: 2425:unordered_multimap<_Key, _Tp, _Hash, _Pred, _Alloc>::unordered_multimap(
        -: 2426:        _InputIterator __first, _InputIterator __last, size_type __n,
        -: 2427:        const hasher& __hf, const key_equal& __eql)
        -: 2428:    : __table_(__hf, __eql)
        -: 2429:{
        -: 2430:    _VSTD::__debug_db_insert_c(this);
        -: 2431:    __table_.__rehash_multi(__n);
        -: 2432:    insert(__first, __last);
        -: 2433:}
        -: 2434:
        -: 2435:template <class _Key, class _Tp, class _Hash, class _Pred, class _Alloc>
        -: 2436:template <class _InputIterator>
        -: 2437:unordered_multimap<_Key, _Tp, _Hash, _Pred, _Alloc>::unordered_multimap(
        -: 2438:        _InputIterator __first, _InputIterator __last, size_type __n,
        -: 2439:        const hasher& __hf, const key_equal& __eql, const allocator_type& __a)
        -: 2440:    : __table_(__hf, __eql, typename __table::allocator_type(__a))
        -: 2441:{
        -: 2442:    _VSTD::__debug_db_insert_c(this);
        -: 2443:    __table_.__rehash_multi(__n);
        -: 2444:    insert(__first, __last);
        -: 2445:}
        -: 2446:
        -: 2447:template <class _Key, class _Tp, class _Hash, class _Pred, class _Alloc>
        -: 2448:inline
        -: 2449:unordered_multimap<_Key, _Tp, _Hash, _Pred, _Alloc>::unordered_multimap(
        -: 2450:        const allocator_type& __a)
        -: 2451:    : __table_(typename __table::allocator_type(__a))
        -: 2452:{
        -: 2453:    _VSTD::__debug_db_insert_c(this);
        -: 2454:}
        -: 2455:
        -: 2456:template <class _Key, class _Tp, class _Hash, class _Pred, class _Alloc>
        -: 2457:unordered_multimap<_Key, _Tp, _Hash, _Pred, _Alloc>::unordered_multimap(
        -: 2458:        const unordered_multimap& __u)
        -: 2459:    : __table_(__u.__table_)
        -: 2460:{
        -: 2461:    _VSTD::__debug_db_insert_c(this);
        -: 2462:    __table_.__rehash_multi(__u.bucket_count());
        -: 2463:    insert(__u.begin(), __u.end());
        -: 2464:}
        -: 2465:
        -: 2466:template <class _Key, class _Tp, class _Hash, class _Pred, class _Alloc>
        -: 2467:unordered_multimap<_Key, _Tp, _Hash, _Pred, _Alloc>::unordered_multimap(
        -: 2468:        const unordered_multimap& __u, const allocator_type& __a)
        -: 2469:    : __table_(__u.__table_, typename __table::allocator_type(__a))
        -: 2470:{
        -: 2471:    _VSTD::__debug_db_insert_c(this);
        -: 2472:    __table_.__rehash_multi(__u.bucket_count());
        -: 2473:    insert(__u.begin(), __u.end());
        -: 2474:}
        -: 2475:
        -: 2476:#ifndef _LIBCPP_CXX03_LANG
        -: 2477:
        -: 2478:template <class _Key, class _Tp, class _Hash, class _Pred, class _Alloc>
        -: 2479:inline
        -: 2480:unordered_multimap<_Key, _Tp, _Hash, _Pred, _Alloc>::unordered_multimap(
        -: 2481:        unordered_multimap&& __u)
        -: 2482:    _NOEXCEPT_(is_nothrow_move_constructible<__table>::value)
        -: 2483:    : __table_(_VSTD::move(__u.__table_))
        -: 2484:{
        -: 2485:    _VSTD::__debug_db_insert_c(this);
        -: 2486:    std::__debug_db_swap(this, std::addressof(__u));
        -: 2487:}
        -: 2488:
        -: 2489:template <class _Key, class _Tp, class _Hash, class _Pred, class _Alloc>
        -: 2490:unordered_multimap<_Key, _Tp, _Hash, _Pred, _Alloc>::unordered_multimap(
        -: 2491:        unordered_multimap&& __u, const allocator_type& __a)
        -: 2492:    : __table_(_VSTD::move(__u.__table_), typename __table::allocator_type(__a))
        -: 2493:{
        -: 2494:    _VSTD::__debug_db_insert_c(this);
        -: 2495:    if (__a != __u.get_allocator())
        -: 2496:    {
        -: 2497:        iterator __i = __u.begin();
        -: 2498:        while (__u.size() != 0)
        -: 2499:        {
        -: 2500:            __table_.__insert_multi(
        -: 2501:                __u.__table_.remove((__i++).__i_)->__value_.__move());
        -: 2502:        }
        -: 2503:    }
        -: 2504:    else
        -: 2505:        std::__debug_db_swap(this, std::addressof(__u));
        -: 2506:}
        -: 2507:
        -: 2508:template <class _Key, class _Tp, class _Hash, class _Pred, class _Alloc>
        -: 2509:unordered_multimap<_Key, _Tp, _Hash, _Pred, _Alloc>::unordered_multimap(
        -: 2510:        initializer_list<value_type> __il)
        -: 2511:{
        -: 2512:    _VSTD::__debug_db_insert_c(this);
        -: 2513:    insert(__il.begin(), __il.end());
        -: 2514:}
        -: 2515:
        -: 2516:template <class _Key, class _Tp, class _Hash, class _Pred, class _Alloc>
        -: 2517:unordered_multimap<_Key, _Tp, _Hash, _Pred, _Alloc>::unordered_multimap(
        -: 2518:        initializer_list<value_type> __il, size_type __n, const hasher& __hf,
        -: 2519:        const key_equal& __eql)
        -: 2520:    : __table_(__hf, __eql)
        -: 2521:{
        -: 2522:    _VSTD::__debug_db_insert_c(this);
        -: 2523:    __table_.__rehash_multi(__n);
        -: 2524:    insert(__il.begin(), __il.end());
        -: 2525:}
        -: 2526:
        -: 2527:template <class _Key, class _Tp, class _Hash, class _Pred, class _Alloc>
        -: 2528:unordered_multimap<_Key, _Tp, _Hash, _Pred, _Alloc>::unordered_multimap(
        -: 2529:        initializer_list<value_type> __il, size_type __n, const hasher& __hf,
        -: 2530:        const key_equal& __eql, const allocator_type& __a)
        -: 2531:    : __table_(__hf, __eql, typename __table::allocator_type(__a))
        -: 2532:{
        -: 2533:    _VSTD::__debug_db_insert_c(this);
        -: 2534:    __table_.__rehash_multi(__n);
        -: 2535:    insert(__il.begin(), __il.end());
        -: 2536:}
        -: 2537:
        -: 2538:template <class _Key, class _Tp, class _Hash, class _Pred, class _Alloc>
        -: 2539:inline
        -: 2540:unordered_multimap<_Key, _Tp, _Hash, _Pred, _Alloc>&
        -: 2541:unordered_multimap<_Key, _Tp, _Hash, _Pred, _Alloc>::operator=(unordered_multimap&& __u)
        -: 2542:    _NOEXCEPT_(is_nothrow_move_assignable<__table>::value)
        -: 2543:{
        -: 2544:    __table_ = _VSTD::move(__u.__table_);
        -: 2545:    return *this;
        -: 2546:}
        -: 2547:
        -: 2548:template <class _Key, class _Tp, class _Hash, class _Pred, class _Alloc>
        -: 2549:inline
        -: 2550:unordered_multimap<_Key, _Tp, _Hash, _Pred, _Alloc>&
        -: 2551:unordered_multimap<_Key, _Tp, _Hash, _Pred, _Alloc>::operator=(
        -: 2552:        initializer_list<value_type> __il)
        -: 2553:{
        -: 2554:    __table_.__assign_multi(__il.begin(), __il.end());
        -: 2555:    return *this;
        -: 2556:}
        -: 2557:
        -: 2558:#endif // _LIBCPP_CXX03_LANG
        -: 2559:
        -: 2560:
        -: 2561:
        -: 2562:template <class _Key, class _Tp, class _Hash, class _Pred, class _Alloc>
        -: 2563:template <class _InputIterator>
        -: 2564:inline
        -: 2565:void
        -: 2566:unordered_multimap<_Key, _Tp, _Hash, _Pred, _Alloc>::insert(_InputIterator __first,
        -: 2567:                                                            _InputIterator __last)
        -: 2568:{
        -: 2569:    for (; __first != __last; ++__first)
        -: 2570:        __table_.__insert_multi(*__first);
        -: 2571:}
        -: 2572:
        -: 2573:template <class _Key, class _Tp, class _Hash, class _Pred, class _Alloc>
        -: 2574:inline _LIBCPP_INLINE_VISIBILITY
        -: 2575:void
        -: 2576:swap(unordered_multimap<_Key, _Tp, _Hash, _Pred, _Alloc>& __x,
        -: 2577:     unordered_multimap<_Key, _Tp, _Hash, _Pred, _Alloc>& __y)
        -: 2578:    _NOEXCEPT_(_NOEXCEPT_(__x.swap(__y)))
        -: 2579:{
        -: 2580:    __x.swap(__y);
        -: 2581:}
        -: 2582:
        -: 2583:#if _LIBCPP_STD_VER > 17
        -: 2584:template <class _Key, class _Tp, class _Hash, class _Pred, class _Alloc,
        -: 2585:          class _Predicate>
        -: 2586:inline _LIBCPP_INLINE_VISIBILITY
        -: 2587:    typename unordered_multimap<_Key, _Tp, _Hash, _Pred, _Alloc>::size_type
        -: 2588:    erase_if(unordered_multimap<_Key, _Tp, _Hash, _Pred, _Alloc>& __c,
        -: 2589:             _Predicate __pred) {
        -: 2590:  return _VSTD::__libcpp_erase_if_container(__c, __pred);
        -: 2591:}
        -: 2592:#endif
        -: 2593:
        -: 2594:template <class _Key, class _Tp, class _Hash, class _Pred, class _Alloc>
        -: 2595:bool
        -: 2596:operator==(const unordered_multimap<_Key, _Tp, _Hash, _Pred, _Alloc>& __x,
        -: 2597:           const unordered_multimap<_Key, _Tp, _Hash, _Pred, _Alloc>& __y)
        -: 2598:{
        -: 2599:    if (__x.size() != __y.size())
        -: 2600:        return false;
        -: 2601:    typedef typename unordered_multimap<_Key, _Tp, _Hash, _Pred, _Alloc>::const_iterator
        -: 2602:                                                                 const_iterator;
        -: 2603:    typedef pair<const_iterator, const_iterator> _EqRng;
        -: 2604:    for (const_iterator __i = __x.begin(), __ex = __x.end(); __i != __ex;)
        -: 2605:    {
        -: 2606:        _EqRng __xeq = __x.equal_range(__i->first);
        -: 2607:        _EqRng __yeq = __y.equal_range(__i->first);
        -: 2608:        if (_VSTD::distance(__xeq.first, __xeq.second) !=
        -: 2609:            _VSTD::distance(__yeq.first, __yeq.second) ||
        -: 2610:                  !_VSTD::is_permutation(__xeq.first, __xeq.second, __yeq.first))
        -: 2611:            return false;
        -: 2612:        __i = __xeq.second;
        -: 2613:    }
        -: 2614:    return true;
        -: 2615:}
        -: 2616:
        -: 2617:template <class _Key, class _Tp, class _Hash, class _Pred, class _Alloc>
        -: 2618:inline _LIBCPP_INLINE_VISIBILITY
        -: 2619:bool
        -: 2620:operator!=(const unordered_multimap<_Key, _Tp, _Hash, _Pred, _Alloc>& __x,
        -: 2621:           const unordered_multimap<_Key, _Tp, _Hash, _Pred, _Alloc>& __y)
        -: 2622:{
        -: 2623:    return !(__x == __y);
        -: 2624:}
        -: 2625:
        -: 2626:_LIBCPP_END_NAMESPACE_STD
        -: 2627:
        -: 2628:#endif // _LIBCPP_UNORDERED_MAP
